<?xml version="1.0" encoding="UTF-8"?>
<testsuite xmlns:xsi="http://www.w3.org/2001/XMLSchema-instance" xsi:noNamespaceSchemaLocation="https://maven.apache.org/surefire/maven-surefire-plugin/xsd/surefire-test-report-3.0.xsd" version="3.0" name="com.fashionnest.Fashion_Nest_Application.FashionNestApplicationTests" time="53.53" tests="1" errors="0" skipped="0" failures="0">
  <properties>
    <property name="java.specification.version" value="21"/>
    <property name="sun.cpu.isalist" value="amd64"/>
    <property name="sun.jnu.encoding" value="Cp1252"/>
    <property name="java.class.path" value="F:\FashionNextEcom-Project\Fashion-Nest-Application\target\test-classes;F:\FashionNextEcom-Project\Fashion-Nest-Application\target\classes;C:\Users\HP\.m2\repository\org\springframework\boot\spring-boot-starter-data-jpa\3.3.3\spring-boot-starter-data-jpa-3.3.3.jar;C:\Users\HP\.m2\repository\org\springframework\boot\spring-boot-starter-aop\3.3.3\spring-boot-starter-aop-3.3.3.jar;C:\Users\HP\.m2\repository\org\aspectj\aspectjweaver\1.9.22.1\aspectjweaver-1.9.22.1.jar;C:\Users\HP\.m2\repository\org\springframework\boot\spring-boot-starter-jdbc\3.3.3\spring-boot-starter-jdbc-3.3.3.jar;C:\Users\HP\.m2\repository\com\zaxxer\HikariCP\5.1.0\HikariCP-5.1.0.jar;C:\Users\HP\.m2\repository\org\springframework\spring-jdbc\6.1.12\spring-jdbc-6.1.12.jar;C:\Users\HP\.m2\repository\org\hibernate\orm\hibernate-core\6.5.2.Final\hibernate-core-6.5.2.Final.jar;C:\Users\HP\.m2\repository\jakarta\persistence\jakarta.persistence-api\3.1.0\jakarta.persistence-api-3.1.0.jar;C:\Users\HP\.m2\repository\jakarta\transaction\jakarta.transaction-api\2.0.1\jakarta.transaction-api-2.0.1.jar;C:\Users\HP\.m2\repository\org\jboss\logging\jboss-logging\3.5.3.Final\jboss-logging-3.5.3.Final.jar;C:\Users\HP\.m2\repository\org\hibernate\common\hibernate-commons-annotations\6.0.6.Final\hibernate-commons-annotations-6.0.6.Final.jar;C:\Users\HP\.m2\repository\io\smallrye\jandex\3.1.2\jandex-3.1.2.jar;C:\Users\HP\.m2\repository\com\fasterxml\classmate\1.7.0\classmate-1.7.0.jar;C:\Users\HP\.m2\repository\net\bytebuddy\byte-buddy\1.14.19\byte-buddy-1.14.19.jar;C:\Users\HP\.m2\repository\org\glassfish\jaxb\jaxb-runtime\4.0.5\jaxb-runtime-4.0.5.jar;C:\Users\HP\.m2\repository\org\glassfish\jaxb\jaxb-core\4.0.5\jaxb-core-4.0.5.jar;C:\Users\HP\.m2\repository\org\eclipse\angus\angus-activation\2.0.2\angus-activation-2.0.2.jar;C:\Users\HP\.m2\repository\org\glassfish\jaxb\txw2\4.0.5\txw2-4.0.5.jar;C:\Users\HP\.m2\repository\com\sun\istack\istack-commons-runtime\4.1.2\istack-commons-runtime-4.1.2.jar;C:\Users\HP\.m2\repository\jakarta\inject\jakarta.inject-api\2.0.1\jakarta.inject-api-2.0.1.jar;C:\Users\HP\.m2\repository\org\antlr\antlr4-runtime\4.13.0\antlr4-runtime-4.13.0.jar;C:\Users\HP\.m2\repository\org\springframework\data\spring-data-jpa\3.3.3\spring-data-jpa-3.3.3.jar;C:\Users\HP\.m2\repository\org\springframework\data\spring-data-commons\3.3.3\spring-data-commons-3.3.3.jar;C:\Users\HP\.m2\repository\org\springframework\spring-orm\6.1.12\spring-orm-6.1.12.jar;C:\Users\HP\.m2\repository\org\springframework\spring-context\6.1.12\spring-context-6.1.12.jar;C:\Users\HP\.m2\repository\org\springframework\spring-tx\6.1.12\spring-tx-6.1.12.jar;C:\Users\HP\.m2\repository\org\springframework\spring-beans\6.1.12\spring-beans-6.1.12.jar;C:\Users\HP\.m2\repository\jakarta\annotation\jakarta.annotation-api\2.1.1\jakarta.annotation-api-2.1.1.jar;C:\Users\HP\.m2\repository\org\slf4j\slf4j-api\2.0.16\slf4j-api-2.0.16.jar;C:\Users\HP\.m2\repository\org\springframework\spring-aspects\6.1.12\spring-aspects-6.1.12.jar;C:\Users\HP\.m2\repository\org\springframework\boot\spring-boot-starter-security\3.3.3\spring-boot-starter-security-3.3.3.jar;C:\Users\HP\.m2\repository\org\springframework\boot\spring-boot-starter\3.3.3\spring-boot-starter-3.3.3.jar;C:\Users\HP\.m2\repository\org\springframework\boot\spring-boot-starter-logging\3.3.3\spring-boot-starter-logging-3.3.3.jar;C:\Users\HP\.m2\repository\ch\qos\logback\logback-classic\1.5.7\logback-classic-1.5.7.jar;C:\Users\HP\.m2\repository\ch\qos\logback\logback-core\1.5.7\logback-core-1.5.7.jar;C:\Users\HP\.m2\repository\org\apache\logging\log4j\log4j-to-slf4j\2.23.1\log4j-to-slf4j-2.23.1.jar;C:\Users\HP\.m2\repository\org\apache\logging\log4j\log4j-api\2.23.1\log4j-api-2.23.1.jar;C:\Users\HP\.m2\repository\org\slf4j\jul-to-slf4j\2.0.16\jul-to-slf4j-2.0.16.jar;C:\Users\HP\.m2\repository\org\yaml\snakeyaml\2.2\snakeyaml-2.2.jar;C:\Users\HP\.m2\repository\org\springframework\spring-aop\6.1.12\spring-aop-6.1.12.jar;C:\Users\HP\.m2\repository\org\springframework\security\spring-security-config\6.3.3\spring-security-config-6.3.3.jar;C:\Users\HP\.m2\repository\org\springframework\security\spring-security-web\6.3.3\spring-security-web-6.3.3.jar;C:\Users\HP\.m2\repository\org\springframework\spring-expression\6.1.12\spring-expression-6.1.12.jar;C:\Users\HP\.m2\repository\org\springframework\boot\spring-boot-starter-validation\3.3.3\spring-boot-starter-validation-3.3.3.jar;C:\Users\HP\.m2\repository\org\apache\tomcat\embed\tomcat-embed-el\10.1.28\tomcat-embed-el-10.1.28.jar;C:\Users\HP\.m2\repository\org\hibernate\validator\hibernate-validator\8.0.1.Final\hibernate-validator-8.0.1.Final.jar;C:\Users\HP\.m2\repository\jakarta\validation\jakarta.validation-api\3.0.2\jakarta.validation-api-3.0.2.jar;C:\Users\HP\.m2\repository\org\springframework\boot\spring-boot-starter-web\3.3.3\spring-boot-starter-web-3.3.3.jar;C:\Users\HP\.m2\repository\org\springframework\boot\spring-boot-starter-json\3.3.3\spring-boot-starter-json-3.3.3.jar;C:\Users\HP\.m2\repository\com\fasterxml\jackson\datatype\jackson-datatype-jdk8\2.17.2\jackson-datatype-jdk8-2.17.2.jar;C:\Users\HP\.m2\repository\com\fasterxml\jackson\datatype\jackson-datatype-jsr310\2.17.2\jackson-datatype-jsr310-2.17.2.jar;C:\Users\HP\.m2\repository\com\fasterxml\jackson\module\jackson-module-parameter-names\2.17.2\jackson-module-parameter-names-2.17.2.jar;C:\Users\HP\.m2\repository\org\springframework\boot\spring-boot-starter-tomcat\3.3.3\spring-boot-starter-tomcat-3.3.3.jar;C:\Users\HP\.m2\repository\org\apache\tomcat\embed\tomcat-embed-core\10.1.28\tomcat-embed-core-10.1.28.jar;C:\Users\HP\.m2\repository\org\apache\tomcat\embed\tomcat-embed-websocket\10.1.28\tomcat-embed-websocket-10.1.28.jar;C:\Users\HP\.m2\repository\org\springframework\spring-web\6.1.12\spring-web-6.1.12.jar;C:\Users\HP\.m2\repository\io\micrometer\micrometer-observation\1.13.3\micrometer-observation-1.13.3.jar;C:\Users\HP\.m2\repository\io\micrometer\micrometer-commons\1.13.3\micrometer-commons-1.13.3.jar;C:\Users\HP\.m2\repository\org\springframework\spring-webmvc\6.1.12\spring-webmvc-6.1.12.jar;C:\Users\HP\.m2\repository\org\springframework\boot\spring-boot-devtools\3.3.3\spring-boot-devtools-3.3.3.jar;C:\Users\HP\.m2\repository\org\springframework\boot\spring-boot\3.3.3\spring-boot-3.3.3.jar;C:\Users\HP\.m2\repository\org\springframework\boot\spring-boot-autoconfigure\3.3.3\spring-boot-autoconfigure-3.3.3.jar;C:\Users\HP\.m2\repository\com\mysql\mysql-connector-j\8.3.0\mysql-connector-j-8.3.0.jar;C:\Users\HP\.m2\repository\org\projectlombok\lombok\1.18.34\lombok-1.18.34.jar;C:\Users\HP\.m2\repository\org\springframework\boot\spring-boot-starter-test\3.3.3\spring-boot-starter-test-3.3.3.jar;C:\Users\HP\.m2\repository\org\springframework\boot\spring-boot-test\3.3.3\spring-boot-test-3.3.3.jar;C:\Users\HP\.m2\repository\org\springframework\boot\spring-boot-test-autoconfigure\3.3.3\spring-boot-test-autoconfigure-3.3.3.jar;C:\Users\HP\.m2\repository\com\jayway\jsonpath\json-path\2.9.0\json-path-2.9.0.jar;C:\Users\HP\.m2\repository\jakarta\xml\bind\jakarta.xml.bind-api\4.0.2\jakarta.xml.bind-api-4.0.2.jar;C:\Users\HP\.m2\repository\jakarta\activation\jakarta.activation-api\2.1.3\jakarta.activation-api-2.1.3.jar;C:\Users\HP\.m2\repository\net\minidev\json-smart\2.5.1\json-smart-2.5.1.jar;C:\Users\HP\.m2\repository\net\minidev\accessors-smart\2.5.1\accessors-smart-2.5.1.jar;C:\Users\HP\.m2\repository\org\ow2\asm\asm\9.6\asm-9.6.jar;C:\Users\HP\.m2\repository\org\assertj\assertj-core\3.25.3\assertj-core-3.25.3.jar;C:\Users\HP\.m2\repository\org\awaitility\awaitility\4.2.2\awaitility-4.2.2.jar;C:\Users\HP\.m2\repository\org\hamcrest\hamcrest\2.2\hamcrest-2.2.jar;C:\Users\HP\.m2\repository\org\junit\jupiter\junit-jupiter\5.10.3\junit-jupiter-5.10.3.jar;C:\Users\HP\.m2\repository\org\junit\jupiter\junit-jupiter-api\5.10.3\junit-jupiter-api-5.10.3.jar;C:\Users\HP\.m2\repository\org\opentest4j\opentest4j\1.3.0\opentest4j-1.3.0.jar;C:\Users\HP\.m2\repository\org\junit\platform\junit-platform-commons\1.10.3\junit-platform-commons-1.10.3.jar;C:\Users\HP\.m2\repository\org\apiguardian\apiguardian-api\1.1.2\apiguardian-api-1.1.2.jar;C:\Users\HP\.m2\repository\org\junit\jupiter\junit-jupiter-params\5.10.3\junit-jupiter-params-5.10.3.jar;C:\Users\HP\.m2\repository\org\junit\jupiter\junit-jupiter-engine\5.10.3\junit-jupiter-engine-5.10.3.jar;C:\Users\HP\.m2\repository\org\junit\platform\junit-platform-engine\1.10.3\junit-platform-engine-1.10.3.jar;C:\Users\HP\.m2\repository\org\mockito\mockito-core\5.11.0\mockito-core-5.11.0.jar;C:\Users\HP\.m2\repository\net\bytebuddy\byte-buddy-agent\1.14.19\byte-buddy-agent-1.14.19.jar;C:\Users\HP\.m2\repository\org\objenesis\objenesis\3.3\objenesis-3.3.jar;C:\Users\HP\.m2\repository\org\mockito\mockito-junit-jupiter\5.11.0\mockito-junit-jupiter-5.11.0.jar;C:\Users\HP\.m2\repository\org\skyscreamer\jsonassert\1.5.3\jsonassert-1.5.3.jar;C:\Users\HP\.m2\repository\com\vaadin\external\google\android-json\0.0.20131108.vaadin1\android-json-0.0.20131108.vaadin1.jar;C:\Users\HP\.m2\repository\org\springframework\spring-core\6.1.12\spring-core-6.1.12.jar;C:\Users\HP\.m2\repository\org\springframework\spring-jcl\6.1.12\spring-jcl-6.1.12.jar;C:\Users\HP\.m2\repository\org\springframework\spring-test\6.1.12\spring-test-6.1.12.jar;C:\Users\HP\.m2\repository\org\xmlunit\xmlunit-core\2.9.1\xmlunit-core-2.9.1.jar;C:\Users\HP\.m2\repository\org\springframework\security\spring-security-test\6.3.3\spring-security-test-6.3.3.jar;C:\Users\HP\.m2\repository\org\springframework\security\spring-security-core\6.3.3\spring-security-core-6.3.3.jar;C:\Users\HP\.m2\repository\org\springframework\security\spring-security-crypto\6.3.3\spring-security-crypto-6.3.3.jar;C:\Users\HP\.m2\repository\io\jsonwebtoken\jjwt-api\0.11.5\jjwt-api-0.11.5.jar;C:\Users\HP\.m2\repository\io\jsonwebtoken\jjwt-impl\0.11.5\jjwt-impl-0.11.5.jar;C:\Users\HP\.m2\repository\io\jsonwebtoken\jjwt-jackson\0.11.5\jjwt-jackson-0.11.5.jar;C:\Users\HP\.m2\repository\com\fasterxml\jackson\core\jackson-databind\2.17.2\jackson-databind-2.17.2.jar;C:\Users\HP\.m2\repository\com\fasterxml\jackson\core\jackson-annotations\2.17.2\jackson-annotations-2.17.2.jar;C:\Users\HP\.m2\repository\com\fasterxml\jackson\core\jackson-core\2.17.2\jackson-core-2.17.2.jar;C:\Users\HP\.m2\repository\org\springdoc\springdoc-openapi-ui\1.7.0\springdoc-openapi-ui-1.7.0.jar;C:\Users\HP\.m2\repository\org\springdoc\springdoc-openapi-webmvc-core\1.7.0\springdoc-openapi-webmvc-core-1.7.0.jar;C:\Users\HP\.m2\repository\org\springdoc\springdoc-openapi-common\1.7.0\springdoc-openapi-common-1.7.0.jar;C:\Users\HP\.m2\repository\io\swagger\core\v3\swagger-core\2.2.9\swagger-core-2.2.9.jar;C:\Users\HP\.m2\repository\org\apache\commons\commons-lang3\3.14.0\commons-lang3-3.14.0.jar;C:\Users\HP\.m2\repository\com\fasterxml\jackson\dataformat\jackson-dataformat-yaml\2.17.2\jackson-dataformat-yaml-2.17.2.jar;C:\Users\HP\.m2\repository\io\swagger\core\v3\swagger-annotations\2.2.9\swagger-annotations-2.2.9.jar;C:\Users\HP\.m2\repository\io\swagger\core\v3\swagger-models\2.2.9\swagger-models-2.2.9.jar;C:\Users\HP\.m2\repository\org\webjars\swagger-ui\4.18.2\swagger-ui-4.18.2.jar;"/>
    <property name="java.vm.vendor" value="Oracle Corporation"/>
    <property name="sun.arch.data.model" value="64"/>
    <property name="user.variant" value=""/>
    <property name="java.vendor.url" value="https://java.oracle.com/"/>
    <property name="user.timezone" value="Asia/Calcutta"/>
    <property name="org.jboss.logging.provider" value="slf4j"/>
    <property name="os.name" value="Windows 11"/>
    <property name="java.vm.specification.version" value="21"/>
    <property name="sun.java.launcher" value="SUN_STANDARD"/>
    <property name="user.country" value="IN"/>
    <property name="sun.boot.library.path" value="C:\Program Files\Java\jdk-21\bin"/>
    <property name="sun.java.command" value="C:\Users\HP\AppData\Local\Temp\surefire8620930926790910723\surefirebooter-20250714132555656_3.jar C:\Users\HP\AppData\Local\Temp\surefire8620930926790910723 2025-07-14T13-25-55_450-jvmRun1 surefire-20250714132555656_1tmp surefire_0-20250714132555656_2tmp"/>
    <property name="jdk.debug" value="release"/>
    <property name="surefire.test.class.path" value="F:\FashionNextEcom-Project\Fashion-Nest-Application\target\test-classes;F:\FashionNextEcom-Project\Fashion-Nest-Application\target\classes;C:\Users\HP\.m2\repository\org\springframework\boot\spring-boot-starter-data-jpa\3.3.3\spring-boot-starter-data-jpa-3.3.3.jar;C:\Users\HP\.m2\repository\org\springframework\boot\spring-boot-starter-aop\3.3.3\spring-boot-starter-aop-3.3.3.jar;C:\Users\HP\.m2\repository\org\aspectj\aspectjweaver\1.9.22.1\aspectjweaver-1.9.22.1.jar;C:\Users\HP\.m2\repository\org\springframework\boot\spring-boot-starter-jdbc\3.3.3\spring-boot-starter-jdbc-3.3.3.jar;C:\Users\HP\.m2\repository\com\zaxxer\HikariCP\5.1.0\HikariCP-5.1.0.jar;C:\Users\HP\.m2\repository\org\springframework\spring-jdbc\6.1.12\spring-jdbc-6.1.12.jar;C:\Users\HP\.m2\repository\org\hibernate\orm\hibernate-core\6.5.2.Final\hibernate-core-6.5.2.Final.jar;C:\Users\HP\.m2\repository\jakarta\persistence\jakarta.persistence-api\3.1.0\jakarta.persistence-api-3.1.0.jar;C:\Users\HP\.m2\repository\jakarta\transaction\jakarta.transaction-api\2.0.1\jakarta.transaction-api-2.0.1.jar;C:\Users\HP\.m2\repository\org\jboss\logging\jboss-logging\3.5.3.Final\jboss-logging-3.5.3.Final.jar;C:\Users\HP\.m2\repository\org\hibernate\common\hibernate-commons-annotations\6.0.6.Final\hibernate-commons-annotations-6.0.6.Final.jar;C:\Users\HP\.m2\repository\io\smallrye\jandex\3.1.2\jandex-3.1.2.jar;C:\Users\HP\.m2\repository\com\fasterxml\classmate\1.7.0\classmate-1.7.0.jar;C:\Users\HP\.m2\repository\net\bytebuddy\byte-buddy\1.14.19\byte-buddy-1.14.19.jar;C:\Users\HP\.m2\repository\org\glassfish\jaxb\jaxb-runtime\4.0.5\jaxb-runtime-4.0.5.jar;C:\Users\HP\.m2\repository\org\glassfish\jaxb\jaxb-core\4.0.5\jaxb-core-4.0.5.jar;C:\Users\HP\.m2\repository\org\eclipse\angus\angus-activation\2.0.2\angus-activation-2.0.2.jar;C:\Users\HP\.m2\repository\org\glassfish\jaxb\txw2\4.0.5\txw2-4.0.5.jar;C:\Users\HP\.m2\repository\com\sun\istack\istack-commons-runtime\4.1.2\istack-commons-runtime-4.1.2.jar;C:\Users\HP\.m2\repository\jakarta\inject\jakarta.inject-api\2.0.1\jakarta.inject-api-2.0.1.jar;C:\Users\HP\.m2\repository\org\antlr\antlr4-runtime\4.13.0\antlr4-runtime-4.13.0.jar;C:\Users\HP\.m2\repository\org\springframework\data\spring-data-jpa\3.3.3\spring-data-jpa-3.3.3.jar;C:\Users\HP\.m2\repository\org\springframework\data\spring-data-commons\3.3.3\spring-data-commons-3.3.3.jar;C:\Users\HP\.m2\repository\org\springframework\spring-orm\6.1.12\spring-orm-6.1.12.jar;C:\Users\HP\.m2\repository\org\springframework\spring-context\6.1.12\spring-context-6.1.12.jar;C:\Users\HP\.m2\repository\org\springframework\spring-tx\6.1.12\spring-tx-6.1.12.jar;C:\Users\HP\.m2\repository\org\springframework\spring-beans\6.1.12\spring-beans-6.1.12.jar;C:\Users\HP\.m2\repository\jakarta\annotation\jakarta.annotation-api\2.1.1\jakarta.annotation-api-2.1.1.jar;C:\Users\HP\.m2\repository\org\slf4j\slf4j-api\2.0.16\slf4j-api-2.0.16.jar;C:\Users\HP\.m2\repository\org\springframework\spring-aspects\6.1.12\spring-aspects-6.1.12.jar;C:\Users\HP\.m2\repository\org\springframework\boot\spring-boot-starter-security\3.3.3\spring-boot-starter-security-3.3.3.jar;C:\Users\HP\.m2\repository\org\springframework\boot\spring-boot-starter\3.3.3\spring-boot-starter-3.3.3.jar;C:\Users\HP\.m2\repository\org\springframework\boot\spring-boot-starter-logging\3.3.3\spring-boot-starter-logging-3.3.3.jar;C:\Users\HP\.m2\repository\ch\qos\logback\logback-classic\1.5.7\logback-classic-1.5.7.jar;C:\Users\HP\.m2\repository\ch\qos\logback\logback-core\1.5.7\logback-core-1.5.7.jar;C:\Users\HP\.m2\repository\org\apache\logging\log4j\log4j-to-slf4j\2.23.1\log4j-to-slf4j-2.23.1.jar;C:\Users\HP\.m2\repository\org\apache\logging\log4j\log4j-api\2.23.1\log4j-api-2.23.1.jar;C:\Users\HP\.m2\repository\org\slf4j\jul-to-slf4j\2.0.16\jul-to-slf4j-2.0.16.jar;C:\Users\HP\.m2\repository\org\yaml\snakeyaml\2.2\snakeyaml-2.2.jar;C:\Users\HP\.m2\repository\org\springframework\spring-aop\6.1.12\spring-aop-6.1.12.jar;C:\Users\HP\.m2\repository\org\springframework\security\spring-security-config\6.3.3\spring-security-config-6.3.3.jar;C:\Users\HP\.m2\repository\org\springframework\security\spring-security-web\6.3.3\spring-security-web-6.3.3.jar;C:\Users\HP\.m2\repository\org\springframework\spring-expression\6.1.12\spring-expression-6.1.12.jar;C:\Users\HP\.m2\repository\org\springframework\boot\spring-boot-starter-validation\3.3.3\spring-boot-starter-validation-3.3.3.jar;C:\Users\HP\.m2\repository\org\apache\tomcat\embed\tomcat-embed-el\10.1.28\tomcat-embed-el-10.1.28.jar;C:\Users\HP\.m2\repository\org\hibernate\validator\hibernate-validator\8.0.1.Final\hibernate-validator-8.0.1.Final.jar;C:\Users\HP\.m2\repository\jakarta\validation\jakarta.validation-api\3.0.2\jakarta.validation-api-3.0.2.jar;C:\Users\HP\.m2\repository\org\springframework\boot\spring-boot-starter-web\3.3.3\spring-boot-starter-web-3.3.3.jar;C:\Users\HP\.m2\repository\org\springframework\boot\spring-boot-starter-json\3.3.3\spring-boot-starter-json-3.3.3.jar;C:\Users\HP\.m2\repository\com\fasterxml\jackson\datatype\jackson-datatype-jdk8\2.17.2\jackson-datatype-jdk8-2.17.2.jar;C:\Users\HP\.m2\repository\com\fasterxml\jackson\datatype\jackson-datatype-jsr310\2.17.2\jackson-datatype-jsr310-2.17.2.jar;C:\Users\HP\.m2\repository\com\fasterxml\jackson\module\jackson-module-parameter-names\2.17.2\jackson-module-parameter-names-2.17.2.jar;C:\Users\HP\.m2\repository\org\springframework\boot\spring-boot-starter-tomcat\3.3.3\spring-boot-starter-tomcat-3.3.3.jar;C:\Users\HP\.m2\repository\org\apache\tomcat\embed\tomcat-embed-core\10.1.28\tomcat-embed-core-10.1.28.jar;C:\Users\HP\.m2\repository\org\apache\tomcat\embed\tomcat-embed-websocket\10.1.28\tomcat-embed-websocket-10.1.28.jar;C:\Users\HP\.m2\repository\org\springframework\spring-web\6.1.12\spring-web-6.1.12.jar;C:\Users\HP\.m2\repository\io\micrometer\micrometer-observation\1.13.3\micrometer-observation-1.13.3.jar;C:\Users\HP\.m2\repository\io\micrometer\micrometer-commons\1.13.3\micrometer-commons-1.13.3.jar;C:\Users\HP\.m2\repository\org\springframework\spring-webmvc\6.1.12\spring-webmvc-6.1.12.jar;C:\Users\HP\.m2\repository\org\springframework\boot\spring-boot-devtools\3.3.3\spring-boot-devtools-3.3.3.jar;C:\Users\HP\.m2\repository\org\springframework\boot\spring-boot\3.3.3\spring-boot-3.3.3.jar;C:\Users\HP\.m2\repository\org\springframework\boot\spring-boot-autoconfigure\3.3.3\spring-boot-autoconfigure-3.3.3.jar;C:\Users\HP\.m2\repository\com\mysql\mysql-connector-j\8.3.0\mysql-connector-j-8.3.0.jar;C:\Users\HP\.m2\repository\org\projectlombok\lombok\1.18.34\lombok-1.18.34.jar;C:\Users\HP\.m2\repository\org\springframework\boot\spring-boot-starter-test\3.3.3\spring-boot-starter-test-3.3.3.jar;C:\Users\HP\.m2\repository\org\springframework\boot\spring-boot-test\3.3.3\spring-boot-test-3.3.3.jar;C:\Users\HP\.m2\repository\org\springframework\boot\spring-boot-test-autoconfigure\3.3.3\spring-boot-test-autoconfigure-3.3.3.jar;C:\Users\HP\.m2\repository\com\jayway\jsonpath\json-path\2.9.0\json-path-2.9.0.jar;C:\Users\HP\.m2\repository\jakarta\xml\bind\jakarta.xml.bind-api\4.0.2\jakarta.xml.bind-api-4.0.2.jar;C:\Users\HP\.m2\repository\jakarta\activation\jakarta.activation-api\2.1.3\jakarta.activation-api-2.1.3.jar;C:\Users\HP\.m2\repository\net\minidev\json-smart\2.5.1\json-smart-2.5.1.jar;C:\Users\HP\.m2\repository\net\minidev\accessors-smart\2.5.1\accessors-smart-2.5.1.jar;C:\Users\HP\.m2\repository\org\ow2\asm\asm\9.6\asm-9.6.jar;C:\Users\HP\.m2\repository\org\assertj\assertj-core\3.25.3\assertj-core-3.25.3.jar;C:\Users\HP\.m2\repository\org\awaitility\awaitility\4.2.2\awaitility-4.2.2.jar;C:\Users\HP\.m2\repository\org\hamcrest\hamcrest\2.2\hamcrest-2.2.jar;C:\Users\HP\.m2\repository\org\junit\jupiter\junit-jupiter\5.10.3\junit-jupiter-5.10.3.jar;C:\Users\HP\.m2\repository\org\junit\jupiter\junit-jupiter-api\5.10.3\junit-jupiter-api-5.10.3.jar;C:\Users\HP\.m2\repository\org\opentest4j\opentest4j\1.3.0\opentest4j-1.3.0.jar;C:\Users\HP\.m2\repository\org\junit\platform\junit-platform-commons\1.10.3\junit-platform-commons-1.10.3.jar;C:\Users\HP\.m2\repository\org\apiguardian\apiguardian-api\1.1.2\apiguardian-api-1.1.2.jar;C:\Users\HP\.m2\repository\org\junit\jupiter\junit-jupiter-params\5.10.3\junit-jupiter-params-5.10.3.jar;C:\Users\HP\.m2\repository\org\junit\jupiter\junit-jupiter-engine\5.10.3\junit-jupiter-engine-5.10.3.jar;C:\Users\HP\.m2\repository\org\junit\platform\junit-platform-engine\1.10.3\junit-platform-engine-1.10.3.jar;C:\Users\HP\.m2\repository\org\mockito\mockito-core\5.11.0\mockito-core-5.11.0.jar;C:\Users\HP\.m2\repository\net\bytebuddy\byte-buddy-agent\1.14.19\byte-buddy-agent-1.14.19.jar;C:\Users\HP\.m2\repository\org\objenesis\objenesis\3.3\objenesis-3.3.jar;C:\Users\HP\.m2\repository\org\mockito\mockito-junit-jupiter\5.11.0\mockito-junit-jupiter-5.11.0.jar;C:\Users\HP\.m2\repository\org\skyscreamer\jsonassert\1.5.3\jsonassert-1.5.3.jar;C:\Users\HP\.m2\repository\com\vaadin\external\google\android-json\0.0.20131108.vaadin1\android-json-0.0.20131108.vaadin1.jar;C:\Users\HP\.m2\repository\org\springframework\spring-core\6.1.12\spring-core-6.1.12.jar;C:\Users\HP\.m2\repository\org\springframework\spring-jcl\6.1.12\spring-jcl-6.1.12.jar;C:\Users\HP\.m2\repository\org\springframework\spring-test\6.1.12\spring-test-6.1.12.jar;C:\Users\HP\.m2\repository\org\xmlunit\xmlunit-core\2.9.1\xmlunit-core-2.9.1.jar;C:\Users\HP\.m2\repository\org\springframework\security\spring-security-test\6.3.3\spring-security-test-6.3.3.jar;C:\Users\HP\.m2\repository\org\springframework\security\spring-security-core\6.3.3\spring-security-core-6.3.3.jar;C:\Users\HP\.m2\repository\org\springframework\security\spring-security-crypto\6.3.3\spring-security-crypto-6.3.3.jar;C:\Users\HP\.m2\repository\io\jsonwebtoken\jjwt-api\0.11.5\jjwt-api-0.11.5.jar;C:\Users\HP\.m2\repository\io\jsonwebtoken\jjwt-impl\0.11.5\jjwt-impl-0.11.5.jar;C:\Users\HP\.m2\repository\io\jsonwebtoken\jjwt-jackson\0.11.5\jjwt-jackson-0.11.5.jar;C:\Users\HP\.m2\repository\com\fasterxml\jackson\core\jackson-databind\2.17.2\jackson-databind-2.17.2.jar;C:\Users\HP\.m2\repository\com\fasterxml\jackson\core\jackson-annotations\2.17.2\jackson-annotations-2.17.2.jar;C:\Users\HP\.m2\repository\com\fasterxml\jackson\core\jackson-core\2.17.2\jackson-core-2.17.2.jar;C:\Users\HP\.m2\repository\org\springdoc\springdoc-openapi-ui\1.7.0\springdoc-openapi-ui-1.7.0.jar;C:\Users\HP\.m2\repository\org\springdoc\springdoc-openapi-webmvc-core\1.7.0\springdoc-openapi-webmvc-core-1.7.0.jar;C:\Users\HP\.m2\repository\org\springdoc\springdoc-openapi-common\1.7.0\springdoc-openapi-common-1.7.0.jar;C:\Users\HP\.m2\repository\io\swagger\core\v3\swagger-core\2.2.9\swagger-core-2.2.9.jar;C:\Users\HP\.m2\repository\org\apache\commons\commons-lang3\3.14.0\commons-lang3-3.14.0.jar;C:\Users\HP\.m2\repository\com\fasterxml\jackson\dataformat\jackson-dataformat-yaml\2.17.2\jackson-dataformat-yaml-2.17.2.jar;C:\Users\HP\.m2\repository\io\swagger\core\v3\swagger-annotations\2.2.9\swagger-annotations-2.2.9.jar;C:\Users\HP\.m2\repository\io\swagger\core\v3\swagger-models\2.2.9\swagger-models-2.2.9.jar;C:\Users\HP\.m2\repository\org\webjars\swagger-ui\4.18.2\swagger-ui-4.18.2.jar;"/>
    <property name="sun.cpu.endian" value="little"/>
    <property name="user.home" value="C:\Users\HP"/>
    <property name="user.language" value="en"/>
    <property name="java.specification.vendor" value="Oracle Corporation"/>
    <property name="java.version.date" value="2023-10-17"/>
    <property name="java.home" value="C:\Program Files\Java\jdk-21"/>
    <property name="file.separator" value="\"/>
    <property name="basedir" value="F:\FashionNextEcom-Project\Fashion-Nest-Application"/>
    <property name="java.vm.compressedOopsMode" value="32-bit"/>
    <property name="line.separator" value="&#10;"/>
    <property name="java.vm.specification.vendor" value="Oracle Corporation"/>
    <property name="java.specification.name" value="Java Platform API Specification"/>
    <property name="FILE_LOG_CHARSET" value="UTF-8"/>
    <property name="java.awt.headless" value="true"/>
    <property name="surefire.real.class.path" value="C:\Users\HP\AppData\Local\Temp\surefire8620930926790910723\surefirebooter-20250714132555656_3.jar"/>
    <property name="user.script" value=""/>
    <property name="sun.management.compiler" value="HotSpot 64-Bit Tiered Compilers"/>
    <property name="java.runtime.version" value="21.0.1+12-LTS-29"/>
    <property name="user.name" value="HP"/>
    <property name="stdout.encoding" value="Cp1252"/>
    <property name="path.separator" value=";"/>
    <property name="os.version" value="10.0"/>
    <property name="java.runtime.name" value="Java(TM) SE Runtime Environment"/>
    <property name="file.encoding" value="UTF-8"/>
    <property name="java.vm.name" value="Java HotSpot(TM) 64-Bit Server VM"/>
    <property name="localRepository" value="C:\Users\HP\.m2\repository"/>
    <property name="java.vendor.url.bug" value="https://bugreport.java.com/bugreport/"/>
    <property name="java.io.tmpdir" value="C:\Users\HP\AppData\Local\Temp\"/>
    <property name="idea.version" value="2024.3.2"/>
    <property name="com.zaxxer.hikari.pool_number" value="1"/>
    <property name="java.version" value="21.0.1"/>
    <property name="user.dir" value="F:\FashionNextEcom-Project\Fashion-Nest-Application"/>
    <property name="os.arch" value="amd64"/>
    <property name="java.vm.specification.name" value="Java Virtual Machine Specification"/>
    <property name="PID" value="17208"/>
    <property name="sun.os.patch.level" value=""/>
    <property name="CONSOLE_LOG_CHARSET" value="UTF-8"/>
    <property name="native.encoding" value="Cp1252"/>
    <property name="java.library.path" value="C:\Program Files\Java\jdk-21\bin;C:\WINDOWS\Sun\Java\bin;C:\WINDOWS\system32;C:\WINDOWS;C:\Program Files\Java\jdk-17\bin;C:\Program Files\Java\jdk-21\bin;C:\MinGW\bin;C:\Program Files\Common Files\Oracle\Java\javapath;C:\windows\system32;C:\Program Files\MySQL\MySQL Server 8.0\bin;C:\windows;C:\windows\System32\Wbem;C:\windows\System32\WindowsPowerShell\v1.0\;C:\windows\System32\OpenSSH\;C:\Program Files (x86)\NVIDIA Corporation\PhysX\Common;C:\Program Files\NVIDIA Corporation\NVIDIA NvDLISR;C:\WINDOWS\system32;C:\WINDOWS;C:\WINDOWS\System32\Wbem;C:\WINDOWS\System32\WindowsPowerShell\v1.0\;C:\WINDOWS\System32\OpenSSH\;C:\Program Files\Git\cmd;C:\Program Files\Docker\Docker\resources\bin;C:\Maven\apache-maven-3.9.9-bin\apache-maven-3.9.9\bin;C:\ProgramData\chocolatey\bin;C:\Program Files\nodejs\;C:\Users\HP\AppData\Local\Programs\Python\Python39\Scripts\;C:\Users\HP\AppData\Local\Programs\Python\Python39\;C:\Program Files\Java\jdk-17;C:\Users\HP\AppData\Local\Microsoft\WindowsApps;C:\Users\HP\AppData\Local\Programs\Microsoft VS Code\bin;C:\Program Files (x86)\mingw-w64\i686-8.1.0-posix-dwarf-rt_v6-rev0\mingw32\bin;C:\Program Files\JetBrains\IntelliJ IDEA Community Edition 2024.1.1\bin;;C:\Users\HP\AppData\Roaming\npm;C:\Program Files\Java\jdk-17\bin;C:\Users\HP\AppData\Local\Android\Sdk;C:\Users\HP\AppData\Local\Android\Sdk\tools;C:\Users\HP\AppData\Local\Android\Sdk\platform-tools;C:\Users\HP\AppData\Local\Android\Sdk\build-tools;C:\Users\HP\AppData\Local\Android\Sdk\emulator;C:\Users\HP\AppData\Local\Android\Sdk\platforms;C:\xampp\php;C:\Program Files\MongoDB\Server\8.0\bin;C:\Program Files\mongosh\;."/>
    <property name="java.vm.info" value="mixed mode, sharing"/>
    <property name="stderr.encoding" value="Cp1252"/>
    <property name="java.vendor" value="Oracle Corporation"/>
    <property name="java.vm.version" value="21.0.1+12-LTS-29"/>
    <property name="sun.io.unicode.encoding" value="UnicodeLittle"/>
    <property name="java.class.version" value="65.0"/>
    <property name="LOGGED_APPLICATION_NAME" value="[Fashion-Nest-Application] "/>
  </properties>
  <testcase name="contextLoads" classname="com.fashionnest.Fashion_Nest_Application.FashionNestApplicationTests" time="1.187">
    <system-out><![CDATA[13:25:57.646 [main] INFO org.springframework.test.context.support.AnnotationConfigContextLoaderUtils -- Could not detect default configuration classes for test class [com.fashionnest.Fashion_Nest_Application.FashionNestApplicationTests]: FashionNestApplicationTests does not declare any static, non-private, non-final, nested classes annotated with @Configuration.
13:25:57.806 [main] INFO org.springframework.boot.test.context.SpringBootTestContextBootstrapper -- Found @SpringBootConfiguration com.fashionnest.Fashion_Nest_Application.FashionNestApplication for test class com.fashionnest.Fashion_Nest_Application.FashionNestApplicationTests
13:25:58.064 [main] INFO org.springframework.boot.devtools.restart.RestartApplicationListener -- Restart disabled due to context in which it is running

  .   ____          _            __ _ _
 /\\ / ___'_ __ _ _(_)_ __  __ _ \ \ \ \
( ( )\___ | '_ | '_| | '_ \/ _` | \ \ \ \
 \\/  ___)| |_)| | | | | || (_| |  ) ) ) )
  '  |____| .__|_| |_|_| |_\__, | / / / /
 =========|_|==============|___/=/_/_/_/

 :: Spring Boot ::                (v3.3.3)

2025-07-14T13:25:58.487+05:30 DEBUG 17208 --- [Fashion-Nest-Application] [kground-preinit] o.h.v.i.xml.config.ValidationXmlParser   : Trying to load META-INF/validation.xml for XML based Validator configuration.
2025-07-14T13:25:58.495+05:30 DEBUG 17208 --- [Fashion-Nest-Application] [kground-preinit] o.h.v.i.xml.config.ResourceLoaderHelper  : Trying to load META-INF/validation.xml via TCCL
2025-07-14T13:25:58.495+05:30 DEBUG 17208 --- [Fashion-Nest-Application] [kground-preinit] o.h.v.i.xml.config.ResourceLoaderHelper  : Trying to load META-INF/validation.xml via Hibernate Validator's class loader
2025-07-14T13:25:58.496+05:30 DEBUG 17208 --- [Fashion-Nest-Application] [kground-preinit] o.h.v.i.xml.config.ValidationXmlParser   : No META-INF/validation.xml found. Using annotation based configuration only.
2025-07-14T13:25:58.513+05:30 DEBUG 17208 --- [Fashion-Nest-Application] [kground-preinit] o.h.v.i.e.resolver.TraversableResolvers  : Found jakarta.persistence.Persistence on classpath containing 'getPersistenceUtil'. Assuming JPA 2 environment. Trying to instantiate JPA aware TraversableResolver
2025-07-14T13:25:58.514+05:30 DEBUG 17208 --- [Fashion-Nest-Application] [kground-preinit] o.h.v.i.e.resolver.TraversableResolvers  : Instantiated JPA aware TraversableResolver of type org.hibernate.validator.internal.engine.resolver.JPATraversableResolver.
2025-07-14T13:25:58.520+05:30  INFO 17208 --- [Fashion-Nest-Application] [           main] c.f.F.FashionNestApplicationTests        : Starting FashionNestApplicationTests using Java 21.0.1 with PID 17208 (started by HP in F:\FashionNextEcom-Project\Fashion-Nest-Application)
2025-07-14T13:25:58.521+05:30  INFO 17208 --- [Fashion-Nest-Application] [           main] c.f.F.FashionNestApplicationTests        : No active profile set, falling back to 1 default profile: "default"
2025-07-14T13:25:58.556+05:30 DEBUG 17208 --- [Fashion-Nest-Application] [kground-preinit] .h.v.m.ResourceBundleMessageInterpolator : Loaded expression factory via original TCCL
2025-07-14T13:25:58.810+05:30 DEBUG 17208 --- [Fashion-Nest-Application] [kground-preinit] .i.e.ValidatorFactoryConfigurationHelper : HV000252: Using org.hibernate.validator.internal.engine.DefaultPropertyNodeNameProvider as property node name provider.
2025-07-14T13:25:58.820+05:30 DEBUG 17208 --- [Fashion-Nest-Application] [kground-preinit] .i.e.ValidatorFactoryConfigurationHelper : HV000234: Using org.hibernate.validator.messageinterpolation.ResourceBundleMessageInterpolator as ValidatorFactory-scoped message interpolator.
2025-07-14T13:25:58.821+05:30 DEBUG 17208 --- [Fashion-Nest-Application] [kground-preinit] .i.e.ValidatorFactoryConfigurationHelper : HV000234: Using org.hibernate.validator.internal.engine.resolver.JPATraversableResolver as ValidatorFactory-scoped traversable resolver.
2025-07-14T13:25:58.821+05:30 DEBUG 17208 --- [Fashion-Nest-Application] [kground-preinit] .i.e.ValidatorFactoryConfigurationHelper : HV000234: Using org.hibernate.validator.internal.util.ExecutableParameterNameProvider as ValidatorFactory-scoped parameter name provider.
2025-07-14T13:25:58.822+05:30 DEBUG 17208 --- [Fashion-Nest-Application] [kground-preinit] .i.e.ValidatorFactoryConfigurationHelper : HV000234: Using org.hibernate.validator.internal.engine.DefaultClockProvider as ValidatorFactory-scoped clock provider.
2025-07-14T13:25:58.822+05:30 DEBUG 17208 --- [Fashion-Nest-Application] [kground-preinit] .i.e.ValidatorFactoryConfigurationHelper : HV000234: Using org.hibernate.validator.internal.engine.scripting.DefaultScriptEvaluatorFactory as ValidatorFactory-scoped script evaluator factory.
2025-07-14T13:26:00.183+05:30  INFO 17208 --- [Fashion-Nest-Application] [           main] .s.d.r.c.RepositoryConfigurationDelegate : Bootstrapping Spring Data JPA repositories in DEFAULT mode.
2025-07-14T13:26:00.374+05:30  INFO 17208 --- [Fashion-Nest-Application] [           main] .s.d.r.c.RepositoryConfigurationDelegate : Finished Spring Data repository scanning in 175 ms. Found 10 JPA repository interfaces.
2025-07-14T13:26:01.293+05:30 DEBUG 17208 --- [Fashion-Nest-Application] [           main] j.LocalContainerEntityManagerFactoryBean : Building JPA container EntityManagerFactory for persistence unit 'default'
2025-07-14T13:26:01.325+05:30 DEBUG 17208 --- [Fashion-Nest-Application] [           main] o.hibernate.jpa.internal.util.LogHelper  : PersistenceUnitInfo [
	name: default
	persistence provider classname: null
	classloader: jdk.internal.loader.ClassLoaders$AppClassLoader@70dea4e
	excludeUnlistedClasses: true
	JTA datasource: null
	Non JTA datasource: HikariDataSource (null)
	Transaction type: RESOURCE_LOCAL
	PU root URL: file:/F:/FashionNextEcom-Project/Fashion-Nest-Application/target/test-classes/
	Shared Cache Mode: UNSPECIFIED
	Validation Mode: AUTO
	Jar files URLs []
	Managed classes names [
		com.fashionnest.Fashion_Nest_Application.model.Address
		com.fashionnest.Fashion_Nest_Application.model.Cart
		com.fashionnest.Fashion_Nest_Application.model.CartItem
		com.fashionnest.Fashion_Nest_Application.model.Category
		com.fashionnest.Fashion_Nest_Application.model.Order
		com.fashionnest.Fashion_Nest_Application.model.OrderItem
		com.fashionnest.Fashion_Nest_Application.model.Product
		com.fashionnest.Fashion_Nest_Application.model.Rating
		com.fashionnest.Fashion_Nest_Application.model.Review
		com.fashionnest.Fashion_Nest_Application.model.User]
	Mapping files names []
	Properties []
2025-07-14T13:26:01.353+05:30 DEBUG 17208 --- [Fashion-Nest-Application] [           main] o.h.i.internal.IntegratorServiceImpl     : Adding Integrator [org.hibernate.boot.beanvalidation.BeanValidationIntegrator].
2025-07-14T13:26:01.357+05:30 DEBUG 17208 --- [Fashion-Nest-Application] [           main] o.h.i.internal.IntegratorServiceImpl     : Adding Integrator [org.hibernate.cache.internal.CollectionCacheInvalidator].
2025-07-14T13:26:01.497+05:30  INFO 17208 --- [Fashion-Nest-Application] [           main] org.hibernate.Version                    : HHH000412: Hibernate ORM core version 6.5.2.Final
2025-07-14T13:26:01.502+05:30 DEBUG 17208 --- [Fashion-Nest-Application] [           main] org.hibernate.cfg.Environment            : HHH000206: 'hibernate.properties' not found
2025-07-14T13:26:01.555+05:30 DEBUG 17208 --- [Fashion-Nest-Application] [           main] org.hibernate.orm.idgen.factory          : Registering IdentifierGenerator strategy [uuid2] -> [org.hibernate.id.UUIDGenerator]
2025-07-14T13:26:01.557+05:30 DEBUG 17208 --- [Fashion-Nest-Application] [           main] org.hibernate.orm.idgen.factory          : Registering IdentifierGenerator strategy [guid] -> [org.hibernate.id.GUIDGenerator]
2025-07-14T13:26:01.558+05:30 DEBUG 17208 --- [Fashion-Nest-Application] [           main] org.hibernate.orm.idgen.factory          : Registering IdentifierGenerator strategy [uuid] -> [org.hibernate.id.UUIDHexGenerator]
2025-07-14T13:26:01.560+05:30 DEBUG 17208 --- [Fashion-Nest-Application] [           main] org.hibernate.orm.idgen.factory          : Registering IdentifierGenerator strategy [uuid.hex] -> [org.hibernate.id.UUIDHexGenerator]
2025-07-14T13:26:01.560+05:30 DEBUG 17208 --- [Fashion-Nest-Application] [           main] org.hibernate.orm.idgen.factory          : Registering IdentifierGenerator strategy [assigned] -> [org.hibernate.id.Assigned]
2025-07-14T13:26:01.562+05:30 DEBUG 17208 --- [Fashion-Nest-Application] [           main] org.hibernate.orm.idgen.factory          : Registering IdentifierGenerator strategy [identity] -> [org.hibernate.id.IdentityGenerator]
2025-07-14T13:26:01.563+05:30 DEBUG 17208 --- [Fashion-Nest-Application] [           main] org.hibernate.orm.idgen.factory          : Registering IdentifierGenerator strategy [select] -> [org.hibernate.id.SelectGenerator]
2025-07-14T13:26:01.565+05:30 DEBUG 17208 --- [Fashion-Nest-Application] [           main] org.hibernate.orm.idgen.factory          : Registering IdentifierGenerator strategy [sequence] -> [org.hibernate.id.enhanced.SequenceStyleGenerator]
2025-07-14T13:26:01.568+05:30 DEBUG 17208 --- [Fashion-Nest-Application] [           main] org.hibernate.orm.idgen.factory          : Registering IdentifierGenerator strategy [increment] -> [org.hibernate.id.IncrementGenerator]
2025-07-14T13:26:01.569+05:30 DEBUG 17208 --- [Fashion-Nest-Application] [           main] org.hibernate.orm.idgen.factory          : Registering IdentifierGenerator strategy [foreign] -> [org.hibernate.id.ForeignGenerator]
2025-07-14T13:26:01.569+05:30 DEBUG 17208 --- [Fashion-Nest-Application] [           main] org.hibernate.orm.idgen.factory          : Registering IdentifierGenerator strategy [enhanced-sequence] -> [org.hibernate.id.enhanced.SequenceStyleGenerator]
2025-07-14T13:26:01.571+05:30 DEBUG 17208 --- [Fashion-Nest-Application] [           main] org.hibernate.orm.idgen.factory          : Registering IdentifierGenerator strategy [enhanced-table] -> [org.hibernate.id.enhanced.TableGenerator]
2025-07-14T13:26:01.585+05:30 DEBUG 17208 --- [Fashion-Nest-Application] [           main] o.h.c.internal.RegionFactoryInitiator    : Cannot default RegionFactory based on registered strategies as `[]` RegionFactory strategies were registered
2025-07-14T13:26:01.587+05:30  INFO 17208 --- [Fashion-Nest-Application] [           main] o.h.c.internal.RegionFactoryInitiator    : HHH000026: Second-level cache disabled
2025-07-14T13:26:01.840+05:30 DEBUG 17208 --- [Fashion-Nest-Application] [           main] org.hibernate.type.BasicTypeRegistry     : Adding type registration boolean -> org.hibernate.type.BasicTypeReference@6de7778f
2025-07-14T13:26:01.840+05:30 DEBUG 17208 --- [Fashion-Nest-Application] [           main] org.hibernate.type.BasicTypeRegistry     : Adding type registration boolean -> org.hibernate.type.BasicTypeReference@6de7778f
2025-07-14T13:26:01.840+05:30 DEBUG 17208 --- [Fashion-Nest-Application] [           main] org.hibernate.type.BasicTypeRegistry     : Adding type registration java.lang.Boolean -> org.hibernate.type.BasicTypeReference@6de7778f
2025-07-14T13:26:01.841+05:30 DEBUG 17208 --- [Fashion-Nest-Application] [           main] org.hibernate.type.BasicTypeRegistry     : Adding type registration numeric_boolean -> org.hibernate.type.BasicTypeReference@367d34c0
2025-07-14T13:26:01.841+05:30 DEBUG 17208 --- [Fashion-Nest-Application] [           main] org.hibernate.type.BasicTypeRegistry     : Adding type registration org.hibernate.type.NumericBooleanConverter -> org.hibernate.type.BasicTypeReference@367d34c0
2025-07-14T13:26:01.841+05:30 DEBUG 17208 --- [Fashion-Nest-Application] [           main] org.hibernate.type.BasicTypeRegistry     : Adding type registration true_false -> org.hibernate.type.BasicTypeReference@4ce25e47
2025-07-14T13:26:01.841+05:30 DEBUG 17208 --- [Fashion-Nest-Application] [           main] org.hibernate.type.BasicTypeRegistry     : Adding type registration org.hibernate.type.TrueFalseConverter -> org.hibernate.type.BasicTypeReference@4ce25e47
2025-07-14T13:26:01.842+05:30 DEBUG 17208 --- [Fashion-Nest-Application] [           main] org.hibernate.type.BasicTypeRegistry     : Adding type registration yes_no -> org.hibernate.type.BasicTypeReference@6380e9e9
2025-07-14T13:26:01.842+05:30 DEBUG 17208 --- [Fashion-Nest-Application] [           main] org.hibernate.type.BasicTypeRegistry     : Adding type registration org.hibernate.type.YesNoConverter -> org.hibernate.type.BasicTypeReference@6380e9e9
2025-07-14T13:26:01.842+05:30 DEBUG 17208 --- [Fashion-Nest-Application] [           main] org.hibernate.type.BasicTypeRegistry     : Adding type registration byte -> org.hibernate.type.BasicTypeReference@350da119
2025-07-14T13:26:01.843+05:30 DEBUG 17208 --- [Fashion-Nest-Application] [           main] org.hibernate.type.BasicTypeRegistry     : Adding type registration byte -> org.hibernate.type.BasicTypeReference@350da119
2025-07-14T13:26:01.843+05:30 DEBUG 17208 --- [Fashion-Nest-Application] [           main] org.hibernate.type.BasicTypeRegistry     : Adding type registration java.lang.Byte -> org.hibernate.type.BasicTypeReference@350da119
2025-07-14T13:26:01.843+05:30 DEBUG 17208 --- [Fashion-Nest-Application] [           main] org.hibernate.type.BasicTypeRegistry     : Adding type registration binary -> org.hibernate.type.BasicTypeReference@6a09484c
2025-07-14T13:26:01.843+05:30 DEBUG 17208 --- [Fashion-Nest-Application] [           main] org.hibernate.type.BasicTypeRegistry     : Adding type registration byte[] -> org.hibernate.type.BasicTypeReference@6a09484c
2025-07-14T13:26:01.844+05:30 DEBUG 17208 --- [Fashion-Nest-Application] [           main] org.hibernate.type.BasicTypeRegistry     : Adding type registration [B -> org.hibernate.type.BasicTypeReference@6a09484c
2025-07-14T13:26:01.844+05:30 DEBUG 17208 --- [Fashion-Nest-Application] [           main] org.hibernate.type.BasicTypeRegistry     : Adding type registration binary_wrapper -> org.hibernate.type.BasicTypeReference@34c7232c
2025-07-14T13:26:01.844+05:30 DEBUG 17208 --- [Fashion-Nest-Application] [           main] org.hibernate.type.BasicTypeRegistry     : Adding type registration wrapper-binary -> org.hibernate.type.BasicTypeReference@34c7232c
2025-07-14T13:26:01.844+05:30 DEBUG 17208 --- [Fashion-Nest-Application] [           main] org.hibernate.type.BasicTypeRegistry     : Adding type registration image -> org.hibernate.type.BasicTypeReference@50ec4bfc
2025-07-14T13:26:01.845+05:30 DEBUG 17208 --- [Fashion-Nest-Application] [           main] org.hibernate.type.BasicTypeRegistry     : Adding type registration blob -> org.hibernate.type.BasicTypeReference@8b13d91
2025-07-14T13:26:01.845+05:30 DEBUG 17208 --- [Fashion-Nest-Application] [           main] org.hibernate.type.BasicTypeRegistry     : Adding type registration java.sql.Blob -> org.hibernate.type.BasicTypeReference@8b13d91
2025-07-14T13:26:01.845+05:30 DEBUG 17208 --- [Fashion-Nest-Application] [           main] org.hibernate.type.BasicTypeRegistry     : Adding type registration materialized_blob -> org.hibernate.type.BasicTypeReference@285a4fe3
2025-07-14T13:26:01.845+05:30 DEBUG 17208 --- [Fashion-Nest-Application] [           main] org.hibernate.type.BasicTypeRegistry     : Adding type registration materialized_blob_wrapper -> org.hibernate.type.BasicTypeReference@2589d787
2025-07-14T13:26:01.846+05:30 DEBUG 17208 --- [Fashion-Nest-Application] [           main] org.hibernate.type.BasicTypeRegistry     : Adding type registration short -> org.hibernate.type.BasicTypeReference@1788cb61
2025-07-14T13:26:01.846+05:30 DEBUG 17208 --- [Fashion-Nest-Application] [           main] org.hibernate.type.BasicTypeRegistry     : Adding type registration short -> org.hibernate.type.BasicTypeReference@1788cb61
2025-07-14T13:26:01.846+05:30 DEBUG 17208 --- [Fashion-Nest-Application] [           main] org.hibernate.type.BasicTypeRegistry     : Adding type registration java.lang.Short -> org.hibernate.type.BasicTypeReference@1788cb61
2025-07-14T13:26:01.846+05:30 DEBUG 17208 --- [Fashion-Nest-Application] [           main] org.hibernate.type.BasicTypeRegistry     : Adding type registration integer -> org.hibernate.type.BasicTypeReference@16d431b4
2025-07-14T13:26:01.846+05:30 DEBUG 17208 --- [Fashion-Nest-Application] [           main] org.hibernate.type.BasicTypeRegistry     : Adding type registration int -> org.hibernate.type.BasicTypeReference@16d431b4
2025-07-14T13:26:01.847+05:30 DEBUG 17208 --- [Fashion-Nest-Application] [           main] org.hibernate.type.BasicTypeRegistry     : Adding type registration java.lang.Integer -> org.hibernate.type.BasicTypeReference@16d431b4
2025-07-14T13:26:01.847+05:30 DEBUG 17208 --- [Fashion-Nest-Application] [           main] org.hibernate.type.BasicTypeRegistry     : Adding type registration long -> org.hibernate.type.BasicTypeReference@6c0b51da
2025-07-14T13:26:01.847+05:30 DEBUG 17208 --- [Fashion-Nest-Application] [           main] org.hibernate.type.BasicTypeRegistry     : Adding type registration long -> org.hibernate.type.BasicTypeReference@6c0b51da
2025-07-14T13:26:01.847+05:30 DEBUG 17208 --- [Fashion-Nest-Application] [           main] org.hibernate.type.BasicTypeRegistry     : Adding type registration java.lang.Long -> org.hibernate.type.BasicTypeReference@6c0b51da
2025-07-14T13:26:01.848+05:30 DEBUG 17208 --- [Fashion-Nest-Application] [           main] org.hibernate.type.BasicTypeRegistry     : Adding type registration float -> org.hibernate.type.BasicTypeReference@7558633
2025-07-14T13:26:01.848+05:30 DEBUG 17208 --- [Fashion-Nest-Application] [           main] org.hibernate.type.BasicTypeRegistry     : Adding type registration float -> org.hibernate.type.BasicTypeReference@7558633
2025-07-14T13:26:01.848+05:30 DEBUG 17208 --- [Fashion-Nest-Application] [           main] org.hibernate.type.BasicTypeRegistry     : Adding type registration java.lang.Float -> org.hibernate.type.BasicTypeReference@7558633
2025-07-14T13:26:01.848+05:30 DEBUG 17208 --- [Fashion-Nest-Application] [           main] org.hibernate.type.BasicTypeRegistry     : Adding type registration double -> org.hibernate.type.BasicTypeReference@5657967b
2025-07-14T13:26:01.849+05:30 DEBUG 17208 --- [Fashion-Nest-Application] [           main] org.hibernate.type.BasicTypeRegistry     : Adding type registration double -> org.hibernate.type.BasicTypeReference@5657967b
2025-07-14T13:26:01.849+05:30 DEBUG 17208 --- [Fashion-Nest-Application] [           main] org.hibernate.type.BasicTypeRegistry     : Adding type registration java.lang.Double -> org.hibernate.type.BasicTypeReference@5657967b
2025-07-14T13:26:01.849+05:30 DEBUG 17208 --- [Fashion-Nest-Application] [           main] org.hibernate.type.BasicTypeRegistry     : Adding type registration big_integer -> org.hibernate.type.BasicTypeReference@61394494
2025-07-14T13:26:01.850+05:30 DEBUG 17208 --- [Fashion-Nest-Application] [           main] org.hibernate.type.BasicTypeRegistry     : Adding type registration java.math.BigInteger -> org.hibernate.type.BasicTypeReference@61394494
2025-07-14T13:26:01.850+05:30 DEBUG 17208 --- [Fashion-Nest-Application] [           main] org.hibernate.type.BasicTypeRegistry     : Adding type registration big_decimal -> org.hibernate.type.BasicTypeReference@578a5ce8
2025-07-14T13:26:01.851+05:30 DEBUG 17208 --- [Fashion-Nest-Application] [           main] org.hibernate.type.BasicTypeRegistry     : Adding type registration java.math.BigDecimal -> org.hibernate.type.BasicTypeReference@578a5ce8
2025-07-14T13:26:01.851+05:30 DEBUG 17208 --- [Fashion-Nest-Application] [           main] org.hibernate.type.BasicTypeRegistry     : Adding type registration character -> org.hibernate.type.BasicTypeReference@7c453c34
2025-07-14T13:26:01.852+05:30 DEBUG 17208 --- [Fashion-Nest-Application] [           main] org.hibernate.type.BasicTypeRegistry     : Adding type registration char -> org.hibernate.type.BasicTypeReference@7c453c34
2025-07-14T13:26:01.852+05:30 DEBUG 17208 --- [Fashion-Nest-Application] [           main] org.hibernate.type.BasicTypeRegistry     : Adding type registration java.lang.Character -> org.hibernate.type.BasicTypeReference@7c453c34
2025-07-14T13:26:01.852+05:30 DEBUG 17208 --- [Fashion-Nest-Application] [           main] org.hibernate.type.BasicTypeRegistry     : Adding type registration character_nchar -> org.hibernate.type.BasicTypeReference@16cb9989
2025-07-14T13:26:01.853+05:30 DEBUG 17208 --- [Fashion-Nest-Application] [           main] org.hibernate.type.BasicTypeRegistry     : Adding type registration string -> org.hibernate.type.BasicTypeReference@3dfd6220
2025-07-14T13:26:01.853+05:30 DEBUG 17208 --- [Fashion-Nest-Application] [           main] org.hibernate.type.BasicTypeRegistry     : Adding type registration java.lang.String -> org.hibernate.type.BasicTypeReference@3dfd6220
2025-07-14T13:26:01.853+05:30 DEBUG 17208 --- [Fashion-Nest-Application] [           main] org.hibernate.type.BasicTypeRegistry     : Adding type registration nstring -> org.hibernate.type.BasicTypeReference@3815146b
2025-07-14T13:26:01.853+05:30 DEBUG 17208 --- [Fashion-Nest-Application] [           main] org.hibernate.type.BasicTypeRegistry     : Adding type registration characters -> org.hibernate.type.BasicTypeReference@6de43bc1
2025-07-14T13:26:01.853+05:30 DEBUG 17208 --- [Fashion-Nest-Application] [           main] org.hibernate.type.BasicTypeRegistry     : Adding type registration char[] -> org.hibernate.type.BasicTypeReference@6de43bc1
2025-07-14T13:26:01.854+05:30 DEBUG 17208 --- [Fashion-Nest-Application] [           main] org.hibernate.type.BasicTypeRegistry     : Adding type registration [C -> org.hibernate.type.BasicTypeReference@6de43bc1
2025-07-14T13:26:01.854+05:30 DEBUG 17208 --- [Fashion-Nest-Application] [           main] org.hibernate.type.BasicTypeRegistry     : Adding type registration wrapper-characters -> org.hibernate.type.BasicTypeReference@27a9f025
2025-07-14T13:26:01.854+05:30 DEBUG 17208 --- [Fashion-Nest-Application] [           main] org.hibernate.type.BasicTypeRegistry     : Adding type registration text -> org.hibernate.type.BasicTypeReference@71936a92
2025-07-14T13:26:01.854+05:30 DEBUG 17208 --- [Fashion-Nest-Application] [           main] org.hibernate.type.BasicTypeRegistry     : Adding type registration ntext -> org.hibernate.type.BasicTypeReference@61359e87
2025-07-14T13:26:01.855+05:30 DEBUG 17208 --- [Fashion-Nest-Application] [           main] org.hibernate.type.BasicTypeRegistry     : Adding type registration clob -> org.hibernate.type.BasicTypeReference@2dc39b53
2025-07-14T13:26:01.855+05:30 DEBUG 17208 --- [Fashion-Nest-Application] [           main] org.hibernate.type.BasicTypeRegistry     : Adding type registration java.sql.Clob -> org.hibernate.type.BasicTypeReference@2dc39b53
2025-07-14T13:26:01.855+05:30 DEBUG 17208 --- [Fashion-Nest-Application] [           main] org.hibernate.type.BasicTypeRegistry     : Adding type registration nclob -> org.hibernate.type.BasicTypeReference@45037e16
2025-07-14T13:26:01.855+05:30 DEBUG 17208 --- [Fashion-Nest-Application] [           main] org.hibernate.type.BasicTypeRegistry     : Adding type registration java.sql.NClob -> org.hibernate.type.BasicTypeReference@45037e16
2025-07-14T13:26:01.855+05:30 DEBUG 17208 --- [Fashion-Nest-Application] [           main] org.hibernate.type.BasicTypeRegistry     : Adding type registration materialized_clob -> org.hibernate.type.BasicTypeReference@2f2e4bde
2025-07-14T13:26:01.857+05:30 DEBUG 17208 --- [Fashion-Nest-Application] [           main] org.hibernate.type.BasicTypeRegistry     : Adding type registration materialized_clob_char_array -> org.hibernate.type.BasicTypeReference@6222391a
2025-07-14T13:26:01.857+05:30 DEBUG 17208 --- [Fashion-Nest-Application] [           main] org.hibernate.type.BasicTypeRegistry     : Adding type registration materialized_clob_character_array -> org.hibernate.type.BasicTypeReference@538a2f0e
2025-07-14T13:26:01.857+05:30 DEBUG 17208 --- [Fashion-Nest-Application] [           main] org.hibernate.type.BasicTypeRegistry     : Adding type registration materialized_nclob -> org.hibernate.type.BasicTypeReference@d2708a7
2025-07-14T13:26:01.857+05:30 DEBUG 17208 --- [Fashion-Nest-Application] [           main] org.hibernate.type.BasicTypeRegistry     : Adding type registration materialized_nclob_character_array -> org.hibernate.type.BasicTypeReference@508ad266
2025-07-14T13:26:01.858+05:30 DEBUG 17208 --- [Fashion-Nest-Application] [           main] org.hibernate.type.BasicTypeRegistry     : Adding type registration materialized_nclob_char_array -> org.hibernate.type.BasicTypeReference@2313db84
2025-07-14T13:26:01.858+05:30 DEBUG 17208 --- [Fashion-Nest-Application] [           main] org.hibernate.type.BasicTypeRegistry     : Adding type registration Duration -> org.hibernate.type.BasicTypeReference@216372b7
2025-07-14T13:26:01.858+05:30 DEBUG 17208 --- [Fashion-Nest-Application] [           main] org.hibernate.type.BasicTypeRegistry     : Adding type registration java.time.Duration -> org.hibernate.type.BasicTypeReference@216372b7
2025-07-14T13:26:01.858+05:30 DEBUG 17208 --- [Fashion-Nest-Application] [           main] org.hibernate.type.BasicTypeRegistry     : Adding type registration LocalDateTime -> org.hibernate.type.BasicTypeReference@14b4340c
2025-07-14T13:26:01.859+05:30 DEBUG 17208 --- [Fashion-Nest-Application] [           main] org.hibernate.type.BasicTypeRegistry     : Adding type registration java.time.LocalDateTime -> org.hibernate.type.BasicTypeReference@14b4340c
2025-07-14T13:26:01.859+05:30 DEBUG 17208 --- [Fashion-Nest-Application] [           main] org.hibernate.type.BasicTypeRegistry     : Adding type registration LocalDate -> org.hibernate.type.BasicTypeReference@12abcd1e
2025-07-14T13:26:01.859+05:30 DEBUG 17208 --- [Fashion-Nest-Application] [           main] org.hibernate.type.BasicTypeRegistry     : Adding type registration java.time.LocalDate -> org.hibernate.type.BasicTypeReference@12abcd1e
2025-07-14T13:26:01.859+05:30 DEBUG 17208 --- [Fashion-Nest-Application] [           main] org.hibernate.type.BasicTypeRegistry     : Adding type registration LocalTime -> org.hibernate.type.BasicTypeReference@2fd9fb34
2025-07-14T13:26:01.859+05:30 DEBUG 17208 --- [Fashion-Nest-Application] [           main] org.hibernate.type.BasicTypeRegistry     : Adding type registration java.time.LocalTime -> org.hibernate.type.BasicTypeReference@2fd9fb34
2025-07-14T13:26:01.860+05:30 DEBUG 17208 --- [Fashion-Nest-Application] [           main] org.hibernate.type.BasicTypeRegistry     : Adding type registration OffsetDateTime -> org.hibernate.type.BasicTypeReference@1595d2b2
2025-07-14T13:26:01.860+05:30 DEBUG 17208 --- [Fashion-Nest-Application] [           main] org.hibernate.type.BasicTypeRegistry     : Adding type registration java.time.OffsetDateTime -> org.hibernate.type.BasicTypeReference@1595d2b2
2025-07-14T13:26:01.860+05:30 DEBUG 17208 --- [Fashion-Nest-Application] [           main] org.hibernate.type.BasicTypeRegistry     : Adding type registration OffsetDateTimeWithTimezone -> org.hibernate.type.BasicTypeReference@20349058
2025-07-14T13:26:01.860+05:30 DEBUG 17208 --- [Fashion-Nest-Application] [           main] org.hibernate.type.BasicTypeRegistry     : Adding type registration OffsetDateTimeWithoutTimezone -> org.hibernate.type.BasicTypeReference@6cbb7a7d
2025-07-14T13:26:01.860+05:30 DEBUG 17208 --- [Fashion-Nest-Application] [           main] org.hibernate.type.BasicTypeRegistry     : Adding type registration OffsetTime -> org.hibernate.type.BasicTypeReference@cdb3c85
2025-07-14T13:26:01.860+05:30 DEBUG 17208 --- [Fashion-Nest-Application] [           main] org.hibernate.type.BasicTypeRegistry     : Adding type registration java.time.OffsetTime -> org.hibernate.type.BasicTypeReference@cdb3c85
2025-07-14T13:26:01.860+05:30 DEBUG 17208 --- [Fashion-Nest-Application] [           main] org.hibernate.type.BasicTypeRegistry     : Adding type registration OffsetTimeUtc -> org.hibernate.type.BasicTypeReference@37606fee
2025-07-14T13:26:01.861+05:30 DEBUG 17208 --- [Fashion-Nest-Application] [           main] org.hibernate.type.BasicTypeRegistry     : Adding type registration OffsetTimeWithTimezone -> org.hibernate.type.BasicTypeReference@33d28f0a
2025-07-14T13:26:01.861+05:30 DEBUG 17208 --- [Fashion-Nest-Application] [           main] org.hibernate.type.BasicTypeRegistry     : Adding type registration OffsetTimeWithoutTimezone -> org.hibernate.type.BasicTypeReference@48d739f
2025-07-14T13:26:01.861+05:30 DEBUG 17208 --- [Fashion-Nest-Application] [           main] org.hibernate.type.BasicTypeRegistry     : Adding type registration ZonedDateTime -> org.hibernate.type.BasicTypeReference@51e7589f
2025-07-14T13:26:01.861+05:30 DEBUG 17208 --- [Fashion-Nest-Application] [           main] org.hibernate.type.BasicTypeRegistry     : Adding type registration java.time.ZonedDateTime -> org.hibernate.type.BasicTypeReference@51e7589f
2025-07-14T13:26:01.861+05:30 DEBUG 17208 --- [Fashion-Nest-Application] [           main] org.hibernate.type.BasicTypeRegistry     : Adding type registration ZonedDateTimeWithTimezone -> org.hibernate.type.BasicTypeReference@65cc5252
2025-07-14T13:26:01.862+05:30 DEBUG 17208 --- [Fashion-Nest-Application] [           main] org.hibernate.type.BasicTypeRegistry     : Adding type registration ZonedDateTimeWithoutTimezone -> org.hibernate.type.BasicTypeReference@42c12b3e
2025-07-14T13:26:01.862+05:30 DEBUG 17208 --- [Fashion-Nest-Application] [           main] org.hibernate.type.BasicTypeRegistry     : Adding type registration date -> org.hibernate.type.BasicTypeReference@2dbfa972
2025-07-14T13:26:01.862+05:30 DEBUG 17208 --- [Fashion-Nest-Application] [           main] org.hibernate.type.BasicTypeRegistry     : Adding type registration java.sql.Date -> org.hibernate.type.BasicTypeReference@2dbfa972
2025-07-14T13:26:01.862+05:30 DEBUG 17208 --- [Fashion-Nest-Application] [           main] org.hibernate.type.BasicTypeRegistry     : Adding type registration time -> org.hibernate.type.BasicTypeReference@46f73ffa
2025-07-14T13:26:01.862+05:30 DEBUG 17208 --- [Fashion-Nest-Application] [           main] org.hibernate.type.BasicTypeRegistry     : Adding type registration java.sql.Time -> org.hibernate.type.BasicTypeReference@46f73ffa
2025-07-14T13:26:01.862+05:30 DEBUG 17208 --- [Fashion-Nest-Application] [           main] org.hibernate.type.BasicTypeRegistry     : Adding type registration timestamp -> org.hibernate.type.BasicTypeReference@41aebbb4
2025-07-14T13:26:01.863+05:30 DEBUG 17208 --- [Fashion-Nest-Application] [           main] org.hibernate.type.BasicTypeRegistry     : Adding type registration java.sql.Timestamp -> org.hibernate.type.BasicTypeReference@41aebbb4
2025-07-14T13:26:01.863+05:30 DEBUG 17208 --- [Fashion-Nest-Application] [           main] org.hibernate.type.BasicTypeRegistry     : Adding type registration java.util.Date -> org.hibernate.type.BasicTypeReference@41aebbb4
2025-07-14T13:26:01.863+05:30 DEBUG 17208 --- [Fashion-Nest-Application] [           main] org.hibernate.type.BasicTypeRegistry     : Adding type registration calendar -> org.hibernate.type.BasicTypeReference@afde064
2025-07-14T13:26:01.863+05:30 DEBUG 17208 --- [Fashion-Nest-Application] [           main] org.hibernate.type.BasicTypeRegistry     : Adding type registration java.util.Calendar -> org.hibernate.type.BasicTypeReference@afde064
2025-07-14T13:26:01.863+05:30 DEBUG 17208 --- [Fashion-Nest-Application] [           main] org.hibernate.type.BasicTypeRegistry     : Adding type registration java.util.GregorianCalendar -> org.hibernate.type.BasicTypeReference@afde064
2025-07-14T13:26:01.865+05:30 DEBUG 17208 --- [Fashion-Nest-Application] [           main] org.hibernate.type.BasicTypeRegistry     : Adding type registration calendar_date -> org.hibernate.type.BasicTypeReference@5a592c70
2025-07-14T13:26:01.866+05:30 DEBUG 17208 --- [Fashion-Nest-Application] [           main] org.hibernate.type.BasicTypeRegistry     : Adding type registration calendar_time -> org.hibernate.type.BasicTypeReference@11e9ac24
2025-07-14T13:26:01.866+05:30 DEBUG 17208 --- [Fashion-Nest-Application] [           main] org.hibernate.type.BasicTypeRegistry     : Adding type registration instant -> org.hibernate.type.BasicTypeReference@74f280bd
2025-07-14T13:26:01.867+05:30 DEBUG 17208 --- [Fashion-Nest-Application] [           main] org.hibernate.type.BasicTypeRegistry     : Adding type registration java.time.Instant -> org.hibernate.type.BasicTypeReference@74f280bd
2025-07-14T13:26:01.867+05:30 DEBUG 17208 --- [Fashion-Nest-Application] [           main] org.hibernate.type.BasicTypeRegistry     : Adding type registration uuid -> org.hibernate.type.BasicTypeReference@675b18ff
2025-07-14T13:26:01.867+05:30 DEBUG 17208 --- [Fashion-Nest-Application] [           main] org.hibernate.type.BasicTypeRegistry     : Adding type registration java.util.UUID -> org.hibernate.type.BasicTypeReference@675b18ff
2025-07-14T13:26:01.867+05:30 DEBUG 17208 --- [Fashion-Nest-Application] [           main] org.hibernate.type.BasicTypeRegistry     : Adding type registration pg-uuid -> org.hibernate.type.BasicTypeReference@675b18ff
2025-07-14T13:26:01.868+05:30 DEBUG 17208 --- [Fashion-Nest-Application] [           main] org.hibernate.type.BasicTypeRegistry     : Adding type registration uuid-binary -> org.hibernate.type.BasicTypeReference@34279b8a
2025-07-14T13:26:01.868+05:30 DEBUG 17208 --- [Fashion-Nest-Application] [           main] org.hibernate.type.BasicTypeRegistry     : Adding type registration uuid-char -> org.hibernate.type.BasicTypeReference@687389a6
2025-07-14T13:26:01.868+05:30 DEBUG 17208 --- [Fashion-Nest-Application] [           main] org.hibernate.type.BasicTypeRegistry     : Adding type registration class -> org.hibernate.type.BasicTypeReference@8641b7d
2025-07-14T13:26:01.868+05:30 DEBUG 17208 --- [Fashion-Nest-Application] [           main] org.hibernate.type.BasicTypeRegistry     : Adding type registration java.lang.Class -> org.hibernate.type.BasicTypeReference@8641b7d
2025-07-14T13:26:01.869+05:30 DEBUG 17208 --- [Fashion-Nest-Application] [           main] org.hibernate.type.BasicTypeRegistry     : Adding type registration currency -> org.hibernate.type.BasicTypeReference@37c7766e
2025-07-14T13:26:01.869+05:30 DEBUG 17208 --- [Fashion-Nest-Application] [           main] org.hibernate.type.BasicTypeRegistry     : Adding type registration Currency -> org.hibernate.type.BasicTypeReference@37c7766e
2025-07-14T13:26:01.869+05:30 DEBUG 17208 --- [Fashion-Nest-Application] [           main] org.hibernate.type.BasicTypeRegistry     : Adding type registration java.util.Currency -> org.hibernate.type.BasicTypeReference@37c7766e
2025-07-14T13:26:01.869+05:30 DEBUG 17208 --- [Fashion-Nest-Application] [           main] org.hibernate.type.BasicTypeRegistry     : Adding type registration locale -> org.hibernate.type.BasicTypeReference@3fb450d7
2025-07-14T13:26:01.869+05:30 DEBUG 17208 --- [Fashion-Nest-Application] [           main] org.hibernate.type.BasicTypeRegistry     : Adding type registration java.util.Locale -> org.hibernate.type.BasicTypeReference@3fb450d7
2025-07-14T13:26:01.869+05:30 DEBUG 17208 --- [Fashion-Nest-Application] [           main] org.hibernate.type.BasicTypeRegistry     : Adding type registration serializable -> org.hibernate.type.BasicTypeReference@4b7ed03e
2025-07-14T13:26:01.870+05:30 DEBUG 17208 --- [Fashion-Nest-Application] [           main] org.hibernate.type.BasicTypeRegistry     : Adding type registration java.io.Serializable -> org.hibernate.type.BasicTypeReference@4b7ed03e
2025-07-14T13:26:01.870+05:30 DEBUG 17208 --- [Fashion-Nest-Application] [           main] org.hibernate.type.BasicTypeRegistry     : Adding type registration timezone -> org.hibernate.type.BasicTypeReference@636985df
2025-07-14T13:26:01.870+05:30 DEBUG 17208 --- [Fashion-Nest-Application] [           main] org.hibernate.type.BasicTypeRegistry     : Adding type registration java.util.TimeZone -> org.hibernate.type.BasicTypeReference@636985df
2025-07-14T13:26:01.870+05:30 DEBUG 17208 --- [Fashion-Nest-Application] [           main] org.hibernate.type.BasicTypeRegistry     : Adding type registration ZoneOffset -> org.hibernate.type.BasicTypeReference@6f91fbda
2025-07-14T13:26:01.871+05:30 DEBUG 17208 --- [Fashion-Nest-Application] [           main] org.hibernate.type.BasicTypeRegistry     : Adding type registration java.time.ZoneOffset -> org.hibernate.type.BasicTypeReference@6f91fbda
2025-07-14T13:26:01.871+05:30 DEBUG 17208 --- [Fashion-Nest-Application] [           main] org.hibernate.type.BasicTypeRegistry     : Adding type registration url -> org.hibernate.type.BasicTypeReference@723e3c17
2025-07-14T13:26:01.871+05:30 DEBUG 17208 --- [Fashion-Nest-Application] [           main] org.hibernate.type.BasicTypeRegistry     : Adding type registration java.net.URL -> org.hibernate.type.BasicTypeReference@723e3c17
2025-07-14T13:26:01.871+05:30 DEBUG 17208 --- [Fashion-Nest-Application] [           main] org.hibernate.type.BasicTypeRegistry     : Adding type registration vector -> org.hibernate.type.BasicTypeReference@4ffced4e
2025-07-14T13:26:01.871+05:30 DEBUG 17208 --- [Fashion-Nest-Application] [           main] org.hibernate.type.BasicTypeRegistry     : Adding type registration row_version -> org.hibernate.type.BasicTypeReference@6094de13
2025-07-14T13:26:01.885+05:30 DEBUG 17208 --- [Fashion-Nest-Application] [           main] org.hibernate.type.BasicTypeRegistry     : Adding type registration object -> org.hibernate.type.JavaObjectType@3002e397
2025-07-14T13:26:01.886+05:30 DEBUG 17208 --- [Fashion-Nest-Application] [           main] org.hibernate.type.BasicTypeRegistry     : Adding type registration java.lang.Object -> org.hibernate.type.JavaObjectType@3002e397
2025-07-14T13:26:01.889+05:30 DEBUG 17208 --- [Fashion-Nest-Application] [           main] org.hibernate.type.BasicTypeRegistry     : Adding type registration null -> org.hibernate.type.NullType@2b6fb197
2025-07-14T13:26:01.889+05:30 DEBUG 17208 --- [Fashion-Nest-Application] [           main] org.hibernate.type.BasicTypeRegistry     : Adding type registration imm_date -> org.hibernate.type.BasicTypeReference@2eb0cefe
2025-07-14T13:26:01.889+05:30 DEBUG 17208 --- [Fashion-Nest-Application] [           main] org.hibernate.type.BasicTypeRegistry     : Adding type registration imm_time -> org.hibernate.type.BasicTypeReference@5a2ae1ab
2025-07-14T13:26:01.889+05:30 DEBUG 17208 --- [Fashion-Nest-Application] [           main] org.hibernate.type.BasicTypeRegistry     : Adding type registration imm_timestamp -> org.hibernate.type.BasicTypeReference@2bec068b
2025-07-14T13:26:01.890+05:30 DEBUG 17208 --- [Fashion-Nest-Application] [           main] org.hibernate.type.BasicTypeRegistry     : Adding type registration imm_calendar -> org.hibernate.type.BasicTypeReference@7d59e968
2025-07-14T13:26:01.890+05:30 DEBUG 17208 --- [Fashion-Nest-Application] [           main] org.hibernate.type.BasicTypeRegistry     : Adding type registration imm_calendar_date -> org.hibernate.type.BasicTypeReference@55361f03
2025-07-14T13:26:01.890+05:30 DEBUG 17208 --- [Fashion-Nest-Application] [           main] org.hibernate.type.BasicTypeRegistry     : Adding type registration imm_calendar_time -> org.hibernate.type.BasicTypeReference@581c9bb7
2025-07-14T13:26:01.890+05:30 DEBUG 17208 --- [Fashion-Nest-Application] [           main] org.hibernate.type.BasicTypeRegistry     : Adding type registration imm_binary -> org.hibernate.type.BasicTypeReference@138f0661
2025-07-14T13:26:01.891+05:30 DEBUG 17208 --- [Fashion-Nest-Application] [           main] org.hibernate.type.BasicTypeRegistry     : Adding type registration imm_serializable -> org.hibernate.type.BasicTypeReference@212fafd1
2025-07-14T13:26:01.902+05:30 DEBUG 17208 --- [Fashion-Nest-Application] [           main] o.h.boot.internal.BootstrapContextImpl   : Injecting JPA temp ClassLoader [org.springframework.instrument.classloading.SimpleThrowawayClassLoader@5cff729b] into BootstrapContext; was [null]
2025-07-14T13:26:01.902+05:30 DEBUG 17208 --- [Fashion-Nest-Application] [           main] o.h.boot.internal.ClassLoaderAccessImpl  : ClassLoaderAccessImpl#injectTempClassLoader(org.springframework.instrument.classloading.SimpleThrowawayClassLoader@5cff729b) [was null]
2025-07-14T13:26:01.903+05:30 DEBUG 17208 --- [Fashion-Nest-Application] [           main] o.h.boot.internal.BootstrapContextImpl   : Injecting ScanEnvironment [org.hibernate.jpa.boot.internal.StandardJpaScanEnvironmentImpl@4602f874] into BootstrapContext; was [null]
2025-07-14T13:26:01.904+05:30 DEBUG 17208 --- [Fashion-Nest-Application] [           main] o.h.boot.internal.BootstrapContextImpl   : Injecting ScanOptions [org.hibernate.boot.archive.scan.internal.StandardScanOptions@7739aac4] into BootstrapContext; was [org.hibernate.boot.archive.scan.internal.StandardScanOptions@353c6da1]
2025-07-14T13:26:02.357+05:30  INFO 17208 --- [Fashion-Nest-Application] [           main] o.s.o.j.p.SpringPersistenceUnitInfo      : No LoadTimeWeaver setup: ignoring JPA class transformer
2025-07-14T13:26:02.358+05:30 DEBUG 17208 --- [Fashion-Nest-Application] [           main] o.h.boot.internal.BootstrapContextImpl   : Injecting JPA temp ClassLoader [null] into BootstrapContext; was [org.springframework.instrument.classloading.SimpleThrowawayClassLoader@5cff729b]
2025-07-14T13:26:02.358+05:30 DEBUG 17208 --- [Fashion-Nest-Application] [           main] o.h.boot.internal.ClassLoaderAccessImpl  : ClassLoaderAccessImpl#injectTempClassLoader(null) [was org.springframework.instrument.classloading.SimpleThrowawayClassLoader@5cff729b]
2025-07-14T13:26:02.415+05:30  INFO 17208 --- [Fashion-Nest-Application] [           main] com.zaxxer.hikari.HikariDataSource       : HikariPool-1 - Starting...
2025-07-14T13:26:02.424+05:30  WARN 17208 --- [Fashion-Nest-Application] [           main] c.zaxxer.hikari.util.DriverDataSource    : Registered driver with driverClassName=com.mysql.jdbc.Driver was not found, trying direct instantiation.
2025-07-14T13:26:06.623+05:30  INFO 17208 --- [Fashion-Nest-Application] [           main] com.zaxxer.hikari.pool.HikariPool        : HikariPool-1 - Added connection com.mysql.cj.jdbc.ConnectionImpl@6533629
2025-07-14T13:26:06.633+05:30  INFO 17208 --- [Fashion-Nest-Application] [           main] com.zaxxer.hikari.HikariDataSource       : HikariPool-1 - Start completed.
2025-07-14T13:26:06.642+05:30 DEBUG 17208 --- [Fashion-Nest-Application] [           main] o.h.e.j.e.i.JdbcEnvironmentInitiator     : Database ->
	   name : MySQL
	version : 9.3.0
	  major : 9
	  minor : 3
2025-07-14T13:26:06.642+05:30 DEBUG 17208 --- [Fashion-Nest-Application] [           main] o.h.e.j.e.i.JdbcEnvironmentInitiator     : Driver ->
	   name : MySQL Connector/J
	version : mysql-connector-j-8.3.0 (Revision: 805f872a57875f311cb82487efcfb070411a3fa0)
	  major : 8
	  minor : 3
2025-07-14T13:26:06.643+05:30 DEBUG 17208 --- [Fashion-Nest-Application] [           main] o.h.e.j.e.i.JdbcEnvironmentInitiator     : JDBC version : 4.2
2025-07-14T13:26:07.416+05:30  WARN 17208 --- [Fashion-Nest-Application] [           main] org.hibernate.orm.deprecation            : HHH90000025: MySQLDialect does not need to be specified explicitly using 'hibernate.dialect' (remove the property setting and it will be selected by default)
2025-07-14T13:26:07.418+05:30 DEBUG 17208 --- [Fashion-Nest-Application] [           main] org.hibernate.orm.dialect                : HHH035001: Using dialect: org.hibernate.dialect.MySQLDialect, version: 9.3
2025-07-14T13:26:07.429+05:30 DEBUG 17208 --- [Fashion-Nest-Application] [           main] o.h.e.j.env.spi.IdentifierHelperBuilder  : JDBC driver metadata reported database stores quoted identifiers in more than one case
2025-07-14T13:26:07.429+05:30 DEBUG 17208 --- [Fashion-Nest-Application] [           main] o.h.e.j.env.spi.IdentifierHelperBuilder  : IdentifierCaseStrategy for both quoted and unquoted identifiers was set to the same strategy [MIXED]; that will likely lead to problems in schema update and validation if using quoted identifiers
2025-07-14T13:26:07.476+05:30 DEBUG 17208 --- [Fashion-Nest-Application] [           main] o.h.t.d.sql.spi.DdlTypeRegistry          : addDescriptor(12, org.hibernate.type.descriptor.sql.internal.CapacityDependentDdlType@76e00bdb) replaced previous registration(org.hibernate.type.descriptor.sql.internal.CapacityDependentDdlType@7ee2423)
2025-07-14T13:26:07.476+05:30 DEBUG 17208 --- [Fashion-Nest-Application] [           main] o.h.t.d.sql.spi.DdlTypeRegistry          : addDescriptor(-9, org.hibernate.type.descriptor.sql.internal.CapacityDependentDdlType@343d1d25) replaced previous registration(org.hibernate.type.descriptor.sql.internal.CapacityDependentDdlType@762da62b)
2025-07-14T13:26:07.476+05:30 DEBUG 17208 --- [Fashion-Nest-Application] [           main] o.h.t.d.sql.spi.DdlTypeRegistry          : addDescriptor(-3, org.hibernate.type.descriptor.sql.internal.CapacityDependentDdlType@e5c5e6) replaced previous registration(org.hibernate.type.descriptor.sql.internal.CapacityDependentDdlType@76dc36e5)
2025-07-14T13:26:07.477+05:30 DEBUG 17208 --- [Fashion-Nest-Application] [           main] o.h.t.d.sql.spi.DdlTypeRegistry          : addDescriptor(4003, org.hibernate.type.descriptor.sql.internal.DdlTypeImpl@2a54c92e) replaced previous registration(org.hibernate.type.descriptor.sql.internal.DdlTypeImpl@31533eb1)
2025-07-14T13:26:07.477+05:30 DEBUG 17208 --- [Fashion-Nest-Application] [           main] o.h.t.d.sql.spi.DdlTypeRegistry          : addDescriptor(4001, org.hibernate.type.descriptor.sql.internal.DdlTypeImpl@1fb71788) replaced previous registration(org.hibernate.type.descriptor.sql.internal.DdlTypeImpl@8cb7185)
2025-07-14T13:26:07.477+05:30 DEBUG 17208 --- [Fashion-Nest-Application] [           main] o.h.t.d.sql.spi.DdlTypeRegistry          : addDescriptor(4002, org.hibernate.type.descriptor.sql.internal.DdlTypeImpl@4dac40b) replaced previous registration(org.hibernate.type.descriptor.sql.internal.DdlTypeImpl@2c54c497)
2025-07-14T13:26:07.477+05:30 DEBUG 17208 --- [Fashion-Nest-Application] [           main] o.h.t.d.sql.spi.DdlTypeRegistry          : addDescriptor(2004, org.hibernate.type.descriptor.sql.internal.CapacityDependentDdlType@b788dc2) replaced previous registration(org.hibernate.type.descriptor.sql.internal.DdlTypeImpl@58ec8271)
2025-07-14T13:26:07.478+05:30 DEBUG 17208 --- [Fashion-Nest-Application] [           main] o.h.t.d.sql.spi.DdlTypeRegistry          : addDescriptor(2005, org.hibernate.type.descriptor.sql.internal.CapacityDependentDdlType@a44effb) replaced previous registration(org.hibernate.type.descriptor.sql.internal.DdlTypeImpl@3ee258)
2025-07-14T13:26:07.478+05:30 DEBUG 17208 --- [Fashion-Nest-Application] [           main] o.h.t.d.sql.spi.DdlTypeRegistry          : addDescriptor(2011, org.hibernate.type.descriptor.sql.internal.CapacityDependentDdlType@4f676900) replaced previous registration(org.hibernate.type.descriptor.sql.internal.DdlTypeImpl@73a49597)
2025-07-14T13:26:07.482+05:30 DEBUG 17208 --- [Fashion-Nest-Application] [           main] o.h.t.d.jdbc.spi.JdbcTypeRegistry        : addDescriptor(NCharTypeDescriptor) replaced previous registration(CharTypeDescriptor)
2025-07-14T13:26:07.482+05:30 DEBUG 17208 --- [Fashion-Nest-Application] [           main] o.h.t.d.jdbc.spi.JdbcTypeRegistry        : addDescriptor(NVarcharTypeDescriptor) replaced previous registration(VarcharTypeDescriptor)
2025-07-14T13:26:07.483+05:30 DEBUG 17208 --- [Fashion-Nest-Application] [           main] o.h.t.d.jdbc.spi.JdbcTypeRegistry        : addDescriptor(LongNVarcharTypeDescriptor) replaced previous registration(LongVarcharTypeDescriptor)
2025-07-14T13:26:07.491+05:30 DEBUG 17208 --- [Fashion-Nest-Application] [           main] o.h.t.d.jdbc.spi.JdbcTypeRegistry        : addDescriptor(NClobTypeDescriptor(DEFAULT)) replaced previous registration(ClobTypeDescriptor(DEFAULT))
2025-07-14T13:26:07.491+05:30 DEBUG 17208 --- [Fashion-Nest-Application] [           main] o.h.t.d.jdbc.spi.JdbcTypeRegistry        : addDescriptor(2005, ClobTypeDescriptor(STREAM_BINDING)) replaced previous registration(ClobTypeDescriptor(DEFAULT))
2025-07-14T13:26:07.498+05:30 DEBUG 17208 --- [Fashion-Nest-Application] [           main] org.hibernate.type.BasicTypeRegistry     : Adding type registration null -> org.hibernate.type.NullType@26aee0a6
2025-07-14T13:26:07.498+05:30 DEBUG 17208 --- [Fashion-Nest-Application] [           main] org.hibernate.type.BasicTypeRegistry     : Type registration key [null] overrode previous entry : `org.hibernate.type.NullType@2b6fb197`
2025-07-14T13:26:07.508+05:30 DEBUG 17208 --- [Fashion-Nest-Application] [           main] org.hibernate.type.BasicTypeRegistry     : Adding type registration org.hibernate.type.DurationType -> basicType@1(java.time.Duration,3015)
2025-07-14T13:26:07.508+05:30 DEBUG 17208 --- [Fashion-Nest-Application] [           main] org.hibernate.type.BasicTypeRegistry     : Adding type registration Duration -> basicType@1(java.time.Duration,3015)
2025-07-14T13:26:07.508+05:30 DEBUG 17208 --- [Fashion-Nest-Application] [           main] org.hibernate.type.BasicTypeRegistry     : Adding type registration java.time.Duration -> basicType@1(java.time.Duration,3015)
2025-07-14T13:26:07.519+05:30 DEBUG 17208 --- [Fashion-Nest-Application] [           main] org.hibernate.type.BasicTypeRegistry     : Adding type registration org.hibernate.type.OffsetDateTimeType -> basicType@2(java.time.OffsetDateTime,3003)
2025-07-14T13:26:07.519+05:30 DEBUG 17208 --- [Fashion-Nest-Application] [           main] org.hibernate.type.BasicTypeRegistry     : Adding type registration OffsetDateTime -> basicType@2(java.time.OffsetDateTime,3003)
2025-07-14T13:26:07.519+05:30 DEBUG 17208 --- [Fashion-Nest-Application] [           main] org.hibernate.type.BasicTypeRegistry     : Adding type registration java.time.OffsetDateTime -> basicType@2(java.time.OffsetDateTime,3003)
2025-07-14T13:26:07.519+05:30 DEBUG 17208 --- [Fashion-Nest-Application] [           main] org.hibernate.type.BasicTypeRegistry     : Adding type registration org.hibernate.type.ZonedDateTimeType -> basicType@3(java.time.ZonedDateTime,3003)
2025-07-14T13:26:07.520+05:30 DEBUG 17208 --- [Fashion-Nest-Application] [           main] org.hibernate.type.BasicTypeRegistry     : Adding type registration ZonedDateTime -> basicType@3(java.time.ZonedDateTime,3003)
2025-07-14T13:26:07.520+05:30 DEBUG 17208 --- [Fashion-Nest-Application] [           main] org.hibernate.type.BasicTypeRegistry     : Adding type registration java.time.ZonedDateTime -> basicType@3(java.time.ZonedDateTime,3003)
2025-07-14T13:26:07.523+05:30 DEBUG 17208 --- [Fashion-Nest-Application] [           main] org.hibernate.type.BasicTypeRegistry     : Adding type registration org.hibernate.type.OffsetTimeType -> basicType@4(java.time.OffsetTime,3007)
2025-07-14T13:26:07.524+05:30 DEBUG 17208 --- [Fashion-Nest-Application] [           main] org.hibernate.type.BasicTypeRegistry     : Adding type registration OffsetTime -> basicType@4(java.time.OffsetTime,3007)
2025-07-14T13:26:07.524+05:30 DEBUG 17208 --- [Fashion-Nest-Application] [           main] org.hibernate.type.BasicTypeRegistry     : Adding type registration java.time.OffsetTime -> basicType@4(java.time.OffsetTime,3007)
2025-07-14T13:26:07.528+05:30 DEBUG 17208 --- [Fashion-Nest-Application] [           main] o.h.type.spi.TypeConfiguration$Scope     : Scoping TypeConfiguration [org.hibernate.type.spi.TypeConfiguration@3593e074] to MetadataBuildingContext [org.hibernate.boot.internal.MetadataBuildingContextRootImpl@79d14037]
2025-07-14T13:26:07.615+05:30 DEBUG 17208 --- [Fashion-Nest-Application] [           main] o.h.boot.model.relational.Namespace      : Created database namespace [logicalName=Name{catalog=null, schema=null}, physicalName=Name{catalog=null, schema=null}]
2025-07-14T13:26:07.667+05:30 DEBUG 17208 --- [Fashion-Nest-Application] [           main] o.h.boot.model.internal.EntityBinder     : Binding entity from annotated class: com.fashionnest.Fashion_Nest_Application.model.Address
2025-07-14T13:26:07.681+05:30 DEBUG 17208 --- [Fashion-Nest-Application] [           main] o.h.boot.model.internal.EntityBinder     : Import with entity name Address
2025-07-14T13:26:07.694+05:30 DEBUG 17208 --- [Fashion-Nest-Application] [           main] o.h.boot.model.internal.EntityBinder     : Bind entity com.fashionnest.Fashion_Nest_Application.model.Address on table address
2025-07-14T13:26:07.717+05:30 DEBUG 17208 --- [Fashion-Nest-Application] [           main] o.h.boot.model.internal.AnnotatedColumn  : Binding column: AnnotatedDiscriminatorColumn(column='DTYPE')
2025-07-14T13:26:07.773+05:30 DEBUG 17208 --- [Fashion-Nest-Application] [           main] o.h.boot.model.internal.AnnotatedColumn  : Binding column: AnnotatedColumn()
2025-07-14T13:26:07.775+05:30 DEBUG 17208 --- [Fashion-Nest-Application] [           main] o.h.boot.internal.ClassLoaderAccessImpl  : Not known whether passed class name [com.fashionnest.Fashion_Nest_Application.model.Address] is safe
2025-07-14T13:26:07.775+05:30 DEBUG 17208 --- [Fashion-Nest-Application] [           main] o.h.boot.internal.ClassLoaderAccessImpl  : No temp ClassLoader provided; using live ClassLoader for loading potentially unsafe class : com.fashionnest.Fashion_Nest_Application.model.Address
2025-07-14T13:26:07.784+05:30 DEBUG 17208 --- [Fashion-Nest-Application] [           main] o.h.boot.model.internal.PropertyBinder   : MetadataSourceProcessor property id with lazy=false
2025-07-14T13:26:07.794+05:30 DEBUG 17208 --- [Fashion-Nest-Application] [           main] o.h.b.m.internal.AbstractPropertyHolder  : Attempting to locate auto-apply AttributeConverter for property [com.fashionnest.Fashion_Nest_Application.model.Address:id]
2025-07-14T13:26:07.805+05:30 DEBUG 17208 --- [Fashion-Nest-Application] [           main] o.h.b.model.internal.BasicValueBinder    : building BasicValue for id
2025-07-14T13:26:07.809+05:30 DEBUG 17208 --- [Fashion-Nest-Application] [           main] org.hibernate.mapping.BasicValue         : Skipping column re-registration: address.id
2025-07-14T13:26:07.812+05:30 DEBUG 17208 --- [Fashion-Nest-Application] [           main] o.h.boot.model.internal.PropertyBinder   : Building property id
2025-07-14T13:26:07.820+05:30 DEBUG 17208 --- [Fashion-Nest-Application] [           main] o.h.boot.model.internal.BinderHelper     : #makeIdGenerator(BasicValue([Column(id)]), id, org.hibernate.id.enhanced.SequenceStyleGenerator, , ...)
2025-07-14T13:26:07.822+05:30 DEBUG 17208 --- [Fashion-Nest-Application] [           main] o.h.boot.model.internal.AnnotatedColumn  : Binding column: AnnotatedColumn(column='city')
2025-07-14T13:26:07.823+05:30 DEBUG 17208 --- [Fashion-Nest-Application] [           main] o.h.boot.model.internal.PropertyBinder   : MetadataSourceProcessor property city with lazy=false
2025-07-14T13:26:07.823+05:30 DEBUG 17208 --- [Fashion-Nest-Application] [           main] o.h.b.m.internal.AbstractPropertyHolder  : Attempting to locate auto-apply AttributeConverter for property [com.fashionnest.Fashion_Nest_Application.model.Address:city]
2025-07-14T13:26:07.823+05:30 DEBUG 17208 --- [Fashion-Nest-Application] [           main] o.h.b.model.internal.BasicValueBinder    : building BasicValue for city
2025-07-14T13:26:07.823+05:30 DEBUG 17208 --- [Fashion-Nest-Application] [           main] org.hibernate.mapping.BasicValue         : Skipping column re-registration: address.city
2025-07-14T13:26:07.823+05:30 DEBUG 17208 --- [Fashion-Nest-Application] [           main] o.h.boot.model.internal.PropertyBinder   : Building property city
2025-07-14T13:26:07.824+05:30 DEBUG 17208 --- [Fashion-Nest-Application] [           main] o.h.boot.model.internal.AnnotatedColumn  : Binding column: AnnotatedColumn(column='first_name')
2025-07-14T13:26:07.825+05:30 DEBUG 17208 --- [Fashion-Nest-Application] [           main] o.h.boot.model.internal.PropertyBinder   : MetadataSourceProcessor property firstName with lazy=false
2025-07-14T13:26:07.825+05:30 DEBUG 17208 --- [Fashion-Nest-Application] [           main] o.h.b.m.internal.AbstractPropertyHolder  : Attempting to locate auto-apply AttributeConverter for property [com.fashionnest.Fashion_Nest_Application.model.Address:firstName]
2025-07-14T13:26:07.825+05:30 DEBUG 17208 --- [Fashion-Nest-Application] [           main] o.h.b.model.internal.BasicValueBinder    : building BasicValue for firstName
2025-07-14T13:26:07.825+05:30 DEBUG 17208 --- [Fashion-Nest-Application] [           main] org.hibernate.mapping.BasicValue         : Skipping column re-registration: address.first_name
2025-07-14T13:26:07.825+05:30 DEBUG 17208 --- [Fashion-Nest-Application] [           main] o.h.boot.model.internal.PropertyBinder   : Building property firstName
2025-07-14T13:26:07.826+05:30 DEBUG 17208 --- [Fashion-Nest-Application] [           main] o.h.boot.model.internal.AnnotatedColumn  : Binding column: AnnotatedColumn(column='last_name')
2025-07-14T13:26:07.826+05:30 DEBUG 17208 --- [Fashion-Nest-Application] [           main] o.h.boot.model.internal.PropertyBinder   : MetadataSourceProcessor property lastName with lazy=false
2025-07-14T13:26:07.826+05:30 DEBUG 17208 --- [Fashion-Nest-Application] [           main] o.h.b.m.internal.AbstractPropertyHolder  : Attempting to locate auto-apply AttributeConverter for property [com.fashionnest.Fashion_Nest_Application.model.Address:lastName]
2025-07-14T13:26:07.827+05:30 DEBUG 17208 --- [Fashion-Nest-Application] [           main] o.h.b.model.internal.BasicValueBinder    : building BasicValue for lastName
2025-07-14T13:26:07.827+05:30 DEBUG 17208 --- [Fashion-Nest-Application] [           main] org.hibernate.mapping.BasicValue         : Skipping column re-registration: address.last_name
2025-07-14T13:26:07.827+05:30 DEBUG 17208 --- [Fashion-Nest-Application] [           main] o.h.boot.model.internal.PropertyBinder   : Building property lastName
2025-07-14T13:26:07.827+05:30 DEBUG 17208 --- [Fashion-Nest-Application] [           main] o.h.boot.model.internal.AnnotatedColumn  : Binding column: AnnotatedColumn()
2025-07-14T13:26:07.828+05:30 DEBUG 17208 --- [Fashion-Nest-Application] [           main] o.h.boot.model.internal.PropertyBinder   : MetadataSourceProcessor property mobile with lazy=false
2025-07-14T13:26:07.828+05:30 DEBUG 17208 --- [Fashion-Nest-Application] [           main] o.h.b.m.internal.AbstractPropertyHolder  : Attempting to locate auto-apply AttributeConverter for property [com.fashionnest.Fashion_Nest_Application.model.Address:mobile]
2025-07-14T13:26:07.828+05:30 DEBUG 17208 --- [Fashion-Nest-Application] [           main] o.h.b.model.internal.BasicValueBinder    : building BasicValue for mobile
2025-07-14T13:26:07.828+05:30 DEBUG 17208 --- [Fashion-Nest-Application] [           main] org.hibernate.mapping.BasicValue         : Skipping column re-registration: address.mobile
2025-07-14T13:26:07.828+05:30 DEBUG 17208 --- [Fashion-Nest-Application] [           main] o.h.boot.model.internal.PropertyBinder   : Building property mobile
2025-07-14T13:26:07.829+05:30 DEBUG 17208 --- [Fashion-Nest-Application] [           main] o.h.boot.model.internal.AnnotatedColumn  : Binding column: AnnotatedColumn(column='state')
2025-07-14T13:26:07.829+05:30 DEBUG 17208 --- [Fashion-Nest-Application] [           main] o.h.boot.model.internal.PropertyBinder   : MetadataSourceProcessor property state with lazy=false
2025-07-14T13:26:07.829+05:30 DEBUG 17208 --- [Fashion-Nest-Application] [           main] o.h.b.m.internal.AbstractPropertyHolder  : Attempting to locate auto-apply AttributeConverter for property [com.fashionnest.Fashion_Nest_Application.model.Address:state]
2025-07-14T13:26:07.829+05:30 DEBUG 17208 --- [Fashion-Nest-Application] [           main] o.h.b.model.internal.BasicValueBinder    : building BasicValue for state
2025-07-14T13:26:07.829+05:30 DEBUG 17208 --- [Fashion-Nest-Application] [           main] org.hibernate.mapping.BasicValue         : Skipping column re-registration: address.state
2025-07-14T13:26:07.830+05:30 DEBUG 17208 --- [Fashion-Nest-Application] [           main] o.h.boot.model.internal.PropertyBinder   : Building property state
2025-07-14T13:26:07.830+05:30 DEBUG 17208 --- [Fashion-Nest-Application] [           main] o.h.boot.model.internal.AnnotatedColumn  : Binding column: AnnotatedColumn(column='street_address')
2025-07-14T13:26:07.830+05:30 DEBUG 17208 --- [Fashion-Nest-Application] [           main] o.h.boot.model.internal.PropertyBinder   : MetadataSourceProcessor property streetAddress with lazy=false
2025-07-14T13:26:07.830+05:30 DEBUG 17208 --- [Fashion-Nest-Application] [           main] o.h.b.m.internal.AbstractPropertyHolder  : Attempting to locate auto-apply AttributeConverter for property [com.fashionnest.Fashion_Nest_Application.model.Address:streetAddress]
2025-07-14T13:26:07.831+05:30 DEBUG 17208 --- [Fashion-Nest-Application] [           main] o.h.b.model.internal.BasicValueBinder    : building BasicValue for streetAddress
2025-07-14T13:26:07.831+05:30 DEBUG 17208 --- [Fashion-Nest-Application] [           main] org.hibernate.mapping.BasicValue         : Skipping column re-registration: address.street_address
2025-07-14T13:26:07.831+05:30 DEBUG 17208 --- [Fashion-Nest-Application] [           main] o.h.boot.model.internal.PropertyBinder   : Building property streetAddress
2025-07-14T13:26:07.837+05:30 DEBUG 17208 --- [Fashion-Nest-Application] [           main] o.h.boot.model.internal.AnnotatedColumn  : Binding column: AnnotatedJoinColumn(column='user_id')
2025-07-14T13:26:07.837+05:30 DEBUG 17208 --- [Fashion-Nest-Application] [           main] o.h.boot.model.internal.AnnotatedColumn  : Binding column: AnnotatedColumn()
2025-07-14T13:26:07.845+05:30 DEBUG 17208 --- [Fashion-Nest-Application] [           main] o.h.boot.model.internal.PropertyBinder   : Building property user
2025-07-14T13:26:07.845+05:30 DEBUG 17208 --- [Fashion-Nest-Application] [           main] o.h.boot.model.internal.AnnotatedColumn  : Binding column: AnnotatedColumn(column='zip_code')
2025-07-14T13:26:07.846+05:30 DEBUG 17208 --- [Fashion-Nest-Application] [           main] o.h.boot.model.internal.PropertyBinder   : MetadataSourceProcessor property zipCode with lazy=false
2025-07-14T13:26:07.846+05:30 DEBUG 17208 --- [Fashion-Nest-Application] [           main] o.h.b.m.internal.AbstractPropertyHolder  : Attempting to locate auto-apply AttributeConverter for property [com.fashionnest.Fashion_Nest_Application.model.Address:zipCode]
2025-07-14T13:26:07.846+05:30 DEBUG 17208 --- [Fashion-Nest-Application] [           main] o.h.b.model.internal.BasicValueBinder    : building BasicValue for zipCode
2025-07-14T13:26:07.846+05:30 DEBUG 17208 --- [Fashion-Nest-Application] [           main] org.hibernate.mapping.BasicValue         : Skipping column re-registration: address.zip_code
2025-07-14T13:26:07.846+05:30 DEBUG 17208 --- [Fashion-Nest-Application] [           main] o.h.boot.model.internal.PropertyBinder   : Building property zipCode
2025-07-14T13:26:07.850+05:30 DEBUG 17208 --- [Fashion-Nest-Application] [           main] o.h.b.r.c.i.ClassLoaderServiceImpl       : HHH000194: Package not found or no package-info.java: com.fashionnest.Fashion_Nest_Application.model
2025-07-14T13:26:07.860+05:30 DEBUG 17208 --- [Fashion-Nest-Application] [           main] o.h.boot.model.internal.EntityBinder     : Binding entity from annotated class: com.fashionnest.Fashion_Nest_Application.model.Cart
2025-07-14T13:26:07.861+05:30 DEBUG 17208 --- [Fashion-Nest-Application] [           main] o.h.boot.model.internal.EntityBinder     : Import with entity name Cart
2025-07-14T13:26:07.862+05:30 DEBUG 17208 --- [Fashion-Nest-Application] [           main] o.h.boot.model.internal.EntityBinder     : Bind entity com.fashionnest.Fashion_Nest_Application.model.Cart on table cart
2025-07-14T13:26:07.865+05:30 DEBUG 17208 --- [Fashion-Nest-Application] [           main] o.h.boot.model.internal.AnnotatedColumn  : Binding column: AnnotatedDiscriminatorColumn(column='DTYPE')
2025-07-14T13:26:07.883+05:30 DEBUG 17208 --- [Fashion-Nest-Application] [           main] o.h.boot.model.internal.AnnotatedColumn  : Binding column: AnnotatedColumn()
2025-07-14T13:26:07.883+05:30 DEBUG 17208 --- [Fashion-Nest-Application] [           main] o.h.boot.internal.ClassLoaderAccessImpl  : Not known whether passed class name [com.fashionnest.Fashion_Nest_Application.model.Cart] is safe
2025-07-14T13:26:07.883+05:30 DEBUG 17208 --- [Fashion-Nest-Application] [           main] o.h.boot.internal.ClassLoaderAccessImpl  : No temp ClassLoader provided; using live ClassLoader for loading potentially unsafe class : com.fashionnest.Fashion_Nest_Application.model.Cart
2025-07-14T13:26:07.884+05:30 DEBUG 17208 --- [Fashion-Nest-Application] [           main] o.h.boot.model.internal.PropertyBinder   : MetadataSourceProcessor property id with lazy=false
2025-07-14T13:26:07.884+05:30 DEBUG 17208 --- [Fashion-Nest-Application] [           main] o.h.b.m.internal.AbstractPropertyHolder  : Attempting to locate auto-apply AttributeConverter for property [com.fashionnest.Fashion_Nest_Application.model.Cart:id]
2025-07-14T13:26:07.884+05:30 DEBUG 17208 --- [Fashion-Nest-Application] [           main] o.h.b.model.internal.BasicValueBinder    : building BasicValue for id
2025-07-14T13:26:07.885+05:30 DEBUG 17208 --- [Fashion-Nest-Application] [           main] org.hibernate.mapping.BasicValue         : Skipping column re-registration: cart.id
2025-07-14T13:26:07.885+05:30 DEBUG 17208 --- [Fashion-Nest-Application] [           main] o.h.boot.model.internal.PropertyBinder   : Building property id
2025-07-14T13:26:07.885+05:30 DEBUG 17208 --- [Fashion-Nest-Application] [           main] o.h.boot.model.internal.BinderHelper     : #makeIdGenerator(BasicValue([Column(id)]), id, identity, , ...)
2025-07-14T13:26:07.886+05:30 DEBUG 17208 --- [Fashion-Nest-Application] [           main] o.h.boot.model.internal.AnnotatedColumn  : Binding column: AnnotatedColumn(column='cart_items')
2025-07-14T13:26:07.887+05:30 DEBUG 17208 --- [Fashion-Nest-Application] [           main] o.h.boot.model.internal.AnnotatedColumn  : Binding column: AnnotatedJoinColumn()
2025-07-14T13:26:07.913+05:30 DEBUG 17208 --- [Fashion-Nest-Application] [           main] o.h.boot.model.internal.AnnotatedColumn  : Binding column: IndexColumn(column='cartItems_ORDER')
2025-07-14T13:26:07.919+05:30 DEBUG 17208 --- [Fashion-Nest-Application] [           main] o.h.boot.model.internal.AnnotatedColumn  : Binding column: AnnotatedColumn(column='cart_items')
2025-07-14T13:26:07.920+05:30 DEBUG 17208 --- [Fashion-Nest-Application] [           main] o.h.boot.model.internal.AnnotatedColumn  : Binding column: AnnotatedColumn(column='cartItems_KEY')
2025-07-14T13:26:07.922+05:30 DEBUG 17208 --- [Fashion-Nest-Application] [           main] o.h.boot.model.internal.AnnotatedColumn  : Binding column: AnnotatedJoinColumn(column='cartItems_KEY')
2025-07-14T13:26:07.923+05:30 DEBUG 17208 --- [Fashion-Nest-Application] [           main] o.h.boot.model.internal.AnnotatedColumn  : Binding column: AnnotatedJoinColumn()
2025-07-14T13:26:07.924+05:30 DEBUG 17208 --- [Fashion-Nest-Application] [           main] o.h.boot.model.internal.AnnotatedColumn  : Binding column: AnnotatedJoinColumn()
2025-07-14T13:26:07.930+05:30 DEBUG 17208 --- [Fashion-Nest-Application] [           main] o.h.b.model.internal.CollectionBinder    : Collection role: com.fashionnest.Fashion_Nest_Application.model.Cart.cartItems
2025-07-14T13:26:07.933+05:30 DEBUG 17208 --- [Fashion-Nest-Application] [           main] o.h.boot.model.internal.PropertyBinder   : Building property cartItems
2025-07-14T13:26:07.934+05:30 DEBUG 17208 --- [Fashion-Nest-Application] [           main] o.h.boot.model.internal.AnnotatedColumn  : Binding column: AnnotatedColumn()
2025-07-14T13:26:07.934+05:30 DEBUG 17208 --- [Fashion-Nest-Application] [           main] o.h.boot.model.internal.PropertyBinder   : MetadataSourceProcessor property discount with lazy=false
2025-07-14T13:26:07.935+05:30 DEBUG 17208 --- [Fashion-Nest-Application] [           main] o.h.b.m.internal.AbstractPropertyHolder  : Attempting to locate auto-apply AttributeConverter for property [com.fashionnest.Fashion_Nest_Application.model.Cart:discount]
2025-07-14T13:26:07.935+05:30 DEBUG 17208 --- [Fashion-Nest-Application] [           main] o.h.b.model.internal.BasicValueBinder    : building BasicValue for discount
2025-07-14T13:26:07.935+05:30 DEBUG 17208 --- [Fashion-Nest-Application] [           main] org.hibernate.mapping.BasicValue         : Skipping column re-registration: cart.discount
2025-07-14T13:26:07.935+05:30 DEBUG 17208 --- [Fashion-Nest-Application] [           main] o.h.boot.model.internal.PropertyBinder   : Building property discount
2025-07-14T13:26:07.936+05:30 DEBUG 17208 --- [Fashion-Nest-Application] [           main] o.h.boot.model.internal.AnnotatedColumn  : Binding column: AnnotatedColumn()
2025-07-14T13:26:07.936+05:30 DEBUG 17208 --- [Fashion-Nest-Application] [           main] o.h.boot.model.internal.PropertyBinder   : MetadataSourceProcessor property totalDiscountedPrice with lazy=false
2025-07-14T13:26:07.936+05:30 DEBUG 17208 --- [Fashion-Nest-Application] [           main] o.h.b.m.internal.AbstractPropertyHolder  : Attempting to locate auto-apply AttributeConverter for property [com.fashionnest.Fashion_Nest_Application.model.Cart:totalDiscountedPrice]
2025-07-14T13:26:07.936+05:30 DEBUG 17208 --- [Fashion-Nest-Application] [           main] o.h.b.model.internal.BasicValueBinder    : building BasicValue for totalDiscountedPrice
2025-07-14T13:26:07.936+05:30 DEBUG 17208 --- [Fashion-Nest-Application] [           main] org.hibernate.mapping.BasicValue         : Skipping column re-registration: cart.total_discounted_price
2025-07-14T13:26:07.937+05:30 DEBUG 17208 --- [Fashion-Nest-Application] [           main] o.h.boot.model.internal.PropertyBinder   : Building property totalDiscountedPrice
2025-07-14T13:26:07.937+05:30 DEBUG 17208 --- [Fashion-Nest-Application] [           main] o.h.boot.model.internal.AnnotatedColumn  : Binding column: AnnotatedColumn(column='total_item')
2025-07-14T13:26:07.937+05:30 DEBUG 17208 --- [Fashion-Nest-Application] [           main] o.h.boot.model.internal.PropertyBinder   : MetadataSourceProcessor property totalItem with lazy=false
2025-07-14T13:26:07.937+05:30 DEBUG 17208 --- [Fashion-Nest-Application] [           main] o.h.b.m.internal.AbstractPropertyHolder  : Attempting to locate auto-apply AttributeConverter for property [com.fashionnest.Fashion_Nest_Application.model.Cart:totalItem]
2025-07-14T13:26:07.938+05:30 DEBUG 17208 --- [Fashion-Nest-Application] [           main] o.h.b.model.internal.BasicValueBinder    : building BasicValue for totalItem
2025-07-14T13:26:07.938+05:30 DEBUG 17208 --- [Fashion-Nest-Application] [           main] org.hibernate.mapping.BasicValue         : Skipping column re-registration: cart.total_item
2025-07-14T13:26:07.938+05:30 DEBUG 17208 --- [Fashion-Nest-Application] [           main] o.h.boot.model.internal.PropertyBinder   : Building property totalItem
2025-07-14T13:26:07.939+05:30 DEBUG 17208 --- [Fashion-Nest-Application] [           main] o.h.boot.model.internal.AnnotatedColumn  : Binding column: AnnotatedColumn(column='total_price')
2025-07-14T13:26:07.939+05:30 DEBUG 17208 --- [Fashion-Nest-Application] [           main] o.h.boot.model.internal.PropertyBinder   : MetadataSourceProcessor property totalPrice with lazy=false
2025-07-14T13:26:07.939+05:30 DEBUG 17208 --- [Fashion-Nest-Application] [           main] o.h.b.m.internal.AbstractPropertyHolder  : Attempting to locate auto-apply AttributeConverter for property [com.fashionnest.Fashion_Nest_Application.model.Cart:totalPrice]
2025-07-14T13:26:07.939+05:30 DEBUG 17208 --- [Fashion-Nest-Application] [           main] o.h.b.model.internal.BasicValueBinder    : building BasicValue for totalPrice
2025-07-14T13:26:07.939+05:30 DEBUG 17208 --- [Fashion-Nest-Application] [           main] org.hibernate.mapping.BasicValue         : Skipping column re-registration: cart.total_price
2025-07-14T13:26:07.939+05:30 DEBUG 17208 --- [Fashion-Nest-Application] [           main] o.h.boot.model.internal.PropertyBinder   : Building property totalPrice
2025-07-14T13:26:07.940+05:30 DEBUG 17208 --- [Fashion-Nest-Application] [           main] o.h.boot.model.internal.AnnotatedColumn  : Binding column: AnnotatedJoinColumn(column='user_id')
2025-07-14T13:26:07.941+05:30 DEBUG 17208 --- [Fashion-Nest-Application] [           main] o.h.boot.model.internal.AnnotatedColumn  : Binding column: AnnotatedColumn()
2025-07-14T13:26:07.941+05:30 DEBUG 17208 --- [Fashion-Nest-Application] [           main] o.h.boot.model.internal.PropertyBinder   : Building property user
2025-07-14T13:26:07.943+05:30 DEBUG 17208 --- [Fashion-Nest-Application] [           main] o.h.b.r.c.i.ClassLoaderServiceImpl       : HHH000194: Package not found or no package-info.java: com.fashionnest.Fashion_Nest_Application.model
2025-07-14T13:26:07.944+05:30 DEBUG 17208 --- [Fashion-Nest-Application] [           main] o.h.boot.model.internal.EntityBinder     : Binding entity from annotated class: com.fashionnest.Fashion_Nest_Application.model.CartItem
2025-07-14T13:26:07.944+05:30 DEBUG 17208 --- [Fashion-Nest-Application] [           main] o.h.boot.model.internal.EntityBinder     : Import with entity name CartItem
2025-07-14T13:26:07.945+05:30 DEBUG 17208 --- [Fashion-Nest-Application] [           main] o.h.boot.model.internal.EntityBinder     : Bind entity com.fashionnest.Fashion_Nest_Application.model.CartItem on table cart_item
2025-07-14T13:26:07.945+05:30 DEBUG 17208 --- [Fashion-Nest-Application] [           main] o.h.boot.model.internal.AnnotatedColumn  : Binding column: AnnotatedDiscriminatorColumn(column='DTYPE')
2025-07-14T13:26:07.946+05:30 DEBUG 17208 --- [Fashion-Nest-Application] [           main] o.h.boot.model.internal.AnnotatedColumn  : Binding column: AnnotatedColumn()
2025-07-14T13:26:07.947+05:30 DEBUG 17208 --- [Fashion-Nest-Application] [           main] o.h.boot.internal.ClassLoaderAccessImpl  : Not known whether passed class name [com.fashionnest.Fashion_Nest_Application.model.CartItem] is safe
2025-07-14T13:26:07.947+05:30 DEBUG 17208 --- [Fashion-Nest-Application] [           main] o.h.boot.internal.ClassLoaderAccessImpl  : No temp ClassLoader provided; using live ClassLoader for loading potentially unsafe class : com.fashionnest.Fashion_Nest_Application.model.CartItem
2025-07-14T13:26:07.947+05:30 DEBUG 17208 --- [Fashion-Nest-Application] [           main] o.h.boot.model.internal.PropertyBinder   : MetadataSourceProcessor property id with lazy=false
2025-07-14T13:26:07.947+05:30 DEBUG 17208 --- [Fashion-Nest-Application] [           main] o.h.b.m.internal.AbstractPropertyHolder  : Attempting to locate auto-apply AttributeConverter for property [com.fashionnest.Fashion_Nest_Application.model.CartItem:id]
2025-07-14T13:26:07.948+05:30 DEBUG 17208 --- [Fashion-Nest-Application] [           main] o.h.b.model.internal.BasicValueBinder    : building BasicValue for id
2025-07-14T13:26:07.948+05:30 DEBUG 17208 --- [Fashion-Nest-Application] [           main] org.hibernate.mapping.BasicValue         : Skipping column re-registration: cart_item.id
2025-07-14T13:26:07.948+05:30 DEBUG 17208 --- [Fashion-Nest-Application] [           main] o.h.boot.model.internal.PropertyBinder   : Building property id
2025-07-14T13:26:07.948+05:30 DEBUG 17208 --- [Fashion-Nest-Application] [           main] o.h.boot.model.internal.BinderHelper     : #makeIdGenerator(BasicValue([Column(id)]), id, identity, , ...)
2025-07-14T13:26:07.949+05:30 DEBUG 17208 --- [Fashion-Nest-Application] [           main] o.h.boot.model.internal.AnnotatedColumn  : Binding column: AnnotatedJoinColumn()
2025-07-14T13:26:07.949+05:30 DEBUG 17208 --- [Fashion-Nest-Application] [           main] o.h.boot.model.internal.AnnotatedColumn  : Binding column: AnnotatedColumn()
2025-07-14T13:26:07.950+05:30 DEBUG 17208 --- [Fashion-Nest-Application] [           main] o.h.boot.model.internal.PropertyBinder   : Building property cart
2025-07-14T13:26:07.951+05:30 DEBUG 17208 --- [Fashion-Nest-Application] [           main] o.h.boot.model.internal.AnnotatedColumn  : Binding column: AnnotatedColumn()
2025-07-14T13:26:07.951+05:30 DEBUG 17208 --- [Fashion-Nest-Application] [           main] o.h.boot.model.internal.PropertyBinder   : MetadataSourceProcessor property discountedPrice with lazy=false
2025-07-14T13:26:07.951+05:30 DEBUG 17208 --- [Fashion-Nest-Application] [           main] o.h.b.m.internal.AbstractPropertyHolder  : Attempting to locate auto-apply AttributeConverter for property [com.fashionnest.Fashion_Nest_Application.model.CartItem:discountedPrice]
2025-07-14T13:26:07.951+05:30 DEBUG 17208 --- [Fashion-Nest-Application] [           main] o.h.b.model.internal.BasicValueBinder    : building BasicValue for discountedPrice
2025-07-14T13:26:07.952+05:30 DEBUG 17208 --- [Fashion-Nest-Application] [           main] org.hibernate.mapping.BasicValue         : Skipping column re-registration: cart_item.discounted_price
2025-07-14T13:26:07.952+05:30 DEBUG 17208 --- [Fashion-Nest-Application] [           main] o.h.boot.model.internal.PropertyBinder   : Building property discountedPrice
2025-07-14T13:26:07.952+05:30 DEBUG 17208 --- [Fashion-Nest-Application] [           main] o.h.boot.model.internal.AnnotatedColumn  : Binding column: AnnotatedColumn()
2025-07-14T13:26:07.952+05:30 DEBUG 17208 --- [Fashion-Nest-Application] [           main] o.h.boot.model.internal.PropertyBinder   : MetadataSourceProcessor property price with lazy=false
2025-07-14T13:26:07.953+05:30 DEBUG 17208 --- [Fashion-Nest-Application] [           main] o.h.b.m.internal.AbstractPropertyHolder  : Attempting to locate auto-apply AttributeConverter for property [com.fashionnest.Fashion_Nest_Application.model.CartItem:price]
2025-07-14T13:26:07.953+05:30 DEBUG 17208 --- [Fashion-Nest-Application] [           main] o.h.b.model.internal.BasicValueBinder    : building BasicValue for price
2025-07-14T13:26:07.953+05:30 DEBUG 17208 --- [Fashion-Nest-Application] [           main] org.hibernate.mapping.BasicValue         : Skipping column re-registration: cart_item.price
2025-07-14T13:26:07.953+05:30 DEBUG 17208 --- [Fashion-Nest-Application] [           main] o.h.boot.model.internal.PropertyBinder   : Building property price
2025-07-14T13:26:07.953+05:30 DEBUG 17208 --- [Fashion-Nest-Application] [           main] o.h.boot.model.internal.AnnotatedColumn  : Binding column: AnnotatedJoinColumn()
2025-07-14T13:26:07.954+05:30 DEBUG 17208 --- [Fashion-Nest-Application] [           main] o.h.boot.model.internal.AnnotatedColumn  : Binding column: AnnotatedColumn()
2025-07-14T13:26:07.954+05:30 DEBUG 17208 --- [Fashion-Nest-Application] [           main] o.h.boot.model.internal.PropertyBinder   : Building property product
2025-07-14T13:26:07.954+05:30 DEBUG 17208 --- [Fashion-Nest-Application] [           main] o.h.boot.model.internal.AnnotatedColumn  : Binding column: AnnotatedColumn()
2025-07-14T13:26:07.954+05:30 DEBUG 17208 --- [Fashion-Nest-Application] [           main] o.h.boot.model.internal.PropertyBinder   : MetadataSourceProcessor property quantity with lazy=false
2025-07-14T13:26:07.955+05:30 DEBUG 17208 --- [Fashion-Nest-Application] [           main] o.h.b.m.internal.AbstractPropertyHolder  : Attempting to locate auto-apply AttributeConverter for property [com.fashionnest.Fashion_Nest_Application.model.CartItem:quantity]
2025-07-14T13:26:07.955+05:30 DEBUG 17208 --- [Fashion-Nest-Application] [           main] o.h.b.model.internal.BasicValueBinder    : building BasicValue for quantity
2025-07-14T13:26:07.955+05:30 DEBUG 17208 --- [Fashion-Nest-Application] [           main] org.hibernate.mapping.BasicValue         : Skipping column re-registration: cart_item.quantity
2025-07-14T13:26:07.955+05:30 DEBUG 17208 --- [Fashion-Nest-Application] [           main] o.h.boot.model.internal.PropertyBinder   : Building property quantity
2025-07-14T13:26:07.955+05:30 DEBUG 17208 --- [Fashion-Nest-Application] [           main] o.h.boot.model.internal.AnnotatedColumn  : Binding column: AnnotatedColumn()
2025-07-14T13:26:07.955+05:30 DEBUG 17208 --- [Fashion-Nest-Application] [           main] o.h.boot.model.internal.PropertyBinder   : MetadataSourceProcessor property size with lazy=false
2025-07-14T13:26:07.956+05:30 DEBUG 17208 --- [Fashion-Nest-Application] [           main] o.h.b.m.internal.AbstractPropertyHolder  : Attempting to locate auto-apply AttributeConverter for property [com.fashionnest.Fashion_Nest_Application.model.CartItem:size]
2025-07-14T13:26:07.956+05:30 DEBUG 17208 --- [Fashion-Nest-Application] [           main] o.h.b.model.internal.BasicValueBinder    : building BasicValue for size
2025-07-14T13:26:07.956+05:30 DEBUG 17208 --- [Fashion-Nest-Application] [           main] org.hibernate.mapping.BasicValue         : Skipping column re-registration: cart_item.size
2025-07-14T13:26:07.956+05:30 DEBUG 17208 --- [Fashion-Nest-Application] [           main] o.h.boot.model.internal.PropertyBinder   : Building property size
2025-07-14T13:26:07.956+05:30 DEBUG 17208 --- [Fashion-Nest-Application] [           main] o.h.boot.model.internal.AnnotatedColumn  : Binding column: AnnotatedColumn()
2025-07-14T13:26:07.956+05:30 DEBUG 17208 --- [Fashion-Nest-Application] [           main] o.h.boot.model.internal.PropertyBinder   : MetadataSourceProcessor property userId with lazy=false
2025-07-14T13:26:07.957+05:30 DEBUG 17208 --- [Fashion-Nest-Application] [           main] o.h.b.m.internal.AbstractPropertyHolder  : Attempting to locate auto-apply AttributeConverter for property [com.fashionnest.Fashion_Nest_Application.model.CartItem:userId]
2025-07-14T13:26:07.957+05:30 DEBUG 17208 --- [Fashion-Nest-Application] [           main] o.h.b.model.internal.BasicValueBinder    : building BasicValue for userId
2025-07-14T13:26:07.957+05:30 DEBUG 17208 --- [Fashion-Nest-Application] [           main] org.hibernate.mapping.BasicValue         : Skipping column re-registration: cart_item.user_id
2025-07-14T13:26:07.957+05:30 DEBUG 17208 --- [Fashion-Nest-Application] [           main] o.h.boot.model.internal.PropertyBinder   : Building property userId
2025-07-14T13:26:07.960+05:30 DEBUG 17208 --- [Fashion-Nest-Application] [           main] o.h.b.r.c.i.ClassLoaderServiceImpl       : HHH000194: Package not found or no package-info.java: com.fashionnest.Fashion_Nest_Application.model
2025-07-14T13:26:07.961+05:30 DEBUG 17208 --- [Fashion-Nest-Application] [           main] o.h.boot.model.internal.EntityBinder     : Binding entity from annotated class: com.fashionnest.Fashion_Nest_Application.model.Category
2025-07-14T13:26:07.961+05:30 DEBUG 17208 --- [Fashion-Nest-Application] [           main] o.h.boot.model.internal.EntityBinder     : Import with entity name Category
2025-07-14T13:26:07.962+05:30 DEBUG 17208 --- [Fashion-Nest-Application] [           main] o.h.boot.model.internal.EntityBinder     : Bind entity com.fashionnest.Fashion_Nest_Application.model.Category on table category
2025-07-14T13:26:07.962+05:30 DEBUG 17208 --- [Fashion-Nest-Application] [           main] o.h.boot.model.internal.AnnotatedColumn  : Binding column: AnnotatedDiscriminatorColumn(column='DTYPE')
2025-07-14T13:26:07.972+05:30 DEBUG 17208 --- [Fashion-Nest-Application] [           main] o.h.boot.model.internal.AnnotatedColumn  : Binding column: AnnotatedColumn()
2025-07-14T13:26:07.973+05:30 DEBUG 17208 --- [Fashion-Nest-Application] [           main] o.h.boot.internal.ClassLoaderAccessImpl  : Not known whether passed class name [com.fashionnest.Fashion_Nest_Application.model.Category] is safe
2025-07-14T13:26:07.973+05:30 DEBUG 17208 --- [Fashion-Nest-Application] [           main] o.h.boot.internal.ClassLoaderAccessImpl  : No temp ClassLoader provided; using live ClassLoader for loading potentially unsafe class : com.fashionnest.Fashion_Nest_Application.model.Category
2025-07-14T13:26:07.973+05:30 DEBUG 17208 --- [Fashion-Nest-Application] [           main] o.h.boot.model.internal.PropertyBinder   : MetadataSourceProcessor property id with lazy=false
2025-07-14T13:26:07.973+05:30 DEBUG 17208 --- [Fashion-Nest-Application] [           main] o.h.b.m.internal.AbstractPropertyHolder  : Attempting to locate auto-apply AttributeConverter for property [com.fashionnest.Fashion_Nest_Application.model.Category:id]
2025-07-14T13:26:07.974+05:30 DEBUG 17208 --- [Fashion-Nest-Application] [           main] o.h.b.model.internal.BasicValueBinder    : building BasicValue for id
2025-07-14T13:26:07.974+05:30 DEBUG 17208 --- [Fashion-Nest-Application] [           main] org.hibernate.mapping.BasicValue         : Skipping column re-registration: category.id
2025-07-14T13:26:07.974+05:30 DEBUG 17208 --- [Fashion-Nest-Application] [           main] o.h.boot.model.internal.PropertyBinder   : Building property id
2025-07-14T13:26:07.974+05:30 DEBUG 17208 --- [Fashion-Nest-Application] [           main] o.h.boot.model.internal.BinderHelper     : #makeIdGenerator(BasicValue([Column(id)]), id, org.hibernate.id.enhanced.SequenceStyleGenerator, , ...)
2025-07-14T13:26:07.975+05:30 DEBUG 17208 --- [Fashion-Nest-Application] [           main] o.h.boot.model.internal.AnnotatedColumn  : Binding column: AnnotatedColumn()
2025-07-14T13:26:07.975+05:30 DEBUG 17208 --- [Fashion-Nest-Application] [           main] o.h.boot.model.internal.PropertyBinder   : MetadataSourceProcessor property level with lazy=false
2025-07-14T13:26:07.975+05:30 DEBUG 17208 --- [Fashion-Nest-Application] [           main] o.h.b.m.internal.AbstractPropertyHolder  : Attempting to locate auto-apply AttributeConverter for property [com.fashionnest.Fashion_Nest_Application.model.Category:level]
2025-07-14T13:26:07.976+05:30 DEBUG 17208 --- [Fashion-Nest-Application] [           main] o.h.b.model.internal.BasicValueBinder    : building BasicValue for level
2025-07-14T13:26:07.976+05:30 DEBUG 17208 --- [Fashion-Nest-Application] [           main] org.hibernate.mapping.BasicValue         : Skipping column re-registration: category.level
2025-07-14T13:26:07.976+05:30 DEBUG 17208 --- [Fashion-Nest-Application] [           main] o.h.boot.model.internal.PropertyBinder   : Building property level
2025-07-14T13:26:07.981+05:30 DEBUG 17208 --- [Fashion-Nest-Application] [           main] o.h.boot.model.internal.AnnotatedColumn  : Binding column: AnnotatedColumn()
2025-07-14T13:26:07.981+05:30 DEBUG 17208 --- [Fashion-Nest-Application] [           main] o.h.boot.model.internal.PropertyBinder   : MetadataSourceProcessor property name with lazy=false
2025-07-14T13:26:07.982+05:30 DEBUG 17208 --- [Fashion-Nest-Application] [           main] o.h.b.m.internal.AbstractPropertyHolder  : Attempting to locate auto-apply AttributeConverter for property [com.fashionnest.Fashion_Nest_Application.model.Category:name]
2025-07-14T13:26:07.982+05:30 DEBUG 17208 --- [Fashion-Nest-Application] [           main] o.h.b.model.internal.BasicValueBinder    : building BasicValue for name
2025-07-14T13:26:07.982+05:30 DEBUG 17208 --- [Fashion-Nest-Application] [           main] org.hibernate.mapping.BasicValue         : Skipping column re-registration: category.name
2025-07-14T13:26:07.983+05:30 DEBUG 17208 --- [Fashion-Nest-Application] [           main] o.h.boot.model.internal.PropertyBinder   : Building property name
2025-07-14T13:26:07.985+05:30 DEBUG 17208 --- [Fashion-Nest-Application] [           main] o.h.boot.model.internal.AnnotatedColumn  : Binding column: AnnotatedJoinColumn(column='parent_category_id')
2025-07-14T13:26:07.985+05:30 DEBUG 17208 --- [Fashion-Nest-Application] [           main] o.h.boot.model.internal.AnnotatedColumn  : Binding column: AnnotatedColumn()
2025-07-14T13:26:07.986+05:30 DEBUG 17208 --- [Fashion-Nest-Application] [           main] o.h.boot.model.internal.PropertyBinder   : Building property parentCategory
2025-07-14T13:26:07.989+05:30 DEBUG 17208 --- [Fashion-Nest-Application] [           main] o.h.b.r.c.i.ClassLoaderServiceImpl       : HHH000194: Package not found or no package-info.java: com.fashionnest.Fashion_Nest_Application.model
2025-07-14T13:26:07.990+05:30 DEBUG 17208 --- [Fashion-Nest-Application] [           main] o.h.boot.model.internal.EntityBinder     : Binding entity from annotated class: com.fashionnest.Fashion_Nest_Application.model.Order
2025-07-14T13:26:07.991+05:30 DEBUG 17208 --- [Fashion-Nest-Application] [           main] o.h.boot.model.internal.EntityBinder     : Import with entity name Order
2025-07-14T13:26:07.991+05:30 DEBUG 17208 --- [Fashion-Nest-Application] [           main] o.h.boot.model.internal.EntityBinder     : Bind entity com.fashionnest.Fashion_Nest_Application.model.Order on table orders
2025-07-14T13:26:07.991+05:30 DEBUG 17208 --- [Fashion-Nest-Application] [           main] o.h.boot.model.internal.AnnotatedColumn  : Binding column: AnnotatedDiscriminatorColumn(column='DTYPE')
2025-07-14T13:26:07.996+05:30 DEBUG 17208 --- [Fashion-Nest-Application] [           main] o.h.boot.model.internal.AnnotatedColumn  : Binding column: AnnotatedColumn()
2025-07-14T13:26:07.996+05:30 DEBUG 17208 --- [Fashion-Nest-Application] [           main] o.h.boot.internal.ClassLoaderAccessImpl  : Not known whether passed class name [com.fashionnest.Fashion_Nest_Application.model.Order] is safe
2025-07-14T13:26:07.996+05:30 DEBUG 17208 --- [Fashion-Nest-Application] [           main] o.h.boot.internal.ClassLoaderAccessImpl  : No temp ClassLoader provided; using live ClassLoader for loading potentially unsafe class : com.fashionnest.Fashion_Nest_Application.model.Order
2025-07-14T13:26:07.996+05:30 DEBUG 17208 --- [Fashion-Nest-Application] [           main] o.h.boot.model.internal.PropertyBinder   : MetadataSourceProcessor property id with lazy=false
2025-07-14T13:26:07.996+05:30 DEBUG 17208 --- [Fashion-Nest-Application] [           main] o.h.b.m.internal.AbstractPropertyHolder  : Attempting to locate auto-apply AttributeConverter for property [com.fashionnest.Fashion_Nest_Application.model.Order:id]
2025-07-14T13:26:07.997+05:30 DEBUG 17208 --- [Fashion-Nest-Application] [           main] o.h.b.model.internal.BasicValueBinder    : building BasicValue for id
2025-07-14T13:26:07.997+05:30 DEBUG 17208 --- [Fashion-Nest-Application] [           main] org.hibernate.mapping.BasicValue         : Skipping column re-registration: orders.id
2025-07-14T13:26:07.997+05:30 DEBUG 17208 --- [Fashion-Nest-Application] [           main] o.h.boot.model.internal.PropertyBinder   : Building property id
2025-07-14T13:26:07.997+05:30 DEBUG 17208 --- [Fashion-Nest-Application] [           main] o.h.boot.model.internal.BinderHelper     : #makeIdGenerator(BasicValue([Column(id)]), id, org.hibernate.id.enhanced.SequenceStyleGenerator, , ...)
2025-07-14T13:26:07.997+05:30 DEBUG 17208 --- [Fashion-Nest-Application] [           main] o.h.boot.model.internal.AnnotatedColumn  : Binding column: AnnotatedColumn(column='created_at')
2025-07-14T13:26:07.998+05:30 DEBUG 17208 --- [Fashion-Nest-Application] [           main] o.h.boot.model.internal.PropertyBinder   : MetadataSourceProcessor property createdAt with lazy=false
2025-07-14T13:26:07.998+05:30 DEBUG 17208 --- [Fashion-Nest-Application] [           main] o.h.b.m.internal.AbstractPropertyHolder  : Attempting to locate auto-apply AttributeConverter for property [com.fashionnest.Fashion_Nest_Application.model.Order:createdAt]
2025-07-14T13:26:07.998+05:30 DEBUG 17208 --- [Fashion-Nest-Application] [           main] o.h.b.model.internal.BasicValueBinder    : building BasicValue for createdAt
2025-07-14T13:26:07.998+05:30 DEBUG 17208 --- [Fashion-Nest-Application] [           main] org.hibernate.mapping.BasicValue         : Skipping column re-registration: orders.created_at
2025-07-14T13:26:07.998+05:30 DEBUG 17208 --- [Fashion-Nest-Application] [           main] o.h.boot.model.internal.PropertyBinder   : Building property createdAt
2025-07-14T13:26:07.999+05:30 DEBUG 17208 --- [Fashion-Nest-Application] [           main] o.h.boot.model.internal.AnnotatedColumn  : Binding column: AnnotatedColumn()
2025-07-14T13:26:07.999+05:30 DEBUG 17208 --- [Fashion-Nest-Application] [           main] o.h.boot.model.internal.PropertyBinder   : MetadataSourceProcessor property deliveryDate with lazy=false
2025-07-14T13:26:07.999+05:30 DEBUG 17208 --- [Fashion-Nest-Application] [           main] o.h.b.m.internal.AbstractPropertyHolder  : Attempting to locate auto-apply AttributeConverter for property [com.fashionnest.Fashion_Nest_Application.model.Order:deliveryDate]
2025-07-14T13:26:07.999+05:30 DEBUG 17208 --- [Fashion-Nest-Application] [           main] o.h.b.model.internal.BasicValueBinder    : building BasicValue for deliveryDate
2025-07-14T13:26:07.999+05:30 DEBUG 17208 --- [Fashion-Nest-Application] [           main] org.hibernate.mapping.BasicValue         : Skipping column re-registration: orders.delivery_date
2025-07-14T13:26:07.999+05:30 DEBUG 17208 --- [Fashion-Nest-Application] [           main] o.h.boot.model.internal.PropertyBinder   : Building property deliveryDate
2025-07-14T13:26:08.000+05:30 DEBUG 17208 --- [Fashion-Nest-Application] [           main] o.h.boot.model.internal.AnnotatedColumn  : Binding column: AnnotatedColumn(column='discount')
2025-07-14T13:26:08.000+05:30 DEBUG 17208 --- [Fashion-Nest-Application] [           main] o.h.boot.model.internal.PropertyBinder   : MetadataSourceProcessor property discount with lazy=false
2025-07-14T13:26:08.000+05:30 DEBUG 17208 --- [Fashion-Nest-Application] [           main] o.h.b.m.internal.AbstractPropertyHolder  : Attempting to locate auto-apply AttributeConverter for property [com.fashionnest.Fashion_Nest_Application.model.Order:discount]
2025-07-14T13:26:08.001+05:30 DEBUG 17208 --- [Fashion-Nest-Application] [           main] o.h.b.model.internal.BasicValueBinder    : building BasicValue for discount
2025-07-14T13:26:08.001+05:30 DEBUG 17208 --- [Fashion-Nest-Application] [           main] org.hibernate.mapping.BasicValue         : Skipping column re-registration: orders.discount
2025-07-14T13:26:08.001+05:30 DEBUG 17208 --- [Fashion-Nest-Application] [           main] o.h.boot.model.internal.PropertyBinder   : Building property discount
2025-07-14T13:26:08.001+05:30 DEBUG 17208 --- [Fashion-Nest-Application] [           main] o.h.boot.model.internal.AnnotatedColumn  : Binding column: AnnotatedColumn()
2025-07-14T13:26:08.001+05:30 DEBUG 17208 --- [Fashion-Nest-Application] [           main] o.h.boot.model.internal.PropertyBinder   : MetadataSourceProcessor property orderDate with lazy=false
2025-07-14T13:26:08.001+05:30 DEBUG 17208 --- [Fashion-Nest-Application] [           main] o.h.b.m.internal.AbstractPropertyHolder  : Attempting to locate auto-apply AttributeConverter for property [com.fashionnest.Fashion_Nest_Application.model.Order:orderDate]
2025-07-14T13:26:08.001+05:30 DEBUG 17208 --- [Fashion-Nest-Application] [           main] o.h.b.model.internal.BasicValueBinder    : building BasicValue for orderDate
2025-07-14T13:26:08.002+05:30 DEBUG 17208 --- [Fashion-Nest-Application] [           main] org.hibernate.mapping.BasicValue         : Skipping column re-registration: orders.order_date
2025-07-14T13:26:08.002+05:30 DEBUG 17208 --- [Fashion-Nest-Application] [           main] o.h.boot.model.internal.PropertyBinder   : Building property orderDate
2025-07-14T13:26:08.002+05:30 DEBUG 17208 --- [Fashion-Nest-Application] [           main] o.h.boot.model.internal.AnnotatedColumn  : Binding column: AnnotatedColumn(column='order_id')
2025-07-14T13:26:08.002+05:30 DEBUG 17208 --- [Fashion-Nest-Application] [           main] o.h.boot.model.internal.PropertyBinder   : MetadataSourceProcessor property orderId with lazy=false
2025-07-14T13:26:08.002+05:30 DEBUG 17208 --- [Fashion-Nest-Application] [           main] o.h.b.m.internal.AbstractPropertyHolder  : Attempting to locate auto-apply AttributeConverter for property [com.fashionnest.Fashion_Nest_Application.model.Order:orderId]
2025-07-14T13:26:08.002+05:30 DEBUG 17208 --- [Fashion-Nest-Application] [           main] o.h.b.model.internal.BasicValueBinder    : building BasicValue for orderId
2025-07-14T13:26:08.002+05:30 DEBUG 17208 --- [Fashion-Nest-Application] [           main] org.hibernate.mapping.BasicValue         : Skipping column re-registration: orders.order_id
2025-07-14T13:26:08.002+05:30 DEBUG 17208 --- [Fashion-Nest-Application] [           main] o.h.boot.model.internal.PropertyBinder   : Building property orderId
2025-07-14T13:26:08.003+05:30 DEBUG 17208 --- [Fashion-Nest-Application] [           main] o.h.boot.model.internal.AnnotatedColumn  : Binding column: AnnotatedJoinColumn()
2025-07-14T13:26:08.003+05:30 DEBUG 17208 --- [Fashion-Nest-Application] [           main] o.h.boot.model.internal.AnnotatedColumn  : Binding column: AnnotatedColumn()
2025-07-14T13:26:08.005+05:30 DEBUG 17208 --- [Fashion-Nest-Application] [           main] o.h.boot.model.internal.AnnotatedColumn  : Binding column: IndexColumn(column='orderItems_ORDER')
2025-07-14T13:26:08.005+05:30 DEBUG 17208 --- [Fashion-Nest-Application] [           main] o.h.boot.model.internal.AnnotatedColumn  : Binding column: AnnotatedColumn()
2025-07-14T13:26:08.005+05:30 DEBUG 17208 --- [Fashion-Nest-Application] [           main] o.h.boot.model.internal.AnnotatedColumn  : Binding column: AnnotatedColumn(column='orderItems_KEY')
2025-07-14T13:26:08.005+05:30 DEBUG 17208 --- [Fashion-Nest-Application] [           main] o.h.boot.model.internal.AnnotatedColumn  : Binding column: AnnotatedJoinColumn(column='orderItems_KEY')
2025-07-14T13:26:08.007+05:30 DEBUG 17208 --- [Fashion-Nest-Application] [           main] o.h.boot.model.internal.AnnotatedColumn  : Binding column: AnnotatedJoinColumn()
2025-07-14T13:26:08.007+05:30 DEBUG 17208 --- [Fashion-Nest-Application] [           main] o.h.boot.model.internal.AnnotatedColumn  : Binding column: AnnotatedJoinColumn()
2025-07-14T13:26:08.007+05:30 DEBUG 17208 --- [Fashion-Nest-Application] [           main] o.h.b.model.internal.CollectionBinder    : Collection role: com.fashionnest.Fashion_Nest_Application.model.Order.orderItems
2025-07-14T13:26:08.007+05:30 DEBUG 17208 --- [Fashion-Nest-Application] [           main] o.h.boot.model.internal.PropertyBinder   : Building property orderItems
2025-07-14T13:26:08.008+05:30 DEBUG 17208 --- [Fashion-Nest-Application] [           main] o.h.boot.model.internal.AnnotatedColumn  : Binding column: AnnotatedColumn(column='order_status')
2025-07-14T13:26:08.008+05:30 DEBUG 17208 --- [Fashion-Nest-Application] [           main] o.h.boot.model.internal.PropertyBinder   : MetadataSourceProcessor property orderStatus with lazy=false
2025-07-14T13:26:08.008+05:30 DEBUG 17208 --- [Fashion-Nest-Application] [           main] o.h.b.m.internal.AbstractPropertyHolder  : Attempting to locate auto-apply AttributeConverter for property [com.fashionnest.Fashion_Nest_Application.model.Order:orderStatus]
2025-07-14T13:26:08.008+05:30 DEBUG 17208 --- [Fashion-Nest-Application] [           main] o.h.b.model.internal.BasicValueBinder    : building BasicValue for orderStatus
2025-07-14T13:26:08.008+05:30 DEBUG 17208 --- [Fashion-Nest-Application] [           main] org.hibernate.mapping.BasicValue         : Skipping column re-registration: orders.order_status
2025-07-14T13:26:08.008+05:30 DEBUG 17208 --- [Fashion-Nest-Application] [           main] o.h.boot.model.internal.PropertyBinder   : Building property orderStatus
2025-07-14T13:26:08.009+05:30 DEBUG 17208 --- [Fashion-Nest-Application] [           main] o.h.boot.model.internal.AnnotatedColumn  : Binding column: AnnotatedColumn()
2025-07-14T13:26:08.014+05:30 DEBUG 17208 --- [Fashion-Nest-Application] [           main] o.h.boot.model.internal.AnnotatedColumn  : Binding column: AnnotatedColumn()
2025-07-14T13:26:08.014+05:30 DEBUG 17208 --- [Fashion-Nest-Application] [           main] o.h.boot.model.internal.PropertyBinder   : MetadataSourceProcessor property paymentId with lazy=false
2025-07-14T13:26:08.014+05:30 DEBUG 17208 --- [Fashion-Nest-Application] [           main] o.h.b.m.internal.AbstractPropertyHolder  : Attempting to locate auto-apply AttributeConverter for property [com.fashionnest.Fashion_Nest_Application.model.Order.paymentDetails:paymentId]
2025-07-14T13:26:08.015+05:30 DEBUG 17208 --- [Fashion-Nest-Application] [           main] o.h.b.model.internal.BasicValueBinder    : building BasicValue for paymentId
2025-07-14T13:26:08.015+05:30 DEBUG 17208 --- [Fashion-Nest-Application] [           main] org.hibernate.mapping.BasicValue         : Skipping column re-registration: orders.payment_id
2025-07-14T13:26:08.015+05:30 DEBUG 17208 --- [Fashion-Nest-Application] [           main] o.h.boot.model.internal.PropertyBinder   : Building property paymentId
2025-07-14T13:26:08.015+05:30 DEBUG 17208 --- [Fashion-Nest-Application] [           main] o.h.boot.model.internal.AnnotatedColumn  : Binding column: AnnotatedColumn()
2025-07-14T13:26:08.016+05:30 DEBUG 17208 --- [Fashion-Nest-Application] [           main] o.h.boot.model.internal.PropertyBinder   : MetadataSourceProcessor property paymentMethod with lazy=false
2025-07-14T13:26:08.016+05:30 DEBUG 17208 --- [Fashion-Nest-Application] [           main] o.h.b.m.internal.AbstractPropertyHolder  : Attempting to locate auto-apply AttributeConverter for property [com.fashionnest.Fashion_Nest_Application.model.Order.paymentDetails:paymentMethod]
2025-07-14T13:26:08.016+05:30 DEBUG 17208 --- [Fashion-Nest-Application] [           main] o.h.b.model.internal.BasicValueBinder    : building BasicValue for paymentMethod
2025-07-14T13:26:08.016+05:30 DEBUG 17208 --- [Fashion-Nest-Application] [           main] org.hibernate.mapping.BasicValue         : Skipping column re-registration: orders.payment_method
2025-07-14T13:26:08.016+05:30 DEBUG 17208 --- [Fashion-Nest-Application] [           main] o.h.boot.model.internal.PropertyBinder   : Building property paymentMethod
2025-07-14T13:26:08.016+05:30 DEBUG 17208 --- [Fashion-Nest-Application] [           main] o.h.boot.model.internal.AnnotatedColumn  : Binding column: AnnotatedColumn()
2025-07-14T13:26:08.016+05:30 DEBUG 17208 --- [Fashion-Nest-Application] [           main] o.h.boot.model.internal.PropertyBinder   : MetadataSourceProcessor property razorpayPaymentId with lazy=false
2025-07-14T13:26:08.016+05:30 DEBUG 17208 --- [Fashion-Nest-Application] [           main] o.h.b.m.internal.AbstractPropertyHolder  : Attempting to locate auto-apply AttributeConverter for property [com.fashionnest.Fashion_Nest_Application.model.Order.paymentDetails:razorpayPaymentId]
2025-07-14T13:26:08.018+05:30 DEBUG 17208 --- [Fashion-Nest-Application] [           main] o.h.b.model.internal.BasicValueBinder    : building BasicValue for razorpayPaymentId
2025-07-14T13:26:08.018+05:30 DEBUG 17208 --- [Fashion-Nest-Application] [           main] org.hibernate.mapping.BasicValue         : Skipping column re-registration: orders.razorpay_payment_id
2025-07-14T13:26:08.018+05:30 DEBUG 17208 --- [Fashion-Nest-Application] [           main] o.h.boot.model.internal.PropertyBinder   : Building property razorpayPaymentId
2025-07-14T13:26:08.018+05:30 DEBUG 17208 --- [Fashion-Nest-Application] [           main] o.h.boot.model.internal.AnnotatedColumn  : Binding column: AnnotatedColumn()
2025-07-14T13:26:08.018+05:30 DEBUG 17208 --- [Fashion-Nest-Application] [           main] o.h.boot.model.internal.PropertyBinder   : MetadataSourceProcessor property razorpayPaymentLinkId with lazy=false
2025-07-14T13:26:08.018+05:30 DEBUG 17208 --- [Fashion-Nest-Application] [           main] o.h.b.m.internal.AbstractPropertyHolder  : Attempting to locate auto-apply AttributeConverter for property [com.fashionnest.Fashion_Nest_Application.model.Order.paymentDetails:razorpayPaymentLinkId]
2025-07-14T13:26:08.018+05:30 DEBUG 17208 --- [Fashion-Nest-Application] [           main] o.h.b.model.internal.BasicValueBinder    : building BasicValue for razorpayPaymentLinkId
2025-07-14T13:26:08.019+05:30 DEBUG 17208 --- [Fashion-Nest-Application] [           main] org.hibernate.mapping.BasicValue         : Skipping column re-registration: orders.razorpay_payment_link_id
2025-07-14T13:26:08.019+05:30 DEBUG 17208 --- [Fashion-Nest-Application] [           main] o.h.boot.model.internal.PropertyBinder   : Building property razorpayPaymentLinkId
2025-07-14T13:26:08.019+05:30 DEBUG 17208 --- [Fashion-Nest-Application] [           main] o.h.boot.model.internal.AnnotatedColumn  : Binding column: AnnotatedColumn()
2025-07-14T13:26:08.019+05:30 DEBUG 17208 --- [Fashion-Nest-Application] [           main] o.h.boot.model.internal.PropertyBinder   : MetadataSourceProcessor property razorpayPaymentLinkReferenceId with lazy=false
2025-07-14T13:26:08.019+05:30 DEBUG 17208 --- [Fashion-Nest-Application] [           main] o.h.b.m.internal.AbstractPropertyHolder  : Attempting to locate auto-apply AttributeConverter for property [com.fashionnest.Fashion_Nest_Application.model.Order.paymentDetails:razorpayPaymentLinkReferenceId]
2025-07-14T13:26:08.019+05:30 DEBUG 17208 --- [Fashion-Nest-Application] [           main] o.h.b.model.internal.BasicValueBinder    : building BasicValue for razorpayPaymentLinkReferenceId
2025-07-14T13:26:08.019+05:30 DEBUG 17208 --- [Fashion-Nest-Application] [           main] org.hibernate.mapping.BasicValue         : Skipping column re-registration: orders.razorpay_payment_link_reference_id
2025-07-14T13:26:08.019+05:30 DEBUG 17208 --- [Fashion-Nest-Application] [           main] o.h.boot.model.internal.PropertyBinder   : Building property razorpayPaymentLinkReferenceId
2025-07-14T13:26:08.020+05:30 DEBUG 17208 --- [Fashion-Nest-Application] [           main] o.h.boot.model.internal.AnnotatedColumn  : Binding column: AnnotatedColumn()
2025-07-14T13:26:08.020+05:30 DEBUG 17208 --- [Fashion-Nest-Application] [           main] o.h.boot.model.internal.PropertyBinder   : MetadataSourceProcessor property razorpayPaymentLinkStatus with lazy=false
2025-07-14T13:26:08.020+05:30 DEBUG 17208 --- [Fashion-Nest-Application] [           main] o.h.b.m.internal.AbstractPropertyHolder  : Attempting to locate auto-apply AttributeConverter for property [com.fashionnest.Fashion_Nest_Application.model.Order.paymentDetails:razorpayPaymentLinkStatus]
2025-07-14T13:26:08.020+05:30 DEBUG 17208 --- [Fashion-Nest-Application] [           main] o.h.b.model.internal.BasicValueBinder    : building BasicValue for razorpayPaymentLinkStatus
2025-07-14T13:26:08.020+05:30 DEBUG 17208 --- [Fashion-Nest-Application] [           main] org.hibernate.mapping.BasicValue         : Skipping column re-registration: orders.razorpay_payment_link_status
2025-07-14T13:26:08.020+05:30 DEBUG 17208 --- [Fashion-Nest-Application] [           main] o.h.boot.model.internal.PropertyBinder   : Building property razorpayPaymentLinkStatus
2025-07-14T13:26:08.020+05:30 DEBUG 17208 --- [Fashion-Nest-Application] [           main] o.h.boot.model.internal.AnnotatedColumn  : Binding column: AnnotatedColumn()
2025-07-14T13:26:08.021+05:30 DEBUG 17208 --- [Fashion-Nest-Application] [           main] o.h.boot.model.internal.PropertyBinder   : MetadataSourceProcessor property status with lazy=false
2025-07-14T13:26:08.021+05:30 DEBUG 17208 --- [Fashion-Nest-Application] [           main] o.h.b.m.internal.AbstractPropertyHolder  : Attempting to locate auto-apply AttributeConverter for property [com.fashionnest.Fashion_Nest_Application.model.Order.paymentDetails:status]
2025-07-14T13:26:08.021+05:30 DEBUG 17208 --- [Fashion-Nest-Application] [           main] o.h.b.model.internal.BasicValueBinder    : building BasicValue for status
2025-07-14T13:26:08.021+05:30 DEBUG 17208 --- [Fashion-Nest-Application] [           main] org.hibernate.mapping.BasicValue         : Skipping column re-registration: orders.status
2025-07-14T13:26:08.021+05:30 DEBUG 17208 --- [Fashion-Nest-Application] [           main] o.h.boot.model.internal.PropertyBinder   : Building property status
2025-07-14T13:26:08.023+05:30 DEBUG 17208 --- [Fashion-Nest-Application] [           main] o.h.boot.model.internal.PropertyBinder   : Building property paymentDetails
2025-07-14T13:26:08.024+05:30 DEBUG 17208 --- [Fashion-Nest-Application] [           main] o.h.boot.model.internal.AnnotatedColumn  : Binding column: AnnotatedJoinColumn(column='shipping_address_id')
2025-07-14T13:26:08.024+05:30 DEBUG 17208 --- [Fashion-Nest-Application] [           main] o.h.boot.model.internal.AnnotatedColumn  : Binding column: AnnotatedColumn()
2025-07-14T13:26:08.024+05:30 DEBUG 17208 --- [Fashion-Nest-Application] [           main] o.h.boot.model.internal.PropertyBinder   : Building property shippingAddress
2025-07-14T13:26:08.025+05:30 DEBUG 17208 --- [Fashion-Nest-Application] [           main] o.h.boot.model.internal.AnnotatedColumn  : Binding column: AnnotatedColumn(column='total_discounted_price')
2025-07-14T13:26:08.025+05:30 DEBUG 17208 --- [Fashion-Nest-Application] [           main] o.h.boot.model.internal.PropertyBinder   : MetadataSourceProcessor property totalDiscountedPrice with lazy=false
2025-07-14T13:26:08.025+05:30 DEBUG 17208 --- [Fashion-Nest-Application] [           main] o.h.b.m.internal.AbstractPropertyHolder  : Attempting to locate auto-apply AttributeConverter for property [com.fashionnest.Fashion_Nest_Application.model.Order:totalDiscountedPrice]
2025-07-14T13:26:08.025+05:30 DEBUG 17208 --- [Fashion-Nest-Application] [           main] o.h.b.model.internal.BasicValueBinder    : building BasicValue for totalDiscountedPrice
2025-07-14T13:26:08.025+05:30 DEBUG 17208 --- [Fashion-Nest-Application] [           main] org.hibernate.mapping.BasicValue         : Skipping column re-registration: orders.total_discounted_price
2025-07-14T13:26:08.025+05:30 DEBUG 17208 --- [Fashion-Nest-Application] [           main] o.h.boot.model.internal.PropertyBinder   : Building property totalDiscountedPrice
2025-07-14T13:26:08.025+05:30 DEBUG 17208 --- [Fashion-Nest-Application] [           main] o.h.boot.model.internal.AnnotatedColumn  : Binding column: AnnotatedColumn(column='total_item')
2025-07-14T13:26:08.026+05:30 DEBUG 17208 --- [Fashion-Nest-Application] [           main] o.h.boot.model.internal.PropertyBinder   : MetadataSourceProcessor property totalItem with lazy=false
2025-07-14T13:26:08.026+05:30 DEBUG 17208 --- [Fashion-Nest-Application] [           main] o.h.b.m.internal.AbstractPropertyHolder  : Attempting to locate auto-apply AttributeConverter for property [com.fashionnest.Fashion_Nest_Application.model.Order:totalItem]
2025-07-14T13:26:08.026+05:30 DEBUG 17208 --- [Fashion-Nest-Application] [           main] o.h.b.model.internal.BasicValueBinder    : building BasicValue for totalItem
2025-07-14T13:26:08.026+05:30 DEBUG 17208 --- [Fashion-Nest-Application] [           main] org.hibernate.mapping.BasicValue         : Skipping column re-registration: orders.total_item
2025-07-14T13:26:08.026+05:30 DEBUG 17208 --- [Fashion-Nest-Application] [           main] o.h.boot.model.internal.PropertyBinder   : Building property totalItem
2025-07-14T13:26:08.026+05:30 DEBUG 17208 --- [Fashion-Nest-Application] [           main] o.h.boot.model.internal.AnnotatedColumn  : Binding column: AnnotatedColumn(column='total_price')
2025-07-14T13:26:08.026+05:30 DEBUG 17208 --- [Fashion-Nest-Application] [           main] o.h.boot.model.internal.PropertyBinder   : MetadataSourceProcessor property totalPrice with lazy=false
2025-07-14T13:26:08.026+05:30 DEBUG 17208 --- [Fashion-Nest-Application] [           main] o.h.b.m.internal.AbstractPropertyHolder  : Attempting to locate auto-apply AttributeConverter for property [com.fashionnest.Fashion_Nest_Application.model.Order:totalPrice]
2025-07-14T13:26:08.026+05:30 DEBUG 17208 --- [Fashion-Nest-Application] [           main] o.h.b.model.internal.BasicValueBinder    : building BasicValue for totalPrice
2025-07-14T13:26:08.026+05:30 DEBUG 17208 --- [Fashion-Nest-Application] [           main] org.hibernate.mapping.BasicValue         : Skipping column re-registration: orders.total_price
2025-07-14T13:26:08.027+05:30 DEBUG 17208 --- [Fashion-Nest-Application] [           main] o.h.boot.model.internal.PropertyBinder   : Building property totalPrice
2025-07-14T13:26:08.027+05:30 DEBUG 17208 --- [Fashion-Nest-Application] [           main] o.h.boot.model.internal.AnnotatedColumn  : Binding column: AnnotatedJoinColumn(column='user_id')
2025-07-14T13:26:08.027+05:30 DEBUG 17208 --- [Fashion-Nest-Application] [           main] o.h.boot.model.internal.AnnotatedColumn  : Binding column: AnnotatedColumn()
2025-07-14T13:26:08.027+05:30 DEBUG 17208 --- [Fashion-Nest-Application] [           main] o.h.boot.model.internal.PropertyBinder   : Building property user
2025-07-14T13:26:08.029+05:30 DEBUG 17208 --- [Fashion-Nest-Application] [           main] o.h.b.r.c.i.ClassLoaderServiceImpl       : HHH000194: Package not found or no package-info.java: com.fashionnest.Fashion_Nest_Application.model
2025-07-14T13:26:08.029+05:30 DEBUG 17208 --- [Fashion-Nest-Application] [           main] o.h.boot.model.internal.EntityBinder     : Binding entity from annotated class: com.fashionnest.Fashion_Nest_Application.model.OrderItem
2025-07-14T13:26:08.029+05:30 DEBUG 17208 --- [Fashion-Nest-Application] [           main] o.h.boot.model.internal.EntityBinder     : Import with entity name OrderItem
2025-07-14T13:26:08.030+05:30 DEBUG 17208 --- [Fashion-Nest-Application] [           main] o.h.boot.model.internal.EntityBinder     : Bind entity com.fashionnest.Fashion_Nest_Application.model.OrderItem on table order_item
2025-07-14T13:26:08.030+05:30 DEBUG 17208 --- [Fashion-Nest-Application] [           main] o.h.boot.model.internal.AnnotatedColumn  : Binding column: AnnotatedDiscriminatorColumn(column='DTYPE')
2025-07-14T13:26:08.031+05:30 DEBUG 17208 --- [Fashion-Nest-Application] [           main] o.h.boot.model.internal.AnnotatedColumn  : Binding column: AnnotatedColumn()
2025-07-14T13:26:08.031+05:30 DEBUG 17208 --- [Fashion-Nest-Application] [           main] o.h.boot.internal.ClassLoaderAccessImpl  : Not known whether passed class name [com.fashionnest.Fashion_Nest_Application.model.OrderItem] is safe
2025-07-14T13:26:08.031+05:30 DEBUG 17208 --- [Fashion-Nest-Application] [           main] o.h.boot.internal.ClassLoaderAccessImpl  : No temp ClassLoader provided; using live ClassLoader for loading potentially unsafe class : com.fashionnest.Fashion_Nest_Application.model.OrderItem
2025-07-14T13:26:08.031+05:30 DEBUG 17208 --- [Fashion-Nest-Application] [           main] o.h.boot.model.internal.PropertyBinder   : MetadataSourceProcessor property id with lazy=false
2025-07-14T13:26:08.031+05:30 DEBUG 17208 --- [Fashion-Nest-Application] [           main] o.h.b.m.internal.AbstractPropertyHolder  : Attempting to locate auto-apply AttributeConverter for property [com.fashionnest.Fashion_Nest_Application.model.OrderItem:id]
2025-07-14T13:26:08.031+05:30 DEBUG 17208 --- [Fashion-Nest-Application] [           main] o.h.b.model.internal.BasicValueBinder    : building BasicValue for id
2025-07-14T13:26:08.031+05:30 DEBUG 17208 --- [Fashion-Nest-Application] [           main] org.hibernate.mapping.BasicValue         : Skipping column re-registration: order_item.id
2025-07-14T13:26:08.031+05:30 DEBUG 17208 --- [Fashion-Nest-Application] [           main] o.h.boot.model.internal.PropertyBinder   : Building property id
2025-07-14T13:26:08.031+05:30 DEBUG 17208 --- [Fashion-Nest-Application] [           main] o.h.boot.model.internal.BinderHelper     : #makeIdGenerator(BasicValue([Column(id)]), id, identity, , ...)
2025-07-14T13:26:08.032+05:30 DEBUG 17208 --- [Fashion-Nest-Application] [           main] o.h.boot.model.internal.AnnotatedColumn  : Binding column: AnnotatedColumn()
2025-07-14T13:26:08.032+05:30 DEBUG 17208 --- [Fashion-Nest-Application] [           main] o.h.boot.model.internal.PropertyBinder   : MetadataSourceProcessor property deliveryDate with lazy=false
2025-07-14T13:26:08.032+05:30 DEBUG 17208 --- [Fashion-Nest-Application] [           main] o.h.b.m.internal.AbstractPropertyHolder  : Attempting to locate auto-apply AttributeConverter for property [com.fashionnest.Fashion_Nest_Application.model.OrderItem:deliveryDate]
2025-07-14T13:26:08.032+05:30 DEBUG 17208 --- [Fashion-Nest-Application] [           main] o.h.b.model.internal.BasicValueBinder    : building BasicValue for deliveryDate
2025-07-14T13:26:08.032+05:30 DEBUG 17208 --- [Fashion-Nest-Application] [           main] org.hibernate.mapping.BasicValue         : Skipping column re-registration: order_item.delivery_date
2025-07-14T13:26:08.032+05:30 DEBUG 17208 --- [Fashion-Nest-Application] [           main] o.h.boot.model.internal.PropertyBinder   : Building property deliveryDate
2025-07-14T13:26:08.032+05:30 DEBUG 17208 --- [Fashion-Nest-Application] [           main] o.h.boot.model.internal.AnnotatedColumn  : Binding column: AnnotatedColumn()
2025-07-14T13:26:08.032+05:30 DEBUG 17208 --- [Fashion-Nest-Application] [           main] o.h.boot.model.internal.PropertyBinder   : MetadataSourceProcessor property discountedPrice with lazy=false
2025-07-14T13:26:08.032+05:30 DEBUG 17208 --- [Fashion-Nest-Application] [           main] o.h.b.m.internal.AbstractPropertyHolder  : Attempting to locate auto-apply AttributeConverter for property [com.fashionnest.Fashion_Nest_Application.model.OrderItem:discountedPrice]
2025-07-14T13:26:08.033+05:30 DEBUG 17208 --- [Fashion-Nest-Application] [           main] o.h.b.model.internal.BasicValueBinder    : building BasicValue for discountedPrice
2025-07-14T13:26:08.033+05:30 DEBUG 17208 --- [Fashion-Nest-Application] [           main] org.hibernate.mapping.BasicValue         : Skipping column re-registration: order_item.discounted_price
2025-07-14T13:26:08.033+05:30 DEBUG 17208 --- [Fashion-Nest-Application] [           main] o.h.boot.model.internal.PropertyBinder   : Building property discountedPrice
2025-07-14T13:26:08.033+05:30 DEBUG 17208 --- [Fashion-Nest-Application] [           main] o.h.boot.model.internal.AnnotatedColumn  : Binding column: AnnotatedJoinColumn()
2025-07-14T13:26:08.033+05:30 DEBUG 17208 --- [Fashion-Nest-Application] [           main] o.h.boot.model.internal.AnnotatedColumn  : Binding column: AnnotatedColumn()
2025-07-14T13:26:08.033+05:30 DEBUG 17208 --- [Fashion-Nest-Application] [           main] o.h.boot.model.internal.PropertyBinder   : Building property order
2025-07-14T13:26:08.033+05:30 DEBUG 17208 --- [Fashion-Nest-Application] [           main] o.h.boot.model.internal.AnnotatedColumn  : Binding column: AnnotatedColumn()
2025-07-14T13:26:08.034+05:30 DEBUG 17208 --- [Fashion-Nest-Application] [           main] o.h.boot.model.internal.PropertyBinder   : MetadataSourceProcessor property price with lazy=false
2025-07-14T13:26:08.034+05:30 DEBUG 17208 --- [Fashion-Nest-Application] [           main] o.h.b.m.internal.AbstractPropertyHolder  : Attempting to locate auto-apply AttributeConverter for property [com.fashionnest.Fashion_Nest_Application.model.OrderItem:price]
2025-07-14T13:26:08.034+05:30 DEBUG 17208 --- [Fashion-Nest-Application] [           main] o.h.b.model.internal.BasicValueBinder    : building BasicValue for price
2025-07-14T13:26:08.034+05:30 DEBUG 17208 --- [Fashion-Nest-Application] [           main] org.hibernate.mapping.BasicValue         : Skipping column re-registration: order_item.price
2025-07-14T13:26:08.034+05:30 DEBUG 17208 --- [Fashion-Nest-Application] [           main] o.h.boot.model.internal.PropertyBinder   : Building property price
2025-07-14T13:26:08.034+05:30 DEBUG 17208 --- [Fashion-Nest-Application] [           main] o.h.boot.model.internal.AnnotatedColumn  : Binding column: AnnotatedJoinColumn()
2025-07-14T13:26:08.034+05:30 DEBUG 17208 --- [Fashion-Nest-Application] [           main] o.h.boot.model.internal.AnnotatedColumn  : Binding column: AnnotatedColumn()
2025-07-14T13:26:08.034+05:30 DEBUG 17208 --- [Fashion-Nest-Application] [           main] o.h.boot.model.internal.PropertyBinder   : Building property product
2025-07-14T13:26:08.034+05:30 DEBUG 17208 --- [Fashion-Nest-Application] [           main] o.h.boot.model.internal.AnnotatedColumn  : Binding column: AnnotatedColumn()
2025-07-14T13:26:08.034+05:30 DEBUG 17208 --- [Fashion-Nest-Application] [           main] o.h.boot.model.internal.PropertyBinder   : MetadataSourceProcessor property quantity with lazy=false
2025-07-14T13:26:08.034+05:30 DEBUG 17208 --- [Fashion-Nest-Application] [           main] o.h.b.m.internal.AbstractPropertyHolder  : Attempting to locate auto-apply AttributeConverter for property [com.fashionnest.Fashion_Nest_Application.model.OrderItem:quantity]
2025-07-14T13:26:08.034+05:30 DEBUG 17208 --- [Fashion-Nest-Application] [           main] o.h.b.model.internal.BasicValueBinder    : building BasicValue for quantity
2025-07-14T13:26:08.034+05:30 DEBUG 17208 --- [Fashion-Nest-Application] [           main] org.hibernate.mapping.BasicValue         : Skipping column re-registration: order_item.quantity
2025-07-14T13:26:08.034+05:30 DEBUG 17208 --- [Fashion-Nest-Application] [           main] o.h.boot.model.internal.PropertyBinder   : Building property quantity
2025-07-14T13:26:08.035+05:30 DEBUG 17208 --- [Fashion-Nest-Application] [           main] o.h.boot.model.internal.AnnotatedColumn  : Binding column: AnnotatedColumn()
2025-07-14T13:26:08.035+05:30 DEBUG 17208 --- [Fashion-Nest-Application] [           main] o.h.boot.model.internal.PropertyBinder   : MetadataSourceProcessor property size with lazy=false
2025-07-14T13:26:08.035+05:30 DEBUG 17208 --- [Fashion-Nest-Application] [           main] o.h.b.m.internal.AbstractPropertyHolder  : Attempting to locate auto-apply AttributeConverter for property [com.fashionnest.Fashion_Nest_Application.model.OrderItem:size]
2025-07-14T13:26:08.035+05:30 DEBUG 17208 --- [Fashion-Nest-Application] [           main] o.h.b.model.internal.BasicValueBinder    : building BasicValue for size
2025-07-14T13:26:08.035+05:30 DEBUG 17208 --- [Fashion-Nest-Application] [           main] org.hibernate.mapping.BasicValue         : Skipping column re-registration: order_item.size
2025-07-14T13:26:08.035+05:30 DEBUG 17208 --- [Fashion-Nest-Application] [           main] o.h.boot.model.internal.PropertyBinder   : Building property size
2025-07-14T13:26:08.035+05:30 DEBUG 17208 --- [Fashion-Nest-Application] [           main] o.h.boot.model.internal.AnnotatedColumn  : Binding column: AnnotatedColumn()
2025-07-14T13:26:08.035+05:30 DEBUG 17208 --- [Fashion-Nest-Application] [           main] o.h.boot.model.internal.PropertyBinder   : MetadataSourceProcessor property userId with lazy=false
2025-07-14T13:26:08.035+05:30 DEBUG 17208 --- [Fashion-Nest-Application] [           main] o.h.b.m.internal.AbstractPropertyHolder  : Attempting to locate auto-apply AttributeConverter for property [com.fashionnest.Fashion_Nest_Application.model.OrderItem:userId]
2025-07-14T13:26:08.035+05:30 DEBUG 17208 --- [Fashion-Nest-Application] [           main] o.h.b.model.internal.BasicValueBinder    : building BasicValue for userId
2025-07-14T13:26:08.035+05:30 DEBUG 17208 --- [Fashion-Nest-Application] [           main] org.hibernate.mapping.BasicValue         : Skipping column re-registration: order_item.user_id
2025-07-14T13:26:08.035+05:30 DEBUG 17208 --- [Fashion-Nest-Application] [           main] o.h.boot.model.internal.PropertyBinder   : Building property userId
2025-07-14T13:26:08.036+05:30 DEBUG 17208 --- [Fashion-Nest-Application] [           main] o.h.b.r.c.i.ClassLoaderServiceImpl       : HHH000194: Package not found or no package-info.java: com.fashionnest.Fashion_Nest_Application.model
2025-07-14T13:26:08.037+05:30 DEBUG 17208 --- [Fashion-Nest-Application] [           main] o.h.boot.model.internal.EntityBinder     : Binding entity from annotated class: com.fashionnest.Fashion_Nest_Application.model.Product
2025-07-14T13:26:08.037+05:30 DEBUG 17208 --- [Fashion-Nest-Application] [           main] o.h.boot.model.internal.EntityBinder     : Import with entity name Product
2025-07-14T13:26:08.037+05:30 DEBUG 17208 --- [Fashion-Nest-Application] [           main] o.h.boot.model.internal.EntityBinder     : Bind entity com.fashionnest.Fashion_Nest_Application.model.Product on table product
2025-07-14T13:26:08.037+05:30 DEBUG 17208 --- [Fashion-Nest-Application] [           main] o.h.boot.model.internal.AnnotatedColumn  : Binding column: AnnotatedDiscriminatorColumn(column='DTYPE')
2025-07-14T13:26:08.040+05:30 DEBUG 17208 --- [Fashion-Nest-Application] [           main] o.h.boot.model.internal.AnnotatedColumn  : Binding column: AnnotatedColumn()
2025-07-14T13:26:08.040+05:30 DEBUG 17208 --- [Fashion-Nest-Application] [           main] o.h.boot.internal.ClassLoaderAccessImpl  : Not known whether passed class name [com.fashionnest.Fashion_Nest_Application.model.Product] is safe
2025-07-14T13:26:08.040+05:30 DEBUG 17208 --- [Fashion-Nest-Application] [           main] o.h.boot.internal.ClassLoaderAccessImpl  : No temp ClassLoader provided; using live ClassLoader for loading potentially unsafe class : com.fashionnest.Fashion_Nest_Application.model.Product
2025-07-14T13:26:08.040+05:30 DEBUG 17208 --- [Fashion-Nest-Application] [           main] o.h.boot.model.internal.PropertyBinder   : MetadataSourceProcessor property id with lazy=false
2025-07-14T13:26:08.040+05:30 DEBUG 17208 --- [Fashion-Nest-Application] [           main] o.h.b.m.internal.AbstractPropertyHolder  : Attempting to locate auto-apply AttributeConverter for property [com.fashionnest.Fashion_Nest_Application.model.Product:id]
2025-07-14T13:26:08.040+05:30 DEBUG 17208 --- [Fashion-Nest-Application] [           main] o.h.b.model.internal.BasicValueBinder    : building BasicValue for id
2025-07-14T13:26:08.040+05:30 DEBUG 17208 --- [Fashion-Nest-Application] [           main] org.hibernate.mapping.BasicValue         : Skipping column re-registration: product.id
2025-07-14T13:26:08.040+05:30 DEBUG 17208 --- [Fashion-Nest-Application] [           main] o.h.boot.model.internal.PropertyBinder   : Building property id
2025-07-14T13:26:08.040+05:30 DEBUG 17208 --- [Fashion-Nest-Application] [           main] o.h.boot.model.internal.BinderHelper     : #makeIdGenerator(BasicValue([Column(id)]), id, org.hibernate.id.enhanced.SequenceStyleGenerator, , ...)
2025-07-14T13:26:08.040+05:30 DEBUG 17208 --- [Fashion-Nest-Application] [           main] o.h.boot.model.internal.AnnotatedColumn  : Binding column: AnnotatedColumn()
2025-07-14T13:26:08.041+05:30 DEBUG 17208 --- [Fashion-Nest-Application] [           main] o.h.boot.model.internal.PropertyBinder   : MetadataSourceProcessor property brand with lazy=false
2025-07-14T13:26:08.041+05:30 DEBUG 17208 --- [Fashion-Nest-Application] [           main] o.h.b.m.internal.AbstractPropertyHolder  : Attempting to locate auto-apply AttributeConverter for property [com.fashionnest.Fashion_Nest_Application.model.Product:brand]
2025-07-14T13:26:08.041+05:30 DEBUG 17208 --- [Fashion-Nest-Application] [           main] o.h.b.model.internal.BasicValueBinder    : building BasicValue for brand
2025-07-14T13:26:08.041+05:30 DEBUG 17208 --- [Fashion-Nest-Application] [           main] org.hibernate.mapping.BasicValue         : Skipping column re-registration: product.brand
2025-07-14T13:26:08.041+05:30 DEBUG 17208 --- [Fashion-Nest-Application] [           main] o.h.boot.model.internal.PropertyBinder   : Building property brand
2025-07-14T13:26:08.041+05:30 DEBUG 17208 --- [Fashion-Nest-Application] [           main] o.h.boot.model.internal.AnnotatedColumn  : Binding column: AnnotatedJoinColumn(column='category_id')
2025-07-14T13:26:08.041+05:30 DEBUG 17208 --- [Fashion-Nest-Application] [           main] o.h.boot.model.internal.AnnotatedColumn  : Binding column: AnnotatedColumn()
2025-07-14T13:26:08.041+05:30 DEBUG 17208 --- [Fashion-Nest-Application] [           main] o.h.boot.model.internal.PropertyBinder   : Building property category
2025-07-14T13:26:08.043+05:30 DEBUG 17208 --- [Fashion-Nest-Application] [           main] o.h.boot.model.internal.AnnotatedColumn  : Binding column: AnnotatedColumn()
2025-07-14T13:26:08.043+05:30 DEBUG 17208 --- [Fashion-Nest-Application] [           main] o.h.boot.model.internal.PropertyBinder   : MetadataSourceProcessor property color with lazy=false
2025-07-14T13:26:08.043+05:30 DEBUG 17208 --- [Fashion-Nest-Application] [           main] o.h.b.m.internal.AbstractPropertyHolder  : Attempting to locate auto-apply AttributeConverter for property [com.fashionnest.Fashion_Nest_Application.model.Product:color]
2025-07-14T13:26:08.043+05:30 DEBUG 17208 --- [Fashion-Nest-Application] [           main] o.h.b.model.internal.BasicValueBinder    : building BasicValue for color
2025-07-14T13:26:08.043+05:30 DEBUG 17208 --- [Fashion-Nest-Application] [           main] org.hibernate.mapping.BasicValue         : Skipping column re-registration: product.color
2025-07-14T13:26:08.043+05:30 DEBUG 17208 --- [Fashion-Nest-Application] [           main] o.h.boot.model.internal.PropertyBinder   : Building property color
2025-07-14T13:26:08.043+05:30 DEBUG 17208 --- [Fashion-Nest-Application] [           main] o.h.boot.model.internal.AnnotatedColumn  : Binding column: AnnotatedColumn()
2025-07-14T13:26:08.044+05:30 DEBUG 17208 --- [Fashion-Nest-Application] [           main] o.h.boot.model.internal.PropertyBinder   : MetadataSourceProcessor property createdAt with lazy=false
2025-07-14T13:26:08.044+05:30 DEBUG 17208 --- [Fashion-Nest-Application] [           main] o.h.b.m.internal.AbstractPropertyHolder  : Attempting to locate auto-apply AttributeConverter for property [com.fashionnest.Fashion_Nest_Application.model.Product:createdAt]
2025-07-14T13:26:08.044+05:30 DEBUG 17208 --- [Fashion-Nest-Application] [           main] o.h.b.model.internal.BasicValueBinder    : building BasicValue for createdAt
2025-07-14T13:26:08.044+05:30 DEBUG 17208 --- [Fashion-Nest-Application] [           main] org.hibernate.mapping.BasicValue         : Skipping column re-registration: product.created_at
2025-07-14T13:26:08.044+05:30 DEBUG 17208 --- [Fashion-Nest-Application] [           main] o.h.boot.model.internal.PropertyBinder   : Building property createdAt
2025-07-14T13:26:08.044+05:30 DEBUG 17208 --- [Fashion-Nest-Application] [           main] o.h.boot.model.internal.AnnotatedColumn  : Binding column: AnnotatedColumn(column='description')
2025-07-14T13:26:08.044+05:30 DEBUG 17208 --- [Fashion-Nest-Application] [           main] o.h.boot.model.internal.PropertyBinder   : MetadataSourceProcessor property description with lazy=false
2025-07-14T13:26:08.044+05:30 DEBUG 17208 --- [Fashion-Nest-Application] [           main] o.h.b.m.internal.AbstractPropertyHolder  : Attempting to locate auto-apply AttributeConverter for property [com.fashionnest.Fashion_Nest_Application.model.Product:description]
2025-07-14T13:26:08.045+05:30 DEBUG 17208 --- [Fashion-Nest-Application] [           main] o.h.b.model.internal.BasicValueBinder    : building BasicValue for description
2025-07-14T13:26:08.045+05:30 DEBUG 17208 --- [Fashion-Nest-Application] [           main] org.hibernate.mapping.BasicValue         : Skipping column re-registration: product.description
2025-07-14T13:26:08.045+05:30 DEBUG 17208 --- [Fashion-Nest-Application] [           main] o.h.boot.model.internal.PropertyBinder   : Building property description
2025-07-14T13:26:08.047+05:30 DEBUG 17208 --- [Fashion-Nest-Application] [           main] o.h.boot.model.internal.AnnotatedColumn  : Binding column: AnnotatedColumn(column='discount_percent')
2025-07-14T13:26:08.048+05:30 DEBUG 17208 --- [Fashion-Nest-Application] [           main] o.h.boot.model.internal.PropertyBinder   : MetadataSourceProcessor property discountPercent with lazy=false
2025-07-14T13:26:08.054+05:30 DEBUG 17208 --- [Fashion-Nest-Application] [           main] o.h.b.m.internal.AbstractPropertyHolder  : Attempting to locate auto-apply AttributeConverter for property [com.fashionnest.Fashion_Nest_Application.model.Product:discountPercent]
2025-07-14T13:26:08.055+05:30 DEBUG 17208 --- [Fashion-Nest-Application] [           main] o.h.b.model.internal.BasicValueBinder    : building BasicValue for discountPercent
2025-07-14T13:26:08.058+05:30 DEBUG 17208 --- [Fashion-Nest-Application] [           main] org.hibernate.mapping.BasicValue         : Skipping column re-registration: product.discount_percent
2025-07-14T13:26:08.058+05:30 DEBUG 17208 --- [Fashion-Nest-Application] [           main] o.h.boot.model.internal.PropertyBinder   : Building property discountPercent
2025-07-14T13:26:08.061+05:30 DEBUG 17208 --- [Fashion-Nest-Application] [           main] o.h.boot.model.internal.AnnotatedColumn  : Binding column: AnnotatedColumn(column='discounted_price')
2025-07-14T13:26:08.063+05:30 DEBUG 17208 --- [Fashion-Nest-Application] [           main] o.h.boot.model.internal.PropertyBinder   : MetadataSourceProcessor property discountedPrice with lazy=false
2025-07-14T13:26:08.063+05:30 DEBUG 17208 --- [Fashion-Nest-Application] [           main] o.h.b.m.internal.AbstractPropertyHolder  : Attempting to locate auto-apply AttributeConverter for property [com.fashionnest.Fashion_Nest_Application.model.Product:discountedPrice]
2025-07-14T13:26:08.063+05:30 DEBUG 17208 --- [Fashion-Nest-Application] [           main] o.h.b.model.internal.BasicValueBinder    : building BasicValue for discountedPrice
2025-07-14T13:26:08.063+05:30 DEBUG 17208 --- [Fashion-Nest-Application] [           main] org.hibernate.mapping.BasicValue         : Skipping column re-registration: product.discounted_price
2025-07-14T13:26:08.065+05:30 DEBUG 17208 --- [Fashion-Nest-Application] [           main] o.h.boot.model.internal.PropertyBinder   : Building property discountedPrice
2025-07-14T13:26:08.065+05:30 DEBUG 17208 --- [Fashion-Nest-Application] [           main] o.h.boot.model.internal.AnnotatedColumn  : Binding column: AnnotatedColumn(column='image_url')
2025-07-14T13:26:08.067+05:30 DEBUG 17208 --- [Fashion-Nest-Application] [           main] o.h.boot.model.internal.PropertyBinder   : MetadataSourceProcessor property imageUrl with lazy=false
2025-07-14T13:26:08.067+05:30 DEBUG 17208 --- [Fashion-Nest-Application] [           main] o.h.b.m.internal.AbstractPropertyHolder  : Attempting to locate auto-apply AttributeConverter for property [com.fashionnest.Fashion_Nest_Application.model.Product:imageUrl]
2025-07-14T13:26:08.068+05:30 DEBUG 17208 --- [Fashion-Nest-Application] [           main] o.h.b.model.internal.BasicValueBinder    : building BasicValue for imageUrl
2025-07-14T13:26:08.068+05:30 DEBUG 17208 --- [Fashion-Nest-Application] [           main] org.hibernate.mapping.BasicValue         : Skipping column re-registration: product.image_url
2025-07-14T13:26:08.068+05:30 DEBUG 17208 --- [Fashion-Nest-Application] [           main] o.h.boot.model.internal.PropertyBinder   : Building property imageUrl
2025-07-14T13:26:08.068+05:30 DEBUG 17208 --- [Fashion-Nest-Application] [           main] o.h.boot.model.internal.AnnotatedColumn  : Binding column: AnnotatedColumn(column='num_ratings')
2025-07-14T13:26:08.068+05:30 DEBUG 17208 --- [Fashion-Nest-Application] [           main] o.h.boot.model.internal.PropertyBinder   : MetadataSourceProcessor property numRatings with lazy=false
2025-07-14T13:26:08.069+05:30 DEBUG 17208 --- [Fashion-Nest-Application] [           main] o.h.b.m.internal.AbstractPropertyHolder  : Attempting to locate auto-apply AttributeConverter for property [com.fashionnest.Fashion_Nest_Application.model.Product:numRatings]
2025-07-14T13:26:08.069+05:30 DEBUG 17208 --- [Fashion-Nest-Application] [           main] o.h.b.model.internal.BasicValueBinder    : building BasicValue for numRatings
2025-07-14T13:26:08.070+05:30 DEBUG 17208 --- [Fashion-Nest-Application] [           main] org.hibernate.mapping.BasicValue         : Skipping column re-registration: product.num_ratings
2025-07-14T13:26:08.070+05:30 DEBUG 17208 --- [Fashion-Nest-Application] [           main] o.h.boot.model.internal.PropertyBinder   : Building property numRatings
2025-07-14T13:26:08.070+05:30 DEBUG 17208 --- [Fashion-Nest-Application] [           main] o.h.boot.model.internal.AnnotatedColumn  : Binding column: AnnotatedColumn(column='price')
2025-07-14T13:26:08.070+05:30 DEBUG 17208 --- [Fashion-Nest-Application] [           main] o.h.boot.model.internal.PropertyBinder   : MetadataSourceProcessor property price with lazy=false
2025-07-14T13:26:08.070+05:30 DEBUG 17208 --- [Fashion-Nest-Application] [           main] o.h.b.m.internal.AbstractPropertyHolder  : Attempting to locate auto-apply AttributeConverter for property [com.fashionnest.Fashion_Nest_Application.model.Product:price]
2025-07-14T13:26:08.070+05:30 DEBUG 17208 --- [Fashion-Nest-Application] [           main] o.h.b.model.internal.BasicValueBinder    : building BasicValue for price
2025-07-14T13:26:08.070+05:30 DEBUG 17208 --- [Fashion-Nest-Application] [           main] org.hibernate.mapping.BasicValue         : Skipping column re-registration: product.price
2025-07-14T13:26:08.070+05:30 DEBUG 17208 --- [Fashion-Nest-Application] [           main] o.h.boot.model.internal.PropertyBinder   : Building property price
2025-07-14T13:26:08.071+05:30 DEBUG 17208 --- [Fashion-Nest-Application] [           main] o.h.boot.model.internal.AnnotatedColumn  : Binding column: AnnotatedColumn()
2025-07-14T13:26:08.071+05:30 DEBUG 17208 --- [Fashion-Nest-Application] [           main] o.h.boot.model.internal.PropertyBinder   : MetadataSourceProcessor property quantity with lazy=false
2025-07-14T13:26:08.071+05:30 DEBUG 17208 --- [Fashion-Nest-Application] [           main] o.h.b.m.internal.AbstractPropertyHolder  : Attempting to locate auto-apply AttributeConverter for property [com.fashionnest.Fashion_Nest_Application.model.Product:quantity]
2025-07-14T13:26:08.071+05:30 DEBUG 17208 --- [Fashion-Nest-Application] [           main] o.h.b.model.internal.BasicValueBinder    : building BasicValue for quantity
2025-07-14T13:26:08.071+05:30 DEBUG 17208 --- [Fashion-Nest-Application] [           main] org.hibernate.mapping.BasicValue         : Skipping column re-registration: product.quantity
2025-07-14T13:26:08.071+05:30 DEBUG 17208 --- [Fashion-Nest-Application] [           main] o.h.boot.model.internal.PropertyBinder   : Building property quantity
2025-07-14T13:26:08.071+05:30 DEBUG 17208 --- [Fashion-Nest-Application] [           main] o.h.boot.model.internal.AnnotatedColumn  : Binding column: AnnotatedJoinColumn()
2025-07-14T13:26:08.071+05:30 DEBUG 17208 --- [Fashion-Nest-Application] [           main] o.h.boot.model.internal.AnnotatedColumn  : Binding column: AnnotatedColumn()
2025-07-14T13:26:08.072+05:30 DEBUG 17208 --- [Fashion-Nest-Application] [           main] o.h.boot.model.internal.AnnotatedColumn  : Binding column: IndexColumn(column='ratings_ORDER')
2025-07-14T13:26:08.072+05:30 DEBUG 17208 --- [Fashion-Nest-Application] [           main] o.h.boot.model.internal.AnnotatedColumn  : Binding column: AnnotatedColumn()
2025-07-14T13:26:08.072+05:30 DEBUG 17208 --- [Fashion-Nest-Application] [           main] o.h.boot.model.internal.AnnotatedColumn  : Binding column: AnnotatedColumn(column='ratings_KEY')
2025-07-14T13:26:08.072+05:30 DEBUG 17208 --- [Fashion-Nest-Application] [           main] o.h.boot.model.internal.AnnotatedColumn  : Binding column: AnnotatedJoinColumn(column='ratings_KEY')
2025-07-14T13:26:08.072+05:30 DEBUG 17208 --- [Fashion-Nest-Application] [           main] o.h.boot.model.internal.AnnotatedColumn  : Binding column: AnnotatedJoinColumn()
2025-07-14T13:26:08.072+05:30 DEBUG 17208 --- [Fashion-Nest-Application] [           main] o.h.boot.model.internal.AnnotatedColumn  : Binding column: AnnotatedJoinColumn()
2025-07-14T13:26:08.072+05:30 DEBUG 17208 --- [Fashion-Nest-Application] [           main] o.h.b.model.internal.CollectionBinder    : Collection role: com.fashionnest.Fashion_Nest_Application.model.Product.ratings
2025-07-14T13:26:08.073+05:30 DEBUG 17208 --- [Fashion-Nest-Application] [           main] o.h.boot.model.internal.PropertyBinder   : Building property ratings
2025-07-14T13:26:08.073+05:30 DEBUG 17208 --- [Fashion-Nest-Application] [           main] o.h.boot.model.internal.AnnotatedColumn  : Binding column: AnnotatedJoinColumn()
2025-07-14T13:26:08.073+05:30 DEBUG 17208 --- [Fashion-Nest-Application] [           main] o.h.boot.model.internal.AnnotatedColumn  : Binding column: AnnotatedColumn()
2025-07-14T13:26:08.074+05:30 DEBUG 17208 --- [Fashion-Nest-Application] [           main] o.h.boot.model.internal.AnnotatedColumn  : Binding column: IndexColumn(column='reviews_ORDER')
2025-07-14T13:26:08.074+05:30 DEBUG 17208 --- [Fashion-Nest-Application] [           main] o.h.boot.model.internal.AnnotatedColumn  : Binding column: AnnotatedColumn()
2025-07-14T13:26:08.074+05:30 DEBUG 17208 --- [Fashion-Nest-Application] [           main] o.h.boot.model.internal.AnnotatedColumn  : Binding column: AnnotatedColumn(column='reviews_KEY')
2025-07-14T13:26:08.074+05:30 DEBUG 17208 --- [Fashion-Nest-Application] [           main] o.h.boot.model.internal.AnnotatedColumn  : Binding column: AnnotatedJoinColumn(column='reviews_KEY')
2025-07-14T13:26:08.074+05:30 DEBUG 17208 --- [Fashion-Nest-Application] [           main] o.h.boot.model.internal.AnnotatedColumn  : Binding column: AnnotatedJoinColumn()
2025-07-14T13:26:08.074+05:30 DEBUG 17208 --- [Fashion-Nest-Application] [           main] o.h.boot.model.internal.AnnotatedColumn  : Binding column: AnnotatedJoinColumn()
2025-07-14T13:26:08.075+05:30 DEBUG 17208 --- [Fashion-Nest-Application] [           main] o.h.b.model.internal.CollectionBinder    : Collection role: com.fashionnest.Fashion_Nest_Application.model.Product.reviews
2025-07-14T13:26:08.075+05:30 DEBUG 17208 --- [Fashion-Nest-Application] [           main] o.h.boot.model.internal.PropertyBinder   : Building property reviews
2025-07-14T13:26:08.075+05:30 DEBUG 17208 --- [Fashion-Nest-Application] [           main] o.h.boot.model.internal.AnnotatedColumn  : Binding column: AnnotatedColumn(column='sizes')
2025-07-14T13:26:08.075+05:30 DEBUG 17208 --- [Fashion-Nest-Application] [           main] o.h.boot.model.internal.AnnotatedColumn  : Binding column: AnnotatedJoinColumn()
2025-07-14T13:26:08.076+05:30 DEBUG 17208 --- [Fashion-Nest-Application] [           main] o.h.boot.model.internal.AnnotatedColumn  : Binding column: IndexColumn(column='sizes_ORDER')
2025-07-14T13:26:08.080+05:30 DEBUG 17208 --- [Fashion-Nest-Application] [           main] o.h.boot.model.internal.AnnotatedColumn  : Binding column: AnnotatedColumn(column='sizes')
2025-07-14T13:26:08.081+05:30 DEBUG 17208 --- [Fashion-Nest-Application] [           main] o.h.boot.model.internal.AnnotatedColumn  : Binding column: AnnotatedColumn(column='sizes_KEY')
2025-07-14T13:26:08.082+05:30 DEBUG 17208 --- [Fashion-Nest-Application] [           main] o.h.boot.model.internal.AnnotatedColumn  : Binding column: AnnotatedJoinColumn(column='sizes_KEY')
2025-07-14T13:26:08.083+05:30 DEBUG 17208 --- [Fashion-Nest-Application] [           main] o.h.boot.model.internal.AnnotatedColumn  : Binding column: AnnotatedJoinColumn()
2025-07-14T13:26:08.083+05:30 DEBUG 17208 --- [Fashion-Nest-Application] [           main] o.h.boot.model.internal.AnnotatedColumn  : Binding column: AnnotatedJoinColumn()
2025-07-14T13:26:08.083+05:30 DEBUG 17208 --- [Fashion-Nest-Application] [           main] o.h.b.model.internal.CollectionBinder    : Collection role: com.fashionnest.Fashion_Nest_Application.model.Product.sizes
2025-07-14T13:26:08.084+05:30 DEBUG 17208 --- [Fashion-Nest-Application] [           main] o.h.boot.model.internal.PropertyBinder   : Building property sizes
2025-07-14T13:26:08.085+05:30 DEBUG 17208 --- [Fashion-Nest-Application] [           main] o.h.boot.model.internal.AnnotatedColumn  : Binding column: AnnotatedColumn(column='title')
2025-07-14T13:26:08.085+05:30 DEBUG 17208 --- [Fashion-Nest-Application] [           main] o.h.boot.model.internal.PropertyBinder   : MetadataSourceProcessor property title with lazy=false
2025-07-14T13:26:08.085+05:30 DEBUG 17208 --- [Fashion-Nest-Application] [           main] o.h.b.m.internal.AbstractPropertyHolder  : Attempting to locate auto-apply AttributeConverter for property [com.fashionnest.Fashion_Nest_Application.model.Product:title]
2025-07-14T13:26:08.085+05:30 DEBUG 17208 --- [Fashion-Nest-Application] [           main] o.h.b.model.internal.BasicValueBinder    : building BasicValue for title
2025-07-14T13:26:08.085+05:30 DEBUG 17208 --- [Fashion-Nest-Application] [           main] org.hibernate.mapping.BasicValue         : Skipping column re-registration: product.title
2025-07-14T13:26:08.086+05:30 DEBUG 17208 --- [Fashion-Nest-Application] [           main] o.h.boot.model.internal.PropertyBinder   : Building property title
2025-07-14T13:26:08.087+05:30 DEBUG 17208 --- [Fashion-Nest-Application] [           main] o.h.b.r.c.i.ClassLoaderServiceImpl       : HHH000194: Package not found or no package-info.java: com.fashionnest.Fashion_Nest_Application.model
2025-07-14T13:26:08.088+05:30 DEBUG 17208 --- [Fashion-Nest-Application] [           main] o.h.boot.model.internal.EntityBinder     : Binding entity from annotated class: com.fashionnest.Fashion_Nest_Application.model.Rating
2025-07-14T13:26:08.089+05:30 DEBUG 17208 --- [Fashion-Nest-Application] [           main] o.h.boot.model.internal.EntityBinder     : Import with entity name Rating
2025-07-14T13:26:08.089+05:30 DEBUG 17208 --- [Fashion-Nest-Application] [           main] o.h.boot.model.internal.EntityBinder     : Bind entity com.fashionnest.Fashion_Nest_Application.model.Rating on table rating
2025-07-14T13:26:08.089+05:30 DEBUG 17208 --- [Fashion-Nest-Application] [           main] o.h.boot.model.internal.AnnotatedColumn  : Binding column: AnnotatedDiscriminatorColumn(column='DTYPE')
2025-07-14T13:26:08.090+05:30 DEBUG 17208 --- [Fashion-Nest-Application] [           main] o.h.boot.model.internal.AnnotatedColumn  : Binding column: AnnotatedColumn()
2025-07-14T13:26:08.090+05:30 DEBUG 17208 --- [Fashion-Nest-Application] [           main] o.h.boot.internal.ClassLoaderAccessImpl  : Not known whether passed class name [com.fashionnest.Fashion_Nest_Application.model.Rating] is safe
2025-07-14T13:26:08.090+05:30 DEBUG 17208 --- [Fashion-Nest-Application] [           main] o.h.boot.internal.ClassLoaderAccessImpl  : No temp ClassLoader provided; using live ClassLoader for loading potentially unsafe class : com.fashionnest.Fashion_Nest_Application.model.Rating
2025-07-14T13:26:08.090+05:30 DEBUG 17208 --- [Fashion-Nest-Application] [           main] o.h.boot.model.internal.PropertyBinder   : MetadataSourceProcessor property id with lazy=false
2025-07-14T13:26:08.091+05:30 DEBUG 17208 --- [Fashion-Nest-Application] [           main] o.h.b.m.internal.AbstractPropertyHolder  : Attempting to locate auto-apply AttributeConverter for property [com.fashionnest.Fashion_Nest_Application.model.Rating:id]
2025-07-14T13:26:08.091+05:30 DEBUG 17208 --- [Fashion-Nest-Application] [           main] o.h.b.model.internal.BasicValueBinder    : building BasicValue for id
2025-07-14T13:26:08.091+05:30 DEBUG 17208 --- [Fashion-Nest-Application] [           main] org.hibernate.mapping.BasicValue         : Skipping column re-registration: rating.id
2025-07-14T13:26:08.091+05:30 DEBUG 17208 --- [Fashion-Nest-Application] [           main] o.h.boot.model.internal.PropertyBinder   : Building property id
2025-07-14T13:26:08.091+05:30 DEBUG 17208 --- [Fashion-Nest-Application] [           main] o.h.boot.model.internal.BinderHelper     : #makeIdGenerator(BasicValue([Column(id)]), id, identity, , ...)
2025-07-14T13:26:08.091+05:30 DEBUG 17208 --- [Fashion-Nest-Application] [           main] o.h.boot.model.internal.AnnotatedColumn  : Binding column: AnnotatedColumn()
2025-07-14T13:26:08.091+05:30 DEBUG 17208 --- [Fashion-Nest-Application] [           main] o.h.boot.model.internal.PropertyBinder   : MetadataSourceProcessor property createdAt with lazy=false
2025-07-14T13:26:08.091+05:30 DEBUG 17208 --- [Fashion-Nest-Application] [           main] o.h.b.m.internal.AbstractPropertyHolder  : Attempting to locate auto-apply AttributeConverter for property [com.fashionnest.Fashion_Nest_Application.model.Rating:createdAt]
2025-07-14T13:26:08.091+05:30 DEBUG 17208 --- [Fashion-Nest-Application] [           main] o.h.b.model.internal.BasicValueBinder    : building BasicValue for createdAt
2025-07-14T13:26:08.091+05:30 DEBUG 17208 --- [Fashion-Nest-Application] [           main] org.hibernate.mapping.BasicValue         : Skipping column re-registration: rating.created_at
2025-07-14T13:26:08.092+05:30 DEBUG 17208 --- [Fashion-Nest-Application] [           main] o.h.boot.model.internal.PropertyBinder   : Building property createdAt
2025-07-14T13:26:08.092+05:30 DEBUG 17208 --- [Fashion-Nest-Application] [           main] o.h.boot.model.internal.AnnotatedColumn  : Binding column: AnnotatedJoinColumn(column='product_id')
2025-07-14T13:26:08.092+05:30 DEBUG 17208 --- [Fashion-Nest-Application] [           main] o.h.boot.model.internal.AnnotatedColumn  : Binding column: AnnotatedColumn()
2025-07-14T13:26:08.092+05:30 DEBUG 17208 --- [Fashion-Nest-Application] [           main] o.h.boot.model.internal.PropertyBinder   : Building property product
2025-07-14T13:26:08.092+05:30 DEBUG 17208 --- [Fashion-Nest-Application] [           main] o.h.boot.model.internal.AnnotatedColumn  : Binding column: AnnotatedColumn(column='rating')
2025-07-14T13:26:08.092+05:30 DEBUG 17208 --- [Fashion-Nest-Application] [           main] o.h.boot.model.internal.PropertyBinder   : MetadataSourceProcessor property rating with lazy=false
2025-07-14T13:26:08.092+05:30 DEBUG 17208 --- [Fashion-Nest-Application] [           main] o.h.b.m.internal.AbstractPropertyHolder  : Attempting to locate auto-apply AttributeConverter for property [com.fashionnest.Fashion_Nest_Application.model.Rating:rating]
2025-07-14T13:26:08.093+05:30 DEBUG 17208 --- [Fashion-Nest-Application] [           main] o.h.b.model.internal.BasicValueBinder    : building BasicValue for rating
2025-07-14T13:26:08.093+05:30 DEBUG 17208 --- [Fashion-Nest-Application] [           main] org.hibernate.mapping.BasicValue         : Skipping column re-registration: rating.rating
2025-07-14T13:26:08.093+05:30 DEBUG 17208 --- [Fashion-Nest-Application] [           main] o.h.boot.model.internal.PropertyBinder   : Building property rating
2025-07-14T13:26:08.093+05:30 DEBUG 17208 --- [Fashion-Nest-Application] [           main] o.h.boot.model.internal.AnnotatedColumn  : Binding column: AnnotatedJoinColumn(column='user_id')
2025-07-14T13:26:08.093+05:30 DEBUG 17208 --- [Fashion-Nest-Application] [           main] o.h.boot.model.internal.AnnotatedColumn  : Binding column: AnnotatedColumn()
2025-07-14T13:26:08.093+05:30 DEBUG 17208 --- [Fashion-Nest-Application] [           main] o.h.boot.model.internal.PropertyBinder   : Building property user
2025-07-14T13:26:08.095+05:30 DEBUG 17208 --- [Fashion-Nest-Application] [           main] o.h.b.r.c.i.ClassLoaderServiceImpl       : HHH000194: Package not found or no package-info.java: com.fashionnest.Fashion_Nest_Application.model
2025-07-14T13:26:08.095+05:30 DEBUG 17208 --- [Fashion-Nest-Application] [           main] o.h.boot.model.internal.EntityBinder     : Binding entity from annotated class: com.fashionnest.Fashion_Nest_Application.model.Review
2025-07-14T13:26:08.096+05:30 DEBUG 17208 --- [Fashion-Nest-Application] [           main] o.h.boot.model.internal.EntityBinder     : Import with entity name Review
2025-07-14T13:26:08.096+05:30 DEBUG 17208 --- [Fashion-Nest-Application] [           main] o.h.boot.model.internal.EntityBinder     : Bind entity com.fashionnest.Fashion_Nest_Application.model.Review on table review
2025-07-14T13:26:08.096+05:30 DEBUG 17208 --- [Fashion-Nest-Application] [           main] o.h.boot.model.internal.AnnotatedColumn  : Binding column: AnnotatedDiscriminatorColumn(column='DTYPE')
2025-07-14T13:26:08.098+05:30 DEBUG 17208 --- [Fashion-Nest-Application] [           main] o.h.boot.model.internal.AnnotatedColumn  : Binding column: AnnotatedColumn()
2025-07-14T13:26:08.098+05:30 DEBUG 17208 --- [Fashion-Nest-Application] [           main] o.h.boot.internal.ClassLoaderAccessImpl  : Not known whether passed class name [com.fashionnest.Fashion_Nest_Application.model.Review] is safe
2025-07-14T13:26:08.098+05:30 DEBUG 17208 --- [Fashion-Nest-Application] [           main] o.h.boot.internal.ClassLoaderAccessImpl  : No temp ClassLoader provided; using live ClassLoader for loading potentially unsafe class : com.fashionnest.Fashion_Nest_Application.model.Review
2025-07-14T13:26:08.098+05:30 DEBUG 17208 --- [Fashion-Nest-Application] [           main] o.h.boot.model.internal.PropertyBinder   : MetadataSourceProcessor property id with lazy=false
2025-07-14T13:26:08.098+05:30 DEBUG 17208 --- [Fashion-Nest-Application] [           main] o.h.b.m.internal.AbstractPropertyHolder  : Attempting to locate auto-apply AttributeConverter for property [com.fashionnest.Fashion_Nest_Application.model.Review:id]
2025-07-14T13:26:08.098+05:30 DEBUG 17208 --- [Fashion-Nest-Application] [           main] o.h.b.model.internal.BasicValueBinder    : building BasicValue for id
2025-07-14T13:26:08.098+05:30 DEBUG 17208 --- [Fashion-Nest-Application] [           main] org.hibernate.mapping.BasicValue         : Skipping column re-registration: review.id
2025-07-14T13:26:08.098+05:30 DEBUG 17208 --- [Fashion-Nest-Application] [           main] o.h.boot.model.internal.PropertyBinder   : Building property id
2025-07-14T13:26:08.098+05:30 DEBUG 17208 --- [Fashion-Nest-Application] [           main] o.h.boot.model.internal.BinderHelper     : #makeIdGenerator(BasicValue([Column(id)]), id, org.hibernate.id.enhanced.SequenceStyleGenerator, , ...)
2025-07-14T13:26:08.099+05:30 DEBUG 17208 --- [Fashion-Nest-Application] [           main] o.h.boot.model.internal.AnnotatedColumn  : Binding column: AnnotatedColumn()
2025-07-14T13:26:08.099+05:30 DEBUG 17208 --- [Fashion-Nest-Application] [           main] o.h.boot.model.internal.PropertyBinder   : MetadataSourceProcessor property createdAt with lazy=false
2025-07-14T13:26:08.099+05:30 DEBUG 17208 --- [Fashion-Nest-Application] [           main] o.h.b.m.internal.AbstractPropertyHolder  : Attempting to locate auto-apply AttributeConverter for property [com.fashionnest.Fashion_Nest_Application.model.Review:createdAt]
2025-07-14T13:26:08.099+05:30 DEBUG 17208 --- [Fashion-Nest-Application] [           main] o.h.b.model.internal.BasicValueBinder    : building BasicValue for createdAt
2025-07-14T13:26:08.099+05:30 DEBUG 17208 --- [Fashion-Nest-Application] [           main] org.hibernate.mapping.BasicValue         : Skipping column re-registration: review.created_at
2025-07-14T13:26:08.099+05:30 DEBUG 17208 --- [Fashion-Nest-Application] [           main] o.h.boot.model.internal.PropertyBinder   : Building property createdAt
2025-07-14T13:26:08.099+05:30 DEBUG 17208 --- [Fashion-Nest-Application] [           main] o.h.boot.model.internal.AnnotatedColumn  : Binding column: AnnotatedJoinColumn(column='product_id')
2025-07-14T13:26:08.100+05:30 DEBUG 17208 --- [Fashion-Nest-Application] [           main] o.h.boot.model.internal.AnnotatedColumn  : Binding column: AnnotatedColumn()
2025-07-14T13:26:08.100+05:30 DEBUG 17208 --- [Fashion-Nest-Application] [           main] o.h.boot.model.internal.PropertyBinder   : Building property product
2025-07-14T13:26:08.100+05:30 DEBUG 17208 --- [Fashion-Nest-Application] [           main] o.h.boot.model.internal.AnnotatedColumn  : Binding column: AnnotatedColumn()
2025-07-14T13:26:08.100+05:30 DEBUG 17208 --- [Fashion-Nest-Application] [           main] o.h.boot.model.internal.PropertyBinder   : MetadataSourceProcessor property review with lazy=false
2025-07-14T13:26:08.100+05:30 DEBUG 17208 --- [Fashion-Nest-Application] [           main] o.h.b.m.internal.AbstractPropertyHolder  : Attempting to locate auto-apply AttributeConverter for property [com.fashionnest.Fashion_Nest_Application.model.Review:review]
2025-07-14T13:26:08.100+05:30 DEBUG 17208 --- [Fashion-Nest-Application] [           main] o.h.b.model.internal.BasicValueBinder    : building BasicValue for review
2025-07-14T13:26:08.100+05:30 DEBUG 17208 --- [Fashion-Nest-Application] [           main] org.hibernate.mapping.BasicValue         : Skipping column re-registration: review.review
2025-07-14T13:26:08.101+05:30 DEBUG 17208 --- [Fashion-Nest-Application] [           main] o.h.boot.model.internal.PropertyBinder   : Building property review
2025-07-14T13:26:08.101+05:30 DEBUG 17208 --- [Fashion-Nest-Application] [           main] o.h.boot.model.internal.AnnotatedColumn  : Binding column: AnnotatedJoinColumn(column='user_id')
2025-07-14T13:26:08.101+05:30 DEBUG 17208 --- [Fashion-Nest-Application] [           main] o.h.boot.model.internal.AnnotatedColumn  : Binding column: AnnotatedColumn()
2025-07-14T13:26:08.101+05:30 DEBUG 17208 --- [Fashion-Nest-Application] [           main] o.h.boot.model.internal.PropertyBinder   : Building property user
2025-07-14T13:26:08.102+05:30 DEBUG 17208 --- [Fashion-Nest-Application] [           main] o.h.b.r.c.i.ClassLoaderServiceImpl       : HHH000194: Package not found or no package-info.java: com.fashionnest.Fashion_Nest_Application.model
2025-07-14T13:26:08.103+05:30 DEBUG 17208 --- [Fashion-Nest-Application] [           main] o.h.boot.model.internal.EntityBinder     : Binding entity from annotated class: com.fashionnest.Fashion_Nest_Application.model.User
2025-07-14T13:26:08.103+05:30 DEBUG 17208 --- [Fashion-Nest-Application] [           main] o.h.boot.model.internal.EntityBinder     : Import with entity name User
2025-07-14T13:26:08.104+05:30 DEBUG 17208 --- [Fashion-Nest-Application] [           main] o.h.boot.model.internal.EntityBinder     : Bind entity com.fashionnest.Fashion_Nest_Application.model.User on table user
2025-07-14T13:26:08.104+05:30 DEBUG 17208 --- [Fashion-Nest-Application] [           main] o.h.boot.model.internal.AnnotatedColumn  : Binding column: AnnotatedDiscriminatorColumn(column='DTYPE')
2025-07-14T13:26:08.108+05:30 DEBUG 17208 --- [Fashion-Nest-Application] [           main] o.h.boot.model.internal.AnnotatedColumn  : Binding column: AnnotatedColumn()
2025-07-14T13:26:08.108+05:30 DEBUG 17208 --- [Fashion-Nest-Application] [           main] o.h.boot.internal.ClassLoaderAccessImpl  : Not known whether passed class name [com.fashionnest.Fashion_Nest_Application.model.User] is safe
2025-07-14T13:26:08.108+05:30 DEBUG 17208 --- [Fashion-Nest-Application] [           main] o.h.boot.internal.ClassLoaderAccessImpl  : No temp ClassLoader provided; using live ClassLoader for loading potentially unsafe class : com.fashionnest.Fashion_Nest_Application.model.User
2025-07-14T13:26:08.108+05:30 DEBUG 17208 --- [Fashion-Nest-Application] [           main] o.h.boot.model.internal.PropertyBinder   : MetadataSourceProcessor property id with lazy=false
2025-07-14T13:26:08.108+05:30 DEBUG 17208 --- [Fashion-Nest-Application] [           main] o.h.b.m.internal.AbstractPropertyHolder  : Attempting to locate auto-apply AttributeConverter for property [com.fashionnest.Fashion_Nest_Application.model.User:id]
2025-07-14T13:26:08.108+05:30 DEBUG 17208 --- [Fashion-Nest-Application] [           main] o.h.b.model.internal.BasicValueBinder    : building BasicValue for id
2025-07-14T13:26:08.109+05:30 DEBUG 17208 --- [Fashion-Nest-Application] [           main] org.hibernate.mapping.BasicValue         : Skipping column re-registration: user.id
2025-07-14T13:26:08.109+05:30 DEBUG 17208 --- [Fashion-Nest-Application] [           main] o.h.boot.model.internal.PropertyBinder   : Building property id
2025-07-14T13:26:08.109+05:30 DEBUG 17208 --- [Fashion-Nest-Application] [           main] o.h.boot.model.internal.BinderHelper     : #makeIdGenerator(BasicValue([Column(id)]), id, org.hibernate.id.enhanced.SequenceStyleGenerator, , ...)
2025-07-14T13:26:08.109+05:30 DEBUG 17208 --- [Fashion-Nest-Application] [           main] o.h.boot.model.internal.AnnotatedColumn  : Binding column: AnnotatedJoinColumn()
2025-07-14T13:26:08.109+05:30 DEBUG 17208 --- [Fashion-Nest-Application] [           main] o.h.boot.model.internal.AnnotatedColumn  : Binding column: AnnotatedColumn()
2025-07-14T13:26:08.110+05:30 DEBUG 17208 --- [Fashion-Nest-Application] [           main] o.h.boot.model.internal.AnnotatedColumn  : Binding column: IndexColumn(column='address_ORDER')
2025-07-14T13:26:08.110+05:30 DEBUG 17208 --- [Fashion-Nest-Application] [           main] o.h.boot.model.internal.AnnotatedColumn  : Binding column: AnnotatedColumn()
2025-07-14T13:26:08.110+05:30 DEBUG 17208 --- [Fashion-Nest-Application] [           main] o.h.boot.model.internal.AnnotatedColumn  : Binding column: AnnotatedColumn(column='address_KEY')
2025-07-14T13:26:08.110+05:30 DEBUG 17208 --- [Fashion-Nest-Application] [           main] o.h.boot.model.internal.AnnotatedColumn  : Binding column: AnnotatedJoinColumn(column='address_KEY')
2025-07-14T13:26:08.110+05:30 DEBUG 17208 --- [Fashion-Nest-Application] [           main] o.h.boot.model.internal.AnnotatedColumn  : Binding column: AnnotatedJoinColumn()
2025-07-14T13:26:08.110+05:30 DEBUG 17208 --- [Fashion-Nest-Application] [           main] o.h.boot.model.internal.AnnotatedColumn  : Binding column: AnnotatedJoinColumn()
2025-07-14T13:26:08.110+05:30 DEBUG 17208 --- [Fashion-Nest-Application] [           main] o.h.b.model.internal.CollectionBinder    : Collection role: com.fashionnest.Fashion_Nest_Application.model.User.address
2025-07-14T13:26:08.110+05:30 DEBUG 17208 --- [Fashion-Nest-Application] [           main] o.h.boot.model.internal.PropertyBinder   : Building property address
2025-07-14T13:26:08.111+05:30 DEBUG 17208 --- [Fashion-Nest-Application] [           main] o.h.boot.model.internal.AnnotatedColumn  : Binding column: AnnotatedColumn()
2025-07-14T13:26:08.111+05:30 DEBUG 17208 --- [Fashion-Nest-Application] [           main] o.h.boot.model.internal.PropertyBinder   : MetadataSourceProcessor property createdAt with lazy=false
2025-07-14T13:26:08.111+05:30 DEBUG 17208 --- [Fashion-Nest-Application] [           main] o.h.b.m.internal.AbstractPropertyHolder  : Attempting to locate auto-apply AttributeConverter for property [com.fashionnest.Fashion_Nest_Application.model.User:createdAt]
2025-07-14T13:26:08.111+05:30 DEBUG 17208 --- [Fashion-Nest-Application] [           main] o.h.b.model.internal.BasicValueBinder    : building BasicValue for createdAt
2025-07-14T13:26:08.111+05:30 DEBUG 17208 --- [Fashion-Nest-Application] [           main] org.hibernate.mapping.BasicValue         : Skipping column re-registration: user.created_at
2025-07-14T13:26:08.111+05:30 DEBUG 17208 --- [Fashion-Nest-Application] [           main] o.h.boot.model.internal.PropertyBinder   : Building property createdAt
2025-07-14T13:26:08.112+05:30 DEBUG 17208 --- [Fashion-Nest-Application] [           main] o.h.boot.model.internal.AnnotatedColumn  : Binding column: AnnotatedColumn()
2025-07-14T13:26:08.112+05:30 DEBUG 17208 --- [Fashion-Nest-Application] [           main] o.h.boot.model.internal.PropertyBinder   : MetadataSourceProcessor property email with lazy=false
2025-07-14T13:26:08.112+05:30 DEBUG 17208 --- [Fashion-Nest-Application] [           main] o.h.b.m.internal.AbstractPropertyHolder  : Attempting to locate auto-apply AttributeConverter for property [com.fashionnest.Fashion_Nest_Application.model.User:email]
2025-07-14T13:26:08.112+05:30 DEBUG 17208 --- [Fashion-Nest-Application] [           main] o.h.b.model.internal.BasicValueBinder    : building BasicValue for email
2025-07-14T13:26:08.112+05:30 DEBUG 17208 --- [Fashion-Nest-Application] [           main] org.hibernate.mapping.BasicValue         : Skipping column re-registration: user.email
2025-07-14T13:26:08.112+05:30 DEBUG 17208 --- [Fashion-Nest-Application] [           main] o.h.boot.model.internal.PropertyBinder   : Building property email
2025-07-14T13:26:08.112+05:30 DEBUG 17208 --- [Fashion-Nest-Application] [           main] o.h.boot.model.internal.AnnotatedColumn  : Binding column: AnnotatedColumn()
2025-07-14T13:26:08.112+05:30 DEBUG 17208 --- [Fashion-Nest-Application] [           main] o.h.boot.model.internal.PropertyBinder   : MetadataSourceProcessor property firstName with lazy=false
2025-07-14T13:26:08.112+05:30 DEBUG 17208 --- [Fashion-Nest-Application] [           main] o.h.b.m.internal.AbstractPropertyHolder  : Attempting to locate auto-apply AttributeConverter for property [com.fashionnest.Fashion_Nest_Application.model.User:firstName]
2025-07-14T13:26:08.112+05:30 DEBUG 17208 --- [Fashion-Nest-Application] [           main] o.h.b.model.internal.BasicValueBinder    : building BasicValue for firstName
2025-07-14T13:26:08.112+05:30 DEBUG 17208 --- [Fashion-Nest-Application] [           main] org.hibernate.mapping.BasicValue         : Skipping column re-registration: user.first_name
2025-07-14T13:26:08.112+05:30 DEBUG 17208 --- [Fashion-Nest-Application] [           main] o.h.boot.model.internal.PropertyBinder   : Building property firstName
2025-07-14T13:26:08.113+05:30 DEBUG 17208 --- [Fashion-Nest-Application] [           main] o.h.boot.model.internal.AnnotatedColumn  : Binding column: AnnotatedColumn()
2025-07-14T13:26:08.113+05:30 DEBUG 17208 --- [Fashion-Nest-Application] [           main] o.h.boot.model.internal.PropertyBinder   : MetadataSourceProcessor property lastName with lazy=false
2025-07-14T13:26:08.113+05:30 DEBUG 17208 --- [Fashion-Nest-Application] [           main] o.h.b.m.internal.AbstractPropertyHolder  : Attempting to locate auto-apply AttributeConverter for property [com.fashionnest.Fashion_Nest_Application.model.User:lastName]
2025-07-14T13:26:08.113+05:30 DEBUG 17208 --- [Fashion-Nest-Application] [           main] o.h.b.model.internal.BasicValueBinder    : building BasicValue for lastName
2025-07-14T13:26:08.113+05:30 DEBUG 17208 --- [Fashion-Nest-Application] [           main] org.hibernate.mapping.BasicValue         : Skipping column re-registration: user.last_name
2025-07-14T13:26:08.113+05:30 DEBUG 17208 --- [Fashion-Nest-Application] [           main] o.h.boot.model.internal.PropertyBinder   : Building property lastName
2025-07-14T13:26:08.113+05:30 DEBUG 17208 --- [Fashion-Nest-Application] [           main] o.h.boot.model.internal.AnnotatedColumn  : Binding column: AnnotatedColumn()
2025-07-14T13:26:08.113+05:30 DEBUG 17208 --- [Fashion-Nest-Application] [           main] o.h.boot.model.internal.PropertyBinder   : MetadataSourceProcessor property password with lazy=false
2025-07-14T13:26:08.113+05:30 DEBUG 17208 --- [Fashion-Nest-Application] [           main] o.h.b.m.internal.AbstractPropertyHolder  : Attempting to locate auto-apply AttributeConverter for property [com.fashionnest.Fashion_Nest_Application.model.User:password]
2025-07-14T13:26:08.113+05:30 DEBUG 17208 --- [Fashion-Nest-Application] [           main] o.h.b.model.internal.BasicValueBinder    : building BasicValue for password
2025-07-14T13:26:08.113+05:30 DEBUG 17208 --- [Fashion-Nest-Application] [           main] org.hibernate.mapping.BasicValue         : Skipping column re-registration: user.password
2025-07-14T13:26:08.113+05:30 DEBUG 17208 --- [Fashion-Nest-Application] [           main] o.h.boot.model.internal.PropertyBinder   : Building property password
2025-07-14T13:26:08.114+05:30 DEBUG 17208 --- [Fashion-Nest-Application] [           main] o.h.boot.model.internal.AnnotatedColumn  : Binding column: AnnotatedJoinColumn()
2025-07-14T13:26:08.114+05:30 DEBUG 17208 --- [Fashion-Nest-Application] [           main] o.h.boot.model.internal.AnnotatedColumn  : Binding column: AnnotatedColumn()
2025-07-14T13:26:08.114+05:30 DEBUG 17208 --- [Fashion-Nest-Application] [           main] o.h.boot.model.internal.AnnotatedColumn  : Binding column: IndexColumn(column='paymentInformation_ORDER')
2025-07-14T13:26:08.115+05:30 DEBUG 17208 --- [Fashion-Nest-Application] [           main] o.h.boot.model.internal.AnnotatedColumn  : Binding column: AnnotatedColumn()
2025-07-14T13:26:08.115+05:30 DEBUG 17208 --- [Fashion-Nest-Application] [           main] o.h.boot.model.internal.AnnotatedColumn  : Binding column: AnnotatedColumn(column='paymentInformation_KEY')
2025-07-14T13:26:08.115+05:30 DEBUG 17208 --- [Fashion-Nest-Application] [           main] o.h.boot.model.internal.AnnotatedColumn  : Binding column: AnnotatedJoinColumn(column='paymentInformation_KEY')
2025-07-14T13:26:08.115+05:30 DEBUG 17208 --- [Fashion-Nest-Application] [           main] o.h.boot.model.internal.AnnotatedColumn  : Binding column: AnnotatedJoinColumn(column='user_id')
2025-07-14T13:26:08.115+05:30 DEBUG 17208 --- [Fashion-Nest-Application] [           main] o.h.boot.model.internal.AnnotatedColumn  : Binding column: AnnotatedJoinColumn()
2025-07-14T13:26:08.115+05:30 DEBUG 17208 --- [Fashion-Nest-Application] [           main] o.h.b.model.internal.CollectionBinder    : Collection role: com.fashionnest.Fashion_Nest_Application.model.User.paymentInformation
2025-07-14T13:26:08.116+05:30 DEBUG 17208 --- [Fashion-Nest-Application] [           main] o.h.boot.model.internal.PropertyBinder   : Building property paymentInformation
2025-07-14T13:26:08.117+05:30 DEBUG 17208 --- [Fashion-Nest-Application] [           main] o.h.boot.model.internal.AnnotatedColumn  : Binding column: AnnotatedJoinColumn()
2025-07-14T13:26:08.117+05:30 DEBUG 17208 --- [Fashion-Nest-Application] [           main] o.h.boot.model.internal.AnnotatedColumn  : Binding column: AnnotatedColumn()
2025-07-14T13:26:08.118+05:30 DEBUG 17208 --- [Fashion-Nest-Application] [           main] o.h.boot.model.internal.AnnotatedColumn  : Binding column: IndexColumn(column='ratings_ORDER')
2025-07-14T13:26:08.118+05:30 DEBUG 17208 --- [Fashion-Nest-Application] [           main] o.h.boot.model.internal.AnnotatedColumn  : Binding column: AnnotatedColumn()
2025-07-14T13:26:08.118+05:30 DEBUG 17208 --- [Fashion-Nest-Application] [           main] o.h.boot.model.internal.AnnotatedColumn  : Binding column: AnnotatedColumn(column='ratings_KEY')
2025-07-14T13:26:08.118+05:30 DEBUG 17208 --- [Fashion-Nest-Application] [           main] o.h.boot.model.internal.AnnotatedColumn  : Binding column: AnnotatedJoinColumn(column='ratings_KEY')
2025-07-14T13:26:08.119+05:30 DEBUG 17208 --- [Fashion-Nest-Application] [           main] o.h.boot.model.internal.AnnotatedColumn  : Binding column: AnnotatedJoinColumn()
2025-07-14T13:26:08.119+05:30 DEBUG 17208 --- [Fashion-Nest-Application] [           main] o.h.boot.model.internal.AnnotatedColumn  : Binding column: AnnotatedJoinColumn()
2025-07-14T13:26:08.119+05:30 DEBUG 17208 --- [Fashion-Nest-Application] [           main] o.h.b.model.internal.CollectionBinder    : Collection role: com.fashionnest.Fashion_Nest_Application.model.User.ratings
2025-07-14T13:26:08.119+05:30 DEBUG 17208 --- [Fashion-Nest-Application] [           main] o.h.boot.model.internal.PropertyBinder   : Building property ratings
2025-07-14T13:26:08.119+05:30 DEBUG 17208 --- [Fashion-Nest-Application] [           main] o.h.boot.model.internal.AnnotatedColumn  : Binding column: AnnotatedJoinColumn()
2025-07-14T13:26:08.119+05:30 DEBUG 17208 --- [Fashion-Nest-Application] [           main] o.h.boot.model.internal.AnnotatedColumn  : Binding column: AnnotatedColumn()
2025-07-14T13:26:08.119+05:30 DEBUG 17208 --- [Fashion-Nest-Application] [           main] o.h.boot.model.internal.AnnotatedColumn  : Binding column: IndexColumn(column='reviews_ORDER')
2025-07-14T13:26:08.120+05:30 DEBUG 17208 --- [Fashion-Nest-Application] [           main] o.h.boot.model.internal.AnnotatedColumn  : Binding column: AnnotatedColumn()
2025-07-14T13:26:08.120+05:30 DEBUG 17208 --- [Fashion-Nest-Application] [           main] o.h.boot.model.internal.AnnotatedColumn  : Binding column: AnnotatedColumn(column='reviews_KEY')
2025-07-14T13:26:08.120+05:30 DEBUG 17208 --- [Fashion-Nest-Application] [           main] o.h.boot.model.internal.AnnotatedColumn  : Binding column: AnnotatedJoinColumn(column='reviews_KEY')
2025-07-14T13:26:08.120+05:30 DEBUG 17208 --- [Fashion-Nest-Application] [           main] o.h.boot.model.internal.AnnotatedColumn  : Binding column: AnnotatedJoinColumn()
2025-07-14T13:26:08.120+05:30 DEBUG 17208 --- [Fashion-Nest-Application] [           main] o.h.boot.model.internal.AnnotatedColumn  : Binding column: AnnotatedJoinColumn()
2025-07-14T13:26:08.120+05:30 DEBUG 17208 --- [Fashion-Nest-Application] [           main] o.h.b.model.internal.CollectionBinder    : Collection role: com.fashionnest.Fashion_Nest_Application.model.User.reviews
2025-07-14T13:26:08.120+05:30 DEBUG 17208 --- [Fashion-Nest-Application] [           main] o.h.boot.model.internal.PropertyBinder   : Building property reviews
2025-07-14T13:26:08.120+05:30 DEBUG 17208 --- [Fashion-Nest-Application] [           main] o.h.boot.model.internal.AnnotatedColumn  : Binding column: AnnotatedColumn()
2025-07-14T13:26:08.121+05:30 DEBUG 17208 --- [Fashion-Nest-Application] [           main] o.h.boot.model.internal.PropertyBinder   : MetadataSourceProcessor property role with lazy=false
2025-07-14T13:26:08.121+05:30 DEBUG 17208 --- [Fashion-Nest-Application] [           main] o.h.b.m.internal.AbstractPropertyHolder  : Attempting to locate auto-apply AttributeConverter for property [com.fashionnest.Fashion_Nest_Application.model.User:role]
2025-07-14T13:26:08.121+05:30 DEBUG 17208 --- [Fashion-Nest-Application] [           main] o.h.b.model.internal.BasicValueBinder    : building BasicValue for role
2025-07-14T13:26:08.121+05:30 DEBUG 17208 --- [Fashion-Nest-Application] [           main] org.hibernate.mapping.BasicValue         : Skipping column re-registration: user.role
2025-07-14T13:26:08.121+05:30 DEBUG 17208 --- [Fashion-Nest-Application] [           main] o.h.boot.model.internal.PropertyBinder   : Building property role
2025-07-14T13:26:08.122+05:30 DEBUG 17208 --- [Fashion-Nest-Application] [           main] o.h.b.r.c.i.ClassLoaderServiceImpl       : HHH000194: Package not found or no package-info.java: com.fashionnest.Fashion_Nest_Application.model
2025-07-14T13:26:08.126+05:30 DEBUG 17208 --- [Fashion-Nest-Application] [           main] o.h.b.model.internal.BasicValueBinder    : Starting `BasicValueBinder#fillSimpleValue` for id
2025-07-14T13:26:08.129+05:30 DEBUG 17208 --- [Fashion-Nest-Application] [           main] o.h.b.model.internal.BasicValueBinder    : Starting `BasicValueBinder#fillSimpleValue` for city
2025-07-14T13:26:08.129+05:30 DEBUG 17208 --- [Fashion-Nest-Application] [           main] o.h.b.model.internal.BasicValueBinder    : Starting `BasicValueBinder#fillSimpleValue` for firstName
2025-07-14T13:26:08.129+05:30 DEBUG 17208 --- [Fashion-Nest-Application] [           main] o.h.b.model.internal.BasicValueBinder    : Starting `BasicValueBinder#fillSimpleValue` for lastName
2025-07-14T13:26:08.129+05:30 DEBUG 17208 --- [Fashion-Nest-Application] [           main] o.h.b.model.internal.BasicValueBinder    : Starting `BasicValueBinder#fillSimpleValue` for mobile
2025-07-14T13:26:08.129+05:30 DEBUG 17208 --- [Fashion-Nest-Application] [           main] o.h.b.model.internal.BasicValueBinder    : Starting `BasicValueBinder#fillSimpleValue` for state
2025-07-14T13:26:08.129+05:30 DEBUG 17208 --- [Fashion-Nest-Application] [           main] o.h.b.model.internal.BasicValueBinder    : Starting `BasicValueBinder#fillSimpleValue` for streetAddress
2025-07-14T13:26:08.129+05:30 DEBUG 17208 --- [Fashion-Nest-Application] [           main] o.h.b.model.internal.BasicValueBinder    : Starting `BasicValueBinder#fillSimpleValue` for zipCode
2025-07-14T13:26:08.130+05:30 DEBUG 17208 --- [Fashion-Nest-Application] [           main] o.h.b.model.internal.BasicValueBinder    : Starting `BasicValueBinder#fillSimpleValue` for id
2025-07-14T13:26:08.130+05:30 DEBUG 17208 --- [Fashion-Nest-Application] [           main] o.h.b.model.internal.BasicValueBinder    : Starting `BasicValueBinder#fillSimpleValue` for discount
2025-07-14T13:26:08.130+05:30 DEBUG 17208 --- [Fashion-Nest-Application] [           main] o.h.b.model.internal.BasicValueBinder    : Starting `BasicValueBinder#fillSimpleValue` for totalDiscountedPrice
2025-07-14T13:26:08.130+05:30 DEBUG 17208 --- [Fashion-Nest-Application] [           main] o.h.b.model.internal.BasicValueBinder    : Starting `BasicValueBinder#fillSimpleValue` for totalItem
2025-07-14T13:26:08.130+05:30 DEBUG 17208 --- [Fashion-Nest-Application] [           main] o.h.b.model.internal.BasicValueBinder    : Starting `BasicValueBinder#fillSimpleValue` for totalPrice
2025-07-14T13:26:08.130+05:30 DEBUG 17208 --- [Fashion-Nest-Application] [           main] o.h.b.model.internal.BasicValueBinder    : Starting `BasicValueBinder#fillSimpleValue` for id
2025-07-14T13:26:08.130+05:30 DEBUG 17208 --- [Fashion-Nest-Application] [           main] o.h.b.model.internal.BasicValueBinder    : Starting `BasicValueBinder#fillSimpleValue` for discountedPrice
2025-07-14T13:26:08.130+05:30 DEBUG 17208 --- [Fashion-Nest-Application] [           main] o.h.b.model.internal.BasicValueBinder    : Starting `BasicValueBinder#fillSimpleValue` for price
2025-07-14T13:26:08.130+05:30 DEBUG 17208 --- [Fashion-Nest-Application] [           main] o.h.b.model.internal.BasicValueBinder    : Starting `BasicValueBinder#fillSimpleValue` for quantity
2025-07-14T13:26:08.130+05:30 DEBUG 17208 --- [Fashion-Nest-Application] [           main] o.h.b.model.internal.BasicValueBinder    : Starting `BasicValueBinder#fillSimpleValue` for size
2025-07-14T13:26:08.130+05:30 DEBUG 17208 --- [Fashion-Nest-Application] [           main] o.h.b.model.internal.BasicValueBinder    : Starting `BasicValueBinder#fillSimpleValue` for userId
2025-07-14T13:26:08.130+05:30 DEBUG 17208 --- [Fashion-Nest-Application] [           main] o.h.b.model.internal.BasicValueBinder    : Starting `BasicValueBinder#fillSimpleValue` for id
2025-07-14T13:26:08.130+05:30 DEBUG 17208 --- [Fashion-Nest-Application] [           main] o.h.b.model.internal.BasicValueBinder    : Starting `BasicValueBinder#fillSimpleValue` for level
2025-07-14T13:26:08.130+05:30 DEBUG 17208 --- [Fashion-Nest-Application] [           main] o.h.b.model.internal.BasicValueBinder    : Starting `BasicValueBinder#fillSimpleValue` for name
2025-07-14T13:26:08.130+05:30 DEBUG 17208 --- [Fashion-Nest-Application] [           main] o.h.b.model.internal.BasicValueBinder    : Starting `BasicValueBinder#fillSimpleValue` for id
2025-07-14T13:26:08.154+05:30 DEBUG 17208 --- [Fashion-Nest-Application] [           main] o.h.b.model.internal.BasicValueBinder    : Starting `BasicValueBinder#fillSimpleValue` for createdAt
2025-07-14T13:26:08.176+05:30 DEBUG 17208 --- [Fashion-Nest-Application] [           main] o.h.b.model.internal.BasicValueBinder    : Starting `BasicValueBinder#fillSimpleValue` for deliveryDate
2025-07-14T13:26:08.176+05:30 DEBUG 17208 --- [Fashion-Nest-Application] [           main] o.h.b.model.internal.BasicValueBinder    : Starting `BasicValueBinder#fillSimpleValue` for discount
2025-07-14T13:26:08.177+05:30 DEBUG 17208 --- [Fashion-Nest-Application] [           main] o.h.b.model.internal.BasicValueBinder    : Starting `BasicValueBinder#fillSimpleValue` for orderDate
2025-07-14T13:26:08.177+05:30 DEBUG 17208 --- [Fashion-Nest-Application] [           main] o.h.b.model.internal.BasicValueBinder    : Starting `BasicValueBinder#fillSimpleValue` for orderId
2025-07-14T13:26:08.177+05:30 DEBUG 17208 --- [Fashion-Nest-Application] [           main] o.h.b.model.internal.BasicValueBinder    : Starting `BasicValueBinder#fillSimpleValue` for orderStatus
2025-07-14T13:26:08.177+05:30 DEBUG 17208 --- [Fashion-Nest-Application] [           main] o.h.b.model.internal.BasicValueBinder    : Starting `BasicValueBinder#fillSimpleValue` for paymentId
2025-07-14T13:26:08.177+05:30 DEBUG 17208 --- [Fashion-Nest-Application] [           main] o.h.b.model.internal.BasicValueBinder    : Starting `BasicValueBinder#fillSimpleValue` for paymentMethod
2025-07-14T13:26:08.177+05:30 DEBUG 17208 --- [Fashion-Nest-Application] [           main] o.h.b.model.internal.BasicValueBinder    : Starting `BasicValueBinder#fillSimpleValue` for razorpayPaymentId
2025-07-14T13:26:08.177+05:30 DEBUG 17208 --- [Fashion-Nest-Application] [           main] o.h.b.model.internal.BasicValueBinder    : Starting `BasicValueBinder#fillSimpleValue` for razorpayPaymentLinkId
2025-07-14T13:26:08.177+05:30 DEBUG 17208 --- [Fashion-Nest-Application] [           main] o.h.b.model.internal.BasicValueBinder    : Starting `BasicValueBinder#fillSimpleValue` for razorpayPaymentLinkReferenceId
2025-07-14T13:26:08.177+05:30 DEBUG 17208 --- [Fashion-Nest-Application] [           main] o.h.b.model.internal.BasicValueBinder    : Starting `BasicValueBinder#fillSimpleValue` for razorpayPaymentLinkStatus
2025-07-14T13:26:08.177+05:30 DEBUG 17208 --- [Fashion-Nest-Application] [           main] o.h.b.model.internal.BasicValueBinder    : Starting `BasicValueBinder#fillSimpleValue` for status
2025-07-14T13:26:08.177+05:30 DEBUG 17208 --- [Fashion-Nest-Application] [           main] o.h.b.model.internal.BasicValueBinder    : Starting `BasicValueBinder#fillSimpleValue` for totalDiscountedPrice
2025-07-14T13:26:08.177+05:30 DEBUG 17208 --- [Fashion-Nest-Application] [           main] o.h.b.model.internal.BasicValueBinder    : Starting `BasicValueBinder#fillSimpleValue` for totalItem
2025-07-14T13:26:08.178+05:30 DEBUG 17208 --- [Fashion-Nest-Application] [           main] o.h.b.model.internal.BasicValueBinder    : Starting `BasicValueBinder#fillSimpleValue` for totalPrice
2025-07-14T13:26:08.178+05:30 DEBUG 17208 --- [Fashion-Nest-Application] [           main] o.h.b.model.internal.BasicValueBinder    : Starting `BasicValueBinder#fillSimpleValue` for id
2025-07-14T13:26:08.178+05:30 DEBUG 17208 --- [Fashion-Nest-Application] [           main] o.h.b.model.internal.BasicValueBinder    : Starting `BasicValueBinder#fillSimpleValue` for deliveryDate
2025-07-14T13:26:08.178+05:30 DEBUG 17208 --- [Fashion-Nest-Application] [           main] o.h.b.model.internal.BasicValueBinder    : Starting `BasicValueBinder#fillSimpleValue` for discountedPrice
2025-07-14T13:26:08.178+05:30 DEBUG 17208 --- [Fashion-Nest-Application] [           main] o.h.b.model.internal.BasicValueBinder    : Starting `BasicValueBinder#fillSimpleValue` for price
2025-07-14T13:26:08.178+05:30 DEBUG 17208 --- [Fashion-Nest-Application] [           main] o.h.b.model.internal.BasicValueBinder    : Starting `BasicValueBinder#fillSimpleValue` for quantity
2025-07-14T13:26:08.179+05:30 DEBUG 17208 --- [Fashion-Nest-Application] [           main] o.h.b.model.internal.BasicValueBinder    : Starting `BasicValueBinder#fillSimpleValue` for size
2025-07-14T13:26:08.179+05:30 DEBUG 17208 --- [Fashion-Nest-Application] [           main] o.h.b.model.internal.BasicValueBinder    : Starting `BasicValueBinder#fillSimpleValue` for userId
2025-07-14T13:26:08.179+05:30 DEBUG 17208 --- [Fashion-Nest-Application] [           main] o.h.b.model.internal.BasicValueBinder    : Starting `BasicValueBinder#fillSimpleValue` for id
2025-07-14T13:26:08.184+05:30 DEBUG 17208 --- [Fashion-Nest-Application] [           main] o.h.b.model.internal.BasicValueBinder    : Starting `BasicValueBinder#fillSimpleValue` for brand
2025-07-14T13:26:08.185+05:30 DEBUG 17208 --- [Fashion-Nest-Application] [           main] o.h.b.model.internal.BasicValueBinder    : Starting `BasicValueBinder#fillSimpleValue` for color
2025-07-14T13:26:08.185+05:30 DEBUG 17208 --- [Fashion-Nest-Application] [           main] o.h.b.model.internal.BasicValueBinder    : Starting `BasicValueBinder#fillSimpleValue` for createdAt
2025-07-14T13:26:08.185+05:30 DEBUG 17208 --- [Fashion-Nest-Application] [           main] o.h.b.model.internal.BasicValueBinder    : Starting `BasicValueBinder#fillSimpleValue` for description
2025-07-14T13:26:08.185+05:30 DEBUG 17208 --- [Fashion-Nest-Application] [           main] o.h.b.model.internal.BasicValueBinder    : Starting `BasicValueBinder#fillSimpleValue` for discountPercent
2025-07-14T13:26:08.185+05:30 DEBUG 17208 --- [Fashion-Nest-Application] [           main] o.h.b.model.internal.BasicValueBinder    : Starting `BasicValueBinder#fillSimpleValue` for discountedPrice
2025-07-14T13:26:08.185+05:30 DEBUG 17208 --- [Fashion-Nest-Application] [           main] o.h.b.model.internal.BasicValueBinder    : Starting `BasicValueBinder#fillSimpleValue` for imageUrl
2025-07-14T13:26:08.186+05:30 DEBUG 17208 --- [Fashion-Nest-Application] [           main] o.h.b.model.internal.BasicValueBinder    : Starting `BasicValueBinder#fillSimpleValue` for numRatings
2025-07-14T13:26:08.186+05:30 DEBUG 17208 --- [Fashion-Nest-Application] [           main] o.h.b.model.internal.BasicValueBinder    : Starting `BasicValueBinder#fillSimpleValue` for price
2025-07-14T13:26:08.186+05:30 DEBUG 17208 --- [Fashion-Nest-Application] [           main] o.h.b.model.internal.BasicValueBinder    : Starting `BasicValueBinder#fillSimpleValue` for quantity
2025-07-14T13:26:08.186+05:30 DEBUG 17208 --- [Fashion-Nest-Application] [           main] o.h.b.model.internal.BasicValueBinder    : Starting `BasicValueBinder#fillSimpleValue` for title
2025-07-14T13:26:08.186+05:30 DEBUG 17208 --- [Fashion-Nest-Application] [           main] o.h.b.model.internal.BasicValueBinder    : Starting `BasicValueBinder#fillSimpleValue` for id
2025-07-14T13:26:08.186+05:30 DEBUG 17208 --- [Fashion-Nest-Application] [           main] o.h.b.model.internal.BasicValueBinder    : Starting `BasicValueBinder#fillSimpleValue` for createdAt
2025-07-14T13:26:08.187+05:30 DEBUG 17208 --- [Fashion-Nest-Application] [           main] o.h.b.model.internal.BasicValueBinder    : Starting `BasicValueBinder#fillSimpleValue` for rating
2025-07-14T13:26:08.188+05:30 DEBUG 17208 --- [Fashion-Nest-Application] [           main] o.h.b.model.internal.BasicValueBinder    : Starting `BasicValueBinder#fillSimpleValue` for id
2025-07-14T13:26:08.189+05:30 DEBUG 17208 --- [Fashion-Nest-Application] [           main] o.h.b.model.internal.BasicValueBinder    : Starting `BasicValueBinder#fillSimpleValue` for createdAt
2025-07-14T13:26:08.189+05:30 DEBUG 17208 --- [Fashion-Nest-Application] [           main] o.h.b.model.internal.BasicValueBinder    : Starting `BasicValueBinder#fillSimpleValue` for review
2025-07-14T13:26:08.189+05:30 DEBUG 17208 --- [Fashion-Nest-Application] [           main] o.h.b.model.internal.BasicValueBinder    : Starting `BasicValueBinder#fillSimpleValue` for id
2025-07-14T13:26:08.189+05:30 DEBUG 17208 --- [Fashion-Nest-Application] [           main] o.h.b.model.internal.BasicValueBinder    : Starting `BasicValueBinder#fillSimpleValue` for createdAt
2025-07-14T13:26:08.189+05:30 DEBUG 17208 --- [Fashion-Nest-Application] [           main] o.h.b.model.internal.BasicValueBinder    : Starting `BasicValueBinder#fillSimpleValue` for email
2025-07-14T13:26:08.189+05:30 DEBUG 17208 --- [Fashion-Nest-Application] [           main] o.h.b.model.internal.BasicValueBinder    : Starting `BasicValueBinder#fillSimpleValue` for firstName
2025-07-14T13:26:08.189+05:30 DEBUG 17208 --- [Fashion-Nest-Application] [           main] o.h.b.model.internal.BasicValueBinder    : Starting `BasicValueBinder#fillSimpleValue` for lastName
2025-07-14T13:26:08.189+05:30 DEBUG 17208 --- [Fashion-Nest-Application] [           main] o.h.b.model.internal.BasicValueBinder    : Starting `BasicValueBinder#fillSimpleValue` for password
2025-07-14T13:26:08.189+05:30 DEBUG 17208 --- [Fashion-Nest-Application] [           main] o.h.b.model.internal.BasicValueBinder    : Starting `BasicValueBinder#fillSimpleValue` for role
2025-07-14T13:26:08.221+05:30 DEBUG 17208 --- [Fashion-Nest-Application] [           main] org.hibernate.mapping.PrimaryKey         : Forcing column [id] to be non-null as it is part of the primary key for table [address]
2025-07-14T13:26:08.221+05:30 DEBUG 17208 --- [Fashion-Nest-Application] [           main] org.hibernate.mapping.PrimaryKey         : Forcing column [id] to be non-null as it is part of the primary key for table [cart]
2025-07-14T13:26:08.221+05:30 DEBUG 17208 --- [Fashion-Nest-Application] [           main] org.hibernate.mapping.PrimaryKey         : Forcing column [id] to be non-null as it is part of the primary key for table [cart_item]
2025-07-14T13:26:08.221+05:30 DEBUG 17208 --- [Fashion-Nest-Application] [           main] org.hibernate.mapping.PrimaryKey         : Forcing column [id] to be non-null as it is part of the primary key for table [category]
2025-07-14T13:26:08.221+05:30 DEBUG 17208 --- [Fashion-Nest-Application] [           main] org.hibernate.mapping.PrimaryKey         : Forcing column [id] to be non-null as it is part of the primary key for table [orders]
2025-07-14T13:26:08.221+05:30 DEBUG 17208 --- [Fashion-Nest-Application] [           main] org.hibernate.mapping.PrimaryKey         : Forcing column [id] to be non-null as it is part of the primary key for table [order_item]
2025-07-14T13:26:08.222+05:30 DEBUG 17208 --- [Fashion-Nest-Application] [           main] org.hibernate.mapping.PrimaryKey         : Forcing column [id] to be non-null as it is part of the primary key for table [product]
2025-07-14T13:26:08.222+05:30 DEBUG 17208 --- [Fashion-Nest-Application] [           main] org.hibernate.mapping.PrimaryKey         : Forcing column [id] to be non-null as it is part of the primary key for table [rating]
2025-07-14T13:26:08.222+05:30 DEBUG 17208 --- [Fashion-Nest-Application] [           main] org.hibernate.mapping.PrimaryKey         : Forcing column [id] to be non-null as it is part of the primary key for table [review]
2025-07-14T13:26:08.222+05:30 DEBUG 17208 --- [Fashion-Nest-Application] [           main] org.hibernate.mapping.PrimaryKey         : Forcing column [id] to be non-null as it is part of the primary key for table [user]
2025-07-14T13:26:08.222+05:30 DEBUG 17208 --- [Fashion-Nest-Application] [           main] o.h.b.m.internal.CollectionSecondPass    : Second pass for collection: com.fashionnest.Fashion_Nest_Application.model.User.paymentInformation
2025-07-14T13:26:08.222+05:30 DEBUG 17208 --- [Fashion-Nest-Application] [           main] o.h.b.model.internal.CollectionBinder    : Binding a collection of element: com.fashionnest.Fashion_Nest_Application.model.User.paymentInformation
2025-07-14T13:26:08.223+05:30 DEBUG 17208 --- [Fashion-Nest-Application] [           main] o.h.b.r.c.i.ClassLoaderServiceImpl       : HHH000194: Package not found or no package-info.java: com.fashionnest.Fashion_Nest_Application.model
2025-07-14T13:26:08.226+05:30 DEBUG 17208 --- [Fashion-Nest-Application] [           main] o.h.boot.model.internal.AnnotatedColumn  : Binding column: AnnotatedColumn(column='card_number')
2025-07-14T13:26:08.226+05:30 DEBUG 17208 --- [Fashion-Nest-Application] [           main] o.h.boot.model.internal.PropertyBinder   : MetadataSourceProcessor property cardNumber with lazy=false
2025-07-14T13:26:08.226+05:30 DEBUG 17208 --- [Fashion-Nest-Application] [           main] o.h.b.m.internal.AbstractPropertyHolder  : Attempting to locate auto-apply AttributeConverter for property [com.fashionnest.Fashion_Nest_Application.model.User.paymentInformation.collection&&element:cardNumber]
2025-07-14T13:26:08.226+05:30 DEBUG 17208 --- [Fashion-Nest-Application] [           main] o.h.b.model.internal.BasicValueBinder    : building BasicValue for cardNumber
2025-07-14T13:26:08.227+05:30 DEBUG 17208 --- [Fashion-Nest-Application] [           main] org.hibernate.mapping.BasicValue         : Skipping column re-registration: payment_information.card_number
2025-07-14T13:26:08.227+05:30 DEBUG 17208 --- [Fashion-Nest-Application] [           main] o.h.b.model.internal.BasicValueBinder    : Starting `BasicValueBinder#fillSimpleValue` for cardNumber
2025-07-14T13:26:08.227+05:30 DEBUG 17208 --- [Fashion-Nest-Application] [           main] o.h.boot.model.internal.PropertyBinder   : Building property cardNumber
2025-07-14T13:26:08.227+05:30 DEBUG 17208 --- [Fashion-Nest-Application] [           main] o.h.boot.model.internal.AnnotatedColumn  : Binding column: AnnotatedColumn(column='cardholder_name')
2025-07-14T13:26:08.227+05:30 DEBUG 17208 --- [Fashion-Nest-Application] [           main] o.h.boot.model.internal.PropertyBinder   : MetadataSourceProcessor property cardholderName with lazy=false
2025-07-14T13:26:08.227+05:30 DEBUG 17208 --- [Fashion-Nest-Application] [           main] o.h.b.m.internal.AbstractPropertyHolder  : Attempting to locate auto-apply AttributeConverter for property [com.fashionnest.Fashion_Nest_Application.model.User.paymentInformation.collection&&element:cardholderName]
2025-07-14T13:26:08.227+05:30 DEBUG 17208 --- [Fashion-Nest-Application] [           main] o.h.b.model.internal.BasicValueBinder    : building BasicValue for cardholderName
2025-07-14T13:26:08.227+05:30 DEBUG 17208 --- [Fashion-Nest-Application] [           main] org.hibernate.mapping.BasicValue         : Skipping column re-registration: payment_information.cardholder_name
2025-07-14T13:26:08.228+05:30 DEBUG 17208 --- [Fashion-Nest-Application] [           main] o.h.b.model.internal.BasicValueBinder    : Starting `BasicValueBinder#fillSimpleValue` for cardholderName
2025-07-14T13:26:08.228+05:30 DEBUG 17208 --- [Fashion-Nest-Application] [           main] o.h.boot.model.internal.PropertyBinder   : Building property cardholderName
2025-07-14T13:26:08.228+05:30 DEBUG 17208 --- [Fashion-Nest-Application] [           main] o.h.boot.model.internal.AnnotatedColumn  : Binding column: AnnotatedColumn(column='cvv')
2025-07-14T13:26:08.228+05:30 DEBUG 17208 --- [Fashion-Nest-Application] [           main] o.h.boot.model.internal.PropertyBinder   : MetadataSourceProcessor property cvv with lazy=false
2025-07-14T13:26:08.228+05:30 DEBUG 17208 --- [Fashion-Nest-Application] [           main] o.h.b.m.internal.AbstractPropertyHolder  : Attempting to locate auto-apply AttributeConverter for property [com.fashionnest.Fashion_Nest_Application.model.User.paymentInformation.collection&&element:cvv]
2025-07-14T13:26:08.228+05:30 DEBUG 17208 --- [Fashion-Nest-Application] [           main] o.h.b.model.internal.BasicValueBinder    : building BasicValue for cvv
2025-07-14T13:26:08.228+05:30 DEBUG 17208 --- [Fashion-Nest-Application] [           main] org.hibernate.mapping.BasicValue         : Skipping column re-registration: payment_information.cvv
2025-07-14T13:26:08.228+05:30 DEBUG 17208 --- [Fashion-Nest-Application] [           main] o.h.b.model.internal.BasicValueBinder    : Starting `BasicValueBinder#fillSimpleValue` for cvv
2025-07-14T13:26:08.228+05:30 DEBUG 17208 --- [Fashion-Nest-Application] [           main] o.h.boot.model.internal.PropertyBinder   : Building property cvv
2025-07-14T13:26:08.228+05:30 DEBUG 17208 --- [Fashion-Nest-Application] [           main] o.h.boot.model.internal.AnnotatedColumn  : Binding column: AnnotatedColumn(column='expiration_date')
2025-07-14T13:26:08.229+05:30 DEBUG 17208 --- [Fashion-Nest-Application] [           main] o.h.boot.model.internal.PropertyBinder   : MetadataSourceProcessor property expirationDate with lazy=false
2025-07-14T13:26:08.229+05:30 DEBUG 17208 --- [Fashion-Nest-Application] [           main] o.h.b.m.internal.AbstractPropertyHolder  : Attempting to locate auto-apply AttributeConverter for property [com.fashionnest.Fashion_Nest_Application.model.User.paymentInformation.collection&&element:expirationDate]
2025-07-14T13:26:08.229+05:30 DEBUG 17208 --- [Fashion-Nest-Application] [           main] o.h.b.model.internal.BasicValueBinder    : building BasicValue for expirationDate
2025-07-14T13:26:08.229+05:30 DEBUG 17208 --- [Fashion-Nest-Application] [           main] org.hibernate.mapping.BasicValue         : Skipping column re-registration: payment_information.expiration_date
2025-07-14T13:26:08.229+05:30 DEBUG 17208 --- [Fashion-Nest-Application] [           main] o.h.b.model.internal.BasicValueBinder    : Starting `BasicValueBinder#fillSimpleValue` for expirationDate
2025-07-14T13:26:08.229+05:30 DEBUG 17208 --- [Fashion-Nest-Application] [           main] o.h.boot.model.internal.PropertyBinder   : Building property expirationDate
2025-07-14T13:26:08.231+05:30 DEBUG 17208 --- [Fashion-Nest-Application] [           main] o.h.b.m.internal.CollectionSecondPass    : Mapped collection key: user_id, element: card_number, cardholder_name, cvv, expiration_date
2025-07-14T13:26:08.231+05:30 DEBUG 17208 --- [Fashion-Nest-Application] [           main] o.h.b.m.internal.CollectionSecondPass    : Second pass for collection: com.fashionnest.Fashion_Nest_Application.model.Product.sizes
2025-07-14T13:26:08.231+05:30 DEBUG 17208 --- [Fashion-Nest-Application] [           main] o.h.b.model.internal.CollectionBinder    : Binding a collection of element: com.fashionnest.Fashion_Nest_Application.model.Product.sizes
2025-07-14T13:26:08.234+05:30 DEBUG 17208 --- [Fashion-Nest-Application] [           main] o.h.b.r.c.i.ClassLoaderServiceImpl       : HHH000194: Package not found or no package-info.java: com.fashionnest.Fashion_Nest_Application.model
2025-07-14T13:26:08.237+05:30 DEBUG 17208 --- [Fashion-Nest-Application] [           main] o.h.boot.model.internal.AnnotatedColumn  : Binding column: AnnotatedColumn()
2025-07-14T13:26:08.237+05:30 DEBUG 17208 --- [Fashion-Nest-Application] [           main] o.h.boot.model.internal.PropertyBinder   : MetadataSourceProcessor property name with lazy=false
2025-07-14T13:26:08.237+05:30 DEBUG 17208 --- [Fashion-Nest-Application] [           main] o.h.b.m.internal.AbstractPropertyHolder  : Attempting to locate auto-apply AttributeConverter for property [com.fashionnest.Fashion_Nest_Application.model.Product.sizes.collection&&element:name]
2025-07-14T13:26:08.237+05:30 DEBUG 17208 --- [Fashion-Nest-Application] [           main] o.h.b.model.internal.BasicValueBinder    : building BasicValue for name
2025-07-14T13:26:08.237+05:30 DEBUG 17208 --- [Fashion-Nest-Application] [           main] org.hibernate.mapping.BasicValue         : Skipping column re-registration: product_sizes.name
2025-07-14T13:26:08.237+05:30 DEBUG 17208 --- [Fashion-Nest-Application] [           main] o.h.b.model.internal.BasicValueBinder    : Starting `BasicValueBinder#fillSimpleValue` for name
2025-07-14T13:26:08.237+05:30 DEBUG 17208 --- [Fashion-Nest-Application] [           main] o.h.boot.model.internal.PropertyBinder   : Building property name
2025-07-14T13:26:08.237+05:30 DEBUG 17208 --- [Fashion-Nest-Application] [           main] o.h.boot.model.internal.AnnotatedColumn  : Binding column: AnnotatedColumn()
2025-07-14T13:26:08.237+05:30 DEBUG 17208 --- [Fashion-Nest-Application] [           main] o.h.boot.model.internal.PropertyBinder   : MetadataSourceProcessor property quantity with lazy=false
2025-07-14T13:26:08.237+05:30 DEBUG 17208 --- [Fashion-Nest-Application] [           main] o.h.b.m.internal.AbstractPropertyHolder  : Attempting to locate auto-apply AttributeConverter for property [com.fashionnest.Fashion_Nest_Application.model.Product.sizes.collection&&element:quantity]
2025-07-14T13:26:08.237+05:30 DEBUG 17208 --- [Fashion-Nest-Application] [           main] o.h.b.model.internal.BasicValueBinder    : building BasicValue for quantity
2025-07-14T13:26:08.237+05:30 DEBUG 17208 --- [Fashion-Nest-Application] [           main] org.hibernate.mapping.BasicValue         : Skipping column re-registration: product_sizes.quantity
2025-07-14T13:26:08.237+05:30 DEBUG 17208 --- [Fashion-Nest-Application] [           main] o.h.b.model.internal.BasicValueBinder    : Starting `BasicValueBinder#fillSimpleValue` for quantity
2025-07-14T13:26:08.237+05:30 DEBUG 17208 --- [Fashion-Nest-Application] [           main] o.h.boot.model.internal.PropertyBinder   : Building property quantity
2025-07-14T13:26:08.238+05:30 DEBUG 17208 --- [Fashion-Nest-Application] [           main] org.hibernate.mapping.PrimaryKey         : Forcing column [product_id] to be non-null as it is part of the primary key for table [product_sizes]
2025-07-14T13:26:08.238+05:30 DEBUG 17208 --- [Fashion-Nest-Application] [           main] o.h.b.m.internal.CollectionSecondPass    : Mapped collection key: product_id, element: name, quantity
2025-07-14T13:26:08.240+05:30 DEBUG 17208 --- [Fashion-Nest-Application] [           main] o.h.b.m.internal.CollectionSecondPass    : Second pass for collection: com.fashionnest.Fashion_Nest_Application.model.Cart.cartItems
2025-07-14T13:26:08.240+05:30 DEBUG 17208 --- [Fashion-Nest-Application] [           main] o.h.b.model.internal.CollectionBinder    : Binding a OneToMany: com.fashionnest.Fashion_Nest_Application.model.Cart.cartItems through a foreign key
2025-07-14T13:26:08.241+05:30 DEBUG 17208 --- [Fashion-Nest-Application] [           main] o.h.b.model.internal.CollectionBinder    : Mapping collection: com.fashionnest.Fashion_Nest_Application.model.Cart.cartItems -> cart_item
2025-07-14T13:26:08.242+05:30 DEBUG 17208 --- [Fashion-Nest-Application] [           main] o.h.boot.model.internal.TableBinder      : Retrieving property com.fashionnest.Fashion_Nest_Application.model.CartItem.cart
2025-07-14T13:26:08.242+05:30 DEBUG 17208 --- [Fashion-Nest-Application] [           main] o.h.b.m.internal.CollectionSecondPass    : Mapped collection key: cart_id, one-to-many: com.fashionnest.Fashion_Nest_Application.model.CartItem
2025-07-14T13:26:08.242+05:30 DEBUG 17208 --- [Fashion-Nest-Application] [           main] o.h.b.m.internal.CollectionSecondPass    : Second pass for collection: com.fashionnest.Fashion_Nest_Application.model.Order.orderItems
2025-07-14T13:26:08.242+05:30 DEBUG 17208 --- [Fashion-Nest-Application] [           main] o.h.b.model.internal.CollectionBinder    : Binding a OneToMany: com.fashionnest.Fashion_Nest_Application.model.Order.orderItems through a foreign key
2025-07-14T13:26:08.242+05:30 DEBUG 17208 --- [Fashion-Nest-Application] [           main] o.h.b.model.internal.CollectionBinder    : Mapping collection: com.fashionnest.Fashion_Nest_Application.model.Order.orderItems -> order_item
2025-07-14T13:26:08.242+05:30 DEBUG 17208 --- [Fashion-Nest-Application] [           main] o.h.boot.model.internal.TableBinder      : Retrieving property com.fashionnest.Fashion_Nest_Application.model.OrderItem.order
2025-07-14T13:26:08.242+05:30 DEBUG 17208 --- [Fashion-Nest-Application] [           main] o.h.b.m.internal.CollectionSecondPass    : Mapped collection key: order_id, one-to-many: com.fashionnest.Fashion_Nest_Application.model.OrderItem
2025-07-14T13:26:08.265+05:30 DEBUG 17208 --- [Fashion-Nest-Application] [           main] o.h.b.m.internal.CollectionSecondPass    : Second pass for collection: com.fashionnest.Fashion_Nest_Application.model.Product.ratings
2025-07-14T13:26:08.265+05:30 DEBUG 17208 --- [Fashion-Nest-Application] [           main] o.h.b.model.internal.CollectionBinder    : Binding a OneToMany: com.fashionnest.Fashion_Nest_Application.model.Product.ratings through a foreign key
2025-07-14T13:26:08.265+05:30 DEBUG 17208 --- [Fashion-Nest-Application] [           main] o.h.b.model.internal.CollectionBinder    : Mapping collection: com.fashionnest.Fashion_Nest_Application.model.Product.ratings -> rating
2025-07-14T13:26:08.265+05:30 DEBUG 17208 --- [Fashion-Nest-Application] [           main] o.h.boot.model.internal.TableBinder      : Retrieving property com.fashionnest.Fashion_Nest_Application.model.Rating.product
2025-07-14T13:26:08.266+05:30 DEBUG 17208 --- [Fashion-Nest-Application] [           main] o.h.b.m.internal.CollectionSecondPass    : Mapped collection key: product_id, one-to-many: com.fashionnest.Fashion_Nest_Application.model.Rating
2025-07-14T13:26:08.266+05:30 DEBUG 17208 --- [Fashion-Nest-Application] [           main] o.h.b.m.internal.CollectionSecondPass    : Second pass for collection: com.fashionnest.Fashion_Nest_Application.model.Product.reviews
2025-07-14T13:26:08.266+05:30 DEBUG 17208 --- [Fashion-Nest-Application] [           main] o.h.b.model.internal.CollectionBinder    : Binding a OneToMany: com.fashionnest.Fashion_Nest_Application.model.Product.reviews through a foreign key
2025-07-14T13:26:08.266+05:30 DEBUG 17208 --- [Fashion-Nest-Application] [           main] o.h.b.model.internal.CollectionBinder    : Mapping collection: com.fashionnest.Fashion_Nest_Application.model.Product.reviews -> review
2025-07-14T13:26:08.266+05:30 DEBUG 17208 --- [Fashion-Nest-Application] [           main] o.h.boot.model.internal.TableBinder      : Retrieving property com.fashionnest.Fashion_Nest_Application.model.Review.product
2025-07-14T13:26:08.266+05:30 DEBUG 17208 --- [Fashion-Nest-Application] [           main] o.h.b.m.internal.CollectionSecondPass    : Mapped collection key: product_id, one-to-many: com.fashionnest.Fashion_Nest_Application.model.Review
2025-07-14T13:26:08.266+05:30 DEBUG 17208 --- [Fashion-Nest-Application] [           main] o.h.b.m.internal.CollectionSecondPass    : Second pass for collection: com.fashionnest.Fashion_Nest_Application.model.User.address
2025-07-14T13:26:08.267+05:30 DEBUG 17208 --- [Fashion-Nest-Application] [           main] o.h.b.model.internal.CollectionBinder    : Binding a OneToMany: com.fashionnest.Fashion_Nest_Application.model.User.address through a foreign key
2025-07-14T13:26:08.267+05:30 DEBUG 17208 --- [Fashion-Nest-Application] [           main] o.h.b.model.internal.CollectionBinder    : Mapping collection: com.fashionnest.Fashion_Nest_Application.model.User.address -> address
2025-07-14T13:26:08.267+05:30 DEBUG 17208 --- [Fashion-Nest-Application] [           main] o.h.boot.model.internal.TableBinder      : Retrieving property com.fashionnest.Fashion_Nest_Application.model.Address.user
2025-07-14T13:26:08.267+05:30 DEBUG 17208 --- [Fashion-Nest-Application] [           main] o.h.b.m.internal.CollectionSecondPass    : Mapped collection key: user_id, one-to-many: com.fashionnest.Fashion_Nest_Application.model.Address
2025-07-14T13:26:08.267+05:30 DEBUG 17208 --- [Fashion-Nest-Application] [           main] o.h.b.m.internal.CollectionSecondPass    : Second pass for collection: com.fashionnest.Fashion_Nest_Application.model.User.ratings
2025-07-14T13:26:08.267+05:30 DEBUG 17208 --- [Fashion-Nest-Application] [           main] o.h.b.model.internal.CollectionBinder    : Binding a OneToMany: com.fashionnest.Fashion_Nest_Application.model.User.ratings through a foreign key
2025-07-14T13:26:08.267+05:30 DEBUG 17208 --- [Fashion-Nest-Application] [           main] o.h.b.model.internal.CollectionBinder    : Mapping collection: com.fashionnest.Fashion_Nest_Application.model.User.ratings -> rating
2025-07-14T13:26:08.267+05:30 DEBUG 17208 --- [Fashion-Nest-Application] [           main] o.h.boot.model.internal.TableBinder      : Retrieving property com.fashionnest.Fashion_Nest_Application.model.Rating.user
2025-07-14T13:26:08.267+05:30 DEBUG 17208 --- [Fashion-Nest-Application] [           main] o.h.b.m.internal.CollectionSecondPass    : Mapped collection key: user_id, one-to-many: com.fashionnest.Fashion_Nest_Application.model.Rating
2025-07-14T13:26:08.267+05:30 DEBUG 17208 --- [Fashion-Nest-Application] [           main] o.h.b.m.internal.CollectionSecondPass    : Second pass for collection: com.fashionnest.Fashion_Nest_Application.model.User.reviews
2025-07-14T13:26:08.267+05:30 DEBUG 17208 --- [Fashion-Nest-Application] [           main] o.h.b.model.internal.CollectionBinder    : Binding a OneToMany: com.fashionnest.Fashion_Nest_Application.model.User.reviews through a foreign key
2025-07-14T13:26:08.267+05:30 DEBUG 17208 --- [Fashion-Nest-Application] [           main] o.h.b.model.internal.CollectionBinder    : Mapping collection: com.fashionnest.Fashion_Nest_Application.model.User.reviews -> review
2025-07-14T13:26:08.268+05:30 DEBUG 17208 --- [Fashion-Nest-Application] [           main] o.h.boot.model.internal.TableBinder      : Retrieving property com.fashionnest.Fashion_Nest_Application.model.Review.user
2025-07-14T13:26:08.268+05:30 DEBUG 17208 --- [Fashion-Nest-Application] [           main] o.h.b.m.internal.CollectionSecondPass    : Mapped collection key: user_id, one-to-many: com.fashionnest.Fashion_Nest_Application.model.Review
2025-07-14T13:26:08.401+05:30 DEBUG 17208 --- [Fashion-Nest-Application] [           main] o.hibernate.internal.SessionFactoryImpl  : Building session factory
2025-07-14T13:26:08.476+05:30 DEBUG 17208 --- [Fashion-Nest-Application] [           main] .h.s.i.SessionFactoryServiceRegistryImpl : EventListenerRegistry access via ServiceRegistry is deprecated.  Use `sessionFactory.getEventEngine().getListenerRegistry()` instead
2025-07-14T13:26:08.476+05:30 DEBUG 17208 --- [Fashion-Nest-Application] [           main] o.hibernate.internal.SessionFactoryImpl  : Instantiating SessionFactory with settings: {java.specification.version=21, sun.cpu.isalist=amd64, hibernate.resource.beans.container=org.springframework.orm.hibernate5.SpringBeanContainer@35260785, hibernate.connection.handling_mode=DELAYED_ACQUISITION_AND_HOLD, sun.jnu.encoding=Cp1252, hibernate.dialect=org.hibernate.dialect.MySQLDialect, hibernate.implicit_naming_strategy=org.springframework.boot.orm.jpa.hibernate.SpringImplicitNamingStrategy, java.class.path=F:\FashionNextEcom-Project\Fashion-Nest-Application\target\test-classes;F:\FashionNextEcom-Project\Fashion-Nest-Application\target\classes;C:\Users\HP\.m2\repository\org\springframework\boot\spring-boot-starter-data-jpa\3.3.3\spring-boot-starter-data-jpa-3.3.3.jar;C:\Users\HP\.m2\repository\org\springframework\boot\spring-boot-starter-aop\3.3.3\spring-boot-starter-aop-3.3.3.jar;C:\Users\HP\.m2\repository\org\aspectj\aspectjweaver\1.9.22.1\aspectjweaver-1.9.22.1.jar;C:\Users\HP\.m2\repository\org\springframework\boot\spring-boot-starter-jdbc\3.3.3\spring-boot-starter-jdbc-3.3.3.jar;C:\Users\HP\.m2\repository\com\zaxxer\HikariCP\5.1.0\HikariCP-5.1.0.jar;C:\Users\HP\.m2\repository\org\springframework\spring-jdbc\6.1.12\spring-jdbc-6.1.12.jar;C:\Users\HP\.m2\repository\org\hibernate\orm\hibernate-core\6.5.2.Final\hibernate-core-6.5.2.Final.jar;C:\Users\HP\.m2\repository\jakarta\persistence\jakarta.persistence-api\3.1.0\jakarta.persistence-api-3.1.0.jar;C:\Users\HP\.m2\repository\jakarta\transaction\jakarta.transaction-api\2.0.1\jakarta.transaction-api-2.0.1.jar;C:\Users\HP\.m2\repository\org\jboss\logging\jboss-logging\3.5.3.Final\jboss-logging-3.5.3.Final.jar;C:\Users\HP\.m2\repository\org\hibernate\common\hibernate-commons-annotations\6.0.6.Final\hibernate-commons-annotations-6.0.6.Final.jar;C:\Users\HP\.m2\repository\io\smallrye\jandex\3.1.2\jandex-3.1.2.jar;C:\Users\HP\.m2\repository\com\fasterxml\classmate\1.7.0\classmate-1.7.0.jar;C:\Users\HP\.m2\repository\net\bytebuddy\byte-buddy\1.14.19\byte-buddy-1.14.19.jar;C:\Users\HP\.m2\repository\org\glassfish\jaxb\jaxb-runtime\4.0.5\jaxb-runtime-4.0.5.jar;C:\Users\HP\.m2\repository\org\glassfish\jaxb\jaxb-core\4.0.5\jaxb-core-4.0.5.jar;C:\Users\HP\.m2\repository\org\eclipse\angus\angus-activation\2.0.2\angus-activation-2.0.2.jar;C:\Users\HP\.m2\repository\org\glassfish\jaxb\txw2\4.0.5\txw2-4.0.5.jar;C:\Users\HP\.m2\repository\com\sun\istack\istack-commons-runtime\4.1.2\istack-commons-runtime-4.1.2.jar;C:\Users\HP\.m2\repository\jakarta\inject\jakarta.inject-api\2.0.1\jakarta.inject-api-2.0.1.jar;C:\Users\HP\.m2\repository\org\antlr\antlr4-runtime\4.13.0\antlr4-runtime-4.13.0.jar;C:\Users\HP\.m2\repository\org\springframework\data\spring-data-jpa\3.3.3\spring-data-jpa-3.3.3.jar;C:\Users\HP\.m2\repository\org\springframework\data\spring-data-commons\3.3.3\spring-data-commons-3.3.3.jar;C:\Users\HP\.m2\repository\org\springframework\spring-orm\6.1.12\spring-orm-6.1.12.jar;C:\Users\HP\.m2\repository\org\springframework\spring-context\6.1.12\spring-context-6.1.12.jar;C:\Users\HP\.m2\repository\org\springframework\spring-tx\6.1.12\spring-tx-6.1.12.jar;C:\Users\HP\.m2\repository\org\springframework\spring-beans\6.1.12\spring-beans-6.1.12.jar;C:\Users\HP\.m2\repository\jakarta\annotation\jakarta.annotation-api\2.1.1\jakarta.annotation-api-2.1.1.jar;C:\Users\HP\.m2\repository\org\slf4j\slf4j-api\2.0.16\slf4j-api-2.0.16.jar;C:\Users\HP\.m2\repository\org\springframework\spring-aspects\6.1.12\spring-aspects-6.1.12.jar;C:\Users\HP\.m2\repository\org\springframework\boot\spring-boot-starter-security\3.3.3\spring-boot-starter-security-3.3.3.jar;C:\Users\HP\.m2\repository\org\springframework\boot\spring-boot-starter\3.3.3\spring-boot-starter-3.3.3.jar;C:\Users\HP\.m2\repository\org\springframework\boot\spring-boot-starter-logging\3.3.3\spring-boot-starter-logging-3.3.3.jar;C:\Users\HP\.m2\repository\ch\qos\logback\logback-classic\1.5.7\logback-classic-1.5.7.jar;C:\Users\HP\.m2\repository\ch\qos\logback\logback-core\1.5.7\logback-core-1.5.7.jar;C:\Users\HP\.m2\repository\org\apache\logging\log4j\log4j-to-slf4j\2.23.1\log4j-to-slf4j-2.23.1.jar;C:\Users\HP\.m2\repository\org\apache\logging\log4j\log4j-api\2.23.1\log4j-api-2.23.1.jar;C:\Users\HP\.m2\repository\org\slf4j\jul-to-slf4j\2.0.16\jul-to-slf4j-2.0.16.jar;C:\Users\HP\.m2\repository\org\yaml\snakeyaml\2.2\snakeyaml-2.2.jar;C:\Users\HP\.m2\repository\org\springframework\spring-aop\6.1.12\spring-aop-6.1.12.jar;C:\Users\HP\.m2\repository\org\springframework\security\spring-security-config\6.3.3\spring-security-config-6.3.3.jar;C:\Users\HP\.m2\repository\org\springframework\security\spring-security-web\6.3.3\spring-security-web-6.3.3.jar;C:\Users\HP\.m2\repository\org\springframework\spring-expression\6.1.12\spring-expression-6.1.12.jar;C:\Users\HP\.m2\repository\org\springframework\boot\spring-boot-starter-validation\3.3.3\spring-boot-starter-validation-3.3.3.jar;C:\Users\HP\.m2\repository\org\apache\tomcat\embed\tomcat-embed-el\10.1.28\tomcat-embed-el-10.1.28.jar;C:\Users\HP\.m2\repository\org\hibernate\validator\hibernate-validator\8.0.1.Final\hibernate-validator-8.0.1.Final.jar;C:\Users\HP\.m2\repository\jakarta\validation\jakarta.validation-api\3.0.2\jakarta.validation-api-3.0.2.jar;C:\Users\HP\.m2\repository\org\springframework\boot\spring-boot-starter-web\3.3.3\spring-boot-starter-web-3.3.3.jar;C:\Users\HP\.m2\repository\org\springframework\boot\spring-boot-starter-json\3.3.3\spring-boot-starter-json-3.3.3.jar;C:\Users\HP\.m2\repository\com\fasterxml\jackson\datatype\jackson-datatype-jdk8\2.17.2\jackson-datatype-jdk8-2.17.2.jar;C:\Users\HP\.m2\repository\com\fasterxml\jackson\datatype\jackson-datatype-jsr310\2.17.2\jackson-datatype-jsr310-2.17.2.jar;C:\Users\HP\.m2\repository\com\fasterxml\jackson\module\jackson-module-parameter-names\2.17.2\jackson-module-parameter-names-2.17.2.jar;C:\Users\HP\.m2\repository\org\springframework\boot\spring-boot-starter-tomcat\3.3.3\spring-boot-starter-tomcat-3.3.3.jar;C:\Users\HP\.m2\repository\org\apache\tomcat\embed\tomcat-embed-core\10.1.28\tomcat-embed-core-10.1.28.jar;C:\Users\HP\.m2\repository\org\apache\tomcat\embed\tomcat-embed-websocket\10.1.28\tomcat-embed-websocket-10.1.28.jar;C:\Users\HP\.m2\repository\org\springframework\spring-web\6.1.12\spring-web-6.1.12.jar;C:\Users\HP\.m2\repository\io\micrometer\micrometer-observation\1.13.3\micrometer-observation-1.13.3.jar;C:\Users\HP\.m2\repository\io\micrometer\micrometer-commons\1.13.3\micrometer-commons-1.13.3.jar;C:\Users\HP\.m2\repository\org\springframework\spring-webmvc\6.1.12\spring-webmvc-6.1.12.jar;C:\Users\HP\.m2\repository\org\springframework\boot\spring-boot-devtools\3.3.3\spring-boot-devtools-3.3.3.jar;C:\Users\HP\.m2\repository\org\springframework\boot\spring-boot\3.3.3\spring-boot-3.3.3.jar;C:\Users\HP\.m2\repository\org\springframework\boot\spring-boot-autoconfigure\3.3.3\spring-boot-autoconfigure-3.3.3.jar;C:\Users\HP\.m2\repository\com\mysql\mysql-connector-j\8.3.0\mysql-connector-j-8.3.0.jar;C:\Users\HP\.m2\repository\org\projectlombok\lombok\1.18.34\lombok-1.18.34.jar;C:\Users\HP\.m2\repository\org\springframework\boot\spring-boot-starter-test\3.3.3\spring-boot-starter-test-3.3.3.jar;C:\Users\HP\.m2\repository\org\springframework\boot\spring-boot-test\3.3.3\spring-boot-test-3.3.3.jar;C:\Users\HP\.m2\repository\org\springframework\boot\spring-boot-test-autoconfigure\3.3.3\spring-boot-test-autoconfigure-3.3.3.jar;C:\Users\HP\.m2\repository\com\jayway\jsonpath\json-path\2.9.0\json-path-2.9.0.jar;C:\Users\HP\.m2\repository\jakarta\xml\bind\jakarta.xml.bind-api\4.0.2\jakarta.xml.bind-api-4.0.2.jar;C:\Users\HP\.m2\repository\jakarta\activation\jakarta.activation-api\2.1.3\jakarta.activation-api-2.1.3.jar;C:\Users\HP\.m2\repository\net\minidev\json-smart\2.5.1\json-smart-2.5.1.jar;C:\Users\HP\.m2\repository\net\minidev\accessors-smart\2.5.1\accessors-smart-2.5.1.jar;C:\Users\HP\.m2\repository\org\ow2\asm\asm\9.6\asm-9.6.jar;C:\Users\HP\.m2\repository\org\assertj\assertj-core\3.25.3\assertj-core-3.25.3.jar;C:\Users\HP\.m2\repository\org\awaitility\awaitility\4.2.2\awaitility-4.2.2.jar;C:\Users\HP\.m2\repository\org\hamcrest\hamcrest\2.2\hamcrest-2.2.jar;C:\Users\HP\.m2\repository\org\junit\jupiter\junit-jupiter\5.10.3\junit-jupiter-5.10.3.jar;C:\Users\HP\.m2\repository\org\junit\jupiter\junit-jupiter-api\5.10.3\junit-jupiter-api-5.10.3.jar;C:\Users\HP\.m2\repository\org\opentest4j\opentest4j\1.3.0\opentest4j-1.3.0.jar;C:\Users\HP\.m2\repository\org\junit\platform\junit-platform-commons\1.10.3\junit-platform-commons-1.10.3.jar;C:\Users\HP\.m2\repository\org\apiguardian\apiguardian-api\1.1.2\apiguardian-api-1.1.2.jar;C:\Users\HP\.m2\repository\org\junit\jupiter\junit-jupiter-params\5.10.3\junit-jupiter-params-5.10.3.jar;C:\Users\HP\.m2\repository\org\junit\jupiter\junit-jupiter-engine\5.10.3\junit-jupiter-engine-5.10.3.jar;C:\Users\HP\.m2\repository\org\junit\platform\junit-platform-engine\1.10.3\junit-platform-engine-1.10.3.jar;C:\Users\HP\.m2\repository\org\mockito\mockito-core\5.11.0\mockito-core-5.11.0.jar;C:\Users\HP\.m2\repository\net\bytebuddy\byte-buddy-agent\1.14.19\byte-buddy-agent-1.14.19.jar;C:\Users\HP\.m2\repository\org\objenesis\objenesis\3.3\objenesis-3.3.jar;C:\Users\HP\.m2\repository\org\mockito\mockito-junit-jupiter\5.11.0\mockito-junit-jupiter-5.11.0.jar;C:\Users\HP\.m2\repository\org\skyscreamer\jsonassert\1.5.3\jsonassert-1.5.3.jar;C:\Users\HP\.m2\repository\com\vaadin\external\google\android-json\0.0.20131108.vaadin1\android-json-0.0.20131108.vaadin1.jar;C:\Users\HP\.m2\repository\org\springframework\spring-core\6.1.12\spring-core-6.1.12.jar;C:\Users\HP\.m2\repository\org\springframework\spring-jcl\6.1.12\spring-jcl-6.1.12.jar;C:\Users\HP\.m2\repository\org\springframework\spring-test\6.1.12\spring-test-6.1.12.jar;C:\Users\HP\.m2\repository\org\xmlunit\xmlunit-core\2.9.1\xmlunit-core-2.9.1.jar;C:\Users\HP\.m2\repository\org\springframework\security\spring-security-test\6.3.3\spring-security-test-6.3.3.jar;C:\Users\HP\.m2\repository\org\springframework\security\spring-security-core\6.3.3\spring-security-core-6.3.3.jar;C:\Users\HP\.m2\repository\org\springframework\security\spring-security-crypto\6.3.3\spring-security-crypto-6.3.3.jar;C:\Users\HP\.m2\repository\io\jsonwebtoken\jjwt-api\0.11.5\jjwt-api-0.11.5.jar;C:\Users\HP\.m2\repository\io\jsonwebtoken\jjwt-impl\0.11.5\jjwt-impl-0.11.5.jar;C:\Users\HP\.m2\repository\io\jsonwebtoken\jjwt-jackson\0.11.5\jjwt-jackson-0.11.5.jar;C:\Users\HP\.m2\repository\com\fasterxml\jackson\core\jackson-databind\2.17.2\jackson-databind-2.17.2.jar;C:\Users\HP\.m2\repository\com\fasterxml\jackson\core\jackson-annotations\2.17.2\jackson-annotations-2.17.2.jar;C:\Users\HP\.m2\repository\com\fasterxml\jackson\core\jackson-core\2.17.2\jackson-core-2.17.2.jar;C:\Users\HP\.m2\repository\org\springdoc\springdoc-openapi-ui\1.7.0\springdoc-openapi-ui-1.7.0.jar;C:\Users\HP\.m2\repository\org\springdoc\springdoc-openapi-webmvc-core\1.7.0\springdoc-openapi-webmvc-core-1.7.0.jar;C:\Users\HP\.m2\repository\org\springdoc\springdoc-openapi-common\1.7.0\springdoc-openapi-common-1.7.0.jar;C:\Users\HP\.m2\repository\io\swagger\core\v3\swagger-core\2.2.9\swagger-core-2.2.9.jar;C:\Users\HP\.m2\repository\org\apache\commons\commons-lang3\3.14.0\commons-lang3-3.14.0.jar;C:\Users\HP\.m2\repository\com\fasterxml\jackson\dataformat\jackson-dataformat-yaml\2.17.2\jackson-dataformat-yaml-2.17.2.jar;C:\Users\HP\.m2\repository\io\swagger\core\v3\swagger-annotations\2.2.9\swagger-annotations-2.2.9.jar;C:\Users\HP\.m2\repository\io\swagger\core\v3\swagger-models\2.2.9\swagger-models-2.2.9.jar;C:\Users\HP\.m2\repository\org\webjars\swagger-ui\4.18.2\swagger-ui-4.18.2.jar;, java.vm.vendor=Oracle Corporation, sun.arch.data.model=64, user.variant=, java.vendor.url=https://java.oracle.com/, user.timezone=Asia/Calcutta, jakarta.persistence.sharedCache.mode=UNSPECIFIED, org.jboss.logging.provider=slf4j, java.vm.specification.version=21, os.name=Windows 11, jakarta.persistence.nonJtaDataSource=HikariDataSource (HikariPool-1), sun.java.launcher=SUN_STANDARD, user.country=IN, sun.boot.library.path=C:\Program Files\Java\jdk-21\bin, sun.java.command=C:\Users\HP\AppData\Local\Temp\surefire8620930926790910723\surefirebooter-20250714132555656_3.jar C:\Users\HP\AppData\Local\Temp\surefire8620930926790910723 2025-07-14T13-25-55_450-jvmRun1 surefire-20250714132555656_1tmp surefire_0-20250714132555656_2tmp, javax.persistence.nonJtaDataSource=HikariDataSource (HikariPool-1), hibernate.transaction.jta.platform=org.hibernate.engine.transaction.jta.platform.internal.NoJtaPlatform@76d828ff, jdk.debug=release, surefire.test.class.path=F:\FashionNextEcom-Project\Fashion-Nest-Application\target\test-classes;F:\FashionNextEcom-Project\Fashion-Nest-Application\target\classes;C:\Users\HP\.m2\repository\org\springframework\boot\spring-boot-starter-data-jpa\3.3.3\spring-boot-starter-data-jpa-3.3.3.jar;C:\Users\HP\.m2\repository\org\springframework\boot\spring-boot-starter-aop\3.3.3\spring-boot-starter-aop-3.3.3.jar;C:\Users\HP\.m2\repository\org\aspectj\aspectjweaver\1.9.22.1\aspectjweaver-1.9.22.1.jar;C:\Users\HP\.m2\repository\org\springframework\boot\spring-boot-starter-jdbc\3.3.3\spring-boot-starter-jdbc-3.3.3.jar;C:\Users\HP\.m2\repository\com\zaxxer\HikariCP\5.1.0\HikariCP-5.1.0.jar;C:\Users\HP\.m2\repository\org\springframework\spring-jdbc\6.1.12\spring-jdbc-6.1.12.jar;C:\Users\HP\.m2\repository\org\hibernate\orm\hibernate-core\6.5.2.Final\hibernate-core-6.5.2.Final.jar;C:\Users\HP\.m2\repository\jakarta\persistence\jakarta.persistence-api\3.1.0\jakarta.persistence-api-3.1.0.jar;C:\Users\HP\.m2\repository\jakarta\transaction\jakarta.transaction-api\2.0.1\jakarta.transaction-api-2.0.1.jar;C:\Users\HP\.m2\repository\org\jboss\logging\jboss-logging\3.5.3.Final\jboss-logging-3.5.3.Final.jar;C:\Users\HP\.m2\repository\org\hibernate\common\hibernate-commons-annotations\6.0.6.Final\hibernate-commons-annotations-6.0.6.Final.jar;C:\Users\HP\.m2\repository\io\smallrye\jandex\3.1.2\jandex-3.1.2.jar;C:\Users\HP\.m2\repository\com\fasterxml\classmate\1.7.0\classmate-1.7.0.jar;C:\Users\HP\.m2\repository\net\bytebuddy\byte-buddy\1.14.19\byte-buddy-1.14.19.jar;C:\Users\HP\.m2\repository\org\glassfish\jaxb\jaxb-runtime\4.0.5\jaxb-runtime-4.0.5.jar;C:\Users\HP\.m2\repository\org\glassfish\jaxb\jaxb-core\4.0.5\jaxb-core-4.0.5.jar;C:\Users\HP\.m2\repository\org\eclipse\angus\angus-activation\2.0.2\angus-activation-2.0.2.jar;C:\Users\HP\.m2\repository\org\glassfish\jaxb\txw2\4.0.5\txw2-4.0.5.jar;C:\Users\HP\.m2\repository\com\sun\istack\istack-commons-runtime\4.1.2\istack-commons-runtime-4.1.2.jar;C:\Users\HP\.m2\repository\jakarta\inject\jakarta.inject-api\2.0.1\jakarta.inject-api-2.0.1.jar;C:\Users\HP\.m2\repository\org\antlr\antlr4-runtime\4.13.0\antlr4-runtime-4.13.0.jar;C:\Users\HP\.m2\repository\org\springframework\data\spring-data-jpa\3.3.3\spring-data-jpa-3.3.3.jar;C:\Users\HP\.m2\repository\org\springframework\data\spring-data-commons\3.3.3\spring-data-commons-3.3.3.jar;C:\Users\HP\.m2\repository\org\springframework\spring-orm\6.1.12\spring-orm-6.1.12.jar;C:\Users\HP\.m2\repository\org\springframework\spring-context\6.1.12\spring-context-6.1.12.jar;C:\Users\HP\.m2\repository\org\springframework\spring-tx\6.1.12\spring-tx-6.1.12.jar;C:\Users\HP\.m2\repository\org\springframework\spring-beans\6.1.12\spring-beans-6.1.12.jar;C:\Users\HP\.m2\repository\jakarta\annotation\jakarta.annotation-api\2.1.1\jakarta.annotation-api-2.1.1.jar;C:\Users\HP\.m2\repository\org\slf4j\slf4j-api\2.0.16\slf4j-api-2.0.16.jar;C:\Users\HP\.m2\repository\org\springframework\spring-aspects\6.1.12\spring-aspects-6.1.12.jar;C:\Users\HP\.m2\repository\org\springframework\boot\spring-boot-starter-security\3.3.3\spring-boot-starter-security-3.3.3.jar;C:\Users\HP\.m2\repository\org\springframework\boot\spring-boot-starter\3.3.3\spring-boot-starter-3.3.3.jar;C:\Users\HP\.m2\repository\org\springframework\boot\spring-boot-starter-logging\3.3.3\spring-boot-starter-logging-3.3.3.jar;C:\Users\HP\.m2\repository\ch\qos\logback\logback-classic\1.5.7\logback-classic-1.5.7.jar;C:\Users\HP\.m2\repository\ch\qos\logback\logback-core\1.5.7\logback-core-1.5.7.jar;C:\Users\HP\.m2\repository\org\apache\logging\log4j\log4j-to-slf4j\2.23.1\log4j-to-slf4j-2.23.1.jar;C:\Users\HP\.m2\repository\org\apache\logging\log4j\log4j-api\2.23.1\log4j-api-2.23.1.jar;C:\Users\HP\.m2\repository\org\slf4j\jul-to-slf4j\2.0.16\jul-to-slf4j-2.0.16.jar;C:\Users\HP\.m2\repository\org\yaml\snakeyaml\2.2\snakeyaml-2.2.jar;C:\Users\HP\.m2\repository\org\springframework\spring-aop\6.1.12\spring-aop-6.1.12.jar;C:\Users\HP\.m2\repository\org\springframework\security\spring-security-config\6.3.3\spring-security-config-6.3.3.jar;C:\Users\HP\.m2\repository\org\springframework\security\spring-security-web\6.3.3\spring-security-web-6.3.3.jar;C:\Users\HP\.m2\repository\org\springframework\spring-expression\6.1.12\spring-expression-6.1.12.jar;C:\Users\HP\.m2\repository\org\springframework\boot\spring-boot-starter-validation\3.3.3\spring-boot-starter-validation-3.3.3.jar;C:\Users\HP\.m2\repository\org\apache\tomcat\embed\tomcat-embed-el\10.1.28\tomcat-embed-el-10.1.28.jar;C:\Users\HP\.m2\repository\org\hibernate\validator\hibernate-validator\8.0.1.Final\hibernate-validator-8.0.1.Final.jar;C:\Users\HP\.m2\repository\jakarta\validation\jakarta.validation-api\3.0.2\jakarta.validation-api-3.0.2.jar;C:\Users\HP\.m2\repository\org\springframework\boot\spring-boot-starter-web\3.3.3\spring-boot-starter-web-3.3.3.jar;C:\Users\HP\.m2\repository\org\springframework\boot\spring-boot-starter-json\3.3.3\spring-boot-starter-json-3.3.3.jar;C:\Users\HP\.m2\repository\com\fasterxml\jackson\datatype\jackson-datatype-jdk8\2.17.2\jackson-datatype-jdk8-2.17.2.jar;C:\Users\HP\.m2\repository\com\fasterxml\jackson\datatype\jackson-datatype-jsr310\2.17.2\jackson-datatype-jsr310-2.17.2.jar;C:\Users\HP\.m2\repository\com\fasterxml\jackson\module\jackson-module-parameter-names\2.17.2\jackson-module-parameter-names-2.17.2.jar;C:\Users\HP\.m2\repository\org\springframework\boot\spring-boot-starter-tomcat\3.3.3\spring-boot-starter-tomcat-3.3.3.jar;C:\Users\HP\.m2\repository\org\apache\tomcat\embed\tomcat-embed-core\10.1.28\tomcat-embed-core-10.1.28.jar;C:\Users\HP\.m2\repository\org\apache\tomcat\embed\tomcat-embed-websocket\10.1.28\tomcat-embed-websocket-10.1.28.jar;C:\Users\HP\.m2\repository\org\springframework\spring-web\6.1.12\spring-web-6.1.12.jar;C:\Users\HP\.m2\repository\io\micrometer\micrometer-observation\1.13.3\micrometer-observation-1.13.3.jar;C:\Users\HP\.m2\repository\io\micrometer\micrometer-commons\1.13.3\micrometer-commons-1.13.3.jar;C:\Users\HP\.m2\repository\org\springframework\spring-webmvc\6.1.12\spring-webmvc-6.1.12.jar;C:\Users\HP\.m2\repository\org\springframework\boot\spring-boot-devtools\3.3.3\spring-boot-devtools-3.3.3.jar;C:\Users\HP\.m2\repository\org\springframework\boot\spring-boot\3.3.3\spring-boot-3.3.3.jar;C:\Users\HP\.m2\repository\org\springframework\boot\spring-boot-autoconfigure\3.3.3\spring-boot-autoconfigure-3.3.3.jar;C:\Users\HP\.m2\repository\com\mysql\mysql-connector-j\8.3.0\mysql-connector-j-8.3.0.jar;C:\Users\HP\.m2\repository\org\projectlombok\lombok\1.18.34\lombok-1.18.34.jar;C:\Users\HP\.m2\repository\org\springframework\boot\spring-boot-starter-test\3.3.3\spring-boot-starter-test-3.3.3.jar;C:\Users\HP\.m2\repository\org\springframework\boot\spring-boot-test\3.3.3\spring-boot-test-3.3.3.jar;C:\Users\HP\.m2\repository\org\springframework\boot\spring-boot-test-autoconfigure\3.3.3\spring-boot-test-autoconfigure-3.3.3.jar;C:\Users\HP\.m2\repository\com\jayway\jsonpath\json-path\2.9.0\json-path-2.9.0.jar;C:\Users\HP\.m2\repository\jakarta\xml\bind\jakarta.xml.bind-api\4.0.2\jakarta.xml.bind-api-4.0.2.jar;C:\Users\HP\.m2\repository\jakarta\activation\jakarta.activation-api\2.1.3\jakarta.activation-api-2.1.3.jar;C:\Users\HP\.m2\repository\net\minidev\json-smart\2.5.1\json-smart-2.5.1.jar;C:\Users\HP\.m2\repository\net\minidev\accessors-smart\2.5.1\accessors-smart-2.5.1.jar;C:\Users\HP\.m2\repository\org\ow2\asm\asm\9.6\asm-9.6.jar;C:\Users\HP\.m2\repository\org\assertj\assertj-core\3.25.3\assertj-core-3.25.3.jar;C:\Users\HP\.m2\repository\org\awaitility\awaitility\4.2.2\awaitility-4.2.2.jar;C:\Users\HP\.m2\repository\org\hamcrest\hamcrest\2.2\hamcrest-2.2.jar;C:\Users\HP\.m2\repository\org\junit\jupiter\junit-jupiter\5.10.3\junit-jupiter-5.10.3.jar;C:\Users\HP\.m2\repository\org\junit\jupiter\junit-jupiter-api\5.10.3\junit-jupiter-api-5.10.3.jar;C:\Users\HP\.m2\repository\org\opentest4j\opentest4j\1.3.0\opentest4j-1.3.0.jar;C:\Users\HP\.m2\repository\org\junit\platform\junit-platform-commons\1.10.3\junit-platform-commons-1.10.3.jar;C:\Users\HP\.m2\repository\org\apiguardian\apiguardian-api\1.1.2\apiguardian-api-1.1.2.jar;C:\Users\HP\.m2\repository\org\junit\jupiter\junit-jupiter-params\5.10.3\junit-jupiter-params-5.10.3.jar;C:\Users\HP\.m2\repository\org\junit\jupiter\junit-jupiter-engine\5.10.3\junit-jupiter-engine-5.10.3.jar;C:\Users\HP\.m2\repository\org\junit\platform\junit-platform-engine\1.10.3\junit-platform-engine-1.10.3.jar;C:\Users\HP\.m2\repository\org\mockito\mockito-core\5.11.0\mockito-core-5.11.0.jar;C:\Users\HP\.m2\repository\net\bytebuddy\byte-buddy-agent\1.14.19\byte-buddy-agent-1.14.19.jar;C:\Users\HP\.m2\repository\org\objenesis\objenesis\3.3\objenesis-3.3.jar;C:\Users\HP\.m2\repository\org\mockito\mockito-junit-jupiter\5.11.0\mockito-junit-jupiter-5.11.0.jar;C:\Users\HP\.m2\repository\org\skyscreamer\jsonassert\1.5.3\jsonassert-1.5.3.jar;C:\Users\HP\.m2\repository\com\vaadin\external\google\android-json\0.0.20131108.vaadin1\android-json-0.0.20131108.vaadin1.jar;C:\Users\HP\.m2\repository\org\springframework\spring-core\6.1.12\spring-core-6.1.12.jar;C:\Users\HP\.m2\repository\org\springframework\spring-jcl\6.1.12\spring-jcl-6.1.12.jar;C:\Users\HP\.m2\repository\org\springframework\spring-test\6.1.12\spring-test-6.1.12.jar;C:\Users\HP\.m2\repository\org\xmlunit\xmlunit-core\2.9.1\xmlunit-core-2.9.1.jar;C:\Users\HP\.m2\repository\org\springframework\security\spring-security-test\6.3.3\spring-security-test-6.3.3.jar;C:\Users\HP\.m2\repository\org\springframework\security\spring-security-core\6.3.3\spring-security-core-6.3.3.jar;C:\Users\HP\.m2\repository\org\springframework\security\spring-security-crypto\6.3.3\spring-security-crypto-6.3.3.jar;C:\Users\HP\.m2\repository\io\jsonwebtoken\jjwt-api\0.11.5\jjwt-api-0.11.5.jar;C:\Users\HP\.m2\repository\io\jsonwebtoken\jjwt-impl\0.11.5\jjwt-impl-0.11.5.jar;C:\Users\HP\.m2\repository\io\jsonwebtoken\jjwt-jackson\0.11.5\jjwt-jackson-0.11.5.jar;C:\Users\HP\.m2\repository\com\fasterxml\jackson\core\jackson-databind\2.17.2\jackson-databind-2.17.2.jar;C:\Users\HP\.m2\repository\com\fasterxml\jackson\core\jackson-annotations\2.17.2\jackson-annotations-2.17.2.jar;C:\Users\HP\.m2\repository\com\fasterxml\jackson\core\jackson-core\2.17.2\jackson-core-2.17.2.jar;C:\Users\HP\.m2\repository\org\springdoc\springdoc-openapi-ui\1.7.0\springdoc-openapi-ui-1.7.0.jar;C:\Users\HP\.m2\repository\org\springdoc\springdoc-openapi-webmvc-core\1.7.0\springdoc-openapi-webmvc-core-1.7.0.jar;C:\Users\HP\.m2\repository\org\springdoc\springdoc-openapi-common\1.7.0\springdoc-openapi-common-1.7.0.jar;C:\Users\HP\.m2\repository\io\swagger\core\v3\swagger-core\2.2.9\swagger-core-2.2.9.jar;C:\Users\HP\.m2\repository\org\apache\commons\commons-lang3\3.14.0\commons-lang3-3.14.0.jar;C:\Users\HP\.m2\repository\com\fasterxml\jackson\dataformat\jackson-dataformat-yaml\2.17.2\jackson-dataformat-yaml-2.17.2.jar;C:\Users\HP\.m2\repository\io\swagger\core\v3\swagger-annotations\2.2.9\swagger-annotations-2.2.9.jar;C:\Users\HP\.m2\repository\io\swagger\core\v3\swagger-models\2.2.9\swagger-models-2.2.9.jar;C:\Users\HP\.m2\repository\org\webjars\swagger-ui\4.18.2\swagger-ui-4.18.2.jar;, sun.cpu.endian=little, hibernate.cdi.extensions=true, user.home=C:\Users\HP, user.language=en, java.specification.vendor=Oracle Corporation, java.version.date=2023-10-17, java.home=C:\Program Files\Java\jdk-21, file.separator=\, basedir=F:\FashionNextEcom-Project\Fashion-Nest-Application, java.vm.compressedOopsMode=32-bit, line.separator=
, hibernate.persistenceUnitName=default, java.vm.specification.vendor=Oracle Corporation, java.specification.name=Java Platform API Specification, FILE_LOG_CHARSET=UTF-8, hibernate.transaction.coordinator_class=class org.hibernate.resource.transaction.backend.jdbc.internal.JdbcResourceLocalTransactionCoordinatorBuilderImpl, java.awt.headless=true, surefire.real.class.path=C:\Users\HP\AppData\Local\Temp\surefire8620930926790910723\surefirebooter-20250714132555656_3.jar, jakarta.persistence.validation.mode=AUTO, hibernate.hbm2ddl.auto=update, user.script=, sun.management.compiler=HotSpot 64-Bit Tiered Compilers, java.runtime.version=21.0.1+12-LTS-29, user.name=HP, stdout.encoding=Cp1252, path.separator=;, os.version=10.0, java.runtime.name=Java(TM) SE Runtime Environment, file.encoding=UTF-8, java.vm.name=Java HotSpot(TM) 64-Bit Server VM, hibernate.show_sql=true, localRepository=C:\Users\HP\.m2\repository, java.vendor.url.bug=https://bugreport.java.com/bugreport/, java.io.tmpdir=C:\Users\HP\AppData\Local\Temp\, idea.version=2024.3.2, java.version=21.0.1, hibernate.physical_naming_strategy=org.hibernate.boot.model.naming.CamelCaseToUnderscoresNamingStrategy, user.dir=F:\FashionNextEcom-Project\Fashion-Nest-Application, os.arch=amd64, java.vm.specification.name=Java Virtual Machine Specification, PID=17208, sun.os.patch.level=, CONSOLE_LOG_CHARSET=UTF-8, hibernate.boot.CfgXmlAccessService.key=org.hibernate.boot.registry.StandardServiceRegistryBuilder$1@39685204, native.encoding=Cp1252, java.library.path=C:\Program Files\Java\jdk-21\bin;C:\WINDOWS\Sun\Java\bin;C:\WINDOWS\system32;C:\WINDOWS;C:\Program Files\Java\jdk-17\bin;C:\Program Files\Java\jdk-21\bin;C:\MinGW\bin;C:\Program Files\Common Files\Oracle\Java\javapath;C:\windows\system32;C:\Program Files\MySQL\MySQL Server 8.0\bin;C:\windows;C:\windows\System32\Wbem;C:\windows\System32\WindowsPowerShell\v1.0\;C:\windows\System32\OpenSSH\;C:\Program Files (x86)\NVIDIA Corporation\PhysX\Common;C:\Program Files\NVIDIA Corporation\NVIDIA NvDLISR;C:\WINDOWS\system32;C:\WINDOWS;C:\WINDOWS\System32\Wbem;C:\WINDOWS\System32\WindowsPowerShell\v1.0\;C:\WINDOWS\System32\OpenSSH\;C:\Program Files\Git\cmd;C:\Program Files\Docker\Docker\resources\bin;C:\Maven\apache-maven-3.9.9-bin\apache-maven-3.9.9\bin;C:\ProgramData\chocolatey\bin;C:\Program Files\nodejs\;C:\Users\HP\AppData\Local\Programs\Python\Python39\Scripts\;C:\Users\HP\AppData\Local\Programs\Python\Python39\;C:\Program Files\Java\jdk-17;C:\Users\HP\AppData\Local\Microsoft\WindowsApps;C:\Users\HP\AppData\Local\Programs\Microsoft VS Code\bin;C:\Program Files (x86)\mingw-w64\i686-8.1.0-posix-dwarf-rt_v6-rev0\mingw32\bin;C:\Program Files\JetBrains\IntelliJ IDEA Community Edition 2024.1.1\bin;;C:\Users\HP\AppData\Roaming\npm;C:\Program Files\Java\jdk-17\bin;C:\Users\HP\AppData\Local\Android\Sdk;C:\Users\HP\AppData\Local\Android\Sdk\tools;C:\Users\HP\AppData\Local\Android\Sdk\platform-tools;C:\Users\HP\AppData\Local\Android\Sdk\build-tools;C:\Users\HP\AppData\Local\Android\Sdk\emulator;C:\Users\HP\AppData\Local\Android\Sdk\platforms;C:\xampp\php;C:\Program Files\MongoDB\Server\8.0\bin;C:\Program Files\mongosh\;., stderr.encoding=Cp1252, java.vendor=Oracle Corporation, java.vm.info=mixed mode, sharing, java.vm.version=21.0.1+12-LTS-29, sun.io.unicode.encoding=UnicodeLittle, hibernate.archive.scanner=org.hibernate.boot.archive.scan.internal.DisabledScanner, hibernate.connection.datasource=HikariDataSource (HikariPool-1), java.class.version=65.0, LOGGED_APPLICATION_NAME=[Fashion-Nest-Application] }
2025-07-14T13:26:08.483+05:30 DEBUG 17208 --- [Fashion-Nest-Application] [           main] o.hibernate.internal.SessionFactoryImpl  : Session factory constructed with filter configurations : {}
2025-07-14T13:26:08.490+05:30 DEBUG 17208 --- [Fashion-Nest-Application] [           main] o.h.v.i.xml.config.ValidationXmlParser   : Trying to load META-INF/validation.xml for XML based Validator configuration.
2025-07-14T13:26:08.490+05:30 DEBUG 17208 --- [Fashion-Nest-Application] [           main] o.h.v.i.xml.config.ResourceLoaderHelper  : Trying to load META-INF/validation.xml via TCCL
2025-07-14T13:26:08.490+05:30 DEBUG 17208 --- [Fashion-Nest-Application] [           main] o.h.v.i.xml.config.ResourceLoaderHelper  : Trying to load META-INF/validation.xml via Hibernate Validator's class loader
2025-07-14T13:26:08.490+05:30 DEBUG 17208 --- [Fashion-Nest-Application] [           main] o.h.v.i.xml.config.ValidationXmlParser   : No META-INF/validation.xml found. Using annotation based configuration only.
2025-07-14T13:26:08.490+05:30 DEBUG 17208 --- [Fashion-Nest-Application] [           main] o.h.v.i.e.resolver.TraversableResolvers  : Found jakarta.persistence.Persistence on classpath containing 'getPersistenceUtil'. Assuming JPA 2 environment. Trying to instantiate JPA aware TraversableResolver
2025-07-14T13:26:08.490+05:30 DEBUG 17208 --- [Fashion-Nest-Application] [           main] o.h.v.i.e.resolver.TraversableResolvers  : Instantiated JPA aware TraversableResolver of type org.hibernate.validator.internal.engine.resolver.JPATraversableResolver.
2025-07-14T13:26:08.490+05:30 DEBUG 17208 --- [Fashion-Nest-Application] [           main] .h.v.m.ResourceBundleMessageInterpolator : Loaded expression factory via original TCCL
2025-07-14T13:26:08.492+05:30 DEBUG 17208 --- [Fashion-Nest-Application] [           main] .i.e.ValidatorFactoryConfigurationHelper : HV000252: Using org.hibernate.validator.internal.engine.DefaultPropertyNodeNameProvider as property node name provider.
2025-07-14T13:26:08.493+05:30 DEBUG 17208 --- [Fashion-Nest-Application] [           main] .i.e.ValidatorFactoryConfigurationHelper : HV000234: Using org.hibernate.validator.messageinterpolation.ResourceBundleMessageInterpolator as ValidatorFactory-scoped message interpolator.
2025-07-14T13:26:08.493+05:30 DEBUG 17208 --- [Fashion-Nest-Application] [           main] .i.e.ValidatorFactoryConfigurationHelper : HV000234: Using org.hibernate.validator.internal.engine.resolver.JPATraversableResolver as ValidatorFactory-scoped traversable resolver.
2025-07-14T13:26:08.493+05:30 DEBUG 17208 --- [Fashion-Nest-Application] [           main] .i.e.ValidatorFactoryConfigurationHelper : HV000234: Using org.hibernate.validator.internal.util.ExecutableParameterNameProvider as ValidatorFactory-scoped parameter name provider.
2025-07-14T13:26:08.493+05:30 DEBUG 17208 --- [Fashion-Nest-Application] [           main] .i.e.ValidatorFactoryConfigurationHelper : HV000234: Using org.hibernate.validator.internal.engine.DefaultClockProvider as ValidatorFactory-scoped clock provider.
2025-07-14T13:26:08.493+05:30 DEBUG 17208 --- [Fashion-Nest-Application] [           main] .i.e.ValidatorFactoryConfigurationHelper : HV000234: Using org.hibernate.validator.internal.engine.scripting.DefaultScriptEvaluatorFactory as ValidatorFactory-scoped script evaluator factory.
2025-07-14T13:26:08.494+05:30 DEBUG 17208 --- [Fashion-Nest-Application] [           main] o.h.boot.internal.ClassLoaderAccessImpl  : Not known whether passed class name [com.fashionnest.Fashion_Nest_Application.model.Address] is safe
2025-07-14T13:26:08.494+05:30 DEBUG 17208 --- [Fashion-Nest-Application] [           main] o.h.boot.internal.ClassLoaderAccessImpl  : No temp ClassLoader provided; using live ClassLoader for loading potentially unsafe class : com.fashionnest.Fashion_Nest_Application.model.Address
2025-07-14T13:26:08.535+05:30 DEBUG 17208 --- [Fashion-Nest-Application] [           main] o.h.boot.internal.ClassLoaderAccessImpl  : Not known whether passed class name [com.fashionnest.Fashion_Nest_Application.model.CartItem] is safe
2025-07-14T13:26:08.535+05:30 DEBUG 17208 --- [Fashion-Nest-Application] [           main] o.h.boot.internal.ClassLoaderAccessImpl  : No temp ClassLoader provided; using live ClassLoader for loading potentially unsafe class : com.fashionnest.Fashion_Nest_Application.model.CartItem
2025-07-14T13:26:08.541+05:30 DEBUG 17208 --- [Fashion-Nest-Application] [           main] o.h.boot.internal.ClassLoaderAccessImpl  : Not known whether passed class name [com.fashionnest.Fashion_Nest_Application.model.Category] is safe
2025-07-14T13:26:08.541+05:30 DEBUG 17208 --- [Fashion-Nest-Application] [           main] o.h.boot.internal.ClassLoaderAccessImpl  : No temp ClassLoader provided; using live ClassLoader for loading potentially unsafe class : com.fashionnest.Fashion_Nest_Application.model.Category
2025-07-14T13:26:08.566+05:30 DEBUG 17208 --- [Fashion-Nest-Application] [           main] o.h.boot.internal.ClassLoaderAccessImpl  : Not known whether passed class name [com.fashionnest.Fashion_Nest_Application.model.User] is safe
2025-07-14T13:26:08.566+05:30 DEBUG 17208 --- [Fashion-Nest-Application] [           main] o.h.boot.internal.ClassLoaderAccessImpl  : No temp ClassLoader provided; using live ClassLoader for loading potentially unsafe class : com.fashionnest.Fashion_Nest_Application.model.User
2025-07-14T13:26:08.572+05:30 DEBUG 17208 --- [Fashion-Nest-Application] [           main] o.h.boot.internal.ClassLoaderAccessImpl  : Not known whether passed class name [com.fashionnest.Fashion_Nest_Application.model.Cart] is safe
2025-07-14T13:26:08.572+05:30 DEBUG 17208 --- [Fashion-Nest-Application] [           main] o.h.boot.internal.ClassLoaderAccessImpl  : No temp ClassLoader provided; using live ClassLoader for loading potentially unsafe class : com.fashionnest.Fashion_Nest_Application.model.Cart
2025-07-14T13:26:08.577+05:30 DEBUG 17208 --- [Fashion-Nest-Application] [           main] o.h.boot.internal.ClassLoaderAccessImpl  : Not known whether passed class name [com.fashionnest.Fashion_Nest_Application.model.Rating] is safe
2025-07-14T13:26:08.577+05:30 DEBUG 17208 --- [Fashion-Nest-Application] [           main] o.h.boot.internal.ClassLoaderAccessImpl  : No temp ClassLoader provided; using live ClassLoader for loading potentially unsafe class : com.fashionnest.Fashion_Nest_Application.model.Rating
2025-07-14T13:26:08.581+05:30 DEBUG 17208 --- [Fashion-Nest-Application] [           main] o.h.boot.internal.ClassLoaderAccessImpl  : Not known whether passed class name [com.fashionnest.Fashion_Nest_Application.model.Order] is safe
2025-07-14T13:26:08.581+05:30 DEBUG 17208 --- [Fashion-Nest-Application] [           main] o.h.boot.internal.ClassLoaderAccessImpl  : No temp ClassLoader provided; using live ClassLoader for loading potentially unsafe class : com.fashionnest.Fashion_Nest_Application.model.Order
2025-07-14T13:26:08.590+05:30 DEBUG 17208 --- [Fashion-Nest-Application] [           main] o.h.boot.internal.ClassLoaderAccessImpl  : Not known whether passed class name [com.fashionnest.Fashion_Nest_Application.model.OrderItem] is safe
2025-07-14T13:26:08.590+05:30 DEBUG 17208 --- [Fashion-Nest-Application] [           main] o.h.boot.internal.ClassLoaderAccessImpl  : No temp ClassLoader provided; using live ClassLoader for loading potentially unsafe class : com.fashionnest.Fashion_Nest_Application.model.OrderItem
2025-07-14T13:26:08.594+05:30 DEBUG 17208 --- [Fashion-Nest-Application] [           main] o.h.boot.internal.ClassLoaderAccessImpl  : Not known whether passed class name [com.fashionnest.Fashion_Nest_Application.model.Product] is safe
2025-07-14T13:26:08.594+05:30 DEBUG 17208 --- [Fashion-Nest-Application] [           main] o.h.boot.internal.ClassLoaderAccessImpl  : No temp ClassLoader provided; using live ClassLoader for loading potentially unsafe class : com.fashionnest.Fashion_Nest_Application.model.Product
2025-07-14T13:26:08.603+05:30 DEBUG 17208 --- [Fashion-Nest-Application] [           main] o.h.boot.internal.ClassLoaderAccessImpl  : Not known whether passed class name [com.fashionnest.Fashion_Nest_Application.model.Review] is safe
2025-07-14T13:26:08.603+05:30 DEBUG 17208 --- [Fashion-Nest-Application] [           main] o.h.boot.internal.ClassLoaderAccessImpl  : No temp ClassLoader provided; using live ClassLoader for loading potentially unsafe class : com.fashionnest.Fashion_Nest_Application.model.Review
2025-07-14T13:26:08.608+05:30 DEBUG 17208 --- [Fashion-Nest-Application] [           main] .h.s.i.SessionFactoryServiceRegistryImpl : EventListenerRegistry access via ServiceRegistry is deprecated.  Use `sessionFactory.getEventEngine().getListenerRegistry()` instead
2025-07-14T13:26:08.690+05:30 DEBUG 17208 --- [Fashion-Nest-Application] [           main] o.h.q.sqm.function.SqmFunctionRegistry   : Registered SqmFunctionTemplate [NamedSqmFunctionTemplate(max)] under max; prior registration was null
2025-07-14T13:26:08.690+05:30 DEBUG 17208 --- [Fashion-Nest-Application] [           main] o.h.q.sqm.function.SqmFunctionRegistry   : Registered SqmFunctionTemplate [NamedSqmFunctionTemplate(min)] under min; prior registration was null
2025-07-14T13:26:08.690+05:30 DEBUG 17208 --- [Fashion-Nest-Application] [           main] o.h.q.sqm.function.SqmFunctionRegistry   : Registered SqmFunctionTemplate [NamedSqmFunctionTemplate(sum)] under sum; prior registration was null
2025-07-14T13:26:08.692+05:30 DEBUG 17208 --- [Fashion-Nest-Application] [           main] o.h.q.sqm.function.SqmFunctionRegistry   : Registered SqmFunctionTemplate [NamedSqmFunctionTemplate(avg)] under avg; prior registration was null
2025-07-14T13:26:08.694+05:30 DEBUG 17208 --- [Fashion-Nest-Application] [           main] o.h.q.sqm.function.SqmFunctionRegistry   : Registered SqmFunctionTemplate [org.hibernate.dialect.function.CountFunction@20163008] under count; prior registration was null
2025-07-14T13:26:08.695+05:30 DEBUG 17208 --- [Fashion-Nest-Application] [           main] o.h.q.sqm.function.SqmFunctionRegistry   : Registered SqmFunctionTemplate [org.hibernate.dialect.function.EveryAnyEmulation@1bbb48dd] under every; prior registration was null
2025-07-14T13:26:08.696+05:30 DEBUG 17208 --- [Fashion-Nest-Application] [           main] o.h.q.sqm.function.SqmFunctionRegistry   : Registered SqmFunctionTemplate [org.hibernate.dialect.function.EveryAnyEmulation@f9de1fd] under any; prior registration was null
2025-07-14T13:26:08.696+05:30 DEBUG 17208 --- [Fashion-Nest-Application] [           main] o.h.q.sqm.function.SqmFunctionRegistry   : Registered SqmFunctionTemplate [NamedSqmFunctionTemplate(floor)] under floor; prior registration was null
2025-07-14T13:26:08.696+05:30 DEBUG 17208 --- [Fashion-Nest-Application] [           main] o.h.q.sqm.function.SqmFunctionRegistry   : Registered SqmFunctionTemplate [NamedSqmFunctionTemplate(ceiling)] under ceiling; prior registration was null
2025-07-14T13:26:08.696+05:30 DEBUG 17208 --- [Fashion-Nest-Application] [           main] o.h.q.sqm.function.SqmFunctionRegistry   : Registered SqmFunctionTemplate [NamedSqmFunctionTemplate(mod)] under mod; prior registration was null
2025-07-14T13:26:08.696+05:30 DEBUG 17208 --- [Fashion-Nest-Application] [           main] o.h.q.sqm.function.SqmFunctionRegistry   : Registered SqmFunctionTemplate [NamedSqmFunctionTemplate(abs)] under abs; prior registration was null
2025-07-14T13:26:08.696+05:30 DEBUG 17208 --- [Fashion-Nest-Application] [           main] o.h.q.sqm.function.SqmFunctionRegistry   : Registered SqmFunctionTemplate [NamedSqmFunctionTemplate(sign)] under sign; prior registration was null
2025-07-14T13:26:08.696+05:30 DEBUG 17208 --- [Fashion-Nest-Application] [           main] o.h.q.sqm.function.SqmFunctionRegistry   : Registered SqmFunctionTemplate [NamedSqmFunctionTemplate(sqrt)] under sqrt; prior registration was null
2025-07-14T13:26:08.696+05:30 DEBUG 17208 --- [Fashion-Nest-Application] [           main] o.h.q.sqm.function.SqmFunctionRegistry   : Registered SqmFunctionTemplate [NamedSqmFunctionTemplate(ln)] under ln; prior registration was null
2025-07-14T13:26:08.696+05:30 DEBUG 17208 --- [Fashion-Nest-Application] [           main] o.h.q.sqm.function.SqmFunctionRegistry   : Registered SqmFunctionTemplate [NamedSqmFunctionTemplate(exp)] under exp; prior registration was null
2025-07-14T13:26:08.696+05:30 DEBUG 17208 --- [Fashion-Nest-Application] [           main] o.h.q.sqm.function.SqmFunctionRegistry   : Registered SqmFunctionTemplate [NamedSqmFunctionTemplate(power)] under power; prior registration was null
2025-07-14T13:26:08.697+05:30 DEBUG 17208 --- [Fashion-Nest-Application] [           main] o.h.q.sqm.function.SqmFunctionRegistry   : Registered SqmFunctionTemplate [NamedSqmFunctionTemplate(round)] under round; prior registration was null
2025-07-14T13:26:08.697+05:30 DEBUG 17208 --- [Fashion-Nest-Application] [           main] o.h.q.sqm.function.SqmFunctionRegistry   : Registered SqmFunctionTemplate [NamedSqmFunctionTemplate(sin)] under sin; prior registration was null
2025-07-14T13:26:08.697+05:30 DEBUG 17208 --- [Fashion-Nest-Application] [           main] o.h.q.sqm.function.SqmFunctionRegistry   : Registered SqmFunctionTemplate [NamedSqmFunctionTemplate(cos)] under cos; prior registration was null
2025-07-14T13:26:08.697+05:30 DEBUG 17208 --- [Fashion-Nest-Application] [           main] o.h.q.sqm.function.SqmFunctionRegistry   : Registered SqmFunctionTemplate [NamedSqmFunctionTemplate(tan)] under tan; prior registration was null
2025-07-14T13:26:08.697+05:30 DEBUG 17208 --- [Fashion-Nest-Application] [           main] o.h.q.sqm.function.SqmFunctionRegistry   : Registered SqmFunctionTemplate [NamedSqmFunctionTemplate(asin)] under asin; prior registration was null
2025-07-14T13:26:08.697+05:30 DEBUG 17208 --- [Fashion-Nest-Application] [           main] o.h.q.sqm.function.SqmFunctionRegistry   : Registered SqmFunctionTemplate [NamedSqmFunctionTemplate(acos)] under acos; prior registration was null
2025-07-14T13:26:08.698+05:30 DEBUG 17208 --- [Fashion-Nest-Application] [           main] o.h.q.sqm.function.SqmFunctionRegistry   : Registered SqmFunctionTemplate [NamedSqmFunctionTemplate(atan)] under atan; prior registration was null
2025-07-14T13:26:08.698+05:30 DEBUG 17208 --- [Fashion-Nest-Application] [           main] o.h.q.sqm.function.SqmFunctionRegistry   : Registered SqmFunctionTemplate [NamedSqmFunctionTemplate(atan2)] under atan2; prior registration was null
2025-07-14T13:26:08.701+05:30 DEBUG 17208 --- [Fashion-Nest-Application] [           main] o.h.q.sqm.function.SqmFunctionRegistry   : Registered SqmFunctionTemplate [org.hibernate.query.sqm.function.PatternBasedSqmFunctionDescriptor@163fbbc9] under sinh; prior registration was null
2025-07-14T13:26:08.701+05:30 DEBUG 17208 --- [Fashion-Nest-Application] [           main] o.h.q.sqm.function.SqmFunctionRegistry   : Registered SqmFunctionTemplate [org.hibernate.query.sqm.function.PatternBasedSqmFunctionDescriptor@1669f4e5] under cosh; prior registration was null
2025-07-14T13:26:08.701+05:30 DEBUG 17208 --- [Fashion-Nest-Application] [           main] o.h.q.sqm.function.SqmFunctionRegistry   : Registered SqmFunctionTemplate [org.hibernate.query.sqm.function.PatternBasedSqmFunctionDescriptor@6e6c8854] under tanh; prior registration was null
2025-07-14T13:26:08.701+05:30 DEBUG 17208 --- [Fashion-Nest-Application] [           main] o.h.q.sqm.function.SqmFunctionRegistry   : Registered SqmFunctionTemplate [org.hibernate.query.sqm.function.PatternBasedSqmFunctionDescriptor@4be1dce6] under pi; prior registration was null
2025-07-14T13:26:08.701+05:30 DEBUG 17208 --- [Fashion-Nest-Application] [           main] o.h.q.sqm.function.SqmFunctionRegistry   : Registered SqmFunctionTemplate [org.hibernate.query.sqm.function.PatternBasedSqmFunctionDescriptor@206bd7a0] under log; prior registration was null
2025-07-14T13:26:08.702+05:30 DEBUG 17208 --- [Fashion-Nest-Application] [           main] o.h.q.sqm.function.SqmFunctionRegistry   : Registered SqmFunctionTemplate [NamedSqmFunctionTemplate(coalesce)] under coalesce; prior registration was null
2025-07-14T13:26:08.702+05:30 DEBUG 17208 --- [Fashion-Nest-Application] [           main] o.h.q.sqm.function.SqmFunctionRegistry   : Registered SqmFunctionTemplate [NamedSqmFunctionTemplate(nullif)] under nullif; prior registration was null
2025-07-14T13:26:08.702+05:30 DEBUG 17208 --- [Fashion-Nest-Application] [           main] o.h.q.sqm.function.SqmFunctionRegistry   : Registered SqmFunctionTemplate [NamedSqmFunctionTemplate(left)] under left; prior registration was null
2025-07-14T13:26:08.702+05:30 DEBUG 17208 --- [Fashion-Nest-Application] [           main] o.h.q.sqm.function.SqmFunctionRegistry   : Registered SqmFunctionTemplate [NamedSqmFunctionTemplate(right)] under right; prior registration was null
2025-07-14T13:26:08.702+05:30 DEBUG 17208 --- [Fashion-Nest-Application] [           main] o.h.q.sqm.function.SqmFunctionRegistry   : Registered SqmFunctionTemplate [NamedSqmFunctionTemplate(replace)] under replace; prior registration was null
2025-07-14T13:26:08.702+05:30 DEBUG 17208 --- [Fashion-Nest-Application] [           main] o.h.q.sqm.function.SqmFunctionRegistry   : Registered SqmFunctionTemplate [NamedSqmFunctionTemplate(concat)] under concat; prior registration was null
2025-07-14T13:26:08.702+05:30 DEBUG 17208 --- [Fashion-Nest-Application] [           main] o.h.q.sqm.function.SqmFunctionRegistry   : Registered SqmFunctionTemplate [NamedSqmFunctionTemplate(lower)] under lower; prior registration was null
2025-07-14T13:26:08.702+05:30 DEBUG 17208 --- [Fashion-Nest-Application] [           main] o.h.q.sqm.function.SqmFunctionRegistry   : Registered SqmFunctionTemplate [NamedSqmFunctionTemplate(upper)] under upper; prior registration was null
2025-07-14T13:26:08.702+05:30 DEBUG 17208 --- [Fashion-Nest-Application] [           main] o.h.q.sqm.function.SqmFunctionRegistry   : Registered SqmFunctionTemplate [NamedSqmFunctionTemplate(substring)] under substring; prior registration was null
2025-07-14T13:26:08.702+05:30 DEBUG 17208 --- [Fashion-Nest-Application] [           main] o.h.q.sqm.function.SqmFunctionRegistry   : Registered SqmFunctionTemplate [NamedSqmFunctionTemplate(locate)] under locate; prior registration was null
2025-07-14T13:26:08.702+05:30 DEBUG 17208 --- [Fashion-Nest-Application] [           main] o.h.q.sqm.function.SqmFunctionRegistry   : Registered SqmFunctionTemplate [NamedSqmFunctionTemplate(character_length)] under character_length; prior registration was null
2025-07-14T13:26:08.702+05:30 DEBUG 17208 --- [Fashion-Nest-Application] [           main] o.h.q.sqm.function.SqmFunctionRegistry   : Registering alternate key : length -> character_length
2025-07-14T13:26:08.703+05:30 DEBUG 17208 --- [Fashion-Nest-Application] [           main] o.h.q.sqm.function.SqmFunctionRegistry   : Registered SqmFunctionTemplate [org.hibernate.dialect.function.LocatePositionEmulation@363fe35a] under position; prior registration was null
2025-07-14T13:26:08.705+05:30 DEBUG 17208 --- [Fashion-Nest-Application] [           main] o.h.q.sqm.function.SqmFunctionRegistry   : Registered SqmFunctionTemplate [org.hibernate.dialect.function.InsertSubstringOverlayEmulation@3ffa0f38] under overlay; prior registration was null
2025-07-14T13:26:08.706+05:30 DEBUG 17208 --- [Fashion-Nest-Application] [           main] o.h.q.sqm.function.SqmFunctionRegistry   : Registered SqmFunctionTemplate [org.hibernate.dialect.function.TrimFunction@2c978637] under trim; prior registration was null
2025-07-14T13:26:08.707+05:30 DEBUG 17208 --- [Fashion-Nest-Application] [           main] o.h.q.sqm.function.SqmFunctionRegistry   : Registered SqmFunctionTemplate [org.hibernate.dialect.function.CastFunction@2cd52eda] under cast; prior registration was null
2025-07-14T13:26:08.707+05:30 DEBUG 17208 --- [Fashion-Nest-Application] [           main] o.h.q.sqm.function.SqmFunctionRegistry   : Registered SqmFunctionTemplate [org.hibernate.query.sqm.function.PatternBasedSqmFunctionDescriptor@6c225adb] under collate; prior registration was null
2025-07-14T13:26:08.709+05:30 DEBUG 17208 --- [Fashion-Nest-Application] [           main] o.h.q.sqm.function.SqmFunctionRegistry   : Registered SqmFunctionTemplate [org.hibernate.dialect.function.ExtractFunction@105dc246] under extract; prior registration was null
2025-07-14T13:26:08.709+05:30 DEBUG 17208 --- [Fashion-Nest-Application] [           main] o.h.q.sqm.function.SqmFunctionRegistry   : Registered SqmFunctionTemplate [NamedSqmFunctionTemplate(least)] under least; prior registration was null
2025-07-14T13:26:08.709+05:30 DEBUG 17208 --- [Fashion-Nest-Application] [           main] o.h.q.sqm.function.SqmFunctionRegistry   : Registered SqmFunctionTemplate [NamedSqmFunctionTemplate(greatest)] under greatest; prior registration was null
2025-07-14T13:26:08.709+05:30 DEBUG 17208 --- [Fashion-Nest-Application] [           main] o.h.q.sqm.function.SqmFunctionRegistry   : Registered SqmFunctionTemplate [org.hibernate.dialect.function.CoalesceIfnullEmulation@52f7fa65] under ifnull; prior registration was null
2025-07-14T13:26:08.709+05:30 DEBUG 17208 --- [Fashion-Nest-Application] [           main] o.h.q.sqm.function.SqmFunctionRegistry   : Registered SqmFunctionTemplate [NamedSqmFunctionTemplate(lpad)] under lpad; prior registration was null
2025-07-14T13:26:08.710+05:30 DEBUG 17208 --- [Fashion-Nest-Application] [           main] o.h.q.sqm.function.SqmFunctionRegistry   : Registered SqmFunctionTemplate [NamedSqmFunctionTemplate(rpad)] under rpad; prior registration was null
2025-07-14T13:26:08.710+05:30 DEBUG 17208 --- [Fashion-Nest-Application] [           main] o.h.q.sqm.function.SqmFunctionRegistry   : Registered SqmFunctionTemplate [org.hibernate.dialect.function.LpadRpadPadEmulation@87f6ab5] under pad; prior registration was null
2025-07-14T13:26:08.711+05:30 DEBUG 17208 --- [Fashion-Nest-Application] [           main] o.h.q.sqm.function.SqmFunctionRegistry   : Registered SqmFunctionTemplate [org.hibernate.dialect.function.CastStrEmulation@63636de0] under str; prior registration was null
2025-07-14T13:26:08.714+05:30 DEBUG 17208 --- [Fashion-Nest-Application] [           main] o.h.q.sqm.function.SqmFunctionRegistry   : Registered SqmFunctionTemplate [org.hibernate.dialect.function.FormatFunction@4e614370] under format; prior registration was null
2025-07-14T13:26:08.715+05:30 DEBUG 17208 --- [Fashion-Nest-Application] [           main] o.h.q.sqm.function.SqmFunctionRegistry   : Registered SqmFunctionTemplate [org.hibernate.dialect.function.TimestampaddFunction@65e92505] under timestampadd; prior registration was null
2025-07-14T13:26:08.716+05:30 DEBUG 17208 --- [Fashion-Nest-Application] [           main] o.h.q.sqm.function.SqmFunctionRegistry   : Registered SqmFunctionTemplate [org.hibernate.dialect.function.TimestampdiffFunction@4742466e] under timestampdiff; prior registration was null
2025-07-14T13:26:08.716+05:30 DEBUG 17208 --- [Fashion-Nest-Application] [           main] o.h.q.sqm.function.SqmFunctionRegistry   : Registering alternate key : dateadd -> timestampadd
2025-07-14T13:26:08.716+05:30 DEBUG 17208 --- [Fashion-Nest-Application] [           main] o.h.q.sqm.function.SqmFunctionRegistry   : Registering alternate key : datediff -> timestampdiff
2025-07-14T13:26:08.718+05:30 DEBUG 17208 --- [Fashion-Nest-Application] [           main] o.h.q.sqm.function.SqmFunctionRegistry   : Registered SqmFunctionTemplate [org.hibernate.dialect.function.CurrentFunction@3691d4da] under current_date; prior registration was null
2025-07-14T13:26:08.718+05:30 DEBUG 17208 --- [Fashion-Nest-Application] [           main] o.h.q.sqm.function.SqmFunctionRegistry   : Registered SqmFunctionTemplate [org.hibernate.dialect.function.CurrentFunction@4c91a008] under current_time; prior registration was null
2025-07-14T13:26:08.718+05:30 DEBUG 17208 --- [Fashion-Nest-Application] [           main] o.h.q.sqm.function.SqmFunctionRegistry   : Registered SqmFunctionTemplate [org.hibernate.dialect.function.CurrentFunction@6ef61cd0] under current_timestamp; prior registration was null
2025-07-14T13:26:08.718+05:30 DEBUG 17208 --- [Fashion-Nest-Application] [           main] o.h.q.sqm.function.SqmFunctionRegistry   : Registering alternate key : current date -> current_date
2025-07-14T13:26:08.718+05:30 DEBUG 17208 --- [Fashion-Nest-Application] [           main] o.h.q.sqm.function.SqmFunctionRegistry   : Registering alternate key : current time -> current_time
2025-07-14T13:26:08.718+05:30 DEBUG 17208 --- [Fashion-Nest-Application] [           main] o.h.q.sqm.function.SqmFunctionRegistry   : Registering alternate key : current timestamp -> current_timestamp
2025-07-14T13:26:08.718+05:30 DEBUG 17208 --- [Fashion-Nest-Application] [           main] o.h.q.sqm.function.SqmFunctionRegistry   : Registered SqmFunctionTemplate [org.hibernate.dialect.function.CurrentFunction@2173e4d5] under local_date; prior registration was null
2025-07-14T13:26:08.718+05:30 DEBUG 17208 --- [Fashion-Nest-Application] [           main] o.h.q.sqm.function.SqmFunctionRegistry   : Registered SqmFunctionTemplate [org.hibernate.dialect.function.CurrentFunction@197cc325] under local_time; prior registration was null
2025-07-14T13:26:08.718+05:30 DEBUG 17208 --- [Fashion-Nest-Application] [           main] o.h.q.sqm.function.SqmFunctionRegistry   : Registered SqmFunctionTemplate [org.hibernate.dialect.function.CurrentFunction@582ca1e2] under local_datetime; prior registration was null
2025-07-14T13:26:08.718+05:30 DEBUG 17208 --- [Fashion-Nest-Application] [           main] o.h.q.sqm.function.SqmFunctionRegistry   : Registered SqmFunctionTemplate [org.hibernate.dialect.function.CurrentFunction@66226ab] under offset_datetime; prior registration was null
2025-07-14T13:26:08.718+05:30 DEBUG 17208 --- [Fashion-Nest-Application] [           main] o.h.q.sqm.function.SqmFunctionRegistry   : Registering alternate key : local date -> local_date
2025-07-14T13:26:08.718+05:30 DEBUG 17208 --- [Fashion-Nest-Application] [           main] o.h.q.sqm.function.SqmFunctionRegistry   : Registering alternate key : local time -> local_time
2025-07-14T13:26:08.718+05:30 DEBUG 17208 --- [Fashion-Nest-Application] [           main] o.h.q.sqm.function.SqmFunctionRegistry   : Registering alternate key : local datetime -> local_datetime
2025-07-14T13:26:08.718+05:30 DEBUG 17208 --- [Fashion-Nest-Application] [           main] o.h.q.sqm.function.SqmFunctionRegistry   : Registering alternate key : offset datetime -> offset_datetime
2025-07-14T13:26:08.718+05:30 DEBUG 17208 --- [Fashion-Nest-Application] [           main] o.h.q.sqm.function.SqmFunctionRegistry   : Registered SqmFunctionTemplate [org.hibernate.dialect.function.CurrentFunction@38093ffe] under instant; prior registration was null
2025-07-14T13:26:08.718+05:30 DEBUG 17208 --- [Fashion-Nest-Application] [           main] o.h.q.sqm.function.SqmFunctionRegistry   : Registering alternate key : current_instant -> instant
2025-07-14T13:26:08.719+05:30 DEBUG 17208 --- [Fashion-Nest-Application] [           main] o.h.q.sqm.function.SqmFunctionRegistry   : Registered SqmFunctionTemplate [org.hibernate.dialect.function.SqlFunction@1cca3e8c] under sql; prior registration was null
2025-07-14T13:26:08.719+05:30 DEBUG 17208 --- [Fashion-Nest-Application] [           main] o.h.q.sqm.function.SqmFunctionRegistry   : Registered SqmFunctionTemplate [NamedSqmFunctionTemplate(soundex)] under soundex; prior registration was null
2025-07-14T13:26:08.719+05:30 DEBUG 17208 --- [Fashion-Nest-Application] [           main] o.h.q.sqm.function.SqmFunctionRegistry   : Registered SqmFunctionTemplate [NamedSqmFunctionTemplate(radians)] under radians; prior registration was null
2025-07-14T13:26:08.719+05:30 DEBUG 17208 --- [Fashion-Nest-Application] [           main] o.h.q.sqm.function.SqmFunctionRegistry   : Registered SqmFunctionTemplate [NamedSqmFunctionTemplate(degrees)] under degrees; prior registration was null
2025-07-14T13:26:08.719+05:30 DEBUG 17208 --- [Fashion-Nest-Application] [           main] o.h.q.sqm.function.SqmFunctionRegistry   : Registered SqmFunctionTemplate [NamedSqmFunctionTemplate(cot)] under cot; prior registration was null
2025-07-14T13:26:08.719+05:30 DEBUG 17208 --- [Fashion-Nest-Application] [           main] o.h.q.sqm.function.SqmFunctionRegistry   : Registered SqmFunctionTemplate [NamedSqmFunctionTemplate(log)] under log; prior registration was org.hibernate.query.sqm.function.PatternBasedSqmFunctionDescriptor@206bd7a0
2025-07-14T13:26:08.719+05:30 DEBUG 17208 --- [Fashion-Nest-Application] [           main] o.h.q.sqm.function.SqmFunctionRegistry   : Registered SqmFunctionTemplate [NamedSqmFunctionTemplate(log2)] under log2; prior registration was null
2025-07-14T13:26:08.719+05:30 DEBUG 17208 --- [Fashion-Nest-Application] [           main] o.h.q.sqm.function.SqmFunctionRegistry   : Registered SqmFunctionTemplate [NamedSqmFunctionTemplate(log10)] under log10; prior registration was null
2025-07-14T13:26:08.719+05:30 DEBUG 17208 --- [Fashion-Nest-Application] [           main] o.h.q.sqm.function.SqmFunctionRegistry   : Registered SqmFunctionTemplate [NamedSqmFunctionTemplate(ltrim)] under ltrim; prior registration was null
2025-07-14T13:26:08.719+05:30 DEBUG 17208 --- [Fashion-Nest-Application] [           main] o.h.q.sqm.function.SqmFunctionRegistry   : Registered SqmFunctionTemplate [NamedSqmFunctionTemplate(rtrim)] under rtrim; prior registration was null
2025-07-14T13:26:08.719+05:30 DEBUG 17208 --- [Fashion-Nest-Application] [           main] o.h.q.sqm.function.SqmFunctionRegistry   : Registered SqmFunctionTemplate [NamedSqmFunctionTemplate(octet_length)] under octet_length; prior registration was null
2025-07-14T13:26:08.719+05:30 DEBUG 17208 --- [Fashion-Nest-Application] [           main] o.h.q.sqm.function.SqmFunctionRegistry   : Registered SqmFunctionTemplate [NamedSqmFunctionTemplate(reverse)] under reverse; prior registration was null
2025-07-14T13:26:08.719+05:30 DEBUG 17208 --- [Fashion-Nest-Application] [           main] o.h.q.sqm.function.SqmFunctionRegistry   : Registered SqmFunctionTemplate [NamedSqmFunctionTemplate(space)] under space; prior registration was null
2025-07-14T13:26:08.719+05:30 DEBUG 17208 --- [Fashion-Nest-Application] [           main] o.h.q.sqm.function.SqmFunctionRegistry   : Registered SqmFunctionTemplate [NamedSqmFunctionTemplate(repeat)] under repeat; prior registration was null
2025-07-14T13:26:08.720+05:30 DEBUG 17208 --- [Fashion-Nest-Application] [           main] o.h.q.sqm.function.SqmFunctionRegistry   : Registered SqmFunctionTemplate [org.hibernate.query.sqm.function.MultipatternSqmFunctionDescriptor@1da32baf] under lpad; prior registration was NamedSqmFunctionTemplate(lpad)
2025-07-14T13:26:08.720+05:30 DEBUG 17208 --- [Fashion-Nest-Application] [           main] o.h.q.sqm.function.SqmFunctionRegistry   : Registered SqmFunctionTemplate [org.hibernate.query.sqm.function.MultipatternSqmFunctionDescriptor@4e4af370] under rpad; prior registration was NamedSqmFunctionTemplate(rpad)
2025-07-14T13:26:08.720+05:30 DEBUG 17208 --- [Fashion-Nest-Application] [           main] o.h.q.sqm.function.SqmFunctionRegistry   : Registered SqmFunctionTemplate [NamedSqmFunctionTemplate(md5)] under md5; prior registration was null
2025-07-14T13:26:08.720+05:30 DEBUG 17208 --- [Fashion-Nest-Application] [           main] o.h.q.sqm.function.SqmFunctionRegistry   : Registered SqmFunctionTemplate [NamedSqmFunctionTemplate(day)] under day; prior registration was null
2025-07-14T13:26:08.720+05:30 DEBUG 17208 --- [Fashion-Nest-Application] [           main] o.h.q.sqm.function.SqmFunctionRegistry   : Registered SqmFunctionTemplate [NamedSqmFunctionTemplate(month)] under month; prior registration was null
2025-07-14T13:26:08.720+05:30 DEBUG 17208 --- [Fashion-Nest-Application] [           main] o.h.q.sqm.function.SqmFunctionRegistry   : Registered SqmFunctionTemplate [NamedSqmFunctionTemplate(year)] under year; prior registration was null
2025-07-14T13:26:08.720+05:30 DEBUG 17208 --- [Fashion-Nest-Application] [           main] o.h.q.sqm.function.SqmFunctionRegistry   : Registered SqmFunctionTemplate [NamedSqmFunctionTemplate(hour)] under hour; prior registration was null
2025-07-14T13:26:08.720+05:30 DEBUG 17208 --- [Fashion-Nest-Application] [           main] o.h.q.sqm.function.SqmFunctionRegistry   : Registered SqmFunctionTemplate [NamedSqmFunctionTemplate(minute)] under minute; prior registration was null
2025-07-14T13:26:08.720+05:30 DEBUG 17208 --- [Fashion-Nest-Application] [           main] o.h.q.sqm.function.SqmFunctionRegistry   : Registered SqmFunctionTemplate [NamedSqmFunctionTemplate(second)] under second; prior registration was null
2025-07-14T13:26:08.720+05:30 DEBUG 17208 --- [Fashion-Nest-Application] [           main] o.h.q.sqm.function.SqmFunctionRegistry   : Registered SqmFunctionTemplate [NamedSqmFunctionTemplate(microsecond)] under microsecond; prior registration was null
2025-07-14T13:26:08.720+05:30 DEBUG 17208 --- [Fashion-Nest-Application] [           main] o.h.q.sqm.function.SqmFunctionRegistry   : Registered SqmFunctionTemplate [NamedSqmFunctionTemplate(dayofweek)] under dayofweek; prior registration was null
2025-07-14T13:26:08.720+05:30 DEBUG 17208 --- [Fashion-Nest-Application] [           main] o.h.q.sqm.function.SqmFunctionRegistry   : Registered SqmFunctionTemplate [NamedSqmFunctionTemplate(dayofmonth)] under dayofmonth; prior registration was null
2025-07-14T13:26:08.720+05:30 DEBUG 17208 --- [Fashion-Nest-Application] [           main] o.h.q.sqm.function.SqmFunctionRegistry   : Registering alternate key : day -> dayofmonth
2025-07-14T13:26:08.720+05:30 DEBUG 17208 --- [Fashion-Nest-Application] [           main] o.h.q.sqm.function.SqmFunctionRegistry   : Registered SqmFunctionTemplate [NamedSqmFunctionTemplate(dayofyear)] under dayofyear; prior registration was null
2025-07-14T13:26:08.720+05:30 DEBUG 17208 --- [Fashion-Nest-Application] [           main] o.h.q.sqm.function.SqmFunctionRegistry   : Registered SqmFunctionTemplate [NamedSqmFunctionTemplate(week)] under week; prior registration was null
2025-07-14T13:26:08.720+05:30 DEBUG 17208 --- [Fashion-Nest-Application] [           main] o.h.q.sqm.function.SqmFunctionRegistry   : Registered SqmFunctionTemplate [NamedSqmFunctionTemplate(quarter)] under quarter; prior registration was null
2025-07-14T13:26:08.720+05:30 DEBUG 17208 --- [Fashion-Nest-Application] [           main] o.h.q.sqm.function.SqmFunctionRegistry   : Registered SqmFunctionTemplate [NamedSqmFunctionTemplate(monthname)] under monthname; prior registration was null
2025-07-14T13:26:08.720+05:30 DEBUG 17208 --- [Fashion-Nest-Application] [           main] o.h.q.sqm.function.SqmFunctionRegistry   : Registered SqmFunctionTemplate [NamedSqmFunctionTemplate(dayname)] under dayname; prior registration was null
2025-07-14T13:26:08.720+05:30 DEBUG 17208 --- [Fashion-Nest-Application] [           main] o.h.q.sqm.function.SqmFunctionRegistry   : Registered SqmFunctionTemplate [NamedSqmFunctionTemplate(last_day)] under last_day; prior registration was null
2025-07-14T13:26:08.720+05:30 DEBUG 17208 --- [Fashion-Nest-Application] [           main] o.h.q.sqm.function.SqmFunctionRegistry   : Registered SqmFunctionTemplate [NamedSqmFunctionTemplate(date)] under date; prior registration was null
2025-07-14T13:26:08.720+05:30 DEBUG 17208 --- [Fashion-Nest-Application] [           main] o.h.q.sqm.function.SqmFunctionRegistry   : Registered SqmFunctionTemplate [NamedSqmFunctionTemplate(timestamp)] under timestamp; prior registration was null
2025-07-14T13:26:08.720+05:30 DEBUG 17208 --- [Fashion-Nest-Application] [           main] o.h.q.sqm.function.SqmFunctionRegistry   : Registered SqmFunctionTemplate [NamedSqmFunctionTemplate(time)] under time; prior registration was null
2025-07-14T13:26:08.720+05:30 DEBUG 17208 --- [Fashion-Nest-Application] [           main] o.h.q.sqm.function.SqmFunctionRegistry   : Registered SqmFunctionTemplate [NamedSqmFunctionTemplate(utc_date)] under utc_date; prior registration was null
2025-07-14T13:26:08.720+05:30 DEBUG 17208 --- [Fashion-Nest-Application] [           main] o.h.q.sqm.function.SqmFunctionRegistry   : Registered SqmFunctionTemplate [NamedSqmFunctionTemplate(utc_time)] under utc_time; prior registration was null
2025-07-14T13:26:08.720+05:30 DEBUG 17208 --- [Fashion-Nest-Application] [           main] o.h.q.sqm.function.SqmFunctionRegistry   : Registered SqmFunctionTemplate [NamedSqmFunctionTemplate(utc_timestamp)] under utc_timestamp; prior registration was null
2025-07-14T13:26:08.720+05:30 DEBUG 17208 --- [Fashion-Nest-Application] [           main] o.h.q.sqm.function.SqmFunctionRegistry   : Registered SqmFunctionTemplate [NamedSqmFunctionTemplate(rand)] under rand; prior registration was null
2025-07-14T13:26:08.721+05:30 DEBUG 17208 --- [Fashion-Nest-Application] [           main] o.h.q.sqm.function.SqmFunctionRegistry   : Registered SqmFunctionTemplate [NamedSqmFunctionTemplate(crc32)] under crc32; prior registration was null
2025-07-14T13:26:08.721+05:30 DEBUG 17208 --- [Fashion-Nest-Application] [           main] o.h.q.sqm.function.SqmFunctionRegistry   : Registered SqmFunctionTemplate [NamedSqmFunctionTemplate(sha1)] under sha1; prior registration was null
2025-07-14T13:26:08.721+05:30 DEBUG 17208 --- [Fashion-Nest-Application] [           main] o.h.q.sqm.function.SqmFunctionRegistry   : Registered SqmFunctionTemplate [NamedSqmFunctionTemplate(sha2)] under sha2; prior registration was null
2025-07-14T13:26:08.721+05:30 DEBUG 17208 --- [Fashion-Nest-Application] [           main] o.h.q.sqm.function.SqmFunctionRegistry   : Registered SqmFunctionTemplate [NamedSqmFunctionTemplate(sha)] under sha; prior registration was null
2025-07-14T13:26:08.721+05:30 DEBUG 17208 --- [Fashion-Nest-Application] [           main] o.h.q.sqm.function.SqmFunctionRegistry   : Registered SqmFunctionTemplate [NamedSqmFunctionTemplate(bit_length)] under bit_length; prior registration was null
2025-07-14T13:26:08.721+05:30 DEBUG 17208 --- [Fashion-Nest-Application] [           main] o.h.q.sqm.function.SqmFunctionRegistry   : Registered SqmFunctionTemplate [NamedSqmFunctionTemplate(octet_length)] under octet_length; prior registration was NamedSqmFunctionTemplate(octet_length)
2025-07-14T13:26:08.721+05:30 DEBUG 17208 --- [Fashion-Nest-Application] [           main] o.h.q.sqm.function.SqmFunctionRegistry   : Registered SqmFunctionTemplate [NamedSqmFunctionTemplate(ascii)] under ascii; prior registration was null
2025-07-14T13:26:08.721+05:30 DEBUG 17208 --- [Fashion-Nest-Application] [           main] o.h.q.sqm.function.SqmFunctionRegistry   : Registered SqmFunctionTemplate [NamedSqmFunctionTemplate(instr)] under instr; prior registration was null
2025-07-14T13:26:08.721+05:30 DEBUG 17208 --- [Fashion-Nest-Application] [           main] o.h.q.sqm.function.SqmFunctionRegistry   : Registered SqmFunctionTemplate [NamedSqmFunctionTemplate(substr)] under substr; prior registration was null
2025-07-14T13:26:08.721+05:30 DEBUG 17208 --- [Fashion-Nest-Application] [           main] o.h.q.sqm.function.SqmFunctionRegistry   : Registered SqmFunctionTemplate [org.hibernate.query.sqm.function.PatternBasedSqmFunctionDescriptor@5cf33d25] under position; prior registration was org.hibernate.dialect.function.LocatePositionEmulation@363fe35a
2025-07-14T13:26:08.721+05:30 DEBUG 17208 --- [Fashion-Nest-Application] [           main] o.h.q.sqm.function.SqmFunctionRegistry   : Registered SqmFunctionTemplate [NamedSqmFunctionTemplate(curtime)] under curtime; prior registration was null
2025-07-14T13:26:08.721+05:30 DEBUG 17208 --- [Fashion-Nest-Application] [           main] o.h.q.sqm.function.SqmFunctionRegistry   : Registered SqmFunctionTemplate [NamedSqmFunctionTemplate(curdate)] under curdate; prior registration was null
2025-07-14T13:26:08.721+05:30 DEBUG 17208 --- [Fashion-Nest-Application] [           main] o.h.q.sqm.function.SqmFunctionRegistry   : Registered SqmFunctionTemplate [NamedSqmFunctionTemplate(now)] under now; prior registration was null
2025-07-14T13:26:08.726+05:30 DEBUG 17208 --- [Fashion-Nest-Application] [           main] o.h.q.sqm.function.SqmFunctionRegistry   : Registered SqmFunctionTemplate [org.hibernate.dialect.function.TruncFunction@5111f814] under trunc; prior registration was null
2025-07-14T13:26:08.727+05:30 DEBUG 17208 --- [Fashion-Nest-Application] [           main] o.h.q.sqm.function.SqmFunctionRegistry   : Registering alternate key : truncate -> trunc
2025-07-14T13:26:08.727+05:30 DEBUG 17208 --- [Fashion-Nest-Application] [           main] o.h.q.sqm.function.SqmFunctionRegistry   : Registered SqmFunctionTemplate [NamedSqmFunctionTemplate(insert)] under insert; prior registration was null
2025-07-14T13:26:08.727+05:30 DEBUG 17208 --- [Fashion-Nest-Application] [           main] o.h.q.sqm.function.SqmFunctionRegistry   : Registered SqmFunctionTemplate [org.hibernate.query.sqm.function.PatternBasedSqmFunctionDescriptor@71eafb64] under bitand; prior registration was null
2025-07-14T13:26:08.727+05:30 DEBUG 17208 --- [Fashion-Nest-Application] [           main] o.h.q.sqm.function.SqmFunctionRegistry   : Registered SqmFunctionTemplate [org.hibernate.query.sqm.function.PatternBasedSqmFunctionDescriptor@491cc0eb] under bitor; prior registration was null
2025-07-14T13:26:08.727+05:30 DEBUG 17208 --- [Fashion-Nest-Application] [           main] o.h.q.sqm.function.SqmFunctionRegistry   : Registered SqmFunctionTemplate [org.hibernate.query.sqm.function.PatternBasedSqmFunctionDescriptor@727f36dd] under bitxor; prior registration was null
2025-07-14T13:26:08.727+05:30 DEBUG 17208 --- [Fashion-Nest-Application] [           main] o.h.q.sqm.function.SqmFunctionRegistry   : Registered SqmFunctionTemplate [org.hibernate.query.sqm.function.PatternBasedSqmFunctionDescriptor@2c70a1de] under bitnot; prior registration was null
2025-07-14T13:26:08.727+05:30 DEBUG 17208 --- [Fashion-Nest-Application] [           main] o.h.q.sqm.function.SqmFunctionRegistry   : Registered SqmFunctionTemplate [NamedSqmFunctionTemplate(bit_and)] under bit_and; prior registration was null
2025-07-14T13:26:08.727+05:30 DEBUG 17208 --- [Fashion-Nest-Application] [           main] o.h.q.sqm.function.SqmFunctionRegistry   : Registered SqmFunctionTemplate [NamedSqmFunctionTemplate(bit_or)] under bit_or; prior registration was null
2025-07-14T13:26:08.727+05:30 DEBUG 17208 --- [Fashion-Nest-Application] [           main] o.h.q.sqm.function.SqmFunctionRegistry   : Registered SqmFunctionTemplate [NamedSqmFunctionTemplate(stddev)] under stddev; prior registration was null
2025-07-14T13:26:08.727+05:30 DEBUG 17208 --- [Fashion-Nest-Application] [           main] o.h.q.sqm.function.SqmFunctionRegistry   : Registered SqmFunctionTemplate [NamedSqmFunctionTemplate(stddev_pop)] under stddev_pop; prior registration was null
2025-07-14T13:26:08.727+05:30 DEBUG 17208 --- [Fashion-Nest-Application] [           main] o.h.q.sqm.function.SqmFunctionRegistry   : Registered SqmFunctionTemplate [NamedSqmFunctionTemplate(stddev_samp)] under stddev_samp; prior registration was null
2025-07-14T13:26:08.727+05:30 DEBUG 17208 --- [Fashion-Nest-Application] [           main] o.h.q.sqm.function.SqmFunctionRegistry   : Registered SqmFunctionTemplate [NamedSqmFunctionTemplate(variance)] under variance; prior registration was null
2025-07-14T13:26:08.727+05:30 DEBUG 17208 --- [Fashion-Nest-Application] [           main] o.h.q.sqm.function.SqmFunctionRegistry   : Registered SqmFunctionTemplate [NamedSqmFunctionTemplate(var_pop)] under var_pop; prior registration was null
2025-07-14T13:26:08.727+05:30 DEBUG 17208 --- [Fashion-Nest-Application] [           main] o.h.q.sqm.function.SqmFunctionRegistry   : Registered SqmFunctionTemplate [NamedSqmFunctionTemplate(var_samp)] under var_samp; prior registration was null
2025-07-14T13:26:08.727+05:30 DEBUG 17208 --- [Fashion-Nest-Application] [           main] o.h.q.sqm.function.SqmFunctionRegistry   : Registered SqmFunctionTemplate [NamedSqmFunctionTemplate(datediff)] under datediff; prior registration was null
2025-07-14T13:26:08.727+05:30 DEBUG 17208 --- [Fashion-Nest-Application] [           main] o.h.q.sqm.function.SqmFunctionRegistry   : Registered SqmFunctionTemplate [NamedSqmFunctionTemplate(adddate)] under adddate; prior registration was null
2025-07-14T13:26:08.727+05:30 DEBUG 17208 --- [Fashion-Nest-Application] [           main] o.h.q.sqm.function.SqmFunctionRegistry   : Registered SqmFunctionTemplate [NamedSqmFunctionTemplate(subdate)] under subdate; prior registration was null
2025-07-14T13:26:08.727+05:30 DEBUG 17208 --- [Fashion-Nest-Application] [           main] o.h.q.sqm.function.SqmFunctionRegistry   : Registered SqmFunctionTemplate [NamedSqmFunctionTemplate(addtime)] under addtime; prior registration was null
2025-07-14T13:26:08.727+05:30 DEBUG 17208 --- [Fashion-Nest-Application] [           main] o.h.q.sqm.function.SqmFunctionRegistry   : Registered SqmFunctionTemplate [NamedSqmFunctionTemplate(subtime)] under subtime; prior registration was null
2025-07-14T13:26:08.728+05:30 DEBUG 17208 --- [Fashion-Nest-Application] [           main] o.h.q.sqm.function.SqmFunctionRegistry   : Registered SqmFunctionTemplate [org.hibernate.dialect.function.FormatFunction@ae74eef] under format; prior registration was org.hibernate.dialect.function.FormatFunction@4e614370
2025-07-14T13:26:08.728+05:30 DEBUG 17208 --- [Fashion-Nest-Application] [           main] o.h.q.sqm.function.SqmFunctionRegistry   : Registered SqmFunctionTemplate [NamedSqmFunctionTemplate(makedate)] under makedate; prior registration was null
2025-07-14T13:26:08.728+05:30 DEBUG 17208 --- [Fashion-Nest-Application] [           main] o.h.q.sqm.function.SqmFunctionRegistry   : Registered SqmFunctionTemplate [NamedSqmFunctionTemplate(maketime)] under maketime; prior registration was null
2025-07-14T13:26:08.728+05:30 DEBUG 17208 --- [Fashion-Nest-Application] [           main] o.h.q.sqm.function.SqmFunctionRegistry   : Registered SqmFunctionTemplate [NamedSqmFunctionTemplate(localtime)] under localtime; prior registration was null
2025-07-14T13:26:08.728+05:30 DEBUG 17208 --- [Fashion-Nest-Application] [           main] o.h.q.sqm.function.SqmFunctionRegistry   : Registered SqmFunctionTemplate [NamedSqmFunctionTemplate(localtimestamp)] under localtimestamp; prior registration was null
2025-07-14T13:26:08.728+05:30 DEBUG 17208 --- [Fashion-Nest-Application] [           main] o.h.q.sqm.function.SqmFunctionRegistry   : Registered SqmFunctionTemplate [NamedSqmFunctionTemplate(localtime)] under local_time; prior registration was org.hibernate.dialect.function.CurrentFunction@197cc325
2025-07-14T13:26:08.728+05:30 DEBUG 17208 --- [Fashion-Nest-Application] [           main] o.h.q.sqm.function.SqmFunctionRegistry   : Registered SqmFunctionTemplate [NamedSqmFunctionTemplate(localtimestamp)] under local_datetime; prior registration was org.hibernate.dialect.function.CurrentFunction@582ca1e2
2025-07-14T13:26:08.728+05:30 DEBUG 17208 --- [Fashion-Nest-Application] [           main] o.h.q.sqm.function.SqmFunctionRegistry   : Registered SqmFunctionTemplate [NamedSqmFunctionTemplate(localtime)] under localtime; prior registration was NamedSqmFunctionTemplate(localtime)
2025-07-14T13:26:08.728+05:30 DEBUG 17208 --- [Fashion-Nest-Application] [           main] o.h.q.sqm.function.SqmFunctionRegistry   : Registered SqmFunctionTemplate [org.hibernate.query.sqm.function.PatternBasedSqmFunctionDescriptor@2553dcc0] under pi; prior registration was org.hibernate.query.sqm.function.PatternBasedSqmFunctionDescriptor@4be1dce6
2025-07-14T13:26:08.728+05:30 DEBUG 17208 --- [Fashion-Nest-Application] [           main] o.h.q.sqm.function.SqmFunctionRegistry   : Registered SqmFunctionTemplate [org.hibernate.query.sqm.function.PatternBasedSqmFunctionDescriptor@2e91cf69] under chr; prior registration was null
2025-07-14T13:26:08.728+05:30 DEBUG 17208 --- [Fashion-Nest-Application] [           main] o.h.q.sqm.function.SqmFunctionRegistry   : Registering alternate key : char -> chr
2025-07-14T13:26:08.728+05:30 DEBUG 17208 --- [Fashion-Nest-Application] [           main] o.h.q.sqm.function.SqmFunctionRegistry   : Registered SqmFunctionTemplate [org.hibernate.query.sqm.function.PatternBasedSqmFunctionDescriptor@746e534] under sysdate; prior registration was null
2025-07-14T13:26:08.728+05:30 DEBUG 17208 --- [Fashion-Nest-Application] [           main] o.h.q.sqm.function.SqmFunctionRegistry   : Registered SqmFunctionTemplate [NamedSqmFunctionTemplate(row_number)] under row_number; prior registration was null
2025-07-14T13:26:08.729+05:30 DEBUG 17208 --- [Fashion-Nest-Application] [           main] o.h.q.sqm.function.SqmFunctionRegistry   : Registered SqmFunctionTemplate [NamedSqmFunctionTemplate(lag)] under lag; prior registration was null
2025-07-14T13:26:08.729+05:30 DEBUG 17208 --- [Fashion-Nest-Application] [           main] o.h.q.sqm.function.SqmFunctionRegistry   : Registered SqmFunctionTemplate [NamedSqmFunctionTemplate(lead)] under lead; prior registration was null
2025-07-14T13:26:08.729+05:30 DEBUG 17208 --- [Fashion-Nest-Application] [           main] o.h.q.sqm.function.SqmFunctionRegistry   : Registered SqmFunctionTemplate [NamedSqmFunctionTemplate(first_value)] under first_value; prior registration was null
2025-07-14T13:26:08.729+05:30 DEBUG 17208 --- [Fashion-Nest-Application] [           main] o.h.q.sqm.function.SqmFunctionRegistry   : Registered SqmFunctionTemplate [NamedSqmFunctionTemplate(last_value)] under last_value; prior registration was null
2025-07-14T13:26:08.729+05:30 DEBUG 17208 --- [Fashion-Nest-Application] [           main] o.h.q.sqm.function.SqmFunctionRegistry   : Registered SqmFunctionTemplate [NamedSqmFunctionTemplate(nth_value)] under nth_value; prior registration was null
2025-07-14T13:26:08.730+05:30 DEBUG 17208 --- [Fashion-Nest-Application] [           main] o.h.q.sqm.function.SqmFunctionRegistry   : Registered SqmFunctionTemplate [org.hibernate.dialect.function.HypotheticalSetWindowEmulation@4070c4ff] under rank; prior registration was null
2025-07-14T13:26:08.730+05:30 DEBUG 17208 --- [Fashion-Nest-Application] [           main] o.h.q.sqm.function.SqmFunctionRegistry   : Registered SqmFunctionTemplate [org.hibernate.dialect.function.HypotheticalSetWindowEmulation@4bceac99] under dense_rank; prior registration was null
2025-07-14T13:26:08.730+05:30 DEBUG 17208 --- [Fashion-Nest-Application] [           main] o.h.q.sqm.function.SqmFunctionRegistry   : Registered SqmFunctionTemplate [org.hibernate.dialect.function.HypotheticalSetWindowEmulation@389bc2d3] under percent_rank; prior registration was null
2025-07-14T13:26:08.730+05:30 DEBUG 17208 --- [Fashion-Nest-Application] [           main] o.h.q.sqm.function.SqmFunctionRegistry   : Registered SqmFunctionTemplate [org.hibernate.dialect.function.HypotheticalSetWindowEmulation@442310fd] under cume_dist; prior registration was null
2025-07-14T13:26:08.731+05:30 DEBUG 17208 --- [Fashion-Nest-Application] [           main] o.h.q.sqm.function.SqmFunctionRegistry   : Registered SqmFunctionTemplate [org.hibernate.dialect.function.ListaggGroupConcatEmulation@6b52a40] under listagg; prior registration was null
2025-07-14T13:26:08.733+05:30 DEBUG 17208 --- [Fashion-Nest-Application] [           main] org.hibernate.HQL_FUNCTIONS              : abs(NUMERIC arg)
2025-07-14T13:26:08.733+05:30 DEBUG 17208 --- [Fashion-Nest-Application] [           main] org.hibernate.HQL_FUNCTIONS              : Double acos(NUMERIC arg)
2025-07-14T13:26:08.733+05:30 DEBUG 17208 --- [Fashion-Nest-Application] [           main] org.hibernate.HQL_FUNCTIONS              : adddate(DATE datetime, INTEGER days)
2025-07-14T13:26:08.733+05:30 DEBUG 17208 --- [Fashion-Nest-Application] [           main] org.hibernate.HQL_FUNCTIONS              : addtime(TIME datetime, TIME time)
2025-07-14T13:26:08.733+05:30 DEBUG 17208 --- [Fashion-Nest-Application] [           main] org.hibernate.HQL_FUNCTIONS              : Boolean any(BOOLEAN arg)
2025-07-14T13:26:08.733+05:30 DEBUG 17208 --- [Fashion-Nest-Application] [           main] org.hibernate.HQL_FUNCTIONS              : Integer ascii(STRING arg)
2025-07-14T13:26:08.733+05:30 DEBUG 17208 --- [Fashion-Nest-Application] [           main] org.hibernate.HQL_FUNCTIONS              : Double asin(NUMERIC arg)
2025-07-14T13:26:08.733+05:30 DEBUG 17208 --- [Fashion-Nest-Application] [           main] org.hibernate.HQL_FUNCTIONS              : Double atan(NUMERIC arg)
2025-07-14T13:26:08.734+05:30 DEBUG 17208 --- [Fashion-Nest-Application] [           main] org.hibernate.HQL_FUNCTIONS              : Double atan2(NUMERIC arg0, NUMERIC arg1)
2025-07-14T13:26:08.734+05:30 DEBUG 17208 --- [Fashion-Nest-Application] [           main] org.hibernate.HQL_FUNCTIONS              : avg(arg)
2025-07-14T13:26:08.734+05:30 DEBUG 17208 --- [Fashion-Nest-Application] [           main] org.hibernate.HQL_FUNCTIONS              : bit_and(arg)
2025-07-14T13:26:08.734+05:30 DEBUG 17208 --- [Fashion-Nest-Application] [           main] org.hibernate.HQL_FUNCTIONS              : Integer bit_length(STRING_OR_CLOB arg)
2025-07-14T13:26:08.734+05:30 DEBUG 17208 --- [Fashion-Nest-Application] [           main] org.hibernate.HQL_FUNCTIONS              : bit_or(arg)
2025-07-14T13:26:08.734+05:30 DEBUG 17208 --- [Fashion-Nest-Application] [           main] org.hibernate.HQL_FUNCTIONS              : bitand(arg0, arg1)
2025-07-14T13:26:08.734+05:30 DEBUG 17208 --- [Fashion-Nest-Application] [           main] org.hibernate.HQL_FUNCTIONS              : bitnot(arg)
2025-07-14T13:26:08.734+05:30 DEBUG 17208 --- [Fashion-Nest-Application] [           main] org.hibernate.HQL_FUNCTIONS              : bitor(arg0, arg1)
2025-07-14T13:26:08.734+05:30 DEBUG 17208 --- [Fashion-Nest-Application] [           main] org.hibernate.HQL_FUNCTIONS              : bitxor(arg0, arg1)
2025-07-14T13:26:08.734+05:30 DEBUG 17208 --- [Fashion-Nest-Application] [           main] org.hibernate.HQL_FUNCTIONS              : cast(arg as Type)
2025-07-14T13:26:08.734+05:30 DEBUG 17208 --- [Fashion-Nest-Application] [           main] org.hibernate.HQL_FUNCTIONS              : ceiling(NUMERIC arg)
2025-07-14T13:26:08.734+05:30 DEBUG 17208 --- [Fashion-Nest-Application] [           main] org.hibernate.HQL_FUNCTIONS              : Character char(INTEGER arg)
2025-07-14T13:26:08.734+05:30 DEBUG 17208 --- [Fashion-Nest-Application] [           main] org.hibernate.HQL_FUNCTIONS              : Integer character_length(STRING_OR_CLOB arg)
2025-07-14T13:26:08.734+05:30 DEBUG 17208 --- [Fashion-Nest-Application] [           main] org.hibernate.HQL_FUNCTIONS              : Character chr(INTEGER arg)
2025-07-14T13:26:08.734+05:30 DEBUG 17208 --- [Fashion-Nest-Application] [           main] org.hibernate.HQL_FUNCTIONS              : coalesce(arg0[, arg1[, ...]])
2025-07-14T13:26:08.734+05:30 DEBUG 17208 --- [Fashion-Nest-Application] [           main] org.hibernate.HQL_FUNCTIONS              : String collate(STRING string as COLLATION collation)
2025-07-14T13:26:08.734+05:30 DEBUG 17208 --- [Fashion-Nest-Application] [           main] org.hibernate.HQL_FUNCTIONS              : String concat(STRING string0[, STRING string1[, ...]])
2025-07-14T13:26:08.734+05:30 DEBUG 17208 --- [Fashion-Nest-Application] [           main] org.hibernate.HQL_FUNCTIONS              : Double cos(NUMERIC arg)
2025-07-14T13:26:08.734+05:30 DEBUG 17208 --- [Fashion-Nest-Application] [           main] org.hibernate.HQL_FUNCTIONS              : Double cosh(NUMERIC arg)
2025-07-14T13:26:08.734+05:30 DEBUG 17208 --- [Fashion-Nest-Application] [           main] org.hibernate.HQL_FUNCTIONS              : Double cot(NUMERIC arg)
2025-07-14T13:26:08.734+05:30 DEBUG 17208 --- [Fashion-Nest-Application] [           main] org.hibernate.HQL_FUNCTIONS              : Long count([distinct ]{arg|*})
2025-07-14T13:26:08.734+05:30 DEBUG 17208 --- [Fashion-Nest-Application] [           main] org.hibernate.HQL_FUNCTIONS              : Integer crc32(arg)
2025-07-14T13:26:08.734+05:30 DEBUG 17208 --- [Fashion-Nest-Application] [           main] org.hibernate.HQL_FUNCTIONS              : Double cume_dist([arg0[, ...]])
2025-07-14T13:26:08.734+05:30 DEBUG 17208 --- [Fashion-Nest-Application] [           main] org.hibernate.HQL_FUNCTIONS              : Date curdate()
2025-07-14T13:26:08.735+05:30 DEBUG 17208 --- [Fashion-Nest-Application] [           main] org.hibernate.HQL_FUNCTIONS              : Date current date
2025-07-14T13:26:08.735+05:30 DEBUG 17208 --- [Fashion-Nest-Application] [           main] org.hibernate.HQL_FUNCTIONS              : Time current time
2025-07-14T13:26:08.735+05:30 DEBUG 17208 --- [Fashion-Nest-Application] [           main] org.hibernate.HQL_FUNCTIONS              : Timestamp current timestamp
2025-07-14T13:26:08.735+05:30 DEBUG 17208 --- [Fashion-Nest-Application] [           main] org.hibernate.HQL_FUNCTIONS              : Date current_date
2025-07-14T13:26:08.735+05:30 DEBUG 17208 --- [Fashion-Nest-Application] [           main] org.hibernate.HQL_FUNCTIONS              : Instant current_instant
2025-07-14T13:26:08.735+05:30 DEBUG 17208 --- [Fashion-Nest-Application] [           main] org.hibernate.HQL_FUNCTIONS              : Time current_time
2025-07-14T13:26:08.735+05:30 DEBUG 17208 --- [Fashion-Nest-Application] [           main] org.hibernate.HQL_FUNCTIONS              : Timestamp current_timestamp
2025-07-14T13:26:08.735+05:30 DEBUG 17208 --- [Fashion-Nest-Application] [           main] org.hibernate.HQL_FUNCTIONS              : Time curtime()
2025-07-14T13:26:08.735+05:30 DEBUG 17208 --- [Fashion-Nest-Application] [           main] org.hibernate.HQL_FUNCTIONS              : Date date(arg)
2025-07-14T13:26:08.735+05:30 DEBUG 17208 --- [Fashion-Nest-Application] [           main] org.hibernate.HQL_FUNCTIONS              : dateadd(TEMPORAL_UNIT field, INTEGER magnitude, TEMPORAL datetime)
2025-07-14T13:26:08.735+05:30 DEBUG 17208 --- [Fashion-Nest-Application] [           main] org.hibernate.HQL_FUNCTIONS              : Integer datediff(DATE end, DATE start)
2025-07-14T13:26:08.735+05:30 DEBUG 17208 --- [Fashion-Nest-Application] [           main] org.hibernate.HQL_FUNCTIONS              : Integer day(DATE arg)
2025-07-14T13:26:08.735+05:30 DEBUG 17208 --- [Fashion-Nest-Application] [           main] org.hibernate.HQL_FUNCTIONS              : String dayname(DATE arg)
2025-07-14T13:26:08.736+05:30 DEBUG 17208 --- [Fashion-Nest-Application] [           main] org.hibernate.HQL_FUNCTIONS              : Integer dayofmonth(DATE arg)
2025-07-14T13:26:08.736+05:30 DEBUG 17208 --- [Fashion-Nest-Application] [           main] org.hibernate.HQL_FUNCTIONS              : Integer dayofweek(DATE arg)
2025-07-14T13:26:08.736+05:30 DEBUG 17208 --- [Fashion-Nest-Application] [           main] org.hibernate.HQL_FUNCTIONS              : Integer dayofyear(DATE arg)
2025-07-14T13:26:08.736+05:30 DEBUG 17208 --- [Fashion-Nest-Application] [           main] org.hibernate.HQL_FUNCTIONS              : Double degrees(NUMERIC arg)
2025-07-14T13:26:08.736+05:30 DEBUG 17208 --- [Fashion-Nest-Application] [           main] org.hibernate.HQL_FUNCTIONS              : Long dense_rank([arg0[, ...]])
2025-07-14T13:26:08.736+05:30 DEBUG 17208 --- [Fashion-Nest-Application] [           main] org.hibernate.HQL_FUNCTIONS              : Boolean every(BOOLEAN arg)
2025-07-14T13:26:08.736+05:30 DEBUG 17208 --- [Fashion-Nest-Application] [           main] org.hibernate.HQL_FUNCTIONS              : Double exp(NUMERIC arg)
2025-07-14T13:26:08.736+05:30 DEBUG 17208 --- [Fashion-Nest-Application] [           main] org.hibernate.HQL_FUNCTIONS              : extract(TEMPORAL_UNIT field from TEMPORAL arg)
2025-07-14T13:26:08.736+05:30 DEBUG 17208 --- [Fashion-Nest-Application] [           main] org.hibernate.HQL_FUNCTIONS              : first_valueANY value
2025-07-14T13:26:08.736+05:30 DEBUG 17208 --- [Fashion-Nest-Application] [           main] org.hibernate.HQL_FUNCTIONS              : floor(NUMERIC arg)
2025-07-14T13:26:08.736+05:30 DEBUG 17208 --- [Fashion-Nest-Application] [           main] org.hibernate.HQL_FUNCTIONS              : String format(TEMPORAL datetime as STRING pattern)
2025-07-14T13:26:08.736+05:30 DEBUG 17208 --- [Fashion-Nest-Application] [           main] org.hibernate.HQL_FUNCTIONS              : greatest(COMPARABLE arg0, COMPARABLE arg1[, arg2[, ...]])
2025-07-14T13:26:08.736+05:30 DEBUG 17208 --- [Fashion-Nest-Application] [           main] org.hibernate.HQL_FUNCTIONS              : Integer hour(TIME arg)
2025-07-14T13:26:08.736+05:30 DEBUG 17208 --- [Fashion-Nest-Application] [           main] org.hibernate.HQL_FUNCTIONS              : ifnull(arg0, arg1)
2025-07-14T13:26:08.736+05:30 DEBUG 17208 --- [Fashion-Nest-Application] [           main] org.hibernate.HQL_FUNCTIONS              : String insert(STRING string, INTEGER start, INTEGER length, STRING replacement)
2025-07-14T13:26:08.736+05:30 DEBUG 17208 --- [Fashion-Nest-Application] [           main] org.hibernate.HQL_FUNCTIONS              : Instant instant
2025-07-14T13:26:08.737+05:30 DEBUG 17208 --- [Fashion-Nest-Application] [           main] org.hibernate.HQL_FUNCTIONS              : Integer instr(STRING string, STRING pattern[, INTEGER start[, INTEGER occurrence]])
2025-07-14T13:26:08.737+05:30 DEBUG 17208 --- [Fashion-Nest-Application] [           main] org.hibernate.HQL_FUNCTIONS              : lagANY value[, INTEGER offset[, ANY default]]
2025-07-14T13:26:08.737+05:30 DEBUG 17208 --- [Fashion-Nest-Application] [           main] org.hibernate.HQL_FUNCTIONS              : Date last_day(DATE arg)
2025-07-14T13:26:08.737+05:30 DEBUG 17208 --- [Fashion-Nest-Application] [           main] org.hibernate.HQL_FUNCTIONS              : last_valueANY value
2025-07-14T13:26:08.737+05:30 DEBUG 17208 --- [Fashion-Nest-Application] [           main] org.hibernate.HQL_FUNCTIONS              : leadANY value[, INTEGER offset[, ANY default]]
2025-07-14T13:26:08.737+05:30 DEBUG 17208 --- [Fashion-Nest-Application] [           main] org.hibernate.HQL_FUNCTIONS              : least(COMPARABLE arg0, COMPARABLE arg1[, arg2[, ...]])
2025-07-14T13:26:08.737+05:30 DEBUG 17208 --- [Fashion-Nest-Application] [           main] org.hibernate.HQL_FUNCTIONS              : String left(STRING string, INTEGER length)
2025-07-14T13:26:08.737+05:30 DEBUG 17208 --- [Fashion-Nest-Application] [           main] org.hibernate.HQL_FUNCTIONS              : Integer length(STRING_OR_CLOB arg)
2025-07-14T13:26:08.737+05:30 DEBUG 17208 --- [Fashion-Nest-Application] [           main] org.hibernate.HQL_FUNCTIONS              : String listagg(STRING arg0, STRING arg1)
2025-07-14T13:26:08.737+05:30 DEBUG 17208 --- [Fashion-Nest-Application] [           main] org.hibernate.HQL_FUNCTIONS              : Double ln(NUMERIC arg)
2025-07-14T13:26:08.737+05:30 DEBUG 17208 --- [Fashion-Nest-Application] [           main] org.hibernate.HQL_FUNCTIONS              : LocalDate local date
2025-07-14T13:26:08.737+05:30 DEBUG 17208 --- [Fashion-Nest-Application] [           main] org.hibernate.HQL_FUNCTIONS              : LocalDateTime local datetime
2025-07-14T13:26:08.737+05:30 DEBUG 17208 --- [Fashion-Nest-Application] [           main] org.hibernate.HQL_FUNCTIONS              : LocalTime local time
2025-07-14T13:26:08.737+05:30 DEBUG 17208 --- [Fashion-Nest-Application] [           main] org.hibernate.HQL_FUNCTIONS              : LocalDate local_date
2025-07-14T13:26:08.737+05:30 DEBUG 17208 --- [Fashion-Nest-Application] [           main] org.hibernate.HQL_FUNCTIONS              : LocalDateTime local_datetime
2025-07-14T13:26:08.737+05:30 DEBUG 17208 --- [Fashion-Nest-Application] [           main] org.hibernate.HQL_FUNCTIONS              : LocalTime local_time
2025-07-14T13:26:08.737+05:30 DEBUG 17208 --- [Fashion-Nest-Application] [           main] org.hibernate.HQL_FUNCTIONS              : Timestamp localtime
2025-07-14T13:26:08.737+05:30 DEBUG 17208 --- [Fashion-Nest-Application] [           main] org.hibernate.HQL_FUNCTIONS              : Timestamp localtimestamp
2025-07-14T13:26:08.737+05:30 DEBUG 17208 --- [Fashion-Nest-Application] [           main] org.hibernate.HQL_FUNCTIONS              : Integer locate(STRING pattern, STRING string[, INTEGER start])
2025-07-14T13:26:08.737+05:30 DEBUG 17208 --- [Fashion-Nest-Application] [           main] org.hibernate.HQL_FUNCTIONS              : Double log(NUMERIC arg0[, NUMERIC arg1])
2025-07-14T13:26:08.737+05:30 DEBUG 17208 --- [Fashion-Nest-Application] [           main] org.hibernate.HQL_FUNCTIONS              : Double log10(NUMERIC arg)
2025-07-14T13:26:08.738+05:30 DEBUG 17208 --- [Fashion-Nest-Application] [           main] org.hibernate.HQL_FUNCTIONS              : Double log2(NUMERIC arg)
2025-07-14T13:26:08.738+05:30 DEBUG 17208 --- [Fashion-Nest-Application] [           main] org.hibernate.HQL_FUNCTIONS              : String lower(STRING string)
2025-07-14T13:26:08.738+05:30 DEBUG 17208 --- [Fashion-Nest-Application] [           main] org.hibernate.HQL_FUNCTIONS              : String lpad(string, length[, padding])
2025-07-14T13:26:08.738+05:30 DEBUG 17208 --- [Fashion-Nest-Application] [           main] org.hibernate.HQL_FUNCTIONS              : String ltrim(STRING string[, STRING characters])
2025-07-14T13:26:08.738+05:30 DEBUG 17208 --- [Fashion-Nest-Application] [           main] org.hibernate.HQL_FUNCTIONS              : Date makedate(INTEGER year, INTEGER dayofyear)
2025-07-14T13:26:08.738+05:30 DEBUG 17208 --- [Fashion-Nest-Application] [           main] org.hibernate.HQL_FUNCTIONS              : Time maketime(INTEGER hour, INTEGER min, INTEGER sec)
2025-07-14T13:26:08.738+05:30 DEBUG 17208 --- [Fashion-Nest-Application] [           main] org.hibernate.HQL_FUNCTIONS              : max(COMPARABLE arg)
2025-07-14T13:26:08.738+05:30 DEBUG 17208 --- [Fashion-Nest-Application] [           main] org.hibernate.HQL_FUNCTIONS              : String md5(arg)
2025-07-14T13:26:08.738+05:30 DEBUG 17208 --- [Fashion-Nest-Application] [           main] org.hibernate.HQL_FUNCTIONS              : Integer microsecond(TIME arg)
2025-07-14T13:26:08.738+05:30 DEBUG 17208 --- [Fashion-Nest-Application] [           main] org.hibernate.HQL_FUNCTIONS              : min(COMPARABLE arg)
2025-07-14T13:26:08.738+05:30 DEBUG 17208 --- [Fashion-Nest-Application] [           main] org.hibernate.HQL_FUNCTIONS              : Integer minute(TIME arg)
2025-07-14T13:26:08.738+05:30 DEBUG 17208 --- [Fashion-Nest-Application] [           main] org.hibernate.HQL_FUNCTIONS              : Integer mod(INTEGER arg0, INTEGER arg1)
2025-07-14T13:26:08.738+05:30 DEBUG 17208 --- [Fashion-Nest-Application] [           main] org.hibernate.HQL_FUNCTIONS              : Integer month(DATE arg)
2025-07-14T13:26:08.738+05:30 DEBUG 17208 --- [Fashion-Nest-Application] [           main] org.hibernate.HQL_FUNCTIONS              : String monthname(DATE arg)
2025-07-14T13:26:08.738+05:30 DEBUG 17208 --- [Fashion-Nest-Application] [           main] org.hibernate.HQL_FUNCTIONS              : Timestamp now()
2025-07-14T13:26:08.738+05:30 DEBUG 17208 --- [Fashion-Nest-Application] [           main] org.hibernate.HQL_FUNCTIONS              : nth_valueANY value, INTEGER nth
2025-07-14T13:26:08.738+05:30 DEBUG 17208 --- [Fashion-Nest-Application] [           main] org.hibernate.HQL_FUNCTIONS              : nullif(arg0, arg1)
2025-07-14T13:26:08.738+05:30 DEBUG 17208 --- [Fashion-Nest-Application] [           main] org.hibernate.HQL_FUNCTIONS              : Integer octet_length(STRING_OR_CLOB arg)
2025-07-14T13:26:08.738+05:30 DEBUG 17208 --- [Fashion-Nest-Application] [           main] org.hibernate.HQL_FUNCTIONS              : OffsetDateTime offset datetime
2025-07-14T13:26:08.738+05:30 DEBUG 17208 --- [Fashion-Nest-Application] [           main] org.hibernate.HQL_FUNCTIONS              : OffsetDateTime offset_datetime
2025-07-14T13:26:08.738+05:30 DEBUG 17208 --- [Fashion-Nest-Application] [           main] org.hibernate.HQL_FUNCTIONS              : String overlay(STRING string placing STRING replacement from INTEGER start[ for INTEGER length])
2025-07-14T13:26:08.755+05:30 DEBUG 17208 --- [Fashion-Nest-Application] [           main] org.hibernate.HQL_FUNCTIONS              : String pad(STRING string with INTEGER length {leading|trailing}[ STRING character])
2025-07-14T13:26:08.756+05:30 DEBUG 17208 --- [Fashion-Nest-Application] [           main] org.hibernate.HQL_FUNCTIONS              : Double percent_rank([arg0[, ...]])
2025-07-14T13:26:08.756+05:30 DEBUG 17208 --- [Fashion-Nest-Application] [           main] org.hibernate.HQL_FUNCTIONS              : Double pi
2025-07-14T13:26:08.756+05:30 DEBUG 17208 --- [Fashion-Nest-Application] [           main] org.hibernate.HQL_FUNCTIONS              : Integer position(STRING pattern in STRING string)
2025-07-14T13:26:08.756+05:30 DEBUG 17208 --- [Fashion-Nest-Application] [           main] org.hibernate.HQL_FUNCTIONS              : Double power(NUMERIC arg0, NUMERIC arg1)
2025-07-14T13:26:08.756+05:30 DEBUG 17208 --- [Fashion-Nest-Application] [           main] org.hibernate.HQL_FUNCTIONS              : Integer quarter(DATE arg)
2025-07-14T13:26:08.756+05:30 DEBUG 17208 --- [Fashion-Nest-Application] [           main] org.hibernate.HQL_FUNCTIONS              : Double radians(NUMERIC arg)
2025-07-14T13:26:08.757+05:30 DEBUG 17208 --- [Fashion-Nest-Application] [           main] org.hibernate.HQL_FUNCTIONS              : Double rand([INTEGER seed])
2025-07-14T13:26:08.757+05:30 DEBUG 17208 --- [Fashion-Nest-Application] [           main] org.hibernate.HQL_FUNCTIONS              : Long rank([arg0[, ...]])
2025-07-14T13:26:08.757+05:30 DEBUG 17208 --- [Fashion-Nest-Application] [           main] org.hibernate.HQL_FUNCTIONS              : String repeat(STRING string, INTEGER times)
2025-07-14T13:26:08.757+05:30 DEBUG 17208 --- [Fashion-Nest-Application] [           main] org.hibernate.HQL_FUNCTIONS              : String replace(STRING string, STRING pattern, STRING replacement)
2025-07-14T13:26:08.757+05:30 DEBUG 17208 --- [Fashion-Nest-Application] [           main] org.hibernate.HQL_FUNCTIONS              : String reverse(STRING arg)
2025-07-14T13:26:08.757+05:30 DEBUG 17208 --- [Fashion-Nest-Application] [           main] org.hibernate.HQL_FUNCTIONS              : String right(STRING string, INTEGER length)
2025-07-14T13:26:08.757+05:30 DEBUG 17208 --- [Fashion-Nest-Application] [           main] org.hibernate.HQL_FUNCTIONS              : round(NUMERIC number[, INTEGER places])
2025-07-14T13:26:08.757+05:30 DEBUG 17208 --- [Fashion-Nest-Application] [           main] org.hibernate.HQL_FUNCTIONS              : Long row_number()
2025-07-14T13:26:08.757+05:30 DEBUG 17208 --- [Fashion-Nest-Application] [           main] org.hibernate.HQL_FUNCTIONS              : String rpad(string, length[, padding])
2025-07-14T13:26:08.757+05:30 DEBUG 17208 --- [Fashion-Nest-Application] [           main] org.hibernate.HQL_FUNCTIONS              : String rtrim(STRING string[, STRING characters])
2025-07-14T13:26:08.757+05:30 DEBUG 17208 --- [Fashion-Nest-Application] [           main] org.hibernate.HQL_FUNCTIONS              : Integer second(TIME arg)
2025-07-14T13:26:08.758+05:30 DEBUG 17208 --- [Fashion-Nest-Application] [           main] org.hibernate.HQL_FUNCTIONS              : String sha(arg)
2025-07-14T13:26:08.758+05:30 DEBUG 17208 --- [Fashion-Nest-Application] [           main] org.hibernate.HQL_FUNCTIONS              : String sha1(arg)
2025-07-14T13:26:08.758+05:30 DEBUG 17208 --- [Fashion-Nest-Application] [           main] org.hibernate.HQL_FUNCTIONS              : String sha2(arg0, arg1)
2025-07-14T13:26:08.759+05:30 DEBUG 17208 --- [Fashion-Nest-Application] [           main] org.hibernate.HQL_FUNCTIONS              : Integer sign(NUMERIC arg)
2025-07-14T13:26:08.759+05:30 DEBUG 17208 --- [Fashion-Nest-Application] [           main] org.hibernate.HQL_FUNCTIONS              : Double sin(NUMERIC arg)
2025-07-14T13:26:08.759+05:30 DEBUG 17208 --- [Fashion-Nest-Application] [           main] org.hibernate.HQL_FUNCTIONS              : Double sinh(NUMERIC arg)
2025-07-14T13:26:08.759+05:30 DEBUG 17208 --- [Fashion-Nest-Application] [           main] org.hibernate.HQL_FUNCTIONS              : String soundex(arg)
2025-07-14T13:26:08.759+05:30 DEBUG 17208 --- [Fashion-Nest-Application] [           main] org.hibernate.HQL_FUNCTIONS              : String space(INTEGER arg)
2025-07-14T13:26:08.759+05:30 DEBUG 17208 --- [Fashion-Nest-Application] [           main] org.hibernate.HQL_FUNCTIONS              : Object sql
2025-07-14T13:26:08.759+05:30 DEBUG 17208 --- [Fashion-Nest-Application] [           main] org.hibernate.HQL_FUNCTIONS              : Double sqrt(NUMERIC arg)
2025-07-14T13:26:08.759+05:30 DEBUG 17208 --- [Fashion-Nest-Application] [           main] org.hibernate.HQL_FUNCTIONS              : Double stddev(NUMERIC arg)
2025-07-14T13:26:08.759+05:30 DEBUG 17208 --- [Fashion-Nest-Application] [           main] org.hibernate.HQL_FUNCTIONS              : Double stddev_pop(NUMERIC arg)
2025-07-14T13:26:08.759+05:30 DEBUG 17208 --- [Fashion-Nest-Application] [           main] org.hibernate.HQL_FUNCTIONS              : Double stddev_samp(NUMERIC arg)
2025-07-14T13:26:08.759+05:30 DEBUG 17208 --- [Fashion-Nest-Application] [           main] org.hibernate.HQL_FUNCTIONS              : String str(arg)
2025-07-14T13:26:08.759+05:30 DEBUG 17208 --- [Fashion-Nest-Application] [           main] org.hibernate.HQL_FUNCTIONS              : subdate(DATE datetime, INTEGER days)
2025-07-14T13:26:08.759+05:30 DEBUG 17208 --- [Fashion-Nest-Application] [           main] org.hibernate.HQL_FUNCTIONS              : String substr(STRING string, INTEGER start[, INTEGER length])
2025-07-14T13:26:08.759+05:30 DEBUG 17208 --- [Fashion-Nest-Application] [           main] org.hibernate.HQL_FUNCTIONS              : String substring(STRING string{ from|,} INTEGER start[{ for|,} INTEGER length])
2025-07-14T13:26:08.759+05:30 DEBUG 17208 --- [Fashion-Nest-Application] [           main] org.hibernate.HQL_FUNCTIONS              : subtime(TIME datetime, TIME time)
2025-07-14T13:26:08.759+05:30 DEBUG 17208 --- [Fashion-Nest-Application] [           main] org.hibernate.HQL_FUNCTIONS              : sum(arg)
2025-07-14T13:26:08.759+05:30 DEBUG 17208 --- [Fashion-Nest-Application] [           main] org.hibernate.HQL_FUNCTIONS              : Timestamp sysdate()
2025-07-14T13:26:08.760+05:30 DEBUG 17208 --- [Fashion-Nest-Application] [           main] org.hibernate.HQL_FUNCTIONS              : Double tan(NUMERIC arg)
2025-07-14T13:26:08.760+05:30 DEBUG 17208 --- [Fashion-Nest-Application] [           main] org.hibernate.HQL_FUNCTIONS              : Double tanh(NUMERIC arg)
2025-07-14T13:26:08.760+05:30 DEBUG 17208 --- [Fashion-Nest-Application] [           main] org.hibernate.HQL_FUNCTIONS              : String time(arg)
2025-07-14T13:26:08.760+05:30 DEBUG 17208 --- [Fashion-Nest-Application] [           main] org.hibernate.HQL_FUNCTIONS              : Timestamp timestamp(arg0[, arg1])
2025-07-14T13:26:08.760+05:30 DEBUG 17208 --- [Fashion-Nest-Application] [           main] org.hibernate.HQL_FUNCTIONS              : timestampadd(TEMPORAL_UNIT field, INTEGER magnitude, TEMPORAL datetime)
2025-07-14T13:26:08.760+05:30 DEBUG 17208 --- [Fashion-Nest-Application] [           main] org.hibernate.HQL_FUNCTIONS              : Long|Double timestampdiff(TEMPORAL_UNIT field, TEMPORAL start, TEMPORAL end)
2025-07-14T13:26:08.760+05:30 DEBUG 17208 --- [Fashion-Nest-Application] [           main] org.hibernate.HQL_FUNCTIONS              : String trim([[{leading|trailing|both} ][STRING arg0 ]from] STRING arg1)
2025-07-14T13:26:08.761+05:30 DEBUG 17208 --- [Fashion-Nest-Application] [           main] org.hibernate.HQL_FUNCTIONS              : trunc( ... )
2025-07-14T13:26:08.761+05:30 DEBUG 17208 --- [Fashion-Nest-Application] [           main] org.hibernate.HQL_FUNCTIONS              : truncate( ... )
2025-07-14T13:26:08.761+05:30 DEBUG 17208 --- [Fashion-Nest-Application] [           main] org.hibernate.HQL_FUNCTIONS              : String upper(STRING string)
2025-07-14T13:26:08.761+05:30 DEBUG 17208 --- [Fashion-Nest-Application] [           main] org.hibernate.HQL_FUNCTIONS              : Date utc_date
2025-07-14T13:26:08.761+05:30 DEBUG 17208 --- [Fashion-Nest-Application] [           main] org.hibernate.HQL_FUNCTIONS              : Time utc_time
2025-07-14T13:26:08.761+05:30 DEBUG 17208 --- [Fashion-Nest-Application] [           main] org.hibernate.HQL_FUNCTIONS              : Timestamp utc_timestamp
2025-07-14T13:26:08.761+05:30 DEBUG 17208 --- [Fashion-Nest-Application] [           main] org.hibernate.HQL_FUNCTIONS              : Double var_pop(NUMERIC arg)
2025-07-14T13:26:08.761+05:30 DEBUG 17208 --- [Fashion-Nest-Application] [           main] org.hibernate.HQL_FUNCTIONS              : Double var_samp(NUMERIC arg)
2025-07-14T13:26:08.761+05:30 DEBUG 17208 --- [Fashion-Nest-Application] [           main] org.hibernate.HQL_FUNCTIONS              : Double variance(NUMERIC arg)
2025-07-14T13:26:08.761+05:30 DEBUG 17208 --- [Fashion-Nest-Application] [           main] org.hibernate.HQL_FUNCTIONS              : Integer week(DATE arg)
2025-07-14T13:26:08.762+05:30 DEBUG 17208 --- [Fashion-Nest-Application] [           main] org.hibernate.HQL_FUNCTIONS              : Integer year(DATE arg)
2025-07-14T13:26:08.770+05:30 DEBUG 17208 --- [Fashion-Nest-Application] [           main] org.hibernate.orm.query.plan.cache       : Starting QueryInterpretationCache(2048)
2025-07-14T13:26:08.890+05:30 DEBUG 17208 --- [Fashion-Nest-Application] [           main] .h.s.i.SessionFactoryServiceRegistryImpl : EventListenerRegistry access via ServiceRegistry is deprecated.  Use `sessionFactory.getEventEngine().getListenerRegistry()` instead
2025-07-14T13:26:08.892+05:30 DEBUG 17208 --- [Fashion-Nest-Application] [           main] h.e.i.EntityCopyObserverFactoryInitiator : Configured EntityCopyObserver strategy: disallow
2025-07-14T13:26:08.991+05:30 DEBUG 17208 --- [Fashion-Nest-Application] [           main] org.hibernate.ormbytecode.interceptor    : To-one property `com.fashionnest.Fashion_Nest_Application.model.Address#user` was mapped with LAZY + NO_PROXY but the class was not enhanced
2025-07-14T13:26:08.992+05:30 DEBUG 17208 --- [Fashion-Nest-Application] [           main] org.hibernate.ormbytecode.interceptor    : To-one property `com.fashionnest.Fashion_Nest_Application.model.Address#user` was mapped with LAZY + NO_PROXY but the class was not enhanced
2025-07-14T13:26:08.992+05:30 DEBUG 17208 --- [Fashion-Nest-Application] [           main] o.h.boot.internal.ClassLoaderAccessImpl  : Not known whether passed class name [com.fashionnest.Fashion_Nest_Application.model.Address] is safe
2025-07-14T13:26:08.992+05:30 DEBUG 17208 --- [Fashion-Nest-Application] [           main] o.h.boot.internal.ClassLoaderAccessImpl  : No temp ClassLoader provided; using live ClassLoader for loading potentially unsafe class : com.fashionnest.Fashion_Nest_Application.model.Address
2025-07-14T13:26:09.279+05:30 DEBUG 17208 --- [Fashion-Nest-Application] [           main] o.h.b.i.bytebuddy.BytecodeProviderImpl   : HHH000513: Unable to create the ReflectionOptimizer for [com.fashionnest.Fashion_Nest_Application.model.Address]: private accessor [city]
2025-07-14T13:26:09.285+05:30 DEBUG 17208 --- [Fashion-Nest-Application] [           main] org.hibernate.ormbytecode.interceptor    : To-one property `com.fashionnest.Fashion_Nest_Application.model.Address#user` was mapped with LAZY + NO_PROXY but the class was not enhanced
2025-07-14T13:26:09.322+05:30 DEBUG 17208 --- [Fashion-Nest-Application] [           main] org.hibernate.ormbytecode.interceptor    : To-one property `com.fashionnest.Fashion_Nest_Application.model.CartItem#cart` was mapped with LAZY + NO_PROXY but the class was not enhanced
2025-07-14T13:26:09.322+05:30 DEBUG 17208 --- [Fashion-Nest-Application] [           main] org.hibernate.ormbytecode.interceptor    : To-one property `com.fashionnest.Fashion_Nest_Application.model.CartItem#cart` was mapped with LAZY + NO_PROXY but the class was not enhanced
2025-07-14T13:26:09.322+05:30 DEBUG 17208 --- [Fashion-Nest-Application] [           main] org.hibernate.ormbytecode.interceptor    : To-one property `com.fashionnest.Fashion_Nest_Application.model.CartItem#product` was mapped with LAZY + NO_PROXY but the class was not enhanced
2025-07-14T13:26:09.322+05:30 DEBUG 17208 --- [Fashion-Nest-Application] [           main] org.hibernate.ormbytecode.interceptor    : To-one property `com.fashionnest.Fashion_Nest_Application.model.CartItem#product` was mapped with LAZY + NO_PROXY but the class was not enhanced
2025-07-14T13:26:09.322+05:30 DEBUG 17208 --- [Fashion-Nest-Application] [           main] o.h.boot.internal.ClassLoaderAccessImpl  : Not known whether passed class name [com.fashionnest.Fashion_Nest_Application.model.CartItem] is safe
2025-07-14T13:26:09.322+05:30 DEBUG 17208 --- [Fashion-Nest-Application] [           main] o.h.boot.internal.ClassLoaderAccessImpl  : No temp ClassLoader provided; using live ClassLoader for loading potentially unsafe class : com.fashionnest.Fashion_Nest_Application.model.CartItem
2025-07-14T13:26:09.359+05:30 DEBUG 17208 --- [Fashion-Nest-Application] [           main] o.h.b.i.bytebuddy.BytecodeProviderImpl   : HHH000513: Unable to create the ReflectionOptimizer for [com.fashionnest.Fashion_Nest_Application.model.CartItem]: private accessor [cart]
2025-07-14T13:26:09.360+05:30 DEBUG 17208 --- [Fashion-Nest-Application] [           main] org.hibernate.ormbytecode.interceptor    : To-one property `com.fashionnest.Fashion_Nest_Application.model.CartItem#cart` was mapped with LAZY + NO_PROXY but the class was not enhanced
2025-07-14T13:26:09.360+05:30 DEBUG 17208 --- [Fashion-Nest-Application] [           main] org.hibernate.ormbytecode.interceptor    : To-one property `com.fashionnest.Fashion_Nest_Application.model.CartItem#product` was mapped with LAZY + NO_PROXY but the class was not enhanced
2025-07-14T13:26:09.361+05:30 DEBUG 17208 --- [Fashion-Nest-Application] [           main] org.hibernate.ormbytecode.interceptor    : To-one property `com.fashionnest.Fashion_Nest_Application.model.Category#parentCategory` was mapped with LAZY + NO_PROXY but the class was not enhanced
2025-07-14T13:26:09.362+05:30 DEBUG 17208 --- [Fashion-Nest-Application] [           main] org.hibernate.ormbytecode.interceptor    : To-one property `com.fashionnest.Fashion_Nest_Application.model.Category#parentCategory` was mapped with LAZY + NO_PROXY but the class was not enhanced
2025-07-14T13:26:09.362+05:30 DEBUG 17208 --- [Fashion-Nest-Application] [           main] o.h.boot.internal.ClassLoaderAccessImpl  : Not known whether passed class name [com.fashionnest.Fashion_Nest_Application.model.Category] is safe
2025-07-14T13:26:09.362+05:30 DEBUG 17208 --- [Fashion-Nest-Application] [           main] o.h.boot.internal.ClassLoaderAccessImpl  : No temp ClassLoader provided; using live ClassLoader for loading potentially unsafe class : com.fashionnest.Fashion_Nest_Application.model.Category
2025-07-14T13:26:09.385+05:30 DEBUG 17208 --- [Fashion-Nest-Application] [           main] o.h.b.i.bytebuddy.BytecodeProviderImpl   : HHH000513: Unable to create the ReflectionOptimizer for [com.fashionnest.Fashion_Nest_Application.model.Category]: private accessor [level]
2025-07-14T13:26:09.385+05:30 DEBUG 17208 --- [Fashion-Nest-Application] [           main] org.hibernate.ormbytecode.interceptor    : To-one property `com.fashionnest.Fashion_Nest_Application.model.Category#parentCategory` was mapped with LAZY + NO_PROXY but the class was not enhanced
2025-07-14T13:26:09.387+05:30 DEBUG 17208 --- [Fashion-Nest-Application] [           main] o.h.boot.internal.ClassLoaderAccessImpl  : Not known whether passed class name [com.fashionnest.Fashion_Nest_Application.model.User] is safe
2025-07-14T13:26:09.388+05:30 DEBUG 17208 --- [Fashion-Nest-Application] [           main] o.h.boot.internal.ClassLoaderAccessImpl  : No temp ClassLoader provided; using live ClassLoader for loading potentially unsafe class : com.fashionnest.Fashion_Nest_Application.model.User
2025-07-14T13:26:09.426+05:30 DEBUG 17208 --- [Fashion-Nest-Application] [           main] o.h.b.i.bytebuddy.BytecodeProviderImpl   : HHH000513: Unable to create the ReflectionOptimizer for [com.fashionnest.Fashion_Nest_Application.model.User]: private accessor [address]
2025-07-14T13:26:09.428+05:30 DEBUG 17208 --- [Fashion-Nest-Application] [           main] o.h.boot.internal.ClassLoaderAccessImpl  : Not known whether passed class name [com.fashionnest.Fashion_Nest_Application.model.Cart] is safe
2025-07-14T13:26:09.428+05:30 DEBUG 17208 --- [Fashion-Nest-Application] [           main] o.h.boot.internal.ClassLoaderAccessImpl  : No temp ClassLoader provided; using live ClassLoader for loading potentially unsafe class : com.fashionnest.Fashion_Nest_Application.model.Cart
2025-07-14T13:26:09.449+05:30 DEBUG 17208 --- [Fashion-Nest-Application] [           main] o.h.b.i.bytebuddy.BytecodeProviderImpl   : HHH000513: Unable to create the ReflectionOptimizer for [com.fashionnest.Fashion_Nest_Application.model.Cart]: private accessor [cartItems]
2025-07-14T13:26:09.451+05:30 DEBUG 17208 --- [Fashion-Nest-Application] [           main] org.hibernate.ormbytecode.interceptor    : To-one property `com.fashionnest.Fashion_Nest_Application.model.Rating#product` was mapped with LAZY + NO_PROXY but the class was not enhanced
2025-07-14T13:26:09.451+05:30 DEBUG 17208 --- [Fashion-Nest-Application] [           main] org.hibernate.ormbytecode.interceptor    : To-one property `com.fashionnest.Fashion_Nest_Application.model.Rating#product` was mapped with LAZY + NO_PROXY but the class was not enhanced
2025-07-14T13:26:09.451+05:30 DEBUG 17208 --- [Fashion-Nest-Application] [           main] org.hibernate.ormbytecode.interceptor    : To-one property `com.fashionnest.Fashion_Nest_Application.model.Rating#user` was mapped with LAZY + NO_PROXY but the class was not enhanced
2025-07-14T13:26:09.451+05:30 DEBUG 17208 --- [Fashion-Nest-Application] [           main] org.hibernate.ormbytecode.interceptor    : To-one property `com.fashionnest.Fashion_Nest_Application.model.Rating#user` was mapped with LAZY + NO_PROXY but the class was not enhanced
2025-07-14T13:26:09.451+05:30 DEBUG 17208 --- [Fashion-Nest-Application] [           main] o.h.boot.internal.ClassLoaderAccessImpl  : Not known whether passed class name [com.fashionnest.Fashion_Nest_Application.model.Rating] is safe
2025-07-14T13:26:09.451+05:30 DEBUG 17208 --- [Fashion-Nest-Application] [           main] o.h.boot.internal.ClassLoaderAccessImpl  : No temp ClassLoader provided; using live ClassLoader for loading potentially unsafe class : com.fashionnest.Fashion_Nest_Application.model.Rating
2025-07-14T13:26:09.466+05:30 DEBUG 17208 --- [Fashion-Nest-Application] [           main] o.h.b.i.bytebuddy.BytecodeProviderImpl   : HHH000513: Unable to create the ReflectionOptimizer for [com.fashionnest.Fashion_Nest_Application.model.Rating]: private accessor [createdAt]
2025-07-14T13:26:09.467+05:30 DEBUG 17208 --- [Fashion-Nest-Application] [           main] org.hibernate.ormbytecode.interceptor    : To-one property `com.fashionnest.Fashion_Nest_Application.model.Rating#product` was mapped with LAZY + NO_PROXY but the class was not enhanced
2025-07-14T13:26:09.467+05:30 DEBUG 17208 --- [Fashion-Nest-Application] [           main] org.hibernate.ormbytecode.interceptor    : To-one property `com.fashionnest.Fashion_Nest_Application.model.Rating#user` was mapped with LAZY + NO_PROXY but the class was not enhanced
2025-07-14T13:26:09.472+05:30 DEBUG 17208 --- [Fashion-Nest-Application] [           main] org.hibernate.ormbytecode.interceptor    : To-one property `com.fashionnest.Fashion_Nest_Application.model.Order#shippingAddress` was mapped with LAZY + NO_PROXY but the class was not enhanced
2025-07-14T13:26:09.472+05:30 DEBUG 17208 --- [Fashion-Nest-Application] [           main] org.hibernate.ormbytecode.interceptor    : To-one property `com.fashionnest.Fashion_Nest_Application.model.Order#shippingAddress` was mapped with LAZY + NO_PROXY but the class was not enhanced
2025-07-14T13:26:09.472+05:30 DEBUG 17208 --- [Fashion-Nest-Application] [           main] org.hibernate.ormbytecode.interceptor    : To-one property `com.fashionnest.Fashion_Nest_Application.model.Order#user` was mapped with LAZY + NO_PROXY but the class was not enhanced
2025-07-14T13:26:09.472+05:30 DEBUG 17208 --- [Fashion-Nest-Application] [           main] org.hibernate.ormbytecode.interceptor    : To-one property `com.fashionnest.Fashion_Nest_Application.model.Order#user` was mapped with LAZY + NO_PROXY but the class was not enhanced
2025-07-14T13:26:09.472+05:30 DEBUG 17208 --- [Fashion-Nest-Application] [           main] o.h.boot.internal.ClassLoaderAccessImpl  : Not known whether passed class name [com.fashionnest.Fashion_Nest_Application.model.Order] is safe
2025-07-14T13:26:09.472+05:30 DEBUG 17208 --- [Fashion-Nest-Application] [           main] o.h.boot.internal.ClassLoaderAccessImpl  : No temp ClassLoader provided; using live ClassLoader for loading potentially unsafe class : com.fashionnest.Fashion_Nest_Application.model.Order
2025-07-14T13:26:09.507+05:30 DEBUG 17208 --- [Fashion-Nest-Application] [           main] o.h.b.i.bytebuddy.BytecodeProviderImpl   : HHH000513: Unable to create the ReflectionOptimizer for [com.fashionnest.Fashion_Nest_Application.model.Order]: private accessor [createdAt]
2025-07-14T13:26:09.508+05:30 DEBUG 17208 --- [Fashion-Nest-Application] [           main] org.hibernate.ormbytecode.interceptor    : To-one property `com.fashionnest.Fashion_Nest_Application.model.Order#shippingAddress` was mapped with LAZY + NO_PROXY but the class was not enhanced
2025-07-14T13:26:09.508+05:30 DEBUG 17208 --- [Fashion-Nest-Application] [           main] org.hibernate.ormbytecode.interceptor    : To-one property `com.fashionnest.Fashion_Nest_Application.model.Order#user` was mapped with LAZY + NO_PROXY but the class was not enhanced
2025-07-14T13:26:09.510+05:30 DEBUG 17208 --- [Fashion-Nest-Application] [           main] org.hibernate.ormbytecode.interceptor    : To-one property `com.fashionnest.Fashion_Nest_Application.model.OrderItem#order` was mapped with LAZY + NO_PROXY but the class was not enhanced
2025-07-14T13:26:09.510+05:30 DEBUG 17208 --- [Fashion-Nest-Application] [           main] org.hibernate.ormbytecode.interceptor    : To-one property `com.fashionnest.Fashion_Nest_Application.model.OrderItem#order` was mapped with LAZY + NO_PROXY but the class was not enhanced
2025-07-14T13:26:09.510+05:30 DEBUG 17208 --- [Fashion-Nest-Application] [           main] org.hibernate.ormbytecode.interceptor    : To-one property `com.fashionnest.Fashion_Nest_Application.model.OrderItem#product` was mapped with LAZY + NO_PROXY but the class was not enhanced
2025-07-14T13:26:09.510+05:30 DEBUG 17208 --- [Fashion-Nest-Application] [           main] org.hibernate.ormbytecode.interceptor    : To-one property `com.fashionnest.Fashion_Nest_Application.model.OrderItem#product` was mapped with LAZY + NO_PROXY but the class was not enhanced
2025-07-14T13:26:09.510+05:30 DEBUG 17208 --- [Fashion-Nest-Application] [           main] o.h.boot.internal.ClassLoaderAccessImpl  : Not known whether passed class name [com.fashionnest.Fashion_Nest_Application.model.OrderItem] is safe
2025-07-14T13:26:09.510+05:30 DEBUG 17208 --- [Fashion-Nest-Application] [           main] o.h.boot.internal.ClassLoaderAccessImpl  : No temp ClassLoader provided; using live ClassLoader for loading potentially unsafe class : com.fashionnest.Fashion_Nest_Application.model.OrderItem
2025-07-14T13:26:09.540+05:30 DEBUG 17208 --- [Fashion-Nest-Application] [           main] o.h.b.i.bytebuddy.BytecodeProviderImpl   : HHH000513: Unable to create the ReflectionOptimizer for [com.fashionnest.Fashion_Nest_Application.model.OrderItem]: private accessor [deliveryDate]
2025-07-14T13:26:09.541+05:30 DEBUG 17208 --- [Fashion-Nest-Application] [           main] org.hibernate.ormbytecode.interceptor    : To-one property `com.fashionnest.Fashion_Nest_Application.model.OrderItem#order` was mapped with LAZY + NO_PROXY but the class was not enhanced
2025-07-14T13:26:09.541+05:30 DEBUG 17208 --- [Fashion-Nest-Application] [           main] org.hibernate.ormbytecode.interceptor    : To-one property `com.fashionnest.Fashion_Nest_Application.model.OrderItem#product` was mapped with LAZY + NO_PROXY but the class was not enhanced
2025-07-14T13:26:09.542+05:30 DEBUG 17208 --- [Fashion-Nest-Application] [           main] org.hibernate.ormbytecode.interceptor    : To-one property `com.fashionnest.Fashion_Nest_Application.model.Product#category` was mapped with LAZY + NO_PROXY but the class was not enhanced
2025-07-14T13:26:09.542+05:30 DEBUG 17208 --- [Fashion-Nest-Application] [           main] org.hibernate.ormbytecode.interceptor    : To-one property `com.fashionnest.Fashion_Nest_Application.model.Product#category` was mapped with LAZY + NO_PROXY but the class was not enhanced
2025-07-14T13:26:09.542+05:30 DEBUG 17208 --- [Fashion-Nest-Application] [           main] o.h.boot.internal.ClassLoaderAccessImpl  : Not known whether passed class name [com.fashionnest.Fashion_Nest_Application.model.Product] is safe
2025-07-14T13:26:09.542+05:30 DEBUG 17208 --- [Fashion-Nest-Application] [           main] o.h.boot.internal.ClassLoaderAccessImpl  : No temp ClassLoader provided; using live ClassLoader for loading potentially unsafe class : com.fashionnest.Fashion_Nest_Application.model.Product
2025-07-14T13:26:09.565+05:30 DEBUG 17208 --- [Fashion-Nest-Application] [           main] o.h.b.i.bytebuddy.BytecodeProviderImpl   : HHH000513: Unable to create the ReflectionOptimizer for [com.fashionnest.Fashion_Nest_Application.model.Product]: private accessor [brand]
2025-07-14T13:26:09.565+05:30 DEBUG 17208 --- [Fashion-Nest-Application] [           main] org.hibernate.ormbytecode.interceptor    : To-one property `com.fashionnest.Fashion_Nest_Application.model.Product#category` was mapped with LAZY + NO_PROXY but the class was not enhanced
2025-07-14T13:26:09.567+05:30 DEBUG 17208 --- [Fashion-Nest-Application] [           main] org.hibernate.ormbytecode.interceptor    : To-one property `com.fashionnest.Fashion_Nest_Application.model.Review#product` was mapped with LAZY + NO_PROXY but the class was not enhanced
2025-07-14T13:26:09.567+05:30 DEBUG 17208 --- [Fashion-Nest-Application] [           main] org.hibernate.ormbytecode.interceptor    : To-one property `com.fashionnest.Fashion_Nest_Application.model.Review#product` was mapped with LAZY + NO_PROXY but the class was not enhanced
2025-07-14T13:26:09.567+05:30 DEBUG 17208 --- [Fashion-Nest-Application] [           main] org.hibernate.ormbytecode.interceptor    : To-one property `com.fashionnest.Fashion_Nest_Application.model.Review#user` was mapped with LAZY + NO_PROXY but the class was not enhanced
2025-07-14T13:26:09.567+05:30 DEBUG 17208 --- [Fashion-Nest-Application] [           main] org.hibernate.ormbytecode.interceptor    : To-one property `com.fashionnest.Fashion_Nest_Application.model.Review#user` was mapped with LAZY + NO_PROXY but the class was not enhanced
2025-07-14T13:26:09.567+05:30 DEBUG 17208 --- [Fashion-Nest-Application] [           main] o.h.boot.internal.ClassLoaderAccessImpl  : Not known whether passed class name [com.fashionnest.Fashion_Nest_Application.model.Review] is safe
2025-07-14T13:26:09.567+05:30 DEBUG 17208 --- [Fashion-Nest-Application] [           main] o.h.boot.internal.ClassLoaderAccessImpl  : No temp ClassLoader provided; using live ClassLoader for loading potentially unsafe class : com.fashionnest.Fashion_Nest_Application.model.Review
2025-07-14T13:26:09.578+05:30 DEBUG 17208 --- [Fashion-Nest-Application] [           main] o.h.b.i.bytebuddy.BytecodeProviderImpl   : HHH000513: Unable to create the ReflectionOptimizer for [com.fashionnest.Fashion_Nest_Application.model.Review]: private accessor [createdAt]
2025-07-14T13:26:09.579+05:30 DEBUG 17208 --- [Fashion-Nest-Application] [           main] org.hibernate.ormbytecode.interceptor    : To-one property `com.fashionnest.Fashion_Nest_Application.model.Review#product` was mapped with LAZY + NO_PROXY but the class was not enhanced
2025-07-14T13:26:09.579+05:30 DEBUG 17208 --- [Fashion-Nest-Application] [           main] org.hibernate.ormbytecode.interceptor    : To-one property `com.fashionnest.Fashion_Nest_Application.model.Review#user` was mapped with LAZY + NO_PROXY but the class was not enhanced
2025-07-14T13:26:09.608+05:30 DEBUG 17208 --- [Fashion-Nest-Application] [           main] org.hibernate.orm.jdbc.mutation          : Skipping collection row updates - com.fashionnest.Fashion_Nest_Application.model.User.paymentInformation
2025-07-14T13:26:09.611+05:30 DEBUG 17208 --- [Fashion-Nest-Application] [           main] org.hibernate.orm.jdbc.mutation          : Skipping collection row updates - com.fashionnest.Fashion_Nest_Application.model.Product.sizes
2025-07-14T13:26:09.614+05:30 DEBUG 17208 --- [Fashion-Nest-Application] [           main] org.hibernate.orm.jdbc.mutation          : Skipping collection (re)creation - com.fashionnest.Fashion_Nest_Application.model.User.reviews
2025-07-14T13:26:09.616+05:30 DEBUG 17208 --- [Fashion-Nest-Application] [           main] org.hibernate.orm.jdbc.mutation          : Skipping collection row deletions - com.fashionnest.Fashion_Nest_Application.model.User.reviews
2025-07-14T13:26:09.618+05:30 DEBUG 17208 --- [Fashion-Nest-Application] [           main] org.hibernate.orm.jdbc.mutation          : Skipping collection removals - com.fashionnest.Fashion_Nest_Application.model.User.reviews
2025-07-14T13:26:09.618+05:30 DEBUG 17208 --- [Fashion-Nest-Application] [           main] org.hibernate.orm.jdbc.mutation          : Skipping collection (re)creation - com.fashionnest.Fashion_Nest_Application.model.Cart.cartItems
2025-07-14T13:26:09.619+05:30 DEBUG 17208 --- [Fashion-Nest-Application] [           main] org.hibernate.orm.jdbc.mutation          : Skipping collection row deletions - com.fashionnest.Fashion_Nest_Application.model.Cart.cartItems
2025-07-14T13:26:09.619+05:30 DEBUG 17208 --- [Fashion-Nest-Application] [           main] org.hibernate.orm.jdbc.mutation          : Skipping collection removals - com.fashionnest.Fashion_Nest_Application.model.Cart.cartItems
2025-07-14T13:26:09.619+05:30 DEBUG 17208 --- [Fashion-Nest-Application] [           main] org.hibernate.orm.jdbc.mutation          : Skipping collection (re)creation - com.fashionnest.Fashion_Nest_Application.model.User.address
2025-07-14T13:26:09.619+05:30 DEBUG 17208 --- [Fashion-Nest-Application] [           main] org.hibernate.orm.jdbc.mutation          : Skipping collection row deletions - com.fashionnest.Fashion_Nest_Application.model.User.address
2025-07-14T13:26:09.619+05:30 DEBUG 17208 --- [Fashion-Nest-Application] [           main] org.hibernate.orm.jdbc.mutation          : Skipping collection removals - com.fashionnest.Fashion_Nest_Application.model.User.address
2025-07-14T13:26:09.619+05:30 DEBUG 17208 --- [Fashion-Nest-Application] [           main] org.hibernate.orm.jdbc.mutation          : Skipping collection (re)creation - com.fashionnest.Fashion_Nest_Application.model.Product.reviews
2025-07-14T13:26:09.619+05:30 DEBUG 17208 --- [Fashion-Nest-Application] [           main] org.hibernate.orm.jdbc.mutation          : Skipping collection row deletions - com.fashionnest.Fashion_Nest_Application.model.Product.reviews
2025-07-14T13:26:09.619+05:30 DEBUG 17208 --- [Fashion-Nest-Application] [           main] org.hibernate.orm.jdbc.mutation          : Skipping collection removals - com.fashionnest.Fashion_Nest_Application.model.Product.reviews
2025-07-14T13:26:09.619+05:30 DEBUG 17208 --- [Fashion-Nest-Application] [           main] org.hibernate.orm.jdbc.mutation          : Skipping collection (re)creation - com.fashionnest.Fashion_Nest_Application.model.Order.orderItems
2025-07-14T13:26:09.619+05:30 DEBUG 17208 --- [Fashion-Nest-Application] [           main] org.hibernate.orm.jdbc.mutation          : Skipping collection row deletions - com.fashionnest.Fashion_Nest_Application.model.Order.orderItems
2025-07-14T13:26:09.619+05:30 DEBUG 17208 --- [Fashion-Nest-Application] [           main] org.hibernate.orm.jdbc.mutation          : Skipping collection removals - com.fashionnest.Fashion_Nest_Application.model.Order.orderItems
2025-07-14T13:26:09.620+05:30 DEBUG 17208 --- [Fashion-Nest-Application] [           main] org.hibernate.orm.jdbc.mutation          : Skipping collection (re)creation - com.fashionnest.Fashion_Nest_Application.model.User.ratings
2025-07-14T13:26:09.620+05:30 DEBUG 17208 --- [Fashion-Nest-Application] [           main] org.hibernate.orm.jdbc.mutation          : Skipping collection row deletions - com.fashionnest.Fashion_Nest_Application.model.User.ratings
2025-07-14T13:26:09.620+05:30 DEBUG 17208 --- [Fashion-Nest-Application] [           main] org.hibernate.orm.jdbc.mutation          : Skipping collection removals - com.fashionnest.Fashion_Nest_Application.model.User.ratings
2025-07-14T13:26:09.620+05:30 DEBUG 17208 --- [Fashion-Nest-Application] [           main] org.hibernate.orm.jdbc.mutation          : Skipping collection (re)creation - com.fashionnest.Fashion_Nest_Application.model.Product.ratings
2025-07-14T13:26:09.620+05:30 DEBUG 17208 --- [Fashion-Nest-Application] [           main] org.hibernate.orm.jdbc.mutation          : Skipping collection row deletions - com.fashionnest.Fashion_Nest_Application.model.Product.ratings
2025-07-14T13:26:09.620+05:30 DEBUG 17208 --- [Fashion-Nest-Application] [           main] org.hibernate.orm.jdbc.mutation          : Skipping collection removals - com.fashionnest.Fashion_Nest_Application.model.Product.ratings
2025-07-14T13:26:09.702+05:30 DEBUG 17208 --- [Fashion-Nest-Application] [           main] o.hibernate.orm.model.mapping.creation   : Starting post-init callbacks
2025-07-14T13:26:09.703+05:30 DEBUG 17208 --- [Fashion-Nest-Application] [           main] o.hibernate.orm.model.mapping.creation   : Starting PostInitCallbackEntry : To-one key - NavigableRole[com.fashionnest.Fashion_Nest_Application.model.Address.user]
2025-07-14T13:26:09.708+05:30 DEBUG 17208 --- [Fashion-Nest-Application] [           main] o.hibernate.orm.model.mapping.creation   : Starting PostInitCallbackEntry : Entity(com.fashionnest.Fashion_Nest_Application.model.Address) `staticFetchableList` generator
2025-07-14T13:26:09.709+05:30 DEBUG 17208 --- [Fashion-Nest-Application] [           main] o.hibernate.orm.model.mapping.creation   : Starting PostInitCallbackEntry : Entity(com.fashionnest.Fashion_Nest_Application.model.Address) `sqmMultiTableInsertStrategy` interpretation
2025-07-14T13:26:09.716+05:30 DEBUG 17208 --- [Fashion-Nest-Application] [           main] o.hibernate.orm.model.mapping.creation   : Starting PostInitCallbackEntry : To-one key - NavigableRole[com.fashionnest.Fashion_Nest_Application.model.CartItem.cart]
2025-07-14T13:26:09.716+05:30 DEBUG 17208 --- [Fashion-Nest-Application] [           main] o.hibernate.orm.model.mapping.creation   : Starting PostInitCallbackEntry : To-one key - NavigableRole[com.fashionnest.Fashion_Nest_Application.model.CartItem.product]
2025-07-14T13:26:09.716+05:30 DEBUG 17208 --- [Fashion-Nest-Application] [           main] o.hibernate.orm.model.mapping.creation   : Starting PostInitCallbackEntry : Entity(com.fashionnest.Fashion_Nest_Application.model.CartItem) `staticFetchableList` generator
2025-07-14T13:26:09.716+05:30 DEBUG 17208 --- [Fashion-Nest-Application] [           main] o.hibernate.orm.model.mapping.creation   : Starting PostInitCallbackEntry : To-one key - NavigableRole[com.fashionnest.Fashion_Nest_Application.model.Category.parentCategory]
2025-07-14T13:26:09.716+05:30 DEBUG 17208 --- [Fashion-Nest-Application] [           main] o.hibernate.orm.model.mapping.creation   : Starting PostInitCallbackEntry : Entity(com.fashionnest.Fashion_Nest_Application.model.Category) `staticFetchableList` generator
2025-07-14T13:26:09.717+05:30 DEBUG 17208 --- [Fashion-Nest-Application] [           main] o.hibernate.orm.model.mapping.creation   : Starting PostInitCallbackEntry : Entity(com.fashionnest.Fashion_Nest_Application.model.Category) `sqmMultiTableInsertStrategy` interpretation
2025-07-14T13:26:09.717+05:30 DEBUG 17208 --- [Fashion-Nest-Application] [           main] o.hibernate.orm.model.mapping.creation   : Starting PostInitCallbackEntry : PluralAttributeMapping( NavigableRole[com.fashionnest.Fashion_Nest_Application.model.User.address#{element}]) - element descriptor
2025-07-14T13:26:09.717+05:30 DEBUG 17208 --- [Fashion-Nest-Application] [           main] o.hibernate.orm.model.mapping.creation   : Starting PostInitCallbackEntry : PluralAttributeMapping(com.fashionnest.Fashion_Nest_Application.model.User.address)#finishInitialization
2025-07-14T13:26:09.717+05:30 DEBUG 17208 --- [Fashion-Nest-Application] [           main] o.hibernate.orm.model.mapping.creation   : Starting PostInitCallbackEntry : PluralAttributeMapping(com.fashionnest.Fashion_Nest_Application.model.User.address) - key descriptor
2025-07-14T13:26:09.717+05:30 DEBUG 17208 --- [Fashion-Nest-Application] [           main] o.hibernate.orm.model.mapping.creation   : Starting PostInitCallbackEntry : EmbeddableMappingType(com.fashionnest.Fashion_Nest_Application.model.User.paymentInformation#{element})#finishInitialization
2025-07-14T13:26:09.718+05:30 DEBUG 17208 --- [Fashion-Nest-Application] [           main] o.hibernate.orm.model.mapping.creation   : Starting PostInitCallbackEntry : PluralAttributeMapping(com.fashionnest.Fashion_Nest_Application.model.User.paymentInformation)#finishInitialization
2025-07-14T13:26:09.718+05:30 DEBUG 17208 --- [Fashion-Nest-Application] [           main] o.hibernate.orm.model.mapping.creation   : Starting PostInitCallbackEntry : PluralAttributeMapping(com.fashionnest.Fashion_Nest_Application.model.User.paymentInformation) - key descriptor
2025-07-14T13:26:09.719+05:30 DEBUG 17208 --- [Fashion-Nest-Application] [           main] o.hibernate.orm.model.mapping.creation   : Starting PostInitCallbackEntry : PluralAttributeMapping( NavigableRole[com.fashionnest.Fashion_Nest_Application.model.User.ratings#{element}]) - element descriptor
2025-07-14T13:26:09.719+05:30 DEBUG 17208 --- [Fashion-Nest-Application] [           main] o.hibernate.orm.model.mapping.creation   : Starting PostInitCallbackEntry : PluralAttributeMapping(com.fashionnest.Fashion_Nest_Application.model.User.ratings)#finishInitialization
2025-07-14T13:26:09.719+05:30 DEBUG 17208 --- [Fashion-Nest-Application] [           main] o.hibernate.orm.model.mapping.creation   : Starting PostInitCallbackEntry : PluralAttributeMapping(com.fashionnest.Fashion_Nest_Application.model.User.ratings) - key descriptor
2025-07-14T13:26:09.719+05:30 DEBUG 17208 --- [Fashion-Nest-Application] [           main] o.hibernate.orm.model.mapping.creation   : Starting PostInitCallbackEntry : PluralAttributeMapping( NavigableRole[com.fashionnest.Fashion_Nest_Application.model.User.reviews#{element}]) - element descriptor
2025-07-14T13:26:09.719+05:30 DEBUG 17208 --- [Fashion-Nest-Application] [           main] o.hibernate.orm.model.mapping.creation   : Starting PostInitCallbackEntry : PluralAttributeMapping(com.fashionnest.Fashion_Nest_Application.model.User.reviews)#finishInitialization
2025-07-14T13:26:09.719+05:30 DEBUG 17208 --- [Fashion-Nest-Application] [           main] o.hibernate.orm.model.mapping.creation   : Starting PostInitCallbackEntry : PluralAttributeMapping(com.fashionnest.Fashion_Nest_Application.model.User.reviews) - key descriptor
2025-07-14T13:26:09.719+05:30 DEBUG 17208 --- [Fashion-Nest-Application] [           main] o.hibernate.orm.model.mapping.creation   : Starting PostInitCallbackEntry : Entity(com.fashionnest.Fashion_Nest_Application.model.User) `staticFetchableList` generator
2025-07-14T13:26:09.719+05:30 DEBUG 17208 --- [Fashion-Nest-Application] [           main] o.hibernate.orm.model.mapping.creation   : Starting PostInitCallbackEntry : Entity(com.fashionnest.Fashion_Nest_Application.model.User) `sqmMultiTableInsertStrategy` interpretation
2025-07-14T13:26:09.720+05:30 DEBUG 17208 --- [Fashion-Nest-Application] [           main] o.hibernate.orm.model.mapping.creation   : Starting PostInitCallbackEntry : PluralAttributeMapping( NavigableRole[com.fashionnest.Fashion_Nest_Application.model.Cart.cartItems#{element}]) - element descriptor
2025-07-14T13:26:09.720+05:30 DEBUG 17208 --- [Fashion-Nest-Application] [           main] o.hibernate.orm.model.mapping.creation   : Starting PostInitCallbackEntry : PluralAttributeMapping(com.fashionnest.Fashion_Nest_Application.model.Cart.cartItems)#finishInitialization
2025-07-14T13:26:09.720+05:30 DEBUG 17208 --- [Fashion-Nest-Application] [           main] o.hibernate.orm.model.mapping.creation   : Starting PostInitCallbackEntry : PluralAttributeMapping(com.fashionnest.Fashion_Nest_Application.model.Cart.cartItems) - key descriptor
2025-07-14T13:26:09.720+05:30 DEBUG 17208 --- [Fashion-Nest-Application] [           main] o.hibernate.orm.model.mapping.creation   : Starting PostInitCallbackEntry : To-one key - NavigableRole[com.fashionnest.Fashion_Nest_Application.model.Cart.user]
2025-07-14T13:26:09.720+05:30 DEBUG 17208 --- [Fashion-Nest-Application] [           main] o.hibernate.orm.model.mapping.creation   : Starting PostInitCallbackEntry : Entity(com.fashionnest.Fashion_Nest_Application.model.Cart) `staticFetchableList` generator
2025-07-14T13:26:09.720+05:30 DEBUG 17208 --- [Fashion-Nest-Application] [           main] o.hibernate.orm.model.mapping.creation   : Starting PostInitCallbackEntry : To-one key - NavigableRole[com.fashionnest.Fashion_Nest_Application.model.Rating.product]
2025-07-14T13:26:09.720+05:30 DEBUG 17208 --- [Fashion-Nest-Application] [           main] o.hibernate.orm.model.mapping.creation   : Starting PostInitCallbackEntry : To-one key - NavigableRole[com.fashionnest.Fashion_Nest_Application.model.Rating.user]
2025-07-14T13:26:09.720+05:30 DEBUG 17208 --- [Fashion-Nest-Application] [           main] o.hibernate.orm.model.mapping.creation   : Starting PostInitCallbackEntry : Entity(com.fashionnest.Fashion_Nest_Application.model.Rating) `staticFetchableList` generator
2025-07-14T13:26:09.720+05:30 DEBUG 17208 --- [Fashion-Nest-Application] [           main] o.hibernate.orm.model.mapping.creation   : Starting PostInitCallbackEntry : PluralAttributeMapping( NavigableRole[com.fashionnest.Fashion_Nest_Application.model.Order.orderItems#{element}]) - element descriptor
2025-07-14T13:26:09.720+05:30 DEBUG 17208 --- [Fashion-Nest-Application] [           main] o.hibernate.orm.model.mapping.creation   : Starting PostInitCallbackEntry : PluralAttributeMapping(com.fashionnest.Fashion_Nest_Application.model.Order.orderItems)#finishInitialization
2025-07-14T13:26:09.720+05:30 DEBUG 17208 --- [Fashion-Nest-Application] [           main] o.hibernate.orm.model.mapping.creation   : Starting PostInitCallbackEntry : PluralAttributeMapping(com.fashionnest.Fashion_Nest_Application.model.Order.orderItems) - key descriptor
2025-07-14T13:26:09.720+05:30 DEBUG 17208 --- [Fashion-Nest-Application] [           main] o.hibernate.orm.model.mapping.creation   : Starting PostInitCallbackEntry : EmbeddableMappingType(com.fashionnest.Fashion_Nest_Application.model.Order.paymentDetails)#finishInitialization
2025-07-14T13:26:09.721+05:30 DEBUG 17208 --- [Fashion-Nest-Application] [           main] o.hibernate.orm.model.mapping.creation   : Starting PostInitCallbackEntry : To-one key - NavigableRole[com.fashionnest.Fashion_Nest_Application.model.Order.shippingAddress]
2025-07-14T13:26:09.721+05:30 DEBUG 17208 --- [Fashion-Nest-Application] [           main] o.hibernate.orm.model.mapping.creation   : Starting PostInitCallbackEntry : To-one key - NavigableRole[com.fashionnest.Fashion_Nest_Application.model.Order.user]
2025-07-14T13:26:09.721+05:30 DEBUG 17208 --- [Fashion-Nest-Application] [           main] o.hibernate.orm.model.mapping.creation   : Starting PostInitCallbackEntry : Entity(com.fashionnest.Fashion_Nest_Application.model.Order) `staticFetchableList` generator
2025-07-14T13:26:09.721+05:30 DEBUG 17208 --- [Fashion-Nest-Application] [           main] o.hibernate.orm.model.mapping.creation   : Starting PostInitCallbackEntry : Entity(com.fashionnest.Fashion_Nest_Application.model.Order) `sqmMultiTableInsertStrategy` interpretation
2025-07-14T13:26:09.721+05:30 DEBUG 17208 --- [Fashion-Nest-Application] [           main] o.hibernate.orm.model.mapping.creation   : Mapping-model creation encountered (possibly) transient error : java.lang.IllegalStateException: Not yet ready
2025-07-14T13:26:09.721+05:30 DEBUG 17208 --- [Fashion-Nest-Application] [           main] o.hibernate.orm.model.mapping.creation   : Starting PostInitCallbackEntry : To-one key - NavigableRole[com.fashionnest.Fashion_Nest_Application.model.OrderItem.order]
2025-07-14T13:26:09.721+05:30 DEBUG 17208 --- [Fashion-Nest-Application] [           main] o.hibernate.orm.model.mapping.creation   : Starting PostInitCallbackEntry : To-one key - NavigableRole[com.fashionnest.Fashion_Nest_Application.model.OrderItem.product]
2025-07-14T13:26:09.722+05:30 DEBUG 17208 --- [Fashion-Nest-Application] [           main] o.hibernate.orm.model.mapping.creation   : Starting PostInitCallbackEntry : Entity(com.fashionnest.Fashion_Nest_Application.model.OrderItem) `staticFetchableList` generator
2025-07-14T13:26:09.722+05:30 DEBUG 17208 --- [Fashion-Nest-Application] [           main] o.hibernate.orm.model.mapping.creation   : Starting PostInitCallbackEntry : To-one key - NavigableRole[com.fashionnest.Fashion_Nest_Application.model.Product.category]
2025-07-14T13:26:09.722+05:30 DEBUG 17208 --- [Fashion-Nest-Application] [           main] o.hibernate.orm.model.mapping.creation   : Starting PostInitCallbackEntry : PluralAttributeMapping( NavigableRole[com.fashionnest.Fashion_Nest_Application.model.Product.ratings#{element}]) - element descriptor
2025-07-14T13:26:09.722+05:30 DEBUG 17208 --- [Fashion-Nest-Application] [           main] o.hibernate.orm.model.mapping.creation   : Starting PostInitCallbackEntry : PluralAttributeMapping(com.fashionnest.Fashion_Nest_Application.model.Product.ratings)#finishInitialization
2025-07-14T13:26:09.722+05:30 DEBUG 17208 --- [Fashion-Nest-Application] [           main] o.hibernate.orm.model.mapping.creation   : Starting PostInitCallbackEntry : PluralAttributeMapping(com.fashionnest.Fashion_Nest_Application.model.Product.ratings) - key descriptor
2025-07-14T13:26:09.722+05:30 DEBUG 17208 --- [Fashion-Nest-Application] [           main] o.hibernate.orm.model.mapping.creation   : Starting PostInitCallbackEntry : PluralAttributeMapping( NavigableRole[com.fashionnest.Fashion_Nest_Application.model.Product.reviews#{element}]) - element descriptor
2025-07-14T13:26:09.722+05:30 DEBUG 17208 --- [Fashion-Nest-Application] [           main] o.hibernate.orm.model.mapping.creation   : Starting PostInitCallbackEntry : PluralAttributeMapping(com.fashionnest.Fashion_Nest_Application.model.Product.reviews)#finishInitialization
2025-07-14T13:26:09.722+05:30 DEBUG 17208 --- [Fashion-Nest-Application] [           main] o.hibernate.orm.model.mapping.creation   : Starting PostInitCallbackEntry : PluralAttributeMapping(com.fashionnest.Fashion_Nest_Application.model.Product.reviews) - key descriptor
2025-07-14T13:26:09.722+05:30 DEBUG 17208 --- [Fashion-Nest-Application] [           main] o.hibernate.orm.model.mapping.creation   : Starting PostInitCallbackEntry : EmbeddableMappingType(com.fashionnest.Fashion_Nest_Application.model.Product.sizes#{element})#finishInitialization
2025-07-14T13:26:09.722+05:30 DEBUG 17208 --- [Fashion-Nest-Application] [           main] o.hibernate.orm.model.mapping.creation   : Starting PostInitCallbackEntry : PluralAttributeMapping(com.fashionnest.Fashion_Nest_Application.model.Product.sizes)#finishInitialization
2025-07-14T13:26:09.722+05:30 DEBUG 17208 --- [Fashion-Nest-Application] [           main] o.hibernate.orm.model.mapping.creation   : Starting PostInitCallbackEntry : PluralAttributeMapping(com.fashionnest.Fashion_Nest_Application.model.Product.sizes) - key descriptor
2025-07-14T13:26:09.722+05:30 DEBUG 17208 --- [Fashion-Nest-Application] [           main] o.hibernate.orm.model.mapping.creation   : Starting PostInitCallbackEntry : Entity(com.fashionnest.Fashion_Nest_Application.model.Product) `staticFetchableList` generator
2025-07-14T13:26:09.722+05:30 DEBUG 17208 --- [Fashion-Nest-Application] [           main] o.hibernate.orm.model.mapping.creation   : Starting PostInitCallbackEntry : Entity(com.fashionnest.Fashion_Nest_Application.model.Product) `sqmMultiTableInsertStrategy` interpretation
2025-07-14T13:26:09.723+05:30 DEBUG 17208 --- [Fashion-Nest-Application] [           main] o.hibernate.orm.model.mapping.creation   : Starting PostInitCallbackEntry : To-one key - NavigableRole[com.fashionnest.Fashion_Nest_Application.model.Review.product]
2025-07-14T13:26:09.723+05:30 DEBUG 17208 --- [Fashion-Nest-Application] [           main] o.hibernate.orm.model.mapping.creation   : Starting PostInitCallbackEntry : To-one key - NavigableRole[com.fashionnest.Fashion_Nest_Application.model.Review.user]
2025-07-14T13:26:09.723+05:30 DEBUG 17208 --- [Fashion-Nest-Application] [           main] o.hibernate.orm.model.mapping.creation   : Starting PostInitCallbackEntry : Entity(com.fashionnest.Fashion_Nest_Application.model.Review) `staticFetchableList` generator
2025-07-14T13:26:09.723+05:30 DEBUG 17208 --- [Fashion-Nest-Application] [           main] o.hibernate.orm.model.mapping.creation   : Starting PostInitCallbackEntry : Entity(com.fashionnest.Fashion_Nest_Application.model.Review) `sqmMultiTableInsertStrategy` interpretation
2025-07-14T13:26:09.723+05:30 DEBUG 17208 --- [Fashion-Nest-Application] [           main] o.hibernate.orm.model.mapping.creation   : Starting PostInitCallbackEntry : PluralAttributeMapping( NavigableRole[com.fashionnest.Fashion_Nest_Application.model.User.address#{element}]) - element descriptor
2025-07-14T13:26:09.723+05:30 DEBUG 17208 --- [Fashion-Nest-Application] [           main] o.hibernate.orm.model.mapping.creation   : Starting PostInitCallbackEntry : PluralAttributeMapping( NavigableRole[com.fashionnest.Fashion_Nest_Application.model.User.ratings#{element}]) - element descriptor
2025-07-14T13:26:09.723+05:30 DEBUG 17208 --- [Fashion-Nest-Application] [           main] o.hibernate.orm.model.mapping.creation   : Starting PostInitCallbackEntry : PluralAttributeMapping( NavigableRole[com.fashionnest.Fashion_Nest_Application.model.User.reviews#{element}]) - element descriptor
2025-07-14T13:26:09.723+05:30 DEBUG 17208 --- [Fashion-Nest-Application] [           main] o.hibernate.orm.model.mapping.creation   : Starting PostInitCallbackEntry : PluralAttributeMapping( NavigableRole[com.fashionnest.Fashion_Nest_Application.model.Cart.cartItems#{element}]) - element descriptor
2025-07-14T13:26:09.723+05:30 DEBUG 17208 --- [Fashion-Nest-Application] [           main] o.hibernate.orm.model.mapping.creation   : Starting PostInitCallbackEntry : PluralAttributeMapping( NavigableRole[com.fashionnest.Fashion_Nest_Application.model.Order.orderItems#{element}]) - element descriptor
2025-07-14T13:26:09.724+05:30 DEBUG 17208 --- [Fashion-Nest-Application] [           main] o.hibernate.orm.model.mapping.creation   : Starting PostInitCallbackEntry : Entity(com.fashionnest.Fashion_Nest_Application.model.Order) `sqmMultiTableInsertStrategy` interpretation
2025-07-14T13:26:09.724+05:30 DEBUG 17208 --- [Fashion-Nest-Application] [           main] o.hibernate.orm.model.mapping.creation   : Mapping-model creation encountered (possibly) transient error : java.lang.IllegalStateException: Not yet ready
2025-07-14T13:26:09.724+05:30 DEBUG 17208 --- [Fashion-Nest-Application] [           main] o.hibernate.orm.model.mapping.creation   : Starting PostInitCallbackEntry : PluralAttributeMapping( NavigableRole[com.fashionnest.Fashion_Nest_Application.model.Product.ratings#{element}]) - element descriptor
2025-07-14T13:26:09.724+05:30 DEBUG 17208 --- [Fashion-Nest-Application] [           main] o.hibernate.orm.model.mapping.creation   : Starting PostInitCallbackEntry : PluralAttributeMapping( NavigableRole[com.fashionnest.Fashion_Nest_Application.model.Product.reviews#{element}]) - element descriptor
2025-07-14T13:26:09.724+05:30 DEBUG 17208 --- [Fashion-Nest-Application] [           main] o.hibernate.orm.model.mapping.creation   : Starting PostInitCallbackEntry : EmbeddableMappingType(com.fashionnest.Fashion_Nest_Application.model.User.paymentInformation#{element})#initColumnMappings
2025-07-14T13:26:09.726+05:30 DEBUG 17208 --- [Fashion-Nest-Application] [           main] o.hibernate.orm.model.mapping.creation   : Starting PostInitCallbackEntry : EmbeddableMappingType(com.fashionnest.Fashion_Nest_Application.model.Order.paymentDetails)#initColumnMappings
2025-07-14T13:26:09.726+05:30 DEBUG 17208 --- [Fashion-Nest-Application] [           main] o.hibernate.orm.model.mapping.creation   : Starting PostInitCallbackEntry : EmbeddableMappingType(com.fashionnest.Fashion_Nest_Application.model.Product.sizes#{element})#initColumnMappings
2025-07-14T13:26:09.726+05:30 DEBUG 17208 --- [Fashion-Nest-Application] [           main] o.hibernate.orm.model.mapping.creation   : Starting PostInitCallbackEntry : Entity(com.fashionnest.Fashion_Nest_Application.model.Order) `sqmMultiTableInsertStrategy` interpretation
2025-07-14T13:26:09.849+05:30 DEBUG 17208 --- [Fashion-Nest-Application] [           main] org.hibernate.orm.sql.ast.create         : Created new SQL alias : a1_0
2025-07-14T13:26:09.852+05:30 DEBUG 17208 --- [Fashion-Nest-Application] [           main] org.hibernate.orm.sql.ast.create         : Registration of TableGroup [StandardTableGroup(com.fashionnest.Fashion_Nest_Application.model.Address)] with identifierForTableGroup [com.fashionnest.Fashion_Nest_Application.model.Address] for NavigablePath [com.fashionnest.Fashion_Nest_Application.model.Address] 
2025-07-14T13:26:09.878+05:30 DEBUG 17208 --- [Fashion-Nest-Application] [           main] org.hibernate.orm.sql.ast.create         : Registration of TableGroup [org.hibernate.sql.ast.tree.from.LazyTableGroup@73633230] with identifierForTableGroup [com.fashionnest.Fashion_Nest_Application.model.Address.user] for NavigablePath [com.fashionnest.Fashion_Nest_Application.model.Address.user] 
2025-07-14T13:26:09.882+05:30 DEBUG 17208 --- [Fashion-Nest-Application] [           main] org.hibernate.orm.sql.ast.create         : Created new SQL alias : u1_0
2025-07-14T13:26:09.908+05:30 DEBUG 17208 --- [Fashion-Nest-Application] [           main] org.hibernate.orm.results.graph.AST      : DomainResult Graph:
 \-EntityResultImpl [com.fashionnest.Fashion_Nest_Application.model.Address]
 |  +-BasicFetch [com.fashionnest.Fashion_Nest_Application.model.Address.city]
 |  +-BasicFetch [com.fashionnest.Fashion_Nest_Application.model.Address.firstName]
 |  +-BasicFetch [com.fashionnest.Fashion_Nest_Application.model.Address.lastName]
 |  +-BasicFetch [com.fashionnest.Fashion_Nest_Application.model.Address.mobile]
 |  +-BasicFetch [com.fashionnest.Fashion_Nest_Application.model.Address.state]
 |  +-BasicFetch [com.fashionnest.Fashion_Nest_Application.model.Address.streetAddress]
 |  +-EntityFetchJoinedImpl [com.fashionnest.Fashion_Nest_Application.model.Address.user]
 |  \-BasicFetch [com.fashionnest.Fashion_Nest_Application.model.Address.zipCode]

2025-07-14T13:26:09.915+05:30 DEBUG 17208 --- [Fashion-Nest-Application] [           main] org.hibernate.orm.sql.ast.tree           : SQL AST Tree:
    SelectStatement {
      FromClause {
        StandardTableGroup (a1 : com.fashionnest.Fashion_Nest_Application.model.Address) {
          primaryTableReference : address as a1_0
          TableGroupJoins {
            left  join LazyTableGroup (u1 : com.fashionnest.Fashion_Nest_Application.model.Address.user) {
              primaryTableReference : user as u1_0
            }
          }
        }
      }
    }

2025-07-14T13:26:09.943+05:30 DEBUG 17208 --- [Fashion-Nest-Application] [           main] o.h.p.entity.AbstractEntityPersister     : Static SQL for entity: com.fashionnest.Fashion_Nest_Application.model.Address
2025-07-14T13:26:09.943+05:30 DEBUG 17208 --- [Fashion-Nest-Application] [           main] o.h.p.entity.AbstractEntityPersister     :  Version select: select id from address where id=?
2025-07-14T13:26:09.944+05:30 DEBUG 17208 --- [Fashion-Nest-Application] [           main] o.h.p.entity.AbstractEntityPersister     :  Insert (0): insert into address (city,first_name,last_name,mobile,state,street_address,user_id,zip_code,id) values (?,?,?,?,?,?,?,?,?)
2025-07-14T13:26:09.944+05:30 DEBUG 17208 --- [Fashion-Nest-Application] [           main] o.h.p.entity.AbstractEntityPersister     :  Update (0): update address set city=?,first_name=?,last_name=?,mobile=?,state=?,street_address=?,user_id=?,zip_code=? where id=?
2025-07-14T13:26:09.944+05:30 DEBUG 17208 --- [Fashion-Nest-Application] [           main] o.h.p.entity.AbstractEntityPersister     :  Delete (0): delete from address where id=?
2025-07-14T13:26:09.944+05:30 DEBUG 17208 --- [Fashion-Nest-Application] [           main] org.hibernate.orm.sql.ast.create         : Created new SQL alias : ci1_0
2025-07-14T13:26:09.944+05:30 DEBUG 17208 --- [Fashion-Nest-Application] [           main] org.hibernate.orm.sql.ast.create         : Registration of TableGroup [StandardTableGroup(com.fashionnest.Fashion_Nest_Application.model.CartItem)] with identifierForTableGroup [com.fashionnest.Fashion_Nest_Application.model.CartItem] for NavigablePath [com.fashionnest.Fashion_Nest_Application.model.CartItem] 
2025-07-14T13:26:09.945+05:30 DEBUG 17208 --- [Fashion-Nest-Application] [           main] org.hibernate.orm.sql.ast.create         : Registration of TableGroup [org.hibernate.sql.ast.tree.from.LazyTableGroup@5b4880b3] with identifierForTableGroup [com.fashionnest.Fashion_Nest_Application.model.CartItem.cart] for NavigablePath [com.fashionnest.Fashion_Nest_Application.model.CartItem.cart] 
2025-07-14T13:26:09.945+05:30 DEBUG 17208 --- [Fashion-Nest-Application] [           main] org.hibernate.orm.sql.ast.create         : Created new SQL alias : c1_0
2025-07-14T13:26:09.947+05:30 DEBUG 17208 --- [Fashion-Nest-Application] [           main] org.hibernate.orm.sql.ast.create         : Registration of TableGroup [org.hibernate.sql.ast.tree.from.LazyTableGroup@6892d403] with identifierForTableGroup [com.fashionnest.Fashion_Nest_Application.model.CartItem.cart.user] for NavigablePath [com.fashionnest.Fashion_Nest_Application.model.CartItem.cart.user] 
2025-07-14T13:26:09.953+05:30 DEBUG 17208 --- [Fashion-Nest-Application] [           main] org.hibernate.orm.sql.ast.create         : Registration of TableGroup [org.hibernate.sql.ast.tree.from.LazyTableGroup@5a20f793] with identifierForTableGroup [com.fashionnest.Fashion_Nest_Application.model.CartItem.product] for NavigablePath [com.fashionnest.Fashion_Nest_Application.model.CartItem.product] 
2025-07-14T13:26:09.954+05:30 DEBUG 17208 --- [Fashion-Nest-Application] [           main] org.hibernate.orm.sql.ast.create         : Created new SQL alias : p1_0
2025-07-14T13:26:09.954+05:30 DEBUG 17208 --- [Fashion-Nest-Application] [           main] org.hibernate.orm.sql.ast.create         : Registration of TableGroup [org.hibernate.sql.ast.tree.from.LazyTableGroup@211cf27b] with identifierForTableGroup [com.fashionnest.Fashion_Nest_Application.model.CartItem.product.category] for NavigablePath [com.fashionnest.Fashion_Nest_Application.model.CartItem.product.category] 
2025-07-14T13:26:09.954+05:30 DEBUG 17208 --- [Fashion-Nest-Application] [           main] org.hibernate.orm.sql.ast.create         : Created new SQL alias : c2_0
2025-07-14T13:26:09.954+05:30 DEBUG 17208 --- [Fashion-Nest-Application] [           main] org.hibernate.orm.sql.ast.create         : Registration of TableGroup [org.hibernate.sql.ast.tree.from.LazyTableGroup@4e0139] with identifierForTableGroup [com.fashionnest.Fashion_Nest_Application.model.CartItem.product.category.parentCategory] for NavigablePath [com.fashionnest.Fashion_Nest_Application.model.CartItem.product.category.parentCategory] 
2025-07-14T13:26:09.956+05:30 DEBUG 17208 --- [Fashion-Nest-Application] [           main] org.hibernate.orm.results.graph.AST      : DomainResult Graph:
 \-EntityResultImpl [com.fashionnest.Fashion_Nest_Application.model.CartItem]
 |  +-EntityFetchJoinedImpl [com.fashionnest.Fashion_Nest_Application.model.CartItem.cart]
 |  +-BasicFetch [com.fashionnest.Fashion_Nest_Application.model.CartItem.discountedPrice]
 |  +-BasicFetch [com.fashionnest.Fashion_Nest_Application.model.CartItem.price]
 |  +-EntityFetchJoinedImpl [com.fashionnest.Fashion_Nest_Application.model.CartItem.product]
 |  +-BasicFetch [com.fashionnest.Fashion_Nest_Application.model.CartItem.quantity]
 |  +-BasicFetch [com.fashionnest.Fashion_Nest_Application.model.CartItem.size]
 |  \-BasicFetch [com.fashionnest.Fashion_Nest_Application.model.CartItem.userId]

2025-07-14T13:26:09.957+05:30 DEBUG 17208 --- [Fashion-Nest-Application] [           main] org.hibernate.orm.sql.ast.tree           : SQL AST Tree:
    SelectStatement {
      FromClause {
        StandardTableGroup (ci1 : com.fashionnest.Fashion_Nest_Application.model.CartItem) {
          primaryTableReference : cart_item as ci1_0
          TableGroupJoins {
            left  join LazyTableGroup (c1 : com.fashionnest.Fashion_Nest_Application.model.CartItem.cart) {
              primaryTableReference : cart as c1_0
              TableGroupJoins {
                left  join LazyTableGroup (u1 : com.fashionnest.Fashion_Nest_Application.model.CartItem.cart.user) {
                }
              }
            }
            left  join LazyTableGroup (p1 : com.fashionnest.Fashion_Nest_Application.model.CartItem.product) {
              primaryTableReference : product as p1_0
              TableGroupJoins {
                left  join LazyTableGroup (c2 : com.fashionnest.Fashion_Nest_Application.model.CartItem.product.category) {
                  primaryTableReference : category as c2_0
                  TableGroupJoins {
                    left  join LazyTableGroup (pc1 : com.fashionnest.Fashion_Nest_Application.model.CartItem.product.category.parentCategory) {
                    }
                  }
                }
              }
            }
          }
        }
      }
    }

2025-07-14T13:26:09.958+05:30 DEBUG 17208 --- [Fashion-Nest-Application] [           main] o.h.p.entity.AbstractEntityPersister     : Static SQL for entity: com.fashionnest.Fashion_Nest_Application.model.CartItem
2025-07-14T13:26:09.958+05:30 DEBUG 17208 --- [Fashion-Nest-Application] [           main] o.h.p.entity.AbstractEntityPersister     :  Version select: select id from cart_item where id=?
2025-07-14T13:26:09.958+05:30 DEBUG 17208 --- [Fashion-Nest-Application] [           main] o.h.p.entity.AbstractEntityPersister     :  Insert (0): insert into cart_item (cart_id,discounted_price,price,product_id,quantity,size,user_id) values (?,?,?,?,?,?,?)
2025-07-14T13:26:09.958+05:30 DEBUG 17208 --- [Fashion-Nest-Application] [           main] o.h.p.entity.AbstractEntityPersister     :  Update (0): update cart_item set cart_id=?,discounted_price=?,price=?,product_id=?,quantity=?,size=?,user_id=? where id=?
2025-07-14T13:26:09.958+05:30 DEBUG 17208 --- [Fashion-Nest-Application] [           main] o.h.p.entity.AbstractEntityPersister     :  Delete (0): delete from cart_item where id=?
2025-07-14T13:26:09.958+05:30 DEBUG 17208 --- [Fashion-Nest-Application] [           main] org.hibernate.orm.sql.ast.create         : Created new SQL alias : c1_0
2025-07-14T13:26:09.958+05:30 DEBUG 17208 --- [Fashion-Nest-Application] [           main] org.hibernate.orm.sql.ast.create         : Registration of TableGroup [StandardTableGroup(com.fashionnest.Fashion_Nest_Application.model.Category)] with identifierForTableGroup [com.fashionnest.Fashion_Nest_Application.model.Category] for NavigablePath [com.fashionnest.Fashion_Nest_Application.model.Category] 
2025-07-14T13:26:09.959+05:30 DEBUG 17208 --- [Fashion-Nest-Application] [           main] org.hibernate.orm.sql.ast.create         : Registration of TableGroup [org.hibernate.sql.ast.tree.from.LazyTableGroup@3751baf6] with identifierForTableGroup [com.fashionnest.Fashion_Nest_Application.model.Category.parentCategory] for NavigablePath [com.fashionnest.Fashion_Nest_Application.model.Category.parentCategory] 
2025-07-14T13:26:09.959+05:30 DEBUG 17208 --- [Fashion-Nest-Application] [           main] org.hibernate.orm.sql.ast.create         : Created new SQL alias : pc1_0
2025-07-14T13:26:09.964+05:30 DEBUG 17208 --- [Fashion-Nest-Application] [           main] org.hibernate.orm.sql.ast.create         : Registration of TableGroup [org.hibernate.sql.ast.tree.from.LazyTableGroup@38213efa] with identifierForTableGroup [com.fashionnest.Fashion_Nest_Application.model.Category.parentCategory.parentCategory] for NavigablePath [com.fashionnest.Fashion_Nest_Application.model.Category.parentCategory.parentCategory] 
2025-07-14T13:26:09.968+05:30 DEBUG 17208 --- [Fashion-Nest-Application] [           main] org.hibernate.orm.results.graph.AST      : DomainResult Graph:
 \-EntityResultImpl [com.fashionnest.Fashion_Nest_Application.model.Category]
 |  +-BasicFetch [com.fashionnest.Fashion_Nest_Application.model.Category.level]
 |  +-BasicFetch [com.fashionnest.Fashion_Nest_Application.model.Category.name]
 |  \-EntityFetchJoinedImpl [com.fashionnest.Fashion_Nest_Application.model.Category.parentCategory]

2025-07-14T13:26:09.968+05:30 DEBUG 17208 --- [Fashion-Nest-Application] [           main] org.hibernate.orm.sql.ast.tree           : SQL AST Tree:
    SelectStatement {
      FromClause {
        StandardTableGroup (c1 : com.fashionnest.Fashion_Nest_Application.model.Category) {
          primaryTableReference : category as c1_0
          TableGroupJoins {
            left  join LazyTableGroup (pc1 : com.fashionnest.Fashion_Nest_Application.model.Category.parentCategory) {
              primaryTableReference : category as pc1_0
              TableGroupJoins {
                left  join LazyTableGroup (pc2 : com.fashionnest.Fashion_Nest_Application.model.Category.parentCategory.parentCategory) {
                }
              }
            }
          }
        }
      }
    }

2025-07-14T13:26:09.969+05:30 DEBUG 17208 --- [Fashion-Nest-Application] [           main] o.h.p.entity.AbstractEntityPersister     : Static SQL for entity: com.fashionnest.Fashion_Nest_Application.model.Category
2025-07-14T13:26:09.969+05:30 DEBUG 17208 --- [Fashion-Nest-Application] [           main] o.h.p.entity.AbstractEntityPersister     :  Version select: select id from category where id=?
2025-07-14T13:26:09.969+05:30 DEBUG 17208 --- [Fashion-Nest-Application] [           main] o.h.p.entity.AbstractEntityPersister     :  Insert (0): insert into category (level,name,parent_category_id,id) values (?,?,?,?)
2025-07-14T13:26:09.969+05:30 DEBUG 17208 --- [Fashion-Nest-Application] [           main] o.h.p.entity.AbstractEntityPersister     :  Update (0): update category set level=?,name=?,parent_category_id=? where id=?
2025-07-14T13:26:09.969+05:30 DEBUG 17208 --- [Fashion-Nest-Application] [           main] o.h.p.entity.AbstractEntityPersister     :  Delete (0): delete from category where id=?
2025-07-14T13:26:09.969+05:30 DEBUG 17208 --- [Fashion-Nest-Application] [           main] org.hibernate.orm.sql.ast.create         : Created new SQL alias : u1_0
2025-07-14T13:26:09.969+05:30 DEBUG 17208 --- [Fashion-Nest-Application] [           main] org.hibernate.orm.sql.ast.create         : Registration of TableGroup [StandardTableGroup(com.fashionnest.Fashion_Nest_Application.model.User)] with identifierForTableGroup [com.fashionnest.Fashion_Nest_Application.model.User] for NavigablePath [com.fashionnest.Fashion_Nest_Application.model.User] 
2025-07-14T13:26:09.970+05:30 DEBUG 17208 --- [Fashion-Nest-Application] [           main] org.hibernate.orm.results.graph.AST      : DomainResult Graph:
 \-EntityResultImpl [com.fashionnest.Fashion_Nest_Application.model.User]
 |  +-DelayedCollectionFetch [com.fashionnest.Fashion_Nest_Application.model.User.address]
 |  +-BasicFetch [com.fashionnest.Fashion_Nest_Application.model.User.createdAt]
 |  +-BasicFetch [com.fashionnest.Fashion_Nest_Application.model.User.email]
 |  +-BasicFetch [com.fashionnest.Fashion_Nest_Application.model.User.firstName]
 |  +-BasicFetch [com.fashionnest.Fashion_Nest_Application.model.User.lastName]
 |  +-BasicFetch [com.fashionnest.Fashion_Nest_Application.model.User.password]
 |  +-DelayedCollectionFetch [com.fashionnest.Fashion_Nest_Application.model.User.paymentInformation]
 |  +-DelayedCollectionFetch [com.fashionnest.Fashion_Nest_Application.model.User.ratings]
 |  +-DelayedCollectionFetch [com.fashionnest.Fashion_Nest_Application.model.User.reviews]
 |  \-BasicFetch [com.fashionnest.Fashion_Nest_Application.model.User.role]

2025-07-14T13:26:09.970+05:30 DEBUG 17208 --- [Fashion-Nest-Application] [           main] org.hibernate.orm.sql.ast.tree           : SQL AST Tree:
    SelectStatement {
      FromClause {
        StandardTableGroup (u1 : com.fashionnest.Fashion_Nest_Application.model.User) {
          primaryTableReference : user as u1_0
        }
      }
    }

2025-07-14T13:26:09.970+05:30 DEBUG 17208 --- [Fashion-Nest-Application] [           main] o.h.p.entity.AbstractEntityPersister     : Static SQL for entity: com.fashionnest.Fashion_Nest_Application.model.User
2025-07-14T13:26:09.970+05:30 DEBUG 17208 --- [Fashion-Nest-Application] [           main] o.h.p.entity.AbstractEntityPersister     :  Version select: select id from user where id=?
2025-07-14T13:26:09.970+05:30 DEBUG 17208 --- [Fashion-Nest-Application] [           main] o.h.p.entity.AbstractEntityPersister     :  Insert (0): insert into user (created_at,email,first_name,last_name,password,role,id) values (?,?,?,?,?,?,?)
2025-07-14T13:26:09.970+05:30 DEBUG 17208 --- [Fashion-Nest-Application] [           main] o.h.p.entity.AbstractEntityPersister     :  Update (0): update user set created_at=?,email=?,first_name=?,last_name=?,password=?,role=? where id=?
2025-07-14T13:26:09.971+05:30 DEBUG 17208 --- [Fashion-Nest-Application] [           main] o.h.p.entity.AbstractEntityPersister     :  Delete (0): delete from user where id=?
2025-07-14T13:26:09.971+05:30 DEBUG 17208 --- [Fashion-Nest-Application] [           main] org.hibernate.orm.sql.ast.create         : Created new SQL alias : c1_0
2025-07-14T13:26:09.971+05:30 DEBUG 17208 --- [Fashion-Nest-Application] [           main] org.hibernate.orm.sql.ast.create         : Registration of TableGroup [StandardTableGroup(com.fashionnest.Fashion_Nest_Application.model.Cart)] with identifierForTableGroup [com.fashionnest.Fashion_Nest_Application.model.Cart] for NavigablePath [com.fashionnest.Fashion_Nest_Application.model.Cart] 
2025-07-14T13:26:09.971+05:30 DEBUG 17208 --- [Fashion-Nest-Application] [           main] org.hibernate.orm.sql.ast.create         : Registration of TableGroup [org.hibernate.sql.ast.tree.from.LazyTableGroup@7ff7e353] with identifierForTableGroup [com.fashionnest.Fashion_Nest_Application.model.Cart.user] for NavigablePath [com.fashionnest.Fashion_Nest_Application.model.Cart.user] 
2025-07-14T13:26:09.971+05:30 DEBUG 17208 --- [Fashion-Nest-Application] [           main] org.hibernate.orm.results.graph.AST      : DomainResult Graph:
 \-EntityResultImpl [com.fashionnest.Fashion_Nest_Application.model.Cart]
 |  +-DelayedCollectionFetch [com.fashionnest.Fashion_Nest_Application.model.Cart.cartItems]
 |  +-BasicFetch [com.fashionnest.Fashion_Nest_Application.model.Cart.discount]
 |  +-BasicFetch [com.fashionnest.Fashion_Nest_Application.model.Cart.totalDiscountedPrice]
 |  +-BasicFetch [com.fashionnest.Fashion_Nest_Application.model.Cart.totalItem]
 |  +-BasicFetch [com.fashionnest.Fashion_Nest_Application.model.Cart.totalPrice]
 |  \-EntityDelayedFetchImpl [com.fashionnest.Fashion_Nest_Application.model.Cart.user]

2025-07-14T13:26:09.971+05:30 DEBUG 17208 --- [Fashion-Nest-Application] [           main] org.hibernate.orm.sql.ast.tree           : SQL AST Tree:
    SelectStatement {
      FromClause {
        StandardTableGroup (c1 : com.fashionnest.Fashion_Nest_Application.model.Cart) {
          primaryTableReference : cart as c1_0
          TableGroupJoins {
            left  join LazyTableGroup (u1 : com.fashionnest.Fashion_Nest_Application.model.Cart.user) {
            }
          }
        }
      }
    }

2025-07-14T13:26:09.971+05:30 DEBUG 17208 --- [Fashion-Nest-Application] [           main] o.h.p.entity.AbstractEntityPersister     : Static SQL for entity: com.fashionnest.Fashion_Nest_Application.model.Cart
2025-07-14T13:26:09.971+05:30 DEBUG 17208 --- [Fashion-Nest-Application] [           main] o.h.p.entity.AbstractEntityPersister     :  Version select: select id from cart where id=?
2025-07-14T13:26:09.971+05:30 DEBUG 17208 --- [Fashion-Nest-Application] [           main] o.h.p.entity.AbstractEntityPersister     :  Insert (0): insert into cart (discount,total_discounted_price,total_item,total_price,user_id) values (?,?,?,?,?)
2025-07-14T13:26:09.971+05:30 DEBUG 17208 --- [Fashion-Nest-Application] [           main] o.h.p.entity.AbstractEntityPersister     :  Update (0): update cart set discount=?,total_discounted_price=?,total_item=?,total_price=?,user_id=? where id=?
2025-07-14T13:26:09.972+05:30 DEBUG 17208 --- [Fashion-Nest-Application] [           main] o.h.p.entity.AbstractEntityPersister     :  Delete (0): delete from cart where id=?
2025-07-14T13:26:09.972+05:30 DEBUG 17208 --- [Fashion-Nest-Application] [           main] org.hibernate.orm.sql.ast.create         : Created new SQL alias : r1_0
2025-07-14T13:26:09.972+05:30 DEBUG 17208 --- [Fashion-Nest-Application] [           main] org.hibernate.orm.sql.ast.create         : Registration of TableGroup [StandardTableGroup(com.fashionnest.Fashion_Nest_Application.model.Rating)] with identifierForTableGroup [com.fashionnest.Fashion_Nest_Application.model.Rating] for NavigablePath [com.fashionnest.Fashion_Nest_Application.model.Rating] 
2025-07-14T13:26:09.972+05:30 DEBUG 17208 --- [Fashion-Nest-Application] [           main] org.hibernate.orm.sql.ast.create         : Registration of TableGroup [org.hibernate.sql.ast.tree.from.LazyTableGroup@7f7f544a] with identifierForTableGroup [com.fashionnest.Fashion_Nest_Application.model.Rating.product] for NavigablePath [com.fashionnest.Fashion_Nest_Application.model.Rating.product] 
2025-07-14T13:26:09.972+05:30 DEBUG 17208 --- [Fashion-Nest-Application] [           main] org.hibernate.orm.sql.ast.create         : Created new SQL alias : p1_0
2025-07-14T13:26:09.972+05:30 DEBUG 17208 --- [Fashion-Nest-Application] [           main] org.hibernate.orm.sql.ast.create         : Registration of TableGroup [org.hibernate.sql.ast.tree.from.LazyTableGroup@70b0dc92] with identifierForTableGroup [com.fashionnest.Fashion_Nest_Application.model.Rating.product.category] for NavigablePath [com.fashionnest.Fashion_Nest_Application.model.Rating.product.category] 
2025-07-14T13:26:09.972+05:30 DEBUG 17208 --- [Fashion-Nest-Application] [           main] org.hibernate.orm.sql.ast.create         : Created new SQL alias : c1_0
2025-07-14T13:26:09.973+05:30 DEBUG 17208 --- [Fashion-Nest-Application] [           main] org.hibernate.orm.sql.ast.create         : Registration of TableGroup [org.hibernate.sql.ast.tree.from.LazyTableGroup@309d54ac] with identifierForTableGroup [com.fashionnest.Fashion_Nest_Application.model.Rating.product.category.parentCategory] for NavigablePath [com.fashionnest.Fashion_Nest_Application.model.Rating.product.category.parentCategory] 
2025-07-14T13:26:09.973+05:30 DEBUG 17208 --- [Fashion-Nest-Application] [           main] org.hibernate.orm.sql.ast.create         : Registration of TableGroup [org.hibernate.sql.ast.tree.from.LazyTableGroup@390978] with identifierForTableGroup [com.fashionnest.Fashion_Nest_Application.model.Rating.user] for NavigablePath [com.fashionnest.Fashion_Nest_Application.model.Rating.user] 
2025-07-14T13:26:09.974+05:30 DEBUG 17208 --- [Fashion-Nest-Application] [           main] org.hibernate.orm.sql.ast.create         : Created new SQL alias : u1_0
2025-07-14T13:26:09.974+05:30 DEBUG 17208 --- [Fashion-Nest-Application] [           main] org.hibernate.orm.results.graph.AST      : DomainResult Graph:
 \-EntityResultImpl [com.fashionnest.Fashion_Nest_Application.model.Rating]
 |  +-BasicFetch [com.fashionnest.Fashion_Nest_Application.model.Rating.createdAt]
 |  +-EntityFetchJoinedImpl [com.fashionnest.Fashion_Nest_Application.model.Rating.product]
 |  +-BasicFetch [com.fashionnest.Fashion_Nest_Application.model.Rating.rating]
 |  \-EntityFetchJoinedImpl [com.fashionnest.Fashion_Nest_Application.model.Rating.user]

2025-07-14T13:26:09.975+05:30 DEBUG 17208 --- [Fashion-Nest-Application] [           main] org.hibernate.orm.sql.ast.tree           : SQL AST Tree:
    SelectStatement {
      FromClause {
        StandardTableGroup (r1 : com.fashionnest.Fashion_Nest_Application.model.Rating) {
          primaryTableReference : rating as r1_0
          TableGroupJoins {
             join LazyTableGroup (p1 : com.fashionnest.Fashion_Nest_Application.model.Rating.product) {
              primaryTableReference : product as p1_0
              TableGroupJoins {
                left  join LazyTableGroup (c1 : com.fashionnest.Fashion_Nest_Application.model.Rating.product.category) {
                  primaryTableReference : category as c1_0
                  TableGroupJoins {
                    left  join LazyTableGroup (pc1 : com.fashionnest.Fashion_Nest_Application.model.Rating.product.category.parentCategory) {
                    }
                  }
                }
              }
            }
             join LazyTableGroup (u1 : com.fashionnest.Fashion_Nest_Application.model.Rating.user) {
              primaryTableReference : user as u1_0
            }
          }
        }
      }
    }

2025-07-14T13:26:09.975+05:30 DEBUG 17208 --- [Fashion-Nest-Application] [           main] o.h.p.entity.AbstractEntityPersister     : Static SQL for entity: com.fashionnest.Fashion_Nest_Application.model.Rating
2025-07-14T13:26:09.975+05:30 DEBUG 17208 --- [Fashion-Nest-Application] [           main] o.h.p.entity.AbstractEntityPersister     :  Version select: select id from rating where id=?
2025-07-14T13:26:09.976+05:30 DEBUG 17208 --- [Fashion-Nest-Application] [           main] o.h.p.entity.AbstractEntityPersister     :  Insert (0): insert into rating (created_at,product_id,rating,user_id) values (?,?,?,?)
2025-07-14T13:26:09.976+05:30 DEBUG 17208 --- [Fashion-Nest-Application] [           main] o.h.p.entity.AbstractEntityPersister     :  Update (0): update rating set created_at=?,product_id=?,rating=?,user_id=? where id=?
2025-07-14T13:26:09.976+05:30 DEBUG 17208 --- [Fashion-Nest-Application] [           main] o.h.p.entity.AbstractEntityPersister     :  Delete (0): delete from rating where id=?
2025-07-14T13:26:09.976+05:30 DEBUG 17208 --- [Fashion-Nest-Application] [           main] org.hibernate.orm.sql.ast.create         : Created new SQL alias : o1_0
2025-07-14T13:26:09.976+05:30 DEBUG 17208 --- [Fashion-Nest-Application] [           main] org.hibernate.orm.sql.ast.create         : Registration of TableGroup [StandardTableGroup(com.fashionnest.Fashion_Nest_Application.model.Order)] with identifierForTableGroup [com.fashionnest.Fashion_Nest_Application.model.Order] for NavigablePath [com.fashionnest.Fashion_Nest_Application.model.Order] 
2025-07-14T13:26:09.981+05:30 DEBUG 17208 --- [Fashion-Nest-Application] [           main] org.hibernate.orm.sql.ast.create         : Registration of TableGroup [StandardVirtualTableGroup(com.fashionnest.Fashion_Nest_Application.model.Order.paymentDetails)] with identifierForTableGroup [com.fashionnest.Fashion_Nest_Application.model.Order.paymentDetails] for NavigablePath [com.fashionnest.Fashion_Nest_Application.model.Order.paymentDetails] 
2025-07-14T13:26:09.983+05:30 DEBUG 17208 --- [Fashion-Nest-Application] [           main] org.hibernate.orm.sql.ast.create         : Registration of TableGroup [org.hibernate.sql.ast.tree.from.LazyTableGroup@3af6c672] with identifierForTableGroup [com.fashionnest.Fashion_Nest_Application.model.Order.shippingAddress] for NavigablePath [com.fashionnest.Fashion_Nest_Application.model.Order.shippingAddress] 
2025-07-14T13:26:09.983+05:30 DEBUG 17208 --- [Fashion-Nest-Application] [           main] org.hibernate.orm.sql.ast.create         : Created new SQL alias : sa1_0
2025-07-14T13:26:09.984+05:30 DEBUG 17208 --- [Fashion-Nest-Application] [           main] org.hibernate.orm.sql.ast.create         : Registration of TableGroup [org.hibernate.sql.ast.tree.from.LazyTableGroup@12948e7a] with identifierForTableGroup [com.fashionnest.Fashion_Nest_Application.model.Order.shippingAddress.user] for NavigablePath [com.fashionnest.Fashion_Nest_Application.model.Order.shippingAddress.user] 
2025-07-14T13:26:09.984+05:30 DEBUG 17208 --- [Fashion-Nest-Application] [           main] org.hibernate.orm.sql.ast.create         : Created new SQL alias : u1_0
2025-07-14T13:26:09.985+05:30 DEBUG 17208 --- [Fashion-Nest-Application] [           main] org.hibernate.orm.sql.ast.create         : Registration of TableGroup [org.hibernate.sql.ast.tree.from.LazyTableGroup@497c1d78] with identifierForTableGroup [com.fashionnest.Fashion_Nest_Application.model.Order.user] for NavigablePath [com.fashionnest.Fashion_Nest_Application.model.Order.user] 
2025-07-14T13:26:09.986+05:30 DEBUG 17208 --- [Fashion-Nest-Application] [           main] org.hibernate.orm.sql.ast.create         : Created new SQL alias : u2_0
2025-07-14T13:26:09.987+05:30 DEBUG 17208 --- [Fashion-Nest-Application] [           main] org.hibernate.orm.results.graph.AST      : DomainResult Graph:
 \-EntityResultImpl [com.fashionnest.Fashion_Nest_Application.model.Order]
 |  +-BasicFetch [com.fashionnest.Fashion_Nest_Application.model.Order.createdAt]
 |  +-BasicFetch [com.fashionnest.Fashion_Nest_Application.model.Order.deliveryDate]
 |  +-BasicFetch [com.fashionnest.Fashion_Nest_Application.model.Order.discount]
 |  +-BasicFetch [com.fashionnest.Fashion_Nest_Application.model.Order.orderDate]
 |  +-BasicFetch [com.fashionnest.Fashion_Nest_Application.model.Order.orderId]
 |  +-DelayedCollectionFetch [com.fashionnest.Fashion_Nest_Application.model.Order.orderItems]
 |  +-BasicFetch [com.fashionnest.Fashion_Nest_Application.model.Order.orderStatus]
 |  +-EmbeddableFetchImpl [com.fashionnest.Fashion_Nest_Application.model.Order.paymentDetails]
 |  |  +-BasicFetch [com.fashionnest.Fashion_Nest_Application.model.Order.paymentDetails.paymentId]
 |  |  +-BasicFetch [com.fashionnest.Fashion_Nest_Application.model.Order.paymentDetails.paymentMethod]
 |  |  +-BasicFetch [com.fashionnest.Fashion_Nest_Application.model.Order.paymentDetails.razorpayPaymentId]
 |  |  +-BasicFetch [com.fashionnest.Fashion_Nest_Application.model.Order.paymentDetails.razorpayPaymentLinkId]
 |  |  +-BasicFetch [com.fashionnest.Fashion_Nest_Application.model.Order.paymentDetails.razorpayPaymentLinkReferenceId]
 |  |  +-BasicFetch [com.fashionnest.Fashion_Nest_Application.model.Order.paymentDetails.razorpayPaymentLinkStatus]
 |  |  \-BasicFetch [com.fashionnest.Fashion_Nest_Application.model.Order.paymentDetails.status]
 |  +-EntityFetchJoinedImpl [com.fashionnest.Fashion_Nest_Application.model.Order.shippingAddress]
 |  +-BasicFetch [com.fashionnest.Fashion_Nest_Application.model.Order.totalDiscountedPrice]
 |  +-BasicFetch [com.fashionnest.Fashion_Nest_Application.model.Order.totalItem]
 |  +-BasicFetch [com.fashionnest.Fashion_Nest_Application.model.Order.totalPrice]
 |  \-EntityFetchJoinedImpl [com.fashionnest.Fashion_Nest_Application.model.Order.user]

2025-07-14T13:26:09.987+05:30 DEBUG 17208 --- [Fashion-Nest-Application] [           main] org.hibernate.orm.sql.ast.tree           : SQL AST Tree:
    SelectStatement {
      FromClause {
        StandardTableGroup (o1 : com.fashionnest.Fashion_Nest_Application.model.Order) {
          primaryTableReference : orders as o1_0
          TableGroupJoins {
             join StandardVirtualTableGroup (null : com.fashionnest.Fashion_Nest_Application.model.Order.paymentDetails) {
              primaryTableReference : orders as o1_0
            }
            left  join LazyTableGroup (sa1 : com.fashionnest.Fashion_Nest_Application.model.Order.shippingAddress) {
              primaryTableReference : address as sa1_0
              TableGroupJoins {
                left  join LazyTableGroup (u1 : com.fashionnest.Fashion_Nest_Application.model.Order.shippingAddress.user) {
                  primaryTableReference : user as u1_0
                }
              }
            }
            left  join LazyTableGroup (u2 : com.fashionnest.Fashion_Nest_Application.model.Order.user) {
              primaryTableReference : user as u2_0
            }
          }
        }
      }
    }

2025-07-14T13:26:09.988+05:30 DEBUG 17208 --- [Fashion-Nest-Application] [           main] o.h.p.entity.AbstractEntityPersister     : Static SQL for entity: com.fashionnest.Fashion_Nest_Application.model.Order
2025-07-14T13:26:09.988+05:30 DEBUG 17208 --- [Fashion-Nest-Application] [           main] o.h.p.entity.AbstractEntityPersister     :  Version select: select id from orders where id=?
2025-07-14T13:26:09.988+05:30 DEBUG 17208 --- [Fashion-Nest-Application] [           main] o.h.p.entity.AbstractEntityPersister     :  Insert (0): insert into orders (created_at,delivery_date,discount,order_date,order_id,order_status,payment_id,payment_method,razorpay_payment_id,razorpay_payment_link_id,razorpay_payment_link_reference_id,razorpay_payment_link_status,status,shipping_address_id,total_discounted_price,total_item,total_price,user_id,id) values (?,?,?,?,?,?,?,?,?,?,?,?,?,?,?,?,?,?,?)
2025-07-14T13:26:09.989+05:30 DEBUG 17208 --- [Fashion-Nest-Application] [           main] o.h.p.entity.AbstractEntityPersister     :  Update (0): update orders set created_at=?,delivery_date=?,discount=?,order_date=?,order_id=?,order_status=?,payment_id=?,payment_method=?,razorpay_payment_id=?,razorpay_payment_link_id=?,razorpay_payment_link_reference_id=?,razorpay_payment_link_status=?,status=?,shipping_address_id=?,total_discounted_price=?,total_item=?,total_price=?,user_id=? where id=?
2025-07-14T13:26:09.989+05:30 DEBUG 17208 --- [Fashion-Nest-Application] [           main] o.h.p.entity.AbstractEntityPersister     :  Delete (0): delete from orders where id=?
2025-07-14T13:26:09.989+05:30 DEBUG 17208 --- [Fashion-Nest-Application] [           main] org.hibernate.orm.sql.ast.create         : Created new SQL alias : oi1_0
2025-07-14T13:26:09.989+05:30 DEBUG 17208 --- [Fashion-Nest-Application] [           main] org.hibernate.orm.sql.ast.create         : Registration of TableGroup [StandardTableGroup(com.fashionnest.Fashion_Nest_Application.model.OrderItem)] with identifierForTableGroup [com.fashionnest.Fashion_Nest_Application.model.OrderItem] for NavigablePath [com.fashionnest.Fashion_Nest_Application.model.OrderItem] 
2025-07-14T13:26:09.989+05:30 DEBUG 17208 --- [Fashion-Nest-Application] [           main] org.hibernate.orm.sql.ast.create         : Registration of TableGroup [org.hibernate.sql.ast.tree.from.LazyTableGroup@71db6703] with identifierForTableGroup [com.fashionnest.Fashion_Nest_Application.model.OrderItem.order] for NavigablePath [com.fashionnest.Fashion_Nest_Application.model.OrderItem.order] 
2025-07-14T13:26:09.990+05:30 DEBUG 17208 --- [Fashion-Nest-Application] [           main] org.hibernate.orm.sql.ast.create         : Created new SQL alias : o1_0
2025-07-14T13:26:09.991+05:30 DEBUG 17208 --- [Fashion-Nest-Application] [           main] org.hibernate.orm.sql.ast.create         : Registration of TableGroup [StandardVirtualTableGroup(com.fashionnest.Fashion_Nest_Application.model.OrderItem.order.paymentDetails)] with identifierForTableGroup [com.fashionnest.Fashion_Nest_Application.model.OrderItem.order.paymentDetails] for NavigablePath [com.fashionnest.Fashion_Nest_Application.model.OrderItem.order.paymentDetails] 
2025-07-14T13:26:09.992+05:30 DEBUG 17208 --- [Fashion-Nest-Application] [           main] org.hibernate.orm.sql.ast.create         : Registration of TableGroup [org.hibernate.sql.ast.tree.from.LazyTableGroup@470ad01c] with identifierForTableGroup [com.fashionnest.Fashion_Nest_Application.model.OrderItem.order.shippingAddress] for NavigablePath [com.fashionnest.Fashion_Nest_Application.model.OrderItem.order.shippingAddress] 
2025-07-14T13:26:09.992+05:30 DEBUG 17208 --- [Fashion-Nest-Application] [           main] org.hibernate.orm.sql.ast.create         : Created new SQL alias : sa1_0
2025-07-14T13:26:09.993+05:30 DEBUG 17208 --- [Fashion-Nest-Application] [           main] org.hibernate.orm.sql.ast.create         : Registration of TableGroup [org.hibernate.sql.ast.tree.from.LazyTableGroup@6e349258] with identifierForTableGroup [com.fashionnest.Fashion_Nest_Application.model.OrderItem.order.shippingAddress.user] for NavigablePath [com.fashionnest.Fashion_Nest_Application.model.OrderItem.order.shippingAddress.user] 
2025-07-14T13:26:09.994+05:30 DEBUG 17208 --- [Fashion-Nest-Application] [           main] org.hibernate.orm.sql.ast.create         : Registration of TableGroup [org.hibernate.sql.ast.tree.from.LazyTableGroup@41092c8] with identifierForTableGroup [com.fashionnest.Fashion_Nest_Application.model.OrderItem.order.user] for NavigablePath [com.fashionnest.Fashion_Nest_Application.model.OrderItem.order.user] 
2025-07-14T13:26:09.995+05:30 DEBUG 17208 --- [Fashion-Nest-Application] [           main] org.hibernate.orm.sql.ast.create         : Created new SQL alias : u2_0
2025-07-14T13:26:09.996+05:30 DEBUG 17208 --- [Fashion-Nest-Application] [           main] org.hibernate.orm.sql.ast.create         : Registration of TableGroup [org.hibernate.sql.ast.tree.from.LazyTableGroup@2e590e36] with identifierForTableGroup [com.fashionnest.Fashion_Nest_Application.model.OrderItem.product] for NavigablePath [com.fashionnest.Fashion_Nest_Application.model.OrderItem.product] 
2025-07-14T13:26:09.996+05:30 DEBUG 17208 --- [Fashion-Nest-Application] [           main] org.hibernate.orm.sql.ast.create         : Created new SQL alias : p1_0
2025-07-14T13:26:09.997+05:30 DEBUG 17208 --- [Fashion-Nest-Application] [           main] org.hibernate.orm.sql.ast.create         : Registration of TableGroup [org.hibernate.sql.ast.tree.from.LazyTableGroup@3fc2a1d1] with identifierForTableGroup [com.fashionnest.Fashion_Nest_Application.model.OrderItem.product.category] for NavigablePath [com.fashionnest.Fashion_Nest_Application.model.OrderItem.product.category] 
2025-07-14T13:26:09.997+05:30 DEBUG 17208 --- [Fashion-Nest-Application] [           main] org.hibernate.orm.sql.ast.create         : Created new SQL alias : c1_0
2025-07-14T13:26:09.997+05:30 DEBUG 17208 --- [Fashion-Nest-Application] [           main] org.hibernate.orm.sql.ast.create         : Registration of TableGroup [org.hibernate.sql.ast.tree.from.LazyTableGroup@752e4223] with identifierForTableGroup [com.fashionnest.Fashion_Nest_Application.model.OrderItem.product.category.parentCategory] for NavigablePath [com.fashionnest.Fashion_Nest_Application.model.OrderItem.product.category.parentCategory] 
2025-07-14T13:26:10.000+05:30 DEBUG 17208 --- [Fashion-Nest-Application] [           main] org.hibernate.orm.results.graph.AST      : DomainResult Graph:
 \-EntityResultImpl [com.fashionnest.Fashion_Nest_Application.model.OrderItem]
 |  +-BasicFetch [com.fashionnest.Fashion_Nest_Application.model.OrderItem.deliveryDate]
 |  +-BasicFetch [com.fashionnest.Fashion_Nest_Application.model.OrderItem.discountedPrice]
 |  +-EntityFetchJoinedImpl [com.fashionnest.Fashion_Nest_Application.model.OrderItem.order]
 |  +-BasicFetch [com.fashionnest.Fashion_Nest_Application.model.OrderItem.price]
 |  +-EntityFetchJoinedImpl [com.fashionnest.Fashion_Nest_Application.model.OrderItem.product]
 |  +-BasicFetch [com.fashionnest.Fashion_Nest_Application.model.OrderItem.quantity]
 |  +-BasicFetch [com.fashionnest.Fashion_Nest_Application.model.OrderItem.size]
 |  \-BasicFetch [com.fashionnest.Fashion_Nest_Application.model.OrderItem.userId]

2025-07-14T13:26:10.002+05:30 DEBUG 17208 --- [Fashion-Nest-Application] [           main] org.hibernate.orm.sql.ast.tree           : SQL AST Tree:
    SelectStatement {
      FromClause {
        StandardTableGroup (oi1 : com.fashionnest.Fashion_Nest_Application.model.OrderItem) {
          primaryTableReference : order_item as oi1_0
          TableGroupJoins {
            left  join LazyTableGroup (o1 : com.fashionnest.Fashion_Nest_Application.model.OrderItem.order) {
              primaryTableReference : orders as o1_0
              TableGroupJoins {
                 join StandardVirtualTableGroup (null : com.fashionnest.Fashion_Nest_Application.model.OrderItem.order.paymentDetails) {
                  primaryTableReference : orders as o1_0
                }
                left  join LazyTableGroup (sa1 : com.fashionnest.Fashion_Nest_Application.model.OrderItem.order.shippingAddress) {
                  primaryTableReference : address as sa1_0
                  TableGroupJoins {
                    left  join LazyTableGroup (u1 : com.fashionnest.Fashion_Nest_Application.model.OrderItem.order.shippingAddress.user) {
                    }
                  }
                }
                left  join LazyTableGroup (u2 : com.fashionnest.Fashion_Nest_Application.model.OrderItem.order.user) {
                  primaryTableReference : user as u2_0
                }
              }
            }
            left  join LazyTableGroup (p1 : com.fashionnest.Fashion_Nest_Application.model.OrderItem.product) {
              primaryTableReference : product as p1_0
              TableGroupJoins {
                left  join LazyTableGroup (c1 : com.fashionnest.Fashion_Nest_Application.model.OrderItem.product.category) {
                  primaryTableReference : category as c1_0
                  TableGroupJoins {
                    left  join LazyTableGroup (pc1 : com.fashionnest.Fashion_Nest_Application.model.OrderItem.product.category.parentCategory) {
                    }
                  }
                }
              }
            }
          }
        }
      }
    }

2025-07-14T13:26:10.005+05:30 DEBUG 17208 --- [Fashion-Nest-Application] [           main] o.h.p.entity.AbstractEntityPersister     : Static SQL for entity: com.fashionnest.Fashion_Nest_Application.model.OrderItem
2025-07-14T13:26:10.006+05:30 DEBUG 17208 --- [Fashion-Nest-Application] [           main] o.h.p.entity.AbstractEntityPersister     :  Version select: select id from order_item where id=?
2025-07-14T13:26:10.006+05:30 DEBUG 17208 --- [Fashion-Nest-Application] [           main] o.h.p.entity.AbstractEntityPersister     :  Insert (0): insert into order_item (delivery_date,discounted_price,order_id,price,product_id,quantity,size,user_id) values (?,?,?,?,?,?,?,?)
2025-07-14T13:26:10.006+05:30 DEBUG 17208 --- [Fashion-Nest-Application] [           main] o.h.p.entity.AbstractEntityPersister     :  Update (0): update order_item set delivery_date=?,discounted_price=?,order_id=?,price=?,product_id=?,quantity=?,size=?,user_id=? where id=?
2025-07-14T13:26:10.006+05:30 DEBUG 17208 --- [Fashion-Nest-Application] [           main] o.h.p.entity.AbstractEntityPersister     :  Delete (0): delete from order_item where id=?
2025-07-14T13:26:10.006+05:30 DEBUG 17208 --- [Fashion-Nest-Application] [           main] org.hibernate.orm.sql.ast.create         : Created new SQL alias : p1_0
2025-07-14T13:26:10.006+05:30 DEBUG 17208 --- [Fashion-Nest-Application] [           main] org.hibernate.orm.sql.ast.create         : Registration of TableGroup [StandardTableGroup(com.fashionnest.Fashion_Nest_Application.model.Product)] with identifierForTableGroup [com.fashionnest.Fashion_Nest_Application.model.Product] for NavigablePath [com.fashionnest.Fashion_Nest_Application.model.Product] 
2025-07-14T13:26:10.007+05:30 DEBUG 17208 --- [Fashion-Nest-Application] [           main] org.hibernate.orm.sql.ast.create         : Registration of TableGroup [org.hibernate.sql.ast.tree.from.LazyTableGroup@136690b1] with identifierForTableGroup [com.fashionnest.Fashion_Nest_Application.model.Product.category] for NavigablePath [com.fashionnest.Fashion_Nest_Application.model.Product.category] 
2025-07-14T13:26:10.007+05:30 DEBUG 17208 --- [Fashion-Nest-Application] [           main] org.hibernate.orm.sql.ast.create         : Created new SQL alias : c1_0
2025-07-14T13:26:10.007+05:30 DEBUG 17208 --- [Fashion-Nest-Application] [           main] org.hibernate.orm.sql.ast.create         : Registration of TableGroup [org.hibernate.sql.ast.tree.from.LazyTableGroup@39007725] with identifierForTableGroup [com.fashionnest.Fashion_Nest_Application.model.Product.category.parentCategory] for NavigablePath [com.fashionnest.Fashion_Nest_Application.model.Product.category.parentCategory] 
2025-07-14T13:26:10.007+05:30 DEBUG 17208 --- [Fashion-Nest-Application] [           main] org.hibernate.orm.sql.ast.create         : Created new SQL alias : pc1_0
2025-07-14T13:26:10.008+05:30 DEBUG 17208 --- [Fashion-Nest-Application] [           main] org.hibernate.orm.sql.ast.create         : Registration of TableGroup [org.hibernate.sql.ast.tree.from.LazyTableGroup@3eb8057c] with identifierForTableGroup [com.fashionnest.Fashion_Nest_Application.model.Product.category.parentCategory.parentCategory] for NavigablePath [com.fashionnest.Fashion_Nest_Application.model.Product.category.parentCategory.parentCategory] 
2025-07-14T13:26:10.009+05:30 DEBUG 17208 --- [Fashion-Nest-Application] [           main] org.hibernate.orm.results.graph.AST      : DomainResult Graph:
 \-EntityResultImpl [com.fashionnest.Fashion_Nest_Application.model.Product]
 |  +-BasicFetch [com.fashionnest.Fashion_Nest_Application.model.Product.brand]
 |  +-EntityFetchJoinedImpl [com.fashionnest.Fashion_Nest_Application.model.Product.category]
 |  +-BasicFetch [com.fashionnest.Fashion_Nest_Application.model.Product.color]
 |  +-BasicFetch [com.fashionnest.Fashion_Nest_Application.model.Product.createdAt]
 |  +-BasicFetch [com.fashionnest.Fashion_Nest_Application.model.Product.description]
 |  +-BasicFetch [com.fashionnest.Fashion_Nest_Application.model.Product.discountPercent]
 |  +-BasicFetch [com.fashionnest.Fashion_Nest_Application.model.Product.discountedPrice]
 |  +-BasicFetch [com.fashionnest.Fashion_Nest_Application.model.Product.imageUrl]
 |  +-BasicFetch [com.fashionnest.Fashion_Nest_Application.model.Product.numRatings]
 |  +-BasicFetch [com.fashionnest.Fashion_Nest_Application.model.Product.price]
 |  +-BasicFetch [com.fashionnest.Fashion_Nest_Application.model.Product.quantity]
 |  +-DelayedCollectionFetch [com.fashionnest.Fashion_Nest_Application.model.Product.ratings]
 |  +-DelayedCollectionFetch [com.fashionnest.Fashion_Nest_Application.model.Product.reviews]
 |  +-DelayedCollectionFetch [com.fashionnest.Fashion_Nest_Application.model.Product.sizes]
 |  \-BasicFetch [com.fashionnest.Fashion_Nest_Application.model.Product.title]

2025-07-14T13:26:10.009+05:30 DEBUG 17208 --- [Fashion-Nest-Application] [           main] org.hibernate.orm.sql.ast.tree           : SQL AST Tree:
    SelectStatement {
      FromClause {
        StandardTableGroup (p1 : com.fashionnest.Fashion_Nest_Application.model.Product) {
          primaryTableReference : product as p1_0
          TableGroupJoins {
            left  join LazyTableGroup (c1 : com.fashionnest.Fashion_Nest_Application.model.Product.category) {
              primaryTableReference : category as c1_0
              TableGroupJoins {
                left  join LazyTableGroup (pc1 : com.fashionnest.Fashion_Nest_Application.model.Product.category.parentCategory) {
                  primaryTableReference : category as pc1_0
                  TableGroupJoins {
                    left  join LazyTableGroup (pc2 : com.fashionnest.Fashion_Nest_Application.model.Product.category.parentCategory.parentCategory) {
                    }
                  }
                }
              }
            }
          }
        }
      }
    }

2025-07-14T13:26:10.009+05:30 DEBUG 17208 --- [Fashion-Nest-Application] [           main] o.h.p.entity.AbstractEntityPersister     : Static SQL for entity: com.fashionnest.Fashion_Nest_Application.model.Product
2025-07-14T13:26:10.009+05:30 DEBUG 17208 --- [Fashion-Nest-Application] [           main] o.h.p.entity.AbstractEntityPersister     :  Version select: select id from product where id=?
2025-07-14T13:26:10.009+05:30 DEBUG 17208 --- [Fashion-Nest-Application] [           main] o.h.p.entity.AbstractEntityPersister     :  Insert (0): insert into product (brand,category_id,color,created_at,description,discount_percent,discounted_price,image_url,num_ratings,price,quantity,title,id) values (?,?,?,?,?,?,?,?,?,?,?,?,?)
2025-07-14T13:26:10.010+05:30 DEBUG 17208 --- [Fashion-Nest-Application] [           main] o.h.p.entity.AbstractEntityPersister     :  Update (0): update product set brand=?,category_id=?,color=?,created_at=?,description=?,discount_percent=?,discounted_price=?,image_url=?,num_ratings=?,price=?,quantity=?,title=? where id=?
2025-07-14T13:26:10.010+05:30 DEBUG 17208 --- [Fashion-Nest-Application] [           main] o.h.p.entity.AbstractEntityPersister     :  Delete (0): delete from product where id=?
2025-07-14T13:26:10.010+05:30 DEBUG 17208 --- [Fashion-Nest-Application] [           main] org.hibernate.orm.sql.ast.create         : Created new SQL alias : r1_0
2025-07-14T13:26:10.010+05:30 DEBUG 17208 --- [Fashion-Nest-Application] [           main] org.hibernate.orm.sql.ast.create         : Registration of TableGroup [StandardTableGroup(com.fashionnest.Fashion_Nest_Application.model.Review)] with identifierForTableGroup [com.fashionnest.Fashion_Nest_Application.model.Review] for NavigablePath [com.fashionnest.Fashion_Nest_Application.model.Review] 
2025-07-14T13:26:10.010+05:30 DEBUG 17208 --- [Fashion-Nest-Application] [           main] org.hibernate.orm.sql.ast.create         : Registration of TableGroup [org.hibernate.sql.ast.tree.from.LazyTableGroup@2c257c0a] with identifierForTableGroup [com.fashionnest.Fashion_Nest_Application.model.Review.product] for NavigablePath [com.fashionnest.Fashion_Nest_Application.model.Review.product] 
2025-07-14T13:26:10.010+05:30 DEBUG 17208 --- [Fashion-Nest-Application] [           main] org.hibernate.orm.sql.ast.create         : Created new SQL alias : p1_0
2025-07-14T13:26:10.011+05:30 DEBUG 17208 --- [Fashion-Nest-Application] [           main] org.hibernate.orm.sql.ast.create         : Registration of TableGroup [org.hibernate.sql.ast.tree.from.LazyTableGroup@16269ff4] with identifierForTableGroup [com.fashionnest.Fashion_Nest_Application.model.Review.product.category] for NavigablePath [com.fashionnest.Fashion_Nest_Application.model.Review.product.category] 
2025-07-14T13:26:10.011+05:30 DEBUG 17208 --- [Fashion-Nest-Application] [           main] org.hibernate.orm.sql.ast.create         : Created new SQL alias : c1_0
2025-07-14T13:26:10.011+05:30 DEBUG 17208 --- [Fashion-Nest-Application] [           main] org.hibernate.orm.sql.ast.create         : Registration of TableGroup [org.hibernate.sql.ast.tree.from.LazyTableGroup@684bfba9] with identifierForTableGroup [com.fashionnest.Fashion_Nest_Application.model.Review.product.category.parentCategory] for NavigablePath [com.fashionnest.Fashion_Nest_Application.model.Review.product.category.parentCategory] 
2025-07-14T13:26:10.012+05:30 DEBUG 17208 --- [Fashion-Nest-Application] [           main] org.hibernate.orm.sql.ast.create         : Registration of TableGroup [org.hibernate.sql.ast.tree.from.LazyTableGroup@6f9b5f01] with identifierForTableGroup [com.fashionnest.Fashion_Nest_Application.model.Review.user] for NavigablePath [com.fashionnest.Fashion_Nest_Application.model.Review.user] 
2025-07-14T13:26:10.012+05:30 DEBUG 17208 --- [Fashion-Nest-Application] [           main] org.hibernate.orm.sql.ast.create         : Created new SQL alias : u1_0
2025-07-14T13:26:10.013+05:30 DEBUG 17208 --- [Fashion-Nest-Application] [           main] org.hibernate.orm.results.graph.AST      : DomainResult Graph:
 \-EntityResultImpl [com.fashionnest.Fashion_Nest_Application.model.Review]
 |  +-BasicFetch [com.fashionnest.Fashion_Nest_Application.model.Review.createdAt]
 |  +-EntityFetchJoinedImpl [com.fashionnest.Fashion_Nest_Application.model.Review.product]
 |  +-BasicFetch [com.fashionnest.Fashion_Nest_Application.model.Review.review]
 |  \-EntityFetchJoinedImpl [com.fashionnest.Fashion_Nest_Application.model.Review.user]

2025-07-14T13:26:10.013+05:30 DEBUG 17208 --- [Fashion-Nest-Application] [           main] org.hibernate.orm.sql.ast.tree           : SQL AST Tree:
    SelectStatement {
      FromClause {
        StandardTableGroup (r1 : com.fashionnest.Fashion_Nest_Application.model.Review) {
          primaryTableReference : review as r1_0
          TableGroupJoins {
            left  join LazyTableGroup (p1 : com.fashionnest.Fashion_Nest_Application.model.Review.product) {
              primaryTableReference : product as p1_0
              TableGroupJoins {
                left  join LazyTableGroup (c1 : com.fashionnest.Fashion_Nest_Application.model.Review.product.category) {
                  primaryTableReference : category as c1_0
                  TableGroupJoins {
                    left  join LazyTableGroup (pc1 : com.fashionnest.Fashion_Nest_Application.model.Review.product.category.parentCategory) {
                    }
                  }
                }
              }
            }
            left  join LazyTableGroup (u1 : com.fashionnest.Fashion_Nest_Application.model.Review.user) {
              primaryTableReference : user as u1_0
            }
          }
        }
      }
    }

2025-07-14T13:26:10.015+05:30 DEBUG 17208 --- [Fashion-Nest-Application] [           main] o.h.p.entity.AbstractEntityPersister     : Static SQL for entity: com.fashionnest.Fashion_Nest_Application.model.Review
2025-07-14T13:26:10.015+05:30 DEBUG 17208 --- [Fashion-Nest-Application] [           main] o.h.p.entity.AbstractEntityPersister     :  Version select: select id from review where id=?
2025-07-14T13:26:10.015+05:30 DEBUG 17208 --- [Fashion-Nest-Application] [           main] o.h.p.entity.AbstractEntityPersister     :  Insert (0): insert into review (created_at,product_id,review,user_id,id) values (?,?,?,?,?)
2025-07-14T13:26:10.015+05:30 DEBUG 17208 --- [Fashion-Nest-Application] [           main] o.h.p.entity.AbstractEntityPersister     :  Update (0): update review set created_at=?,product_id=?,review=?,user_id=? where id=?
2025-07-14T13:26:10.015+05:30 DEBUG 17208 --- [Fashion-Nest-Application] [           main] o.h.p.entity.AbstractEntityPersister     :  Delete (0): delete from review where id=?
2025-07-14T13:26:10.018+05:30 DEBUG 17208 --- [Fashion-Nest-Application] [           main] org.hibernate.orm.sql.ast.create         : Created new SQL alias : pi1_0
2025-07-14T13:26:10.019+05:30 DEBUG 17208 --- [Fashion-Nest-Application] [           main] org.hibernate.orm.sql.ast.create         : Registration of TableGroup [CollectionTableGroup(com.fashionnest.Fashion_Nest_Application.model.User.paymentInformation)] with identifierForTableGroup [com.fashionnest.Fashion_Nest_Application.model.User.paymentInformation] for NavigablePath [com.fashionnest.Fashion_Nest_Application.model.User.paymentInformation] 
2025-07-14T13:26:10.019+05:30 DEBUG 17208 --- [Fashion-Nest-Application] [           main] org.hibernate.orm.sql.ast.create         : Registration of TableGroup [StandardVirtualTableGroup(com.fashionnest.Fashion_Nest_Application.model.User.paymentInformation.{element})] with identifierForTableGroup [com.fashionnest.Fashion_Nest_Application.model.User.paymentInformation.{element}] for NavigablePath [com.fashionnest.Fashion_Nest_Application.model.User.paymentInformation.{element}] 
2025-07-14T13:26:10.024+05:30 DEBUG 17208 --- [Fashion-Nest-Application] [           main] org.hibernate.orm.results.graph.AST      : DomainResult Graph:
 \-CollectionDomainResult [com.fashionnest.Fashion_Nest_Application.model.User.paymentInformation]

2025-07-14T13:26:10.024+05:30 DEBUG 17208 --- [Fashion-Nest-Application] [           main] org.hibernate.orm.sql.ast.tree           : SQL AST Tree:
    SelectStatement {
      FromClause {
        CollectionTableGroup (pi1 : com.fashionnest.Fashion_Nest_Application.model.User.paymentInformation) {
          primaryTableReference : payment_information as pi1_0
          TableGroupJoins {
             join StandardVirtualTableGroup (null : com.fashionnest.Fashion_Nest_Application.model.User.paymentInformation.{element}) {
              primaryTableReference : payment_information as pi1_0
            }
          }
        }
      }
    }

2025-07-14T13:26:10.024+05:30 DEBUG 17208 --- [Fashion-Nest-Application] [           main] org.hibernate.orm.jdbc.mutation          : Static SQL for collection: com.fashionnest.Fashion_Nest_Application.model.User.paymentInformation
2025-07-14T13:26:10.025+05:30 DEBUG 17208 --- [Fashion-Nest-Application] [           main] org.hibernate.orm.jdbc.mutation          :  Row insert: insert into payment_information (user_id,card_number,cardholder_name,cvv,expiration_date) values (?,?,?,?,?)
2025-07-14T13:26:10.026+05:30 DEBUG 17208 --- [Fashion-Nest-Application] [           main] org.hibernate.orm.jdbc.mutation          :  Row delete: delete from payment_information where user_id=?
2025-07-14T13:26:10.026+05:30 DEBUG 17208 --- [Fashion-Nest-Application] [           main] org.hibernate.orm.jdbc.mutation          :  One-shot delete: delete from payment_information where user_id=?
2025-07-14T13:26:10.026+05:30 DEBUG 17208 --- [Fashion-Nest-Application] [           main] org.hibernate.orm.sql.ast.create         : Created new SQL alias : s1_0
2025-07-14T13:26:10.026+05:30 DEBUG 17208 --- [Fashion-Nest-Application] [           main] org.hibernate.orm.sql.ast.create         : Registration of TableGroup [CollectionTableGroup(com.fashionnest.Fashion_Nest_Application.model.Product.sizes)] with identifierForTableGroup [com.fashionnest.Fashion_Nest_Application.model.Product.sizes] for NavigablePath [com.fashionnest.Fashion_Nest_Application.model.Product.sizes] 
2025-07-14T13:26:10.026+05:30 DEBUG 17208 --- [Fashion-Nest-Application] [           main] org.hibernate.orm.sql.ast.create         : Registration of TableGroup [StandardVirtualTableGroup(com.fashionnest.Fashion_Nest_Application.model.Product.sizes.{element})] with identifierForTableGroup [com.fashionnest.Fashion_Nest_Application.model.Product.sizes.{element}] for NavigablePath [com.fashionnest.Fashion_Nest_Application.model.Product.sizes.{element}] 
2025-07-14T13:26:10.027+05:30 DEBUG 17208 --- [Fashion-Nest-Application] [           main] org.hibernate.orm.results.graph.AST      : DomainResult Graph:
 \-CollectionDomainResult [com.fashionnest.Fashion_Nest_Application.model.Product.sizes]

2025-07-14T13:26:10.027+05:30 DEBUG 17208 --- [Fashion-Nest-Application] [           main] org.hibernate.orm.sql.ast.tree           : SQL AST Tree:
    SelectStatement {
      FromClause {
        CollectionTableGroup (s1 : com.fashionnest.Fashion_Nest_Application.model.Product.sizes) {
          primaryTableReference : product_sizes as s1_0
          TableGroupJoins {
             join StandardVirtualTableGroup (null : com.fashionnest.Fashion_Nest_Application.model.Product.sizes.{element}) {
              primaryTableReference : product_sizes as s1_0
            }
          }
        }
      }
    }

2025-07-14T13:26:10.027+05:30 DEBUG 17208 --- [Fashion-Nest-Application] [           main] org.hibernate.orm.jdbc.mutation          : Static SQL for collection: com.fashionnest.Fashion_Nest_Application.model.Product.sizes
2025-07-14T13:26:10.027+05:30 DEBUG 17208 --- [Fashion-Nest-Application] [           main] org.hibernate.orm.jdbc.mutation          :  Row insert: insert into product_sizes (product_id,name,quantity) values (?,?,?)
2025-07-14T13:26:10.027+05:30 DEBUG 17208 --- [Fashion-Nest-Application] [           main] org.hibernate.orm.jdbc.mutation          :  Row delete: delete from product_sizes where product_id=?
2025-07-14T13:26:10.027+05:30 DEBUG 17208 --- [Fashion-Nest-Application] [           main] org.hibernate.orm.jdbc.mutation          :  One-shot delete: delete from product_sizes where product_id=?
2025-07-14T13:26:10.028+05:30 DEBUG 17208 --- [Fashion-Nest-Application] [           main] org.hibernate.orm.sql.ast.create         : Created new SQL alias : r1_0
2025-07-14T13:26:10.029+05:30 DEBUG 17208 --- [Fashion-Nest-Application] [           main] org.hibernate.orm.sql.ast.create         : Registration of TableGroup [org.hibernate.sql.ast.tree.from.OneToManyTableGroup@7b9b6a56] with identifierForTableGroup [com.fashionnest.Fashion_Nest_Application.model.User.reviews] for NavigablePath [com.fashionnest.Fashion_Nest_Application.model.User.reviews] 
2025-07-14T13:26:10.029+05:30 DEBUG 17208 --- [Fashion-Nest-Application] [           main] org.hibernate.orm.sql.ast.create         : Registration of TableGroup [StandardTableGroup(com.fashionnest.Fashion_Nest_Application.model.User.reviews.{element})] with identifierForTableGroup [com.fashionnest.Fashion_Nest_Application.model.User.reviews.{element}] for NavigablePath [com.fashionnest.Fashion_Nest_Application.model.User.reviews.{element}] 
2025-07-14T13:26:10.030+05:30 DEBUG 17208 --- [Fashion-Nest-Application] [           main] org.hibernate.orm.sql.ast.create         : Registration of TableGroup [org.hibernate.sql.ast.tree.from.LazyTableGroup@55a5eea3] with identifierForTableGroup [com.fashionnest.Fashion_Nest_Application.model.User.reviews.{element}.product] for NavigablePath [com.fashionnest.Fashion_Nest_Application.model.User.reviews.{element}.product] 
2025-07-14T13:26:10.030+05:30 DEBUG 17208 --- [Fashion-Nest-Application] [           main] org.hibernate.orm.sql.ast.create         : Created new SQL alias : p1_0
2025-07-14T13:26:10.030+05:30 DEBUG 17208 --- [Fashion-Nest-Application] [           main] org.hibernate.orm.sql.ast.create         : Registration of TableGroup [org.hibernate.sql.ast.tree.from.LazyTableGroup@46ab8e4b] with identifierForTableGroup [com.fashionnest.Fashion_Nest_Application.model.User.reviews.{element}.product.category] for NavigablePath [com.fashionnest.Fashion_Nest_Application.model.User.reviews.{element}.product.category] 
2025-07-14T13:26:10.030+05:30 DEBUG 17208 --- [Fashion-Nest-Application] [           main] org.hibernate.orm.sql.ast.create         : Created new SQL alias : c1_0
2025-07-14T13:26:10.030+05:30 DEBUG 17208 --- [Fashion-Nest-Application] [           main] org.hibernate.orm.sql.ast.create         : Registration of TableGroup [org.hibernate.sql.ast.tree.from.LazyTableGroup@66428512] with identifierForTableGroup [com.fashionnest.Fashion_Nest_Application.model.User.reviews.{element}.product.category.parentCategory] for NavigablePath [com.fashionnest.Fashion_Nest_Application.model.User.reviews.{element}.product.category.parentCategory] 
2025-07-14T13:26:10.031+05:30 DEBUG 17208 --- [Fashion-Nest-Application] [           main] org.hibernate.orm.sql.ast.create         : Registration of TableGroup [org.hibernate.sql.ast.tree.from.LazyTableGroup@e21d73] with identifierForTableGroup [com.fashionnest.Fashion_Nest_Application.model.User.reviews.{element}.user] for NavigablePath [com.fashionnest.Fashion_Nest_Application.model.User.reviews.{element}.user] 
2025-07-14T13:26:10.031+05:30 DEBUG 17208 --- [Fashion-Nest-Application] [           main] org.hibernate.orm.results.graph.AST      : DomainResult Graph:
 \-CollectionDomainResult [com.fashionnest.Fashion_Nest_Application.model.User.reviews]

2025-07-14T13:26:10.031+05:30 DEBUG 17208 --- [Fashion-Nest-Application] [           main] org.hibernate.orm.sql.ast.tree           : SQL AST Tree:
    SelectStatement {
      FromClause {
        OneToManyTableGroup (r1 : com.fashionnest.Fashion_Nest_Application.model.User.reviews) {
          primaryTableReference : review as r1_0
          TableGroupJoins {
            left  join LazyTableGroup (p1 : com.fashionnest.Fashion_Nest_Application.model.User.reviews.{element}.product) {
              primaryTableReference : product as p1_0
              TableGroupJoins {
                left  join LazyTableGroup (c1 : com.fashionnest.Fashion_Nest_Application.model.User.reviews.{element}.product.category) {
                  primaryTableReference : category as c1_0
                  TableGroupJoins {
                    left  join LazyTableGroup (pc1 : com.fashionnest.Fashion_Nest_Application.model.User.reviews.{element}.product.category.parentCategory) {
                    }
                  }
                }
              }
            }
            left  join LazyTableGroup (u1 : com.fashionnest.Fashion_Nest_Application.model.User.reviews.{element}.user) {
            }
          }
        }
      }
    }

2025-07-14T13:26:10.032+05:30 DEBUG 17208 --- [Fashion-Nest-Application] [           main] org.hibernate.orm.jdbc.mutation          : Static SQL for collection: com.fashionnest.Fashion_Nest_Application.model.User.reviews
2025-07-14T13:26:10.032+05:30 DEBUG 17208 --- [Fashion-Nest-Application] [           main] org.hibernate.orm.sql.ast.create         : Created new SQL alias : ci1_0
2025-07-14T13:26:10.032+05:30 DEBUG 17208 --- [Fashion-Nest-Application] [           main] org.hibernate.orm.sql.ast.create         : Registration of TableGroup [org.hibernate.sql.ast.tree.from.OneToManyTableGroup@600b3bee] with identifierForTableGroup [com.fashionnest.Fashion_Nest_Application.model.Cart.cartItems] for NavigablePath [com.fashionnest.Fashion_Nest_Application.model.Cart.cartItems] 
2025-07-14T13:26:10.032+05:30 DEBUG 17208 --- [Fashion-Nest-Application] [           main] org.hibernate.orm.sql.ast.create         : Registration of TableGroup [StandardTableGroup(com.fashionnest.Fashion_Nest_Application.model.Cart.cartItems.{element})] with identifierForTableGroup [com.fashionnest.Fashion_Nest_Application.model.Cart.cartItems.{element}] for NavigablePath [com.fashionnest.Fashion_Nest_Application.model.Cart.cartItems.{element}] 
2025-07-14T13:26:10.032+05:30 DEBUG 17208 --- [Fashion-Nest-Application] [           main] org.hibernate.orm.sql.ast.create         : Registration of TableGroup [org.hibernate.sql.ast.tree.from.LazyTableGroup@129348e8] with identifierForTableGroup [com.fashionnest.Fashion_Nest_Application.model.Cart.cartItems.{element}.cart] for NavigablePath [com.fashionnest.Fashion_Nest_Application.model.Cart.cartItems.{element}.cart] 
2025-07-14T13:26:10.033+05:30 DEBUG 17208 --- [Fashion-Nest-Application] [           main] org.hibernate.orm.sql.ast.create         : Registration of TableGroup [org.hibernate.sql.ast.tree.from.LazyTableGroup@20ad64c] with identifierForTableGroup [com.fashionnest.Fashion_Nest_Application.model.Cart.cartItems.{element}.product] for NavigablePath [com.fashionnest.Fashion_Nest_Application.model.Cart.cartItems.{element}.product] 
2025-07-14T13:26:10.033+05:30 DEBUG 17208 --- [Fashion-Nest-Application] [           main] org.hibernate.orm.sql.ast.create         : Created new SQL alias : p1_0
2025-07-14T13:26:10.033+05:30 DEBUG 17208 --- [Fashion-Nest-Application] [           main] org.hibernate.orm.sql.ast.create         : Registration of TableGroup [org.hibernate.sql.ast.tree.from.LazyTableGroup@39a03ccc] with identifierForTableGroup [com.fashionnest.Fashion_Nest_Application.model.Cart.cartItems.{element}.product.category] for NavigablePath [com.fashionnest.Fashion_Nest_Application.model.Cart.cartItems.{element}.product.category] 
2025-07-14T13:26:10.033+05:30 DEBUG 17208 --- [Fashion-Nest-Application] [           main] org.hibernate.orm.sql.ast.create         : Created new SQL alias : c2_0
2025-07-14T13:26:10.033+05:30 DEBUG 17208 --- [Fashion-Nest-Application] [           main] org.hibernate.orm.sql.ast.create         : Registration of TableGroup [org.hibernate.sql.ast.tree.from.LazyTableGroup@4db45d] with identifierForTableGroup [com.fashionnest.Fashion_Nest_Application.model.Cart.cartItems.{element}.product.category.parentCategory] for NavigablePath [com.fashionnest.Fashion_Nest_Application.model.Cart.cartItems.{element}.product.category.parentCategory] 
2025-07-14T13:26:10.035+05:30 DEBUG 17208 --- [Fashion-Nest-Application] [           main] org.hibernate.orm.results.graph.AST      : DomainResult Graph:
 \-CollectionDomainResult [com.fashionnest.Fashion_Nest_Application.model.Cart.cartItems]

2025-07-14T13:26:10.035+05:30 DEBUG 17208 --- [Fashion-Nest-Application] [           main] org.hibernate.orm.sql.ast.tree           : SQL AST Tree:
    SelectStatement {
      FromClause {
        OneToManyTableGroup (ci1 : com.fashionnest.Fashion_Nest_Application.model.Cart.cartItems) {
          primaryTableReference : cart_item as ci1_0
          TableGroupJoins {
            left  join LazyTableGroup (c1 : com.fashionnest.Fashion_Nest_Application.model.Cart.cartItems.{element}.cart) {
            }
            left  join LazyTableGroup (p1 : com.fashionnest.Fashion_Nest_Application.model.Cart.cartItems.{element}.product) {
              primaryTableReference : product as p1_0
              TableGroupJoins {
                left  join LazyTableGroup (c2 : com.fashionnest.Fashion_Nest_Application.model.Cart.cartItems.{element}.product.category) {
                  primaryTableReference : category as c2_0
                  TableGroupJoins {
                    left  join LazyTableGroup (pc1 : com.fashionnest.Fashion_Nest_Application.model.Cart.cartItems.{element}.product.category.parentCategory) {
                    }
                  }
                }
              }
            }
          }
        }
      }
    }

2025-07-14T13:26:10.035+05:30 DEBUG 17208 --- [Fashion-Nest-Application] [           main] org.hibernate.orm.jdbc.mutation          : Static SQL for collection: com.fashionnest.Fashion_Nest_Application.model.Cart.cartItems
2025-07-14T13:26:10.035+05:30 DEBUG 17208 --- [Fashion-Nest-Application] [           main] org.hibernate.orm.sql.ast.create         : Created new SQL alias : a1_0
2025-07-14T13:26:10.035+05:30 DEBUG 17208 --- [Fashion-Nest-Application] [           main] org.hibernate.orm.sql.ast.create         : Registration of TableGroup [org.hibernate.sql.ast.tree.from.OneToManyTableGroup@5c7d675c] with identifierForTableGroup [com.fashionnest.Fashion_Nest_Application.model.User.address] for NavigablePath [com.fashionnest.Fashion_Nest_Application.model.User.address] 
2025-07-14T13:26:10.035+05:30 DEBUG 17208 --- [Fashion-Nest-Application] [           main] org.hibernate.orm.sql.ast.create         : Registration of TableGroup [StandardTableGroup(com.fashionnest.Fashion_Nest_Application.model.User.address.{element})] with identifierForTableGroup [com.fashionnest.Fashion_Nest_Application.model.User.address.{element}] for NavigablePath [com.fashionnest.Fashion_Nest_Application.model.User.address.{element}] 
2025-07-14T13:26:10.036+05:30 DEBUG 17208 --- [Fashion-Nest-Application] [           main] org.hibernate.orm.sql.ast.create         : Registration of TableGroup [org.hibernate.sql.ast.tree.from.LazyTableGroup@64836643] with identifierForTableGroup [com.fashionnest.Fashion_Nest_Application.model.User.address.{element}.user] for NavigablePath [com.fashionnest.Fashion_Nest_Application.model.User.address.{element}.user] 
2025-07-14T13:26:10.036+05:30 DEBUG 17208 --- [Fashion-Nest-Application] [           main] org.hibernate.orm.results.graph.AST      : DomainResult Graph:
 \-CollectionDomainResult [com.fashionnest.Fashion_Nest_Application.model.User.address]

2025-07-14T13:26:10.036+05:30 DEBUG 17208 --- [Fashion-Nest-Application] [           main] org.hibernate.orm.sql.ast.tree           : SQL AST Tree:
    SelectStatement {
      FromClause {
        OneToManyTableGroup (a1 : com.fashionnest.Fashion_Nest_Application.model.User.address) {
          primaryTableReference : address as a1_0
          TableGroupJoins {
            left  join LazyTableGroup (u1 : com.fashionnest.Fashion_Nest_Application.model.User.address.{element}.user) {
            }
          }
        }
      }
    }

2025-07-14T13:26:10.036+05:30 DEBUG 17208 --- [Fashion-Nest-Application] [           main] org.hibernate.orm.jdbc.mutation          : Static SQL for collection: com.fashionnest.Fashion_Nest_Application.model.User.address
2025-07-14T13:26:10.036+05:30 DEBUG 17208 --- [Fashion-Nest-Application] [           main] org.hibernate.orm.sql.ast.create         : Created new SQL alias : r1_0
2025-07-14T13:26:10.036+05:30 DEBUG 17208 --- [Fashion-Nest-Application] [           main] org.hibernate.orm.sql.ast.create         : Registration of TableGroup [org.hibernate.sql.ast.tree.from.OneToManyTableGroup@ad6448e] with identifierForTableGroup [com.fashionnest.Fashion_Nest_Application.model.Product.reviews] for NavigablePath [com.fashionnest.Fashion_Nest_Application.model.Product.reviews] 
2025-07-14T13:26:10.036+05:30 DEBUG 17208 --- [Fashion-Nest-Application] [           main] org.hibernate.orm.sql.ast.create         : Registration of TableGroup [StandardTableGroup(com.fashionnest.Fashion_Nest_Application.model.Product.reviews.{element})] with identifierForTableGroup [com.fashionnest.Fashion_Nest_Application.model.Product.reviews.{element}] for NavigablePath [com.fashionnest.Fashion_Nest_Application.model.Product.reviews.{element}] 
2025-07-14T13:26:10.036+05:30 DEBUG 17208 --- [Fashion-Nest-Application] [           main] org.hibernate.orm.sql.ast.create         : Registration of TableGroup [org.hibernate.sql.ast.tree.from.LazyTableGroup@3da6950f] with identifierForTableGroup [com.fashionnest.Fashion_Nest_Application.model.Product.reviews.{element}.product] for NavigablePath [com.fashionnest.Fashion_Nest_Application.model.Product.reviews.{element}.product] 
2025-07-14T13:26:10.037+05:30 DEBUG 17208 --- [Fashion-Nest-Application] [           main] org.hibernate.orm.sql.ast.create         : Registration of TableGroup [org.hibernate.sql.ast.tree.from.LazyTableGroup@42684d86] with identifierForTableGroup [com.fashionnest.Fashion_Nest_Application.model.Product.reviews.{element}.user] for NavigablePath [com.fashionnest.Fashion_Nest_Application.model.Product.reviews.{element}.user] 
2025-07-14T13:26:10.037+05:30 DEBUG 17208 --- [Fashion-Nest-Application] [           main] org.hibernate.orm.sql.ast.create         : Created new SQL alias : u1_0
2025-07-14T13:26:10.037+05:30 DEBUG 17208 --- [Fashion-Nest-Application] [           main] org.hibernate.orm.results.graph.AST      : DomainResult Graph:
 \-CollectionDomainResult [com.fashionnest.Fashion_Nest_Application.model.Product.reviews]

2025-07-14T13:26:10.037+05:30 DEBUG 17208 --- [Fashion-Nest-Application] [           main] org.hibernate.orm.sql.ast.tree           : SQL AST Tree:
    SelectStatement {
      FromClause {
        OneToManyTableGroup (r1 : com.fashionnest.Fashion_Nest_Application.model.Product.reviews) {
          primaryTableReference : review as r1_0
          TableGroupJoins {
            left  join LazyTableGroup (p1 : com.fashionnest.Fashion_Nest_Application.model.Product.reviews.{element}.product) {
            }
            left  join LazyTableGroup (u1 : com.fashionnest.Fashion_Nest_Application.model.Product.reviews.{element}.user) {
              primaryTableReference : user as u1_0
            }
          }
        }
      }
    }

2025-07-14T13:26:10.037+05:30 DEBUG 17208 --- [Fashion-Nest-Application] [           main] org.hibernate.orm.jdbc.mutation          : Static SQL for collection: com.fashionnest.Fashion_Nest_Application.model.Product.reviews
2025-07-14T13:26:10.037+05:30 DEBUG 17208 --- [Fashion-Nest-Application] [           main] org.hibernate.orm.sql.ast.create         : Created new SQL alias : oi1_0
2025-07-14T13:26:10.037+05:30 DEBUG 17208 --- [Fashion-Nest-Application] [           main] org.hibernate.orm.sql.ast.create         : Registration of TableGroup [org.hibernate.sql.ast.tree.from.OneToManyTableGroup@7d6a9d5e] with identifierForTableGroup [com.fashionnest.Fashion_Nest_Application.model.Order.orderItems] for NavigablePath [com.fashionnest.Fashion_Nest_Application.model.Order.orderItems] 
2025-07-14T13:26:10.037+05:30 DEBUG 17208 --- [Fashion-Nest-Application] [           main] org.hibernate.orm.sql.ast.create         : Registration of TableGroup [StandardTableGroup(com.fashionnest.Fashion_Nest_Application.model.Order.orderItems.{element})] with identifierForTableGroup [com.fashionnest.Fashion_Nest_Application.model.Order.orderItems.{element}] for NavigablePath [com.fashionnest.Fashion_Nest_Application.model.Order.orderItems.{element}] 
2025-07-14T13:26:10.038+05:30 DEBUG 17208 --- [Fashion-Nest-Application] [           main] org.hibernate.orm.sql.ast.create         : Registration of TableGroup [org.hibernate.sql.ast.tree.from.LazyTableGroup@74ed7111] with identifierForTableGroup [com.fashionnest.Fashion_Nest_Application.model.Order.orderItems.{element}.order] for NavigablePath [com.fashionnest.Fashion_Nest_Application.model.Order.orderItems.{element}.order] 
2025-07-14T13:26:10.038+05:30 DEBUG 17208 --- [Fashion-Nest-Application] [           main] org.hibernate.orm.sql.ast.create         : Registration of TableGroup [org.hibernate.sql.ast.tree.from.LazyTableGroup@74691677] with identifierForTableGroup [com.fashionnest.Fashion_Nest_Application.model.Order.orderItems.{element}.product] for NavigablePath [com.fashionnest.Fashion_Nest_Application.model.Order.orderItems.{element}.product] 
2025-07-14T13:26:10.038+05:30 DEBUG 17208 --- [Fashion-Nest-Application] [           main] org.hibernate.orm.sql.ast.create         : Created new SQL alias : p1_0
2025-07-14T13:26:10.038+05:30 DEBUG 17208 --- [Fashion-Nest-Application] [           main] org.hibernate.orm.sql.ast.create         : Registration of TableGroup [org.hibernate.sql.ast.tree.from.LazyTableGroup@3314f179] with identifierForTableGroup [com.fashionnest.Fashion_Nest_Application.model.Order.orderItems.{element}.product.category] for NavigablePath [com.fashionnest.Fashion_Nest_Application.model.Order.orderItems.{element}.product.category] 
2025-07-14T13:26:10.038+05:30 DEBUG 17208 --- [Fashion-Nest-Application] [           main] org.hibernate.orm.sql.ast.create         : Created new SQL alias : c1_0
2025-07-14T13:26:10.038+05:30 DEBUG 17208 --- [Fashion-Nest-Application] [           main] org.hibernate.orm.sql.ast.create         : Registration of TableGroup [org.hibernate.sql.ast.tree.from.LazyTableGroup@1abd1a28] with identifierForTableGroup [com.fashionnest.Fashion_Nest_Application.model.Order.orderItems.{element}.product.category.parentCategory] for NavigablePath [com.fashionnest.Fashion_Nest_Application.model.Order.orderItems.{element}.product.category.parentCategory] 
2025-07-14T13:26:10.038+05:30 DEBUG 17208 --- [Fashion-Nest-Application] [           main] org.hibernate.orm.results.graph.AST      : DomainResult Graph:
 \-CollectionDomainResult [com.fashionnest.Fashion_Nest_Application.model.Order.orderItems]

2025-07-14T13:26:10.039+05:30 DEBUG 17208 --- [Fashion-Nest-Application] [           main] org.hibernate.orm.sql.ast.tree           : SQL AST Tree:
    SelectStatement {
      FromClause {
        OneToManyTableGroup (oi1 : com.fashionnest.Fashion_Nest_Application.model.Order.orderItems) {
          primaryTableReference : order_item as oi1_0
          TableGroupJoins {
            left  join LazyTableGroup (o1 : com.fashionnest.Fashion_Nest_Application.model.Order.orderItems.{element}.order) {
            }
            left  join LazyTableGroup (p1 : com.fashionnest.Fashion_Nest_Application.model.Order.orderItems.{element}.product) {
              primaryTableReference : product as p1_0
              TableGroupJoins {
                left  join LazyTableGroup (c1 : com.fashionnest.Fashion_Nest_Application.model.Order.orderItems.{element}.product.category) {
                  primaryTableReference : category as c1_0
                  TableGroupJoins {
                    left  join LazyTableGroup (pc1 : com.fashionnest.Fashion_Nest_Application.model.Order.orderItems.{element}.product.category.parentCategory) {
                    }
                  }
                }
              }
            }
          }
        }
      }
    }

2025-07-14T13:26:10.039+05:30 DEBUG 17208 --- [Fashion-Nest-Application] [           main] org.hibernate.orm.jdbc.mutation          : Static SQL for collection: com.fashionnest.Fashion_Nest_Application.model.Order.orderItems
2025-07-14T13:26:10.039+05:30 DEBUG 17208 --- [Fashion-Nest-Application] [           main] org.hibernate.orm.sql.ast.create         : Created new SQL alias : r1_0
2025-07-14T13:26:10.039+05:30 DEBUG 17208 --- [Fashion-Nest-Application] [           main] org.hibernate.orm.sql.ast.create         : Registration of TableGroup [org.hibernate.sql.ast.tree.from.OneToManyTableGroup@39a1e1e6] with identifierForTableGroup [com.fashionnest.Fashion_Nest_Application.model.User.ratings] for NavigablePath [com.fashionnest.Fashion_Nest_Application.model.User.ratings] 
2025-07-14T13:26:10.039+05:30 DEBUG 17208 --- [Fashion-Nest-Application] [           main] org.hibernate.orm.sql.ast.create         : Registration of TableGroup [StandardTableGroup(com.fashionnest.Fashion_Nest_Application.model.User.ratings.{element})] with identifierForTableGroup [com.fashionnest.Fashion_Nest_Application.model.User.ratings.{element}] for NavigablePath [com.fashionnest.Fashion_Nest_Application.model.User.ratings.{element}] 
2025-07-14T13:26:10.039+05:30 DEBUG 17208 --- [Fashion-Nest-Application] [           main] org.hibernate.orm.sql.ast.create         : Registration of TableGroup [org.hibernate.sql.ast.tree.from.LazyTableGroup@2daa5092] with identifierForTableGroup [com.fashionnest.Fashion_Nest_Application.model.User.ratings.{element}.product] for NavigablePath [com.fashionnest.Fashion_Nest_Application.model.User.ratings.{element}.product] 
2025-07-14T13:26:10.039+05:30 DEBUG 17208 --- [Fashion-Nest-Application] [           main] org.hibernate.orm.sql.ast.create         : Created new SQL alias : p1_0
2025-07-14T13:26:10.039+05:30 DEBUG 17208 --- [Fashion-Nest-Application] [           main] org.hibernate.orm.sql.ast.create         : Registration of TableGroup [org.hibernate.sql.ast.tree.from.LazyTableGroup@5f346355] with identifierForTableGroup [com.fashionnest.Fashion_Nest_Application.model.User.ratings.{element}.product.category] for NavigablePath [com.fashionnest.Fashion_Nest_Application.model.User.ratings.{element}.product.category] 
2025-07-14T13:26:10.039+05:30 DEBUG 17208 --- [Fashion-Nest-Application] [           main] org.hibernate.orm.sql.ast.create         : Created new SQL alias : c1_0
2025-07-14T13:26:10.039+05:30 DEBUG 17208 --- [Fashion-Nest-Application] [           main] org.hibernate.orm.sql.ast.create         : Registration of TableGroup [org.hibernate.sql.ast.tree.from.LazyTableGroup@66e62e19] with identifierForTableGroup [com.fashionnest.Fashion_Nest_Application.model.User.ratings.{element}.product.category.parentCategory] for NavigablePath [com.fashionnest.Fashion_Nest_Application.model.User.ratings.{element}.product.category.parentCategory] 
2025-07-14T13:26:10.040+05:30 DEBUG 17208 --- [Fashion-Nest-Application] [           main] org.hibernate.orm.sql.ast.create         : Registration of TableGroup [org.hibernate.sql.ast.tree.from.LazyTableGroup@50fe5df2] with identifierForTableGroup [com.fashionnest.Fashion_Nest_Application.model.User.ratings.{element}.user] for NavigablePath [com.fashionnest.Fashion_Nest_Application.model.User.ratings.{element}.user] 
2025-07-14T13:26:10.040+05:30 DEBUG 17208 --- [Fashion-Nest-Application] [           main] org.hibernate.orm.results.graph.AST      : DomainResult Graph:
 \-CollectionDomainResult [com.fashionnest.Fashion_Nest_Application.model.User.ratings]

2025-07-14T13:26:10.040+05:30 DEBUG 17208 --- [Fashion-Nest-Application] [           main] org.hibernate.orm.sql.ast.tree           : SQL AST Tree:
    SelectStatement {
      FromClause {
        OneToManyTableGroup (r1 : com.fashionnest.Fashion_Nest_Application.model.User.ratings) {
          primaryTableReference : rating as r1_0
          TableGroupJoins {
            left  join LazyTableGroup (p1 : com.fashionnest.Fashion_Nest_Application.model.User.ratings.{element}.product) {
              primaryTableReference : product as p1_0
              TableGroupJoins {
                left  join LazyTableGroup (c1 : com.fashionnest.Fashion_Nest_Application.model.User.ratings.{element}.product.category) {
                  primaryTableReference : category as c1_0
                  TableGroupJoins {
                    left  join LazyTableGroup (pc1 : com.fashionnest.Fashion_Nest_Application.model.User.ratings.{element}.product.category.parentCategory) {
                    }
                  }
                }
              }
            }
            left  join LazyTableGroup (u1 : com.fashionnest.Fashion_Nest_Application.model.User.ratings.{element}.user) {
            }
          }
        }
      }
    }

2025-07-14T13:26:10.040+05:30 DEBUG 17208 --- [Fashion-Nest-Application] [           main] org.hibernate.orm.jdbc.mutation          : Static SQL for collection: com.fashionnest.Fashion_Nest_Application.model.User.ratings
2025-07-14T13:26:10.040+05:30 DEBUG 17208 --- [Fashion-Nest-Application] [           main] org.hibernate.orm.sql.ast.create         : Created new SQL alias : r1_0
2025-07-14T13:26:10.040+05:30 DEBUG 17208 --- [Fashion-Nest-Application] [           main] org.hibernate.orm.sql.ast.create         : Registration of TableGroup [org.hibernate.sql.ast.tree.from.OneToManyTableGroup@53fd59d4] with identifierForTableGroup [com.fashionnest.Fashion_Nest_Application.model.Product.ratings] for NavigablePath [com.fashionnest.Fashion_Nest_Application.model.Product.ratings] 
2025-07-14T13:26:10.040+05:30 DEBUG 17208 --- [Fashion-Nest-Application] [           main] org.hibernate.orm.sql.ast.create         : Registration of TableGroup [StandardTableGroup(com.fashionnest.Fashion_Nest_Application.model.Product.ratings.{element})] with identifierForTableGroup [com.fashionnest.Fashion_Nest_Application.model.Product.ratings.{element}] for NavigablePath [com.fashionnest.Fashion_Nest_Application.model.Product.ratings.{element}] 
2025-07-14T13:26:10.041+05:30 DEBUG 17208 --- [Fashion-Nest-Application] [           main] org.hibernate.orm.sql.ast.create         : Registration of TableGroup [org.hibernate.sql.ast.tree.from.LazyTableGroup@43c3354] with identifierForTableGroup [com.fashionnest.Fashion_Nest_Application.model.Product.ratings.{element}.product] for NavigablePath [com.fashionnest.Fashion_Nest_Application.model.Product.ratings.{element}.product] 
2025-07-14T13:26:10.041+05:30 DEBUG 17208 --- [Fashion-Nest-Application] [           main] org.hibernate.orm.sql.ast.create         : Registration of TableGroup [org.hibernate.sql.ast.tree.from.LazyTableGroup@260fffec] with identifierForTableGroup [com.fashionnest.Fashion_Nest_Application.model.Product.ratings.{element}.user] for NavigablePath [com.fashionnest.Fashion_Nest_Application.model.Product.ratings.{element}.user] 
2025-07-14T13:26:10.041+05:30 DEBUG 17208 --- [Fashion-Nest-Application] [           main] org.hibernate.orm.sql.ast.create         : Created new SQL alias : u1_0
2025-07-14T13:26:10.041+05:30 DEBUG 17208 --- [Fashion-Nest-Application] [           main] org.hibernate.orm.results.graph.AST      : DomainResult Graph:
 \-CollectionDomainResult [com.fashionnest.Fashion_Nest_Application.model.Product.ratings]

2025-07-14T13:26:10.041+05:30 DEBUG 17208 --- [Fashion-Nest-Application] [           main] org.hibernate.orm.sql.ast.tree           : SQL AST Tree:
    SelectStatement {
      FromClause {
        OneToManyTableGroup (r1 : com.fashionnest.Fashion_Nest_Application.model.Product.ratings) {
          primaryTableReference : rating as r1_0
          TableGroupJoins {
            left  join LazyTableGroup (p1 : com.fashionnest.Fashion_Nest_Application.model.Product.ratings.{element}.product) {
            }
            left  join LazyTableGroup (u1 : com.fashionnest.Fashion_Nest_Application.model.Product.ratings.{element}.user) {
              primaryTableReference : user as u1_0
            }
          }
        }
      }
    }

2025-07-14T13:26:10.042+05:30 DEBUG 17208 --- [Fashion-Nest-Application] [           main] org.hibernate.orm.jdbc.mutation          : Static SQL for collection: com.fashionnest.Fashion_Nest_Application.model.Product.ratings
2025-07-14T13:26:10.098+05:30  INFO 17208 --- [Fashion-Nest-Application] [           main] o.h.e.t.j.p.i.JtaPlatformInitiator       : HHH000489: No JTA platform available (set 'hibernate.transaction.jta.platform' to enable JTA platform integration)
2025-07-14T13:26:10.099+05:30 DEBUG 17208 --- [Fashion-Nest-Application] [           main] o.h.type.spi.TypeConfiguration$Scope     : Scoping TypeConfiguration [org.hibernate.type.spi.TypeConfiguration@3593e074] to SessionFactoryImplementor [org.hibernate.internal.SessionFactoryImpl@2bf0bb93]
2025-07-14T13:26:10.100+05:30 DEBUG 17208 --- [Fashion-Nest-Application] [           main] o.h.query.named.NamedObjectRepository    : Checking 0 named HQL queries
2025-07-14T13:26:10.100+05:30 DEBUG 17208 --- [Fashion-Nest-Application] [           main] o.h.query.named.NamedObjectRepository    : Checking 0 named SQL queries
2025-07-14T13:26:11.268+05:30 DEBUG 17208 --- [Fashion-Nest-Application] [           main] org.hibernate.SQL                        : create table address (id bigint not null, city varchar(255), first_name varchar(255), last_name varchar(255), mobile varchar(255), state varchar(255), street_address varchar(255), zip_code varchar(255), user_id bigint, primary key (id)) engine=InnoDB
Hibernate: create table address (id bigint not null, city varchar(255), first_name varchar(255), last_name varchar(255), mobile varchar(255), state varchar(255), street_address varchar(255), zip_code varchar(255), user_id bigint, primary key (id)) engine=InnoDB
2025-07-14T13:26:11.938+05:30 DEBUG 17208 --- [Fashion-Nest-Application] [           main] org.hibernate.SQL                        : create table address_seq (next_val bigint) engine=InnoDB
Hibernate: create table address_seq (next_val bigint) engine=InnoDB
2025-07-14T13:26:12.778+05:30 DEBUG 17208 --- [Fashion-Nest-Application] [           main] org.hibernate.SQL                        : insert into address_seq values ( 1 )
Hibernate: insert into address_seq values ( 1 )
2025-07-14T13:26:13.393+05:30 DEBUG 17208 --- [Fashion-Nest-Application] [           main] org.hibernate.SQL                        : create table cart (id bigint not null auto_increment, discount integer not null, total_discounted_price integer not null, total_item integer, total_price float(53), user_id bigint not null, primary key (id)) engine=InnoDB
Hibernate: create table cart (id bigint not null auto_increment, discount integer not null, total_discounted_price integer not null, total_item integer, total_price float(53), user_id bigint not null, primary key (id)) engine=InnoDB
2025-07-14T13:26:14.038+05:30 DEBUG 17208 --- [Fashion-Nest-Application] [           main] org.hibernate.SQL                        : create table cart_item (id bigint not null auto_increment, discounted_price integer, price integer, quantity integer not null, size varchar(255), user_id bigint, cart_id bigint, product_id bigint, primary key (id)) engine=InnoDB
Hibernate: create table cart_item (id bigint not null auto_increment, discounted_price integer, price integer, quantity integer not null, size varchar(255), user_id bigint, cart_id bigint, product_id bigint, primary key (id)) engine=InnoDB
2025-07-14T13:26:14.758+05:30 DEBUG 17208 --- [Fashion-Nest-Application] [           main] org.hibernate.SQL                        : create table category (id bigint not null, level integer not null, name varchar(50) not null, parent_category_id bigint, primary key (id)) engine=InnoDB
Hibernate: create table category (id bigint not null, level integer not null, name varchar(50) not null, parent_category_id bigint, primary key (id)) engine=InnoDB
2025-07-14T13:26:15.409+05:30 DEBUG 17208 --- [Fashion-Nest-Application] [           main] org.hibernate.SQL                        : create table category_seq (next_val bigint) engine=InnoDB
Hibernate: create table category_seq (next_val bigint) engine=InnoDB
2025-07-14T13:26:16.053+05:30 DEBUG 17208 --- [Fashion-Nest-Application] [           main] org.hibernate.SQL                        : insert into category_seq values ( 1 )
Hibernate: insert into category_seq values ( 1 )
2025-07-14T13:26:16.677+05:30 DEBUG 17208 --- [Fashion-Nest-Application] [           main] org.hibernate.SQL                        : create table order_item (id bigint not null auto_increment, delivery_date datetime(6), discounted_price integer, price integer, quantity integer not null, size varchar(255), user_id bigint, order_id bigint, product_id bigint, primary key (id)) engine=InnoDB
Hibernate: create table order_item (id bigint not null auto_increment, delivery_date datetime(6), discounted_price integer, price integer, quantity integer not null, size varchar(255), user_id bigint, order_id bigint, product_id bigint, primary key (id)) engine=InnoDB
2025-07-14T13:26:17.444+05:30 DEBUG 17208 --- [Fashion-Nest-Application] [           main] org.hibernate.SQL                        : create table orders (id bigint not null, created_at datetime(6), delivery_date datetime(6), discount integer, order_date datetime(6), order_id varchar(255), order_status varchar(255), payment_id varchar(255), payment_method varchar(255), razorpay_payment_id varchar(255), razorpay_payment_link_id varchar(255), razorpay_payment_link_reference_id varchar(255), razorpay_payment_link_status varchar(255), status varchar(255), total_discounted_price integer, total_item integer, total_price float(53), shipping_address_id bigint, user_id bigint, primary key (id)) engine=InnoDB
Hibernate: create table orders (id bigint not null, created_at datetime(6), delivery_date datetime(6), discount integer, order_date datetime(6), order_id varchar(255), order_status varchar(255), payment_id varchar(255), payment_method varchar(255), razorpay_payment_id varchar(255), razorpay_payment_link_id varchar(255), razorpay_payment_link_reference_id varchar(255), razorpay_payment_link_status varchar(255), status varchar(255), total_discounted_price integer, total_item integer, total_price float(53), shipping_address_id bigint, user_id bigint, primary key (id)) engine=InnoDB
2025-07-14T13:26:18.132+05:30 DEBUG 17208 --- [Fashion-Nest-Application] [           main] org.hibernate.SQL                        : create table orders_seq (next_val bigint) engine=InnoDB
Hibernate: create table orders_seq (next_val bigint) engine=InnoDB
2025-07-14T13:26:18.769+05:30 DEBUG 17208 --- [Fashion-Nest-Application] [           main] org.hibernate.SQL                        : insert into orders_seq values ( 1 )
Hibernate: insert into orders_seq values ( 1 )
2025-07-14T13:26:19.337+05:30 DEBUG 17208 --- [Fashion-Nest-Application] [           main] org.hibernate.SQL                        : create table payment_information (user_id bigint not null, card_number varchar(255), cardholder_name varchar(255), cvv varchar(255), expiration_date date) engine=InnoDB
Hibernate: create table payment_information (user_id bigint not null, card_number varchar(255), cardholder_name varchar(255), cvv varchar(255), expiration_date date) engine=InnoDB
2025-07-14T13:26:20.151+05:30 DEBUG 17208 --- [Fashion-Nest-Application] [           main] org.hibernate.SQL                        : create table product (id bigint not null, brand varchar(255), color varchar(255), created_at datetime(6), description varchar(255), discount_percent integer, discounted_price integer, image_url varchar(255), num_ratings integer, price integer, quantity integer not null, title varchar(255), category_id bigint, primary key (id)) engine=InnoDB
Hibernate: create table product (id bigint not null, brand varchar(255), color varchar(255), created_at datetime(6), description varchar(255), discount_percent integer, discounted_price integer, image_url varchar(255), num_ratings integer, price integer, quantity integer not null, title varchar(255), category_id bigint, primary key (id)) engine=InnoDB
2025-07-14T13:26:20.828+05:30 DEBUG 17208 --- [Fashion-Nest-Application] [           main] org.hibernate.SQL                        : create table product_seq (next_val bigint) engine=InnoDB
Hibernate: create table product_seq (next_val bigint) engine=InnoDB
2025-07-14T13:26:21.481+05:30 DEBUG 17208 --- [Fashion-Nest-Application] [           main] org.hibernate.SQL                        : insert into product_seq values ( 1 )
Hibernate: insert into product_seq values ( 1 )
2025-07-14T13:26:22.097+05:30 DEBUG 17208 --- [Fashion-Nest-Application] [           main] org.hibernate.SQL                        : create table product_sizes (product_id bigint not null, name varchar(255), quantity integer) engine=InnoDB
Hibernate: create table product_sizes (product_id bigint not null, name varchar(255), quantity integer) engine=InnoDB
2025-07-14T13:26:23.017+05:30 DEBUG 17208 --- [Fashion-Nest-Application] [           main] org.hibernate.SQL                        : create table rating (id bigint not null auto_increment, created_at datetime(6), rating float(53), product_id bigint not null, user_id bigint not null, primary key (id)) engine=InnoDB
Hibernate: create table rating (id bigint not null auto_increment, created_at datetime(6), rating float(53), product_id bigint not null, user_id bigint not null, primary key (id)) engine=InnoDB
2025-07-14T13:26:23.658+05:30 DEBUG 17208 --- [Fashion-Nest-Application] [           main] org.hibernate.SQL                        : create table review (id bigint not null, created_at datetime(6), review varchar(255), product_id bigint, user_id bigint, primary key (id)) engine=InnoDB
Hibernate: create table review (id bigint not null, created_at datetime(6), review varchar(255), product_id bigint, user_id bigint, primary key (id)) engine=InnoDB
2025-07-14T13:26:24.278+05:30 DEBUG 17208 --- [Fashion-Nest-Application] [           main] org.hibernate.SQL                        : create table review_seq (next_val bigint) engine=InnoDB
Hibernate: create table review_seq (next_val bigint) engine=InnoDB
2025-07-14T13:26:24.902+05:30 DEBUG 17208 --- [Fashion-Nest-Application] [           main] org.hibernate.SQL                        : insert into review_seq values ( 1 )
Hibernate: insert into review_seq values ( 1 )
2025-07-14T13:26:25.564+05:30 DEBUG 17208 --- [Fashion-Nest-Application] [           main] org.hibernate.SQL                        : create table user (id bigint not null, created_at datetime(6), email varchar(255), first_name varchar(255), last_name varchar(255), password varchar(255), role varchar(255), primary key (id)) engine=InnoDB
Hibernate: create table user (id bigint not null, created_at datetime(6), email varchar(255), first_name varchar(255), last_name varchar(255), password varchar(255), role varchar(255), primary key (id)) engine=InnoDB
2025-07-14T13:26:26.185+05:30 DEBUG 17208 --- [Fashion-Nest-Application] [           main] org.hibernate.SQL                        : create table user_seq (next_val bigint) engine=InnoDB
Hibernate: create table user_seq (next_val bigint) engine=InnoDB
2025-07-14T13:26:26.854+05:30 DEBUG 17208 --- [Fashion-Nest-Application] [           main] org.hibernate.SQL                        : insert into user_seq values ( 1 )
Hibernate: insert into user_seq values ( 1 )
2025-07-14T13:26:27.423+05:30 DEBUG 17208 --- [Fashion-Nest-Application] [           main] org.hibernate.SQL                        : alter table cart drop index UK9emlp6m95v5er2bcqkjsw48he
Hibernate: alter table cart drop index UK9emlp6m95v5er2bcqkjsw48he
2025-07-14T13:26:28.063+05:30 DEBUG 17208 --- [Fashion-Nest-Application] [           main] org.hibernate.SQL                        : alter table cart add constraint UK9emlp6m95v5er2bcqkjsw48he unique (user_id)
Hibernate: alter table cart add constraint UK9emlp6m95v5er2bcqkjsw48he unique (user_id)
2025-07-14T13:26:28.752+05:30 DEBUG 17208 --- [Fashion-Nest-Application] [           main] org.hibernate.SQL                        : alter table orders drop index UKsdv8vvdhj9gxm0dfoeh2rqvkh
Hibernate: alter table orders drop index UKsdv8vvdhj9gxm0dfoeh2rqvkh
2025-07-14T13:26:29.367+05:30 DEBUG 17208 --- [Fashion-Nest-Application] [           main] org.hibernate.SQL                        : alter table orders add constraint UKsdv8vvdhj9gxm0dfoeh2rqvkh unique (shipping_address_id)
Hibernate: alter table orders add constraint UKsdv8vvdhj9gxm0dfoeh2rqvkh unique (shipping_address_id)
2025-07-14T13:26:29.999+05:30 DEBUG 17208 --- [Fashion-Nest-Application] [           main] org.hibernate.SQL                        : alter table address add constraint FKda8tuywtf0gb6sedwk7la1pgi foreign key (user_id) references user (id)
Hibernate: alter table address add constraint FKda8tuywtf0gb6sedwk7la1pgi foreign key (user_id) references user (id)
2025-07-14T13:26:30.716+05:30 DEBUG 17208 --- [Fashion-Nest-Application] [           main] org.hibernate.SQL                        : alter table cart add constraint FKl70asp4l4w0jmbm1tqyofho4o foreign key (user_id) references user (id)
Hibernate: alter table cart add constraint FKl70asp4l4w0jmbm1tqyofho4o foreign key (user_id) references user (id)
2025-07-14T13:26:31.542+05:30 DEBUG 17208 --- [Fashion-Nest-Application] [           main] org.hibernate.SQL                        : alter table cart_item add constraint FK1uobyhgl1wvgt1jpccia8xxs3 foreign key (cart_id) references cart (id)
Hibernate: alter table cart_item add constraint FK1uobyhgl1wvgt1jpccia8xxs3 foreign key (cart_id) references cart (id)
2025-07-14T13:26:32.437+05:30 DEBUG 17208 --- [Fashion-Nest-Application] [           main] org.hibernate.SQL                        : alter table cart_item add constraint FKjcyd5wv4igqnw413rgxbfu4nv foreign key (product_id) references product (id)
Hibernate: alter table cart_item add constraint FKjcyd5wv4igqnw413rgxbfu4nv foreign key (product_id) references product (id)
2025-07-14T13:26:33.360+05:30 DEBUG 17208 --- [Fashion-Nest-Application] [           main] org.hibernate.SQL                        : alter table category add constraint FKs2ride9gvilxy2tcuv7witnxc foreign key (parent_category_id) references category (id)
Hibernate: alter table category add constraint FKs2ride9gvilxy2tcuv7witnxc foreign key (parent_category_id) references category (id)
2025-07-14T13:26:34.179+05:30 DEBUG 17208 --- [Fashion-Nest-Application] [           main] org.hibernate.SQL                        : alter table order_item add constraint FKt4dc2r9nbvbujrljv3e23iibt foreign key (order_id) references orders (id)
Hibernate: alter table order_item add constraint FKt4dc2r9nbvbujrljv3e23iibt foreign key (order_id) references orders (id)
2025-07-14T13:26:34.999+05:30 DEBUG 17208 --- [Fashion-Nest-Application] [           main] org.hibernate.SQL                        : alter table order_item add constraint FK551losx9j75ss5d6bfsqvijna foreign key (product_id) references product (id)
Hibernate: alter table order_item add constraint FK551losx9j75ss5d6bfsqvijna foreign key (product_id) references product (id)
2025-07-14T13:26:35.920+05:30 DEBUG 17208 --- [Fashion-Nest-Application] [           main] org.hibernate.SQL                        : alter table orders add constraint FKh0uue95ltjysfmkqb5abgk7tj foreign key (shipping_address_id) references address (id)
Hibernate: alter table orders add constraint FKh0uue95ltjysfmkqb5abgk7tj foreign key (shipping_address_id) references address (id)
2025-07-14T13:26:36.662+05:30 DEBUG 17208 --- [Fashion-Nest-Application] [           main] org.hibernate.SQL                        : alter table orders add constraint FKel9kyl84ego2otj2accfd8mr7 foreign key (user_id) references user (id)
Hibernate: alter table orders add constraint FKel9kyl84ego2otj2accfd8mr7 foreign key (user_id) references user (id)
2025-07-14T13:26:37.660+05:30 DEBUG 17208 --- [Fashion-Nest-Application] [           main] org.hibernate.SQL                        : alter table payment_information add constraint FKcb0vkk9ey9j41no8yn0p60j95 foreign key (user_id) references user (id)
Hibernate: alter table payment_information add constraint FKcb0vkk9ey9j41no8yn0p60j95 foreign key (user_id) references user (id)
2025-07-14T13:26:38.582+05:30 DEBUG 17208 --- [Fashion-Nest-Application] [           main] org.hibernate.SQL                        : alter table product add constraint FK1mtsbur82frn64de7balymq9s foreign key (category_id) references category (id)
Hibernate: alter table product add constraint FK1mtsbur82frn64de7balymq9s foreign key (category_id) references category (id)
2025-07-14T13:26:39.709+05:30 DEBUG 17208 --- [Fashion-Nest-Application] [           main] org.hibernate.SQL                        : alter table product_sizes add constraint FK4w69qsh5hd062xv3hqkpgpdpu foreign key (product_id) references product (id)
Hibernate: alter table product_sizes add constraint FK4w69qsh5hd062xv3hqkpgpdpu foreign key (product_id) references product (id)
2025-07-14T13:26:40.528+05:30 DEBUG 17208 --- [Fashion-Nest-Application] [           main] org.hibernate.SQL                        : alter table rating add constraint FKlkuwie0au2dru36asng9nywmh foreign key (product_id) references product (id)
Hibernate: alter table rating add constraint FKlkuwie0au2dru36asng9nywmh foreign key (product_id) references product (id)
2025-07-14T13:26:41.244+05:30 DEBUG 17208 --- [Fashion-Nest-Application] [           main] org.hibernate.SQL                        : alter table rating add constraint FKpn05vbx6usw0c65tcyuce4dw5 foreign key (user_id) references user (id)
Hibernate: alter table rating add constraint FKpn05vbx6usw0c65tcyuce4dw5 foreign key (user_id) references user (id)
2025-07-14T13:26:41.999+05:30 DEBUG 17208 --- [Fashion-Nest-Application] [           main] org.hibernate.SQL                        : alter table review add constraint FKiyof1sindb9qiqr9o8npj8klt foreign key (product_id) references product (id)
Hibernate: alter table review add constraint FKiyof1sindb9qiqr9o8npj8klt foreign key (product_id) references product (id)
2025-07-14T13:26:42.722+05:30 DEBUG 17208 --- [Fashion-Nest-Application] [           main] org.hibernate.SQL                        : alter table review add constraint FKiyf57dy48lyiftdrf7y87rnxi foreign key (user_id) references user (id)
Hibernate: alter table review add constraint FKiyf57dy48lyiftdrf7y87rnxi foreign key (user_id) references user (id)
2025-07-14T13:26:43.470+05:30 DEBUG 17208 --- [Fashion-Nest-Application] [           main] o.h.internal.SessionFactoryRegistry      : Initializing SessionFactoryRegistry : org.hibernate.internal.SessionFactoryRegistry@4a00d591
2025-07-14T13:26:43.470+05:30 DEBUG 17208 --- [Fashion-Nest-Application] [           main] o.h.internal.SessionFactoryRegistry      : Registering SessionFactory: 230b6256-cbb8-4140-9f94-18c18fcf344c (<unnamed>)
2025-07-14T13:26:43.470+05:30 DEBUG 17208 --- [Fashion-Nest-Application] [           main] o.h.internal.SessionFactoryRegistry      : Not binding SessionFactory to JNDI, no JNDI name configured
2025-07-14T13:26:43.470+05:30 DEBUG 17208 --- [Fashion-Nest-Application] [           main] o.hibernate.internal.SessionFactoryImpl  : Instantiated SessionFactory
2025-07-14T13:26:43.471+05:30  INFO 17208 --- [Fashion-Nest-Application] [           main] j.LocalContainerEntityManagerFactoryBean : Initialized JPA EntityManagerFactory for persistence unit 'default'
2025-07-14T13:26:43.858+05:30 DEBUG 17208 --- [Fashion-Nest-Application] [           main] tor$SharedEntityManagerInvocationHandler : Creating new EntityManager for shared EntityManager invocation
2025-07-14T13:26:43.945+05:30 DEBUG 17208 --- [Fashion-Nest-Application] [           main] o.h.stat.internal.StatisticsInitiator    : Statistics initialized [enabled=false]
2025-07-14T13:26:43.971+05:30 DEBUG 17208 --- [Fashion-Nest-Application] [           main] tor$SharedEntityManagerInvocationHandler : Creating new EntityManager for shared EntityManager invocation
2025-07-14T13:26:44.250+05:30 DEBUG 17208 --- [Fashion-Nest-Application] [           main] tor$SharedEntityManagerInvocationHandler : Creating new EntityManager for shared EntityManager invocation
2025-07-14T13:26:44.369+05:30  INFO 17208 --- [Fashion-Nest-Application] [           main] o.s.d.j.r.query.QueryEnhancerFactory     : Hibernate is in classpath; If applicable, HQL parser will be used.
2025-07-14T13:26:44.837+05:30 DEBUG 17208 --- [Fashion-Nest-Application] [           main] cResourceLocalTransactionCoordinatorImpl : JDBC transaction marked for rollback-only (exception provided for stack trace)

java.lang.Exception: exception just for purpose of providing stack trace
	at org.hibernate.resource.transaction.backend.jdbc.internal.JdbcResourceLocalTransactionCoordinatorImpl$TransactionDriverControlImpl.markRollbackOnly(JdbcResourceLocalTransactionCoordinatorImpl.java:309) ~[hibernate-core-6.5.2.Final.jar:6.5.2.Final]
	at org.hibernate.internal.AbstractSharedSessionContract.buildNamedQuery(AbstractSharedSessionContract.java:1109) ~[hibernate-core-6.5.2.Final.jar:6.5.2.Final]
	at org.hibernate.internal.AbstractSharedSessionContract.createNamedQuery(AbstractSharedSessionContract.java:987) ~[hibernate-core-6.5.2.Final.jar:6.5.2.Final]
	at org.hibernate.internal.AbstractSharedSessionContract.createNamedQuery(AbstractSharedSessionContract.java:140) ~[hibernate-core-6.5.2.Final.jar:6.5.2.Final]
	at java.base/jdk.internal.reflect.DirectMethodHandleAccessor.invoke(DirectMethodHandleAccessor.java:103) ~[na:na]
	at java.base/java.lang.reflect.Method.invoke(Method.java:580) ~[na:na]
	at org.springframework.orm.jpa.ExtendedEntityManagerCreator$ExtendedEntityManagerInvocationHandler.invoke(ExtendedEntityManagerCreator.java:364) ~[spring-orm-6.1.12.jar:6.1.12]
	at jdk.proxy2/jdk.proxy2.$Proxy139.createNamedQuery(Unknown Source) ~[na:na]
	at org.springframework.data.jpa.repository.query.NamedQuery.hasNamedQuery(NamedQuery.java:112) ~[spring-data-jpa-3.3.3.jar:3.3.3]
	at org.springframework.data.jpa.repository.query.JpaQueryLookupStrategy$DeclaredQueryLookupStrategy.getCountQuery(JpaQueryLookupStrategy.java:204) ~[spring-data-jpa-3.3.3.jar:3.3.3]
	at org.springframework.data.jpa.repository.query.JpaQueryLookupStrategy$DeclaredQueryLookupStrategy.resolveQuery(JpaQueryLookupStrategy.java:171) ~[spring-data-jpa-3.3.3.jar:3.3.3]
	at org.springframework.data.jpa.repository.query.JpaQueryLookupStrategy$CreateIfNotFoundQueryLookupStrategy.resolveQuery(JpaQueryLookupStrategy.java:252) ~[spring-data-jpa-3.3.3.jar:3.3.3]
	at org.springframework.data.jpa.repository.query.JpaQueryLookupStrategy$AbstractQueryLookupStrategy.resolveQuery(JpaQueryLookupStrategy.java:95) ~[spring-data-jpa-3.3.3.jar:3.3.3]
	at org.springframework.data.repository.core.support.QueryExecutorMethodInterceptor.lookupQuery(QueryExecutorMethodInterceptor.java:115) ~[spring-data-commons-3.3.3.jar:3.3.3]
	at org.springframework.data.repository.core.support.QueryExecutorMethodInterceptor.mapMethodsToQuery(QueryExecutorMethodInterceptor.java:103) ~[spring-data-commons-3.3.3.jar:3.3.3]
	at org.springframework.data.repository.core.support.QueryExecutorMethodInterceptor.lambda$new$0(QueryExecutorMethodInterceptor.java:92) ~[spring-data-commons-3.3.3.jar:3.3.3]
	at java.base/java.util.Optional.map(Optional.java:260) ~[na:na]
	at org.springframework.data.repository.core.support.QueryExecutorMethodInterceptor.<init>(QueryExecutorMethodInterceptor.java:92) ~[spring-data-commons-3.3.3.jar:3.3.3]
	at org.springframework.data.repository.core.support.RepositoryFactorySupport.getRepository(RepositoryFactorySupport.java:357) ~[spring-data-commons-3.3.3.jar:3.3.3]
	at org.springframework.data.repository.core.support.RepositoryFactoryBeanSupport.lambda$afterPropertiesSet$5(RepositoryFactoryBeanSupport.java:286) ~[spring-data-commons-3.3.3.jar:3.3.3]
	at org.springframework.data.util.Lazy.getNullable(Lazy.java:135) ~[spring-data-commons-3.3.3.jar:3.3.3]
	at org.springframework.data.util.Lazy.get(Lazy.java:113) ~[spring-data-commons-3.3.3.jar:3.3.3]
	at org.springframework.data.repository.core.support.RepositoryFactoryBeanSupport.afterPropertiesSet(RepositoryFactoryBeanSupport.java:292) ~[spring-data-commons-3.3.3.jar:3.3.3]
	at org.springframework.data.jpa.repository.support.JpaRepositoryFactoryBean.afterPropertiesSet(JpaRepositoryFactoryBean.java:132) ~[spring-data-jpa-3.3.3.jar:3.3.3]
	at org.springframework.beans.factory.support.AbstractAutowireCapableBeanFactory.invokeInitMethods(AbstractAutowireCapableBeanFactory.java:1853) ~[spring-beans-6.1.12.jar:6.1.12]
	at org.springframework.beans.factory.support.AbstractAutowireCapableBeanFactory.initializeBean(AbstractAutowireCapableBeanFactory.java:1802) ~[spring-beans-6.1.12.jar:6.1.12]
	at org.springframework.beans.factory.support.AbstractAutowireCapableBeanFactory.doCreateBean(AbstractAutowireCapableBeanFactory.java:600) ~[spring-beans-6.1.12.jar:6.1.12]
	at org.springframework.beans.factory.support.AbstractAutowireCapableBeanFactory.createBean(AbstractAutowireCapableBeanFactory.java:522) ~[spring-beans-6.1.12.jar:6.1.12]
	at org.springframework.beans.factory.support.AbstractBeanFactory.lambda$doGetBean$0(AbstractBeanFactory.java:337) ~[spring-beans-6.1.12.jar:6.1.12]
	at org.springframework.beans.factory.support.DefaultSingletonBeanRegistry.getSingleton(DefaultSingletonBeanRegistry.java:234) ~[spring-beans-6.1.12.jar:6.1.12]
	at org.springframework.beans.factory.support.AbstractBeanFactory.doGetBean(AbstractBeanFactory.java:335) ~[spring-beans-6.1.12.jar:6.1.12]
	at org.springframework.beans.factory.support.AbstractBeanFactory.getBean(AbstractBeanFactory.java:200) ~[spring-beans-6.1.12.jar:6.1.12]
	at org.springframework.beans.factory.config.DependencyDescriptor.resolveCandidate(DependencyDescriptor.java:254) ~[spring-beans-6.1.12.jar:6.1.12]
	at org.springframework.beans.factory.support.DefaultListableBeanFactory.doResolveDependency(DefaultListableBeanFactory.java:1443) ~[spring-beans-6.1.12.jar:6.1.12]
	at org.springframework.beans.factory.support.DefaultListableBeanFactory.resolveDependency(DefaultListableBeanFactory.java:1353) ~[spring-beans-6.1.12.jar:6.1.12]
	at org.springframework.beans.factory.annotation.AutowiredAnnotationBeanPostProcessor$AutowiredFieldElement.resolveFieldValue(AutowiredAnnotationBeanPostProcessor.java:785) ~[spring-beans-6.1.12.jar:6.1.12]
	at org.springframework.beans.factory.annotation.AutowiredAnnotationBeanPostProcessor$AutowiredFieldElement.inject(AutowiredAnnotationBeanPostProcessor.java:768) ~[spring-beans-6.1.12.jar:6.1.12]
	at org.springframework.beans.factory.annotation.InjectionMetadata.inject(InjectionMetadata.java:145) ~[spring-beans-6.1.12.jar:6.1.12]
	at org.springframework.beans.factory.annotation.AutowiredAnnotationBeanPostProcessor.postProcessProperties(AutowiredAnnotationBeanPostProcessor.java:509) ~[spring-beans-6.1.12.jar:6.1.12]
	at org.springframework.beans.factory.support.AbstractAutowireCapableBeanFactory.populateBean(AbstractAutowireCapableBeanFactory.java:1439) ~[spring-beans-6.1.12.jar:6.1.12]
	at org.springframework.beans.factory.support.AbstractAutowireCapableBeanFactory.doCreateBean(AbstractAutowireCapableBeanFactory.java:599) ~[spring-beans-6.1.12.jar:6.1.12]
	at org.springframework.beans.factory.support.AbstractAutowireCapableBeanFactory.createBean(AbstractAutowireCapableBeanFactory.java:522) ~[spring-beans-6.1.12.jar:6.1.12]
	at org.springframework.beans.factory.support.AbstractBeanFactory.lambda$doGetBean$0(AbstractBeanFactory.java:337) ~[spring-beans-6.1.12.jar:6.1.12]
	at org.springframework.beans.factory.support.DefaultSingletonBeanRegistry.getSingleton(DefaultSingletonBeanRegistry.java:234) ~[spring-beans-6.1.12.jar:6.1.12]
	at org.springframework.beans.factory.support.AbstractBeanFactory.doGetBean(AbstractBeanFactory.java:335) ~[spring-beans-6.1.12.jar:6.1.12]
	at org.springframework.beans.factory.support.AbstractBeanFactory.getBean(AbstractBeanFactory.java:200) ~[spring-beans-6.1.12.jar:6.1.12]
	at org.springframework.beans.factory.config.DependencyDescriptor.resolveCandidate(DependencyDescriptor.java:254) ~[spring-beans-6.1.12.jar:6.1.12]
	at org.springframework.beans.factory.support.DefaultListableBeanFactory.doResolveDependency(DefaultListableBeanFactory.java:1443) ~[spring-beans-6.1.12.jar:6.1.12]
	at org.springframework.beans.factory.support.DefaultListableBeanFactory.resolveDependency(DefaultListableBeanFactory.java:1353) ~[spring-beans-6.1.12.jar:6.1.12]
	at org.springframework.beans.factory.annotation.AutowiredAnnotationBeanPostProcessor$AutowiredFieldElement.resolveFieldValue(AutowiredAnnotationBeanPostProcessor.java:785) ~[spring-beans-6.1.12.jar:6.1.12]
	at org.springframework.beans.factory.annotation.AutowiredAnnotationBeanPostProcessor$AutowiredFieldElement.inject(AutowiredAnnotationBeanPostProcessor.java:768) ~[spring-beans-6.1.12.jar:6.1.12]
	at org.springframework.beans.factory.annotation.InjectionMetadata.inject(InjectionMetadata.java:145) ~[spring-beans-6.1.12.jar:6.1.12]
	at org.springframework.beans.factory.annotation.AutowiredAnnotationBeanPostProcessor.postProcessProperties(AutowiredAnnotationBeanPostProcessor.java:509) ~[spring-beans-6.1.12.jar:6.1.12]
	at org.springframework.beans.factory.support.AbstractAutowireCapableBeanFactory.populateBean(AbstractAutowireCapableBeanFactory.java:1439) ~[spring-beans-6.1.12.jar:6.1.12]
	at org.springframework.beans.factory.support.AbstractAutowireCapableBeanFactory.doCreateBean(AbstractAutowireCapableBeanFactory.java:599) ~[spring-beans-6.1.12.jar:6.1.12]
	at org.springframework.beans.factory.support.AbstractAutowireCapableBeanFactory.createBean(AbstractAutowireCapableBeanFactory.java:522) ~[spring-beans-6.1.12.jar:6.1.12]
	at org.springframework.beans.factory.support.AbstractBeanFactory.lambda$doGetBean$0(AbstractBeanFactory.java:337) ~[spring-beans-6.1.12.jar:6.1.12]
	at org.springframework.beans.factory.support.DefaultSingletonBeanRegistry.getSingleton(DefaultSingletonBeanRegistry.java:234) ~[spring-beans-6.1.12.jar:6.1.12]
	at org.springframework.beans.factory.support.AbstractBeanFactory.doGetBean(AbstractBeanFactory.java:335) ~[spring-beans-6.1.12.jar:6.1.12]
	at org.springframework.beans.factory.support.AbstractBeanFactory.getBean(AbstractBeanFactory.java:200) ~[spring-beans-6.1.12.jar:6.1.12]
	at org.springframework.beans.factory.support.DefaultListableBeanFactory.preInstantiateSingletons(DefaultListableBeanFactory.java:975) ~[spring-beans-6.1.12.jar:6.1.12]
	at org.springframework.context.support.AbstractApplicationContext.finishBeanFactoryInitialization(AbstractApplicationContext.java:971) ~[spring-context-6.1.12.jar:6.1.12]
	at org.springframework.context.support.AbstractApplicationContext.refresh(AbstractApplicationContext.java:625) ~[spring-context-6.1.12.jar:6.1.12]
	at org.springframework.boot.SpringApplication.refresh(SpringApplication.java:754) ~[spring-boot-3.3.3.jar:3.3.3]
	at org.springframework.boot.SpringApplication.refreshContext(SpringApplication.java:456) ~[spring-boot-3.3.3.jar:3.3.3]
	at org.springframework.boot.SpringApplication.run(SpringApplication.java:335) ~[spring-boot-3.3.3.jar:3.3.3]
	at org.springframework.boot.test.context.SpringBootContextLoader.lambda$loadContext$3(SpringBootContextLoader.java:137) ~[spring-boot-test-3.3.3.jar:3.3.3]
	at org.springframework.util.function.ThrowingSupplier.get(ThrowingSupplier.java:58) ~[spring-core-6.1.12.jar:6.1.12]
	at org.springframework.util.function.ThrowingSupplier.get(ThrowingSupplier.java:46) ~[spring-core-6.1.12.jar:6.1.12]
	at org.springframework.boot.SpringApplication.withHook(SpringApplication.java:1463) ~[spring-boot-3.3.3.jar:3.3.3]
	at org.springframework.boot.test.context.SpringBootContextLoader$ContextLoaderHook.run(SpringBootContextLoader.java:553) ~[spring-boot-test-3.3.3.jar:3.3.3]
	at org.springframework.boot.test.context.SpringBootContextLoader.loadContext(SpringBootContextLoader.java:137) ~[spring-boot-test-3.3.3.jar:3.3.3]
	at org.springframework.boot.test.context.SpringBootContextLoader.loadContext(SpringBootContextLoader.java:108) ~[spring-boot-test-3.3.3.jar:3.3.3]
	at org.springframework.test.context.cache.DefaultCacheAwareContextLoaderDelegate.loadContextInternal(DefaultCacheAwareContextLoaderDelegate.java:225) ~[spring-test-6.1.12.jar:6.1.12]
	at org.springframework.test.context.cache.DefaultCacheAwareContextLoaderDelegate.loadContext(DefaultCacheAwareContextLoaderDelegate.java:152) ~[spring-test-6.1.12.jar:6.1.12]
	at org.springframework.test.context.support.DefaultTestContext.getApplicationContext(DefaultTestContext.java:130) ~[spring-test-6.1.12.jar:6.1.12]
	at org.springframework.test.context.web.ServletTestExecutionListener.setUpRequestContextIfNecessary(ServletTestExecutionListener.java:191) ~[spring-test-6.1.12.jar:6.1.12]
	at org.springframework.test.context.web.ServletTestExecutionListener.prepareTestInstance(ServletTestExecutionListener.java:130) ~[spring-test-6.1.12.jar:6.1.12]
	at org.springframework.test.context.TestContextManager.prepareTestInstance(TestContextManager.java:260) ~[spring-test-6.1.12.jar:6.1.12]
	at org.springframework.test.context.junit.jupiter.SpringExtension.postProcessTestInstance(SpringExtension.java:163) ~[spring-test-6.1.12.jar:6.1.12]
	at org.junit.jupiter.engine.descriptor.ClassBasedTestDescriptor.lambda$invokeTestInstancePostProcessors$10(ClassBasedTestDescriptor.java:378) ~[junit-jupiter-engine-5.10.3.jar:5.10.3]
	at org.junit.jupiter.engine.descriptor.ClassBasedTestDescriptor.executeAndMaskThrowable(ClassBasedTestDescriptor.java:383) ~[junit-jupiter-engine-5.10.3.jar:5.10.3]
	at org.junit.jupiter.engine.descriptor.ClassBasedTestDescriptor.lambda$invokeTestInstancePostProcessors$11(ClassBasedTestDescriptor.java:378) ~[junit-jupiter-engine-5.10.3.jar:5.10.3]
	at java.base/java.util.stream.ReferencePipeline$3$1.accept(ReferencePipeline.java:197) ~[na:na]
	at java.base/java.util.stream.ReferencePipeline$2$1.accept(ReferencePipeline.java:179) ~[na:na]
	at java.base/java.util.ArrayList$ArrayListSpliterator.forEachRemaining(ArrayList.java:1708) ~[na:na]
	at java.base/java.util.stream.AbstractPipeline.copyInto(AbstractPipeline.java:509) ~[na:na]
	at java.base/java.util.stream.AbstractPipeline.wrapAndCopyInto(AbstractPipeline.java:499) ~[na:na]
	at java.base/java.util.stream.StreamSpliterators$WrappingSpliterator.forEachRemaining(StreamSpliterators.java:310) ~[na:na]
	at java.base/java.util.stream.Streams$ConcatSpliterator.forEachRemaining(Streams.java:735) ~[na:na]
	at java.base/java.util.stream.Streams$ConcatSpliterator.forEachRemaining(Streams.java:734) ~[na:na]
	at java.base/java.util.stream.ReferencePipeline$Head.forEach(ReferencePipeline.java:762) ~[na:na]
	at org.junit.jupiter.engine.descriptor.ClassBasedTestDescriptor.invokeTestInstancePostProcessors(ClassBasedTestDescriptor.java:377) ~[junit-jupiter-engine-5.10.3.jar:5.10.3]
	at org.junit.jupiter.engine.descriptor.ClassBasedTestDescriptor.lambda$instantiateAndPostProcessTestInstance$6(ClassBasedTestDescriptor.java:290) ~[junit-jupiter-engine-5.10.3.jar:5.10.3]
	at org.junit.platform.engine.support.hierarchical.ThrowableCollector.execute(ThrowableCollector.java:73) ~[junit-platform-engine-1.10.3.jar:1.10.3]
	at org.junit.jupiter.engine.descriptor.ClassBasedTestDescriptor.instantiateAndPostProcessTestInstance(ClassBasedTestDescriptor.java:289) ~[junit-jupiter-engine-5.10.3.jar:5.10.3]
	at org.junit.jupiter.engine.descriptor.ClassBasedTestDescriptor.lambda$testInstancesProvider$4(ClassBasedTestDescriptor.java:279) ~[junit-jupiter-engine-5.10.3.jar:5.10.3]
	at java.base/java.util.Optional.orElseGet(Optional.java:364) ~[na:na]
	at org.junit.jupiter.engine.descriptor.ClassBasedTestDescriptor.lambda$testInstancesProvider$5(ClassBasedTestDescriptor.java:278) ~[junit-jupiter-engine-5.10.3.jar:5.10.3]
	at org.junit.jupiter.engine.execution.TestInstancesProvider.getTestInstances(TestInstancesProvider.java:31) ~[junit-jupiter-engine-5.10.3.jar:5.10.3]
	at org.junit.jupiter.engine.descriptor.TestMethodTestDescriptor.lambda$prepare$0(TestMethodTestDescriptor.java:106) ~[junit-jupiter-engine-5.10.3.jar:5.10.3]
	at org.junit.platform.engine.support.hierarchical.ThrowableCollector.execute(ThrowableCollector.java:73) ~[junit-platform-engine-1.10.3.jar:1.10.3]
	at org.junit.jupiter.engine.descriptor.TestMethodTestDescriptor.prepare(TestMethodTestDescriptor.java:105) ~[junit-jupiter-engine-5.10.3.jar:5.10.3]
	at org.junit.jupiter.engine.descriptor.TestMethodTestDescriptor.prepare(TestMethodTestDescriptor.java:69) ~[junit-jupiter-engine-5.10.3.jar:5.10.3]
	at org.junit.platform.engine.support.hierarchical.NodeTestTask.lambda$prepare$2(NodeTestTask.java:123) ~[junit-platform-engine-1.10.3.jar:1.10.3]
	at org.junit.platform.engine.support.hierarchical.ThrowableCollector.execute(ThrowableCollector.java:73) ~[junit-platform-engine-1.10.3.jar:1.10.3]
	at org.junit.platform.engine.support.hierarchical.NodeTestTask.prepare(NodeTestTask.java:123) ~[junit-platform-engine-1.10.3.jar:1.10.3]
	at org.junit.platform.engine.support.hierarchical.NodeTestTask.execute(NodeTestTask.java:90) ~[junit-platform-engine-1.10.3.jar:1.10.3]
	at java.base/java.util.ArrayList.forEach(ArrayList.java:1596) ~[na:na]
	at org.junit.platform.engine.support.hierarchical.SameThreadHierarchicalTestExecutorService.invokeAll(SameThreadHierarchicalTestExecutorService.java:41) ~[junit-platform-engine-1.10.3.jar:1.10.3]
	at org.junit.platform.engine.support.hierarchical.NodeTestTask.lambda$executeRecursively$6(NodeTestTask.java:155) ~[junit-platform-engine-1.10.3.jar:1.10.3]
	at org.junit.platform.engine.support.hierarchical.ThrowableCollector.execute(ThrowableCollector.java:73) ~[junit-platform-engine-1.10.3.jar:1.10.3]
	at org.junit.platform.engine.support.hierarchical.NodeTestTask.lambda$executeRecursively$8(NodeTestTask.java:141) ~[junit-platform-engine-1.10.3.jar:1.10.3]
	at org.junit.platform.engine.support.hierarchical.Node.around(Node.java:137) ~[junit-platform-engine-1.10.3.jar:1.10.3]
	at org.junit.platform.engine.support.hierarchical.NodeTestTask.lambda$executeRecursively$9(NodeTestTask.java:139) ~[junit-platform-engine-1.10.3.jar:1.10.3]
	at org.junit.platform.engine.support.hierarchical.ThrowableCollector.execute(ThrowableCollector.java:73) ~[junit-platform-engine-1.10.3.jar:1.10.3]
	at org.junit.platform.engine.support.hierarchical.NodeTestTask.executeRecursively(NodeTestTask.java:138) ~[junit-platform-engine-1.10.3.jar:1.10.3]
	at org.junit.platform.engine.support.hierarchical.NodeTestTask.execute(NodeTestTask.java:95) ~[junit-platform-engine-1.10.3.jar:1.10.3]
	at java.base/java.util.ArrayList.forEach(ArrayList.java:1596) ~[na:na]
	at org.junit.platform.engine.support.hierarchical.SameThreadHierarchicalTestExecutorService.invokeAll(SameThreadHierarchicalTestExecutorService.java:41) ~[junit-platform-engine-1.10.3.jar:1.10.3]
	at org.junit.platform.engine.support.hierarchical.NodeTestTask.lambda$executeRecursively$6(NodeTestTask.java:155) ~[junit-platform-engine-1.10.3.jar:1.10.3]
	at org.junit.platform.engine.support.hierarchical.ThrowableCollector.execute(ThrowableCollector.java:73) ~[junit-platform-engine-1.10.3.jar:1.10.3]
	at org.junit.platform.engine.support.hierarchical.NodeTestTask.lambda$executeRecursively$8(NodeTestTask.java:141) ~[junit-platform-engine-1.10.3.jar:1.10.3]
	at org.junit.platform.engine.support.hierarchical.Node.around(Node.java:137) ~[junit-platform-engine-1.10.3.jar:1.10.3]
	at org.junit.platform.engine.support.hierarchical.NodeTestTask.lambda$executeRecursively$9(NodeTestTask.java:139) ~[junit-platform-engine-1.10.3.jar:1.10.3]
	at org.junit.platform.engine.support.hierarchical.ThrowableCollector.execute(ThrowableCollector.java:73) ~[junit-platform-engine-1.10.3.jar:1.10.3]
	at org.junit.platform.engine.support.hierarchical.NodeTestTask.executeRecursively(NodeTestTask.java:138) ~[junit-platform-engine-1.10.3.jar:1.10.3]
	at org.junit.platform.engine.support.hierarchical.NodeTestTask.execute(NodeTestTask.java:95) ~[junit-platform-engine-1.10.3.jar:1.10.3]
	at org.junit.platform.engine.support.hierarchical.SameThreadHierarchicalTestExecutorService.submit(SameThreadHierarchicalTestExecutorService.java:35) ~[junit-platform-engine-1.10.3.jar:1.10.3]
	at org.junit.platform.engine.support.hierarchical.HierarchicalTestExecutor.execute(HierarchicalTestExecutor.java:57) ~[junit-platform-engine-1.10.3.jar:1.10.3]
	at org.junit.platform.engine.support.hierarchical.HierarchicalTestEngine.execute(HierarchicalTestEngine.java:54) ~[junit-platform-engine-1.10.3.jar:1.10.3]
	at org.junit.platform.launcher.core.EngineExecutionOrchestrator.execute(EngineExecutionOrchestrator.java:198) ~[junit-platform-launcher-1.10.3.jar:1.10.3]
	at org.junit.platform.launcher.core.EngineExecutionOrchestrator.execute(EngineExecutionOrchestrator.java:169) ~[junit-platform-launcher-1.10.3.jar:1.10.3]
	at org.junit.platform.launcher.core.EngineExecutionOrchestrator.execute(EngineExecutionOrchestrator.java:93) ~[junit-platform-launcher-1.10.3.jar:1.10.3]
	at org.junit.platform.launcher.core.EngineExecutionOrchestrator.lambda$execute$0(EngineExecutionOrchestrator.java:58) ~[junit-platform-launcher-1.10.3.jar:1.10.3]
	at org.junit.platform.launcher.core.EngineExecutionOrchestrator.withInterceptedStreams(EngineExecutionOrchestrator.java:141) ~[junit-platform-launcher-1.10.3.jar:1.10.3]
	at org.junit.platform.launcher.core.EngineExecutionOrchestrator.execute(EngineExecutionOrchestrator.java:57) ~[junit-platform-launcher-1.10.3.jar:1.10.3]
	at org.junit.platform.launcher.core.DefaultLauncher.execute(DefaultLauncher.java:103) ~[junit-platform-launcher-1.10.3.jar:1.10.3]
	at org.junit.platform.launcher.core.DefaultLauncher.execute(DefaultLauncher.java:85) ~[junit-platform-launcher-1.10.3.jar:1.10.3]
	at org.junit.platform.launcher.core.DelegatingLauncher.execute(DelegatingLauncher.java:47) ~[junit-platform-launcher-1.10.3.jar:1.10.3]
	at org.apache.maven.surefire.junitplatform.LazyLauncher.execute(LazyLauncher.java:56) ~[surefire-junit-platform-3.2.5.jar:3.2.5]
	at org.apache.maven.surefire.junitplatform.JUnitPlatformProvider.execute(JUnitPlatformProvider.java:184) ~[surefire-junit-platform-3.2.5.jar:3.2.5]
	at org.apache.maven.surefire.junitplatform.JUnitPlatformProvider.invokeAllTests(JUnitPlatformProvider.java:148) ~[surefire-junit-platform-3.2.5.jar:3.2.5]
	at org.apache.maven.surefire.junitplatform.JUnitPlatformProvider.invoke(JUnitPlatformProvider.java:122) ~[surefire-junit-platform-3.2.5.jar:3.2.5]
	at org.apache.maven.surefire.booter.ForkedBooter.runSuitesInProcess(ForkedBooter.java:385) ~[surefire-booter-3.2.5.jar:3.2.5]
	at org.apache.maven.surefire.booter.ForkedBooter.execute(ForkedBooter.java:162) ~[surefire-booter-3.2.5.jar:3.2.5]
	at org.apache.maven.surefire.booter.ForkedBooter.run(ForkedBooter.java:507) ~[surefire-booter-3.2.5.jar:3.2.5]
	at org.apache.maven.surefire.booter.ForkedBooter.main(ForkedBooter.java:495) ~[surefire-booter-3.2.5.jar:3.2.5]

2025-07-14T13:26:44.850+05:30 DEBUG 17208 --- [Fashion-Nest-Application] [           main] tor$SharedEntityManagerInvocationHandler : Creating new EntityManager for shared EntityManager invocation
2025-07-14T13:26:44.862+05:30 DEBUG 17208 --- [Fashion-Nest-Application] [           main] org.hibernate.orm.query.hql              : HQL : SELECT o FROM Order o WHERE o.user.id = :userId AND (o.orderStatus = 'PLACED' OR o.orderStatus = 'CONFIRMED' OR o.orderStatus = 'SHIPPED' OR o.orderStatus = 'DELIVERED')
2025-07-14T13:26:45.199+05:30 DEBUG 17208 --- [Fashion-Nest-Application] [           main] o.h.o.q.hql.reservedWordAsIdentifier     : Encountered use of reserved word as identifier : o
2025-07-14T13:26:45.268+05:30 DEBUG 17208 --- [Fashion-Nest-Application] [           main] o.h.o.q.hql.reservedWordAsIdentifier     : Encountered use of reserved word as identifier : =
2025-07-14T13:26:45.555+05:30 DEBUG 17208 --- [Fashion-Nest-Application] [           main] org.hibernate.orm.query.sqm.creation     : Applying inferable type to SqmExpression [SqmNamedParameter(userId)] : null -> SqmBasicValuedSimplePath(com.fashionnest.Fashion_Nest_Application.model.Order(o).user.id)
2025-07-14T13:26:45.587+05:30 DEBUG 17208 --- [Fashion-Nest-Application] [           main] org.hibernate.orm.query.sqm.ast          : SqmStatement Tree :
    -> [select]
      -> [query-spec]
        -> [select]
          -> [selection]
            -> [root] - `com.fashionnest.Fashion_Nest_Application.model.Order(o)`
            <- [root] - `com.fashionnest.Fashion_Nest_Application.model.Order(o)`
          <- [selection]
        <- [select]
        -> [from]
          -> [root] - `com.fashionnest.Fashion_Nest_Application.model.Order(o)`
          <- [root] - `com.fashionnest.Fashion_Nest_Application.model.Order(o)`
        <- [from]
        -> [where]
          -> [and]
            -> [EQUAL]
                -> [basic-path] - `com.fashionnest.Fashion_Nest_Application.model.Order(o).user.id`
                :userId
            <- [EQUAL]
            -> [grouped]
                -> [or]
                  -> [EQUAL]
                      -> [basic-path] - `com.fashionnest.Fashion_Nest_Application.model.Order(o).orderStatus`
                  <- [EQUAL]
                  -> [EQUAL]
                      -> [basic-path] - `com.fashionnest.Fashion_Nest_Application.model.Order(o).orderStatus`
                  <- [EQUAL]
                  -> [EQUAL]
                      -> [basic-path] - `com.fashionnest.Fashion_Nest_Application.model.Order(o).orderStatus`
                  <- [EQUAL]
                  -> [EQUAL]
                      -> [basic-path] - `com.fashionnest.Fashion_Nest_Application.model.Order(o).orderStatus`
                  <- [EQUAL]
                <- [or]
            <- [grouped]
          <- [and]
        <- [where]
      <- [query-spec]
    <- [select]

2025-07-14T13:26:45.693+05:30 DEBUG 17208 --- [Fashion-Nest-Application] [           main] tor$SharedEntityManagerInvocationHandler : Creating new EntityManager for shared EntityManager invocation
2025-07-14T13:26:45.715+05:30 DEBUG 17208 --- [Fashion-Nest-Application] [           main] tor$SharedEntityManagerInvocationHandler : Creating new EntityManager for shared EntityManager invocation
2025-07-14T13:26:45.725+05:30 DEBUG 17208 --- [Fashion-Nest-Application] [           main] cResourceLocalTransactionCoordinatorImpl : JDBC transaction marked for rollback-only (exception provided for stack trace)

java.lang.Exception: exception just for purpose of providing stack trace
	at org.hibernate.resource.transaction.backend.jdbc.internal.JdbcResourceLocalTransactionCoordinatorImpl$TransactionDriverControlImpl.markRollbackOnly(JdbcResourceLocalTransactionCoordinatorImpl.java:309) ~[hibernate-core-6.5.2.Final.jar:6.5.2.Final]
	at org.hibernate.internal.AbstractSharedSessionContract.buildNamedQuery(AbstractSharedSessionContract.java:1109) ~[hibernate-core-6.5.2.Final.jar:6.5.2.Final]
	at org.hibernate.internal.AbstractSharedSessionContract.createNamedQuery(AbstractSharedSessionContract.java:987) ~[hibernate-core-6.5.2.Final.jar:6.5.2.Final]
	at org.hibernate.internal.AbstractSharedSessionContract.createNamedQuery(AbstractSharedSessionContract.java:140) ~[hibernate-core-6.5.2.Final.jar:6.5.2.Final]
	at java.base/jdk.internal.reflect.DirectMethodHandleAccessor.invoke(DirectMethodHandleAccessor.java:103) ~[na:na]
	at java.base/java.lang.reflect.Method.invoke(Method.java:580) ~[na:na]
	at org.springframework.orm.jpa.ExtendedEntityManagerCreator$ExtendedEntityManagerInvocationHandler.invoke(ExtendedEntityManagerCreator.java:364) ~[spring-orm-6.1.12.jar:6.1.12]
	at jdk.proxy2/jdk.proxy2.$Proxy139.createNamedQuery(Unknown Source) ~[na:na]
	at org.springframework.data.jpa.repository.query.NamedQuery.hasNamedQuery(NamedQuery.java:112) ~[spring-data-jpa-3.3.3.jar:3.3.3]
	at org.springframework.data.jpa.repository.query.JpaQueryLookupStrategy$DeclaredQueryLookupStrategy.getCountQuery(JpaQueryLookupStrategy.java:204) ~[spring-data-jpa-3.3.3.jar:3.3.3]
	at org.springframework.data.jpa.repository.query.JpaQueryLookupStrategy$DeclaredQueryLookupStrategy.resolveQuery(JpaQueryLookupStrategy.java:171) ~[spring-data-jpa-3.3.3.jar:3.3.3]
	at org.springframework.data.jpa.repository.query.JpaQueryLookupStrategy$CreateIfNotFoundQueryLookupStrategy.resolveQuery(JpaQueryLookupStrategy.java:252) ~[spring-data-jpa-3.3.3.jar:3.3.3]
	at org.springframework.data.jpa.repository.query.JpaQueryLookupStrategy$AbstractQueryLookupStrategy.resolveQuery(JpaQueryLookupStrategy.java:95) ~[spring-data-jpa-3.3.3.jar:3.3.3]
	at org.springframework.data.repository.core.support.QueryExecutorMethodInterceptor.lookupQuery(QueryExecutorMethodInterceptor.java:115) ~[spring-data-commons-3.3.3.jar:3.3.3]
	at org.springframework.data.repository.core.support.QueryExecutorMethodInterceptor.mapMethodsToQuery(QueryExecutorMethodInterceptor.java:103) ~[spring-data-commons-3.3.3.jar:3.3.3]
	at org.springframework.data.repository.core.support.QueryExecutorMethodInterceptor.lambda$new$0(QueryExecutorMethodInterceptor.java:92) ~[spring-data-commons-3.3.3.jar:3.3.3]
	at java.base/java.util.Optional.map(Optional.java:260) ~[na:na]
	at org.springframework.data.repository.core.support.QueryExecutorMethodInterceptor.<init>(QueryExecutorMethodInterceptor.java:92) ~[spring-data-commons-3.3.3.jar:3.3.3]
	at org.springframework.data.repository.core.support.RepositoryFactorySupport.getRepository(RepositoryFactorySupport.java:357) ~[spring-data-commons-3.3.3.jar:3.3.3]
	at org.springframework.data.repository.core.support.RepositoryFactoryBeanSupport.lambda$afterPropertiesSet$5(RepositoryFactoryBeanSupport.java:286) ~[spring-data-commons-3.3.3.jar:3.3.3]
	at org.springframework.data.util.Lazy.getNullable(Lazy.java:135) ~[spring-data-commons-3.3.3.jar:3.3.3]
	at org.springframework.data.util.Lazy.get(Lazy.java:113) ~[spring-data-commons-3.3.3.jar:3.3.3]
	at org.springframework.data.repository.core.support.RepositoryFactoryBeanSupport.afterPropertiesSet(RepositoryFactoryBeanSupport.java:292) ~[spring-data-commons-3.3.3.jar:3.3.3]
	at org.springframework.data.jpa.repository.support.JpaRepositoryFactoryBean.afterPropertiesSet(JpaRepositoryFactoryBean.java:132) ~[spring-data-jpa-3.3.3.jar:3.3.3]
	at org.springframework.beans.factory.support.AbstractAutowireCapableBeanFactory.invokeInitMethods(AbstractAutowireCapableBeanFactory.java:1853) ~[spring-beans-6.1.12.jar:6.1.12]
	at org.springframework.beans.factory.support.AbstractAutowireCapableBeanFactory.initializeBean(AbstractAutowireCapableBeanFactory.java:1802) ~[spring-beans-6.1.12.jar:6.1.12]
	at org.springframework.beans.factory.support.AbstractAutowireCapableBeanFactory.doCreateBean(AbstractAutowireCapableBeanFactory.java:600) ~[spring-beans-6.1.12.jar:6.1.12]
	at org.springframework.beans.factory.support.AbstractAutowireCapableBeanFactory.createBean(AbstractAutowireCapableBeanFactory.java:522) ~[spring-beans-6.1.12.jar:6.1.12]
	at org.springframework.beans.factory.support.AbstractBeanFactory.lambda$doGetBean$0(AbstractBeanFactory.java:337) ~[spring-beans-6.1.12.jar:6.1.12]
	at org.springframework.beans.factory.support.DefaultSingletonBeanRegistry.getSingleton(DefaultSingletonBeanRegistry.java:234) ~[spring-beans-6.1.12.jar:6.1.12]
	at org.springframework.beans.factory.support.AbstractBeanFactory.doGetBean(AbstractBeanFactory.java:335) ~[spring-beans-6.1.12.jar:6.1.12]
	at org.springframework.beans.factory.support.AbstractBeanFactory.getBean(AbstractBeanFactory.java:200) ~[spring-beans-6.1.12.jar:6.1.12]
	at org.springframework.beans.factory.config.DependencyDescriptor.resolveCandidate(DependencyDescriptor.java:254) ~[spring-beans-6.1.12.jar:6.1.12]
	at org.springframework.beans.factory.support.DefaultListableBeanFactory.doResolveDependency(DefaultListableBeanFactory.java:1443) ~[spring-beans-6.1.12.jar:6.1.12]
	at org.springframework.beans.factory.support.DefaultListableBeanFactory.resolveDependency(DefaultListableBeanFactory.java:1353) ~[spring-beans-6.1.12.jar:6.1.12]
	at org.springframework.beans.factory.annotation.AutowiredAnnotationBeanPostProcessor$AutowiredFieldElement.resolveFieldValue(AutowiredAnnotationBeanPostProcessor.java:785) ~[spring-beans-6.1.12.jar:6.1.12]
	at org.springframework.beans.factory.annotation.AutowiredAnnotationBeanPostProcessor$AutowiredFieldElement.inject(AutowiredAnnotationBeanPostProcessor.java:768) ~[spring-beans-6.1.12.jar:6.1.12]
	at org.springframework.beans.factory.annotation.InjectionMetadata.inject(InjectionMetadata.java:145) ~[spring-beans-6.1.12.jar:6.1.12]
	at org.springframework.beans.factory.annotation.AutowiredAnnotationBeanPostProcessor.postProcessProperties(AutowiredAnnotationBeanPostProcessor.java:509) ~[spring-beans-6.1.12.jar:6.1.12]
	at org.springframework.beans.factory.support.AbstractAutowireCapableBeanFactory.populateBean(AbstractAutowireCapableBeanFactory.java:1439) ~[spring-beans-6.1.12.jar:6.1.12]
	at org.springframework.beans.factory.support.AbstractAutowireCapableBeanFactory.doCreateBean(AbstractAutowireCapableBeanFactory.java:599) ~[spring-beans-6.1.12.jar:6.1.12]
	at org.springframework.beans.factory.support.AbstractAutowireCapableBeanFactory.createBean(AbstractAutowireCapableBeanFactory.java:522) ~[spring-beans-6.1.12.jar:6.1.12]
	at org.springframework.beans.factory.support.AbstractBeanFactory.lambda$doGetBean$0(AbstractBeanFactory.java:337) ~[spring-beans-6.1.12.jar:6.1.12]
	at org.springframework.beans.factory.support.DefaultSingletonBeanRegistry.getSingleton(DefaultSingletonBeanRegistry.java:234) ~[spring-beans-6.1.12.jar:6.1.12]
	at org.springframework.beans.factory.support.AbstractBeanFactory.doGetBean(AbstractBeanFactory.java:335) ~[spring-beans-6.1.12.jar:6.1.12]
	at org.springframework.beans.factory.support.AbstractBeanFactory.getBean(AbstractBeanFactory.java:200) ~[spring-beans-6.1.12.jar:6.1.12]
	at org.springframework.beans.factory.config.DependencyDescriptor.resolveCandidate(DependencyDescriptor.java:254) ~[spring-beans-6.1.12.jar:6.1.12]
	at org.springframework.beans.factory.support.DefaultListableBeanFactory.doResolveDependency(DefaultListableBeanFactory.java:1443) ~[spring-beans-6.1.12.jar:6.1.12]
	at org.springframework.beans.factory.support.DefaultListableBeanFactory.resolveDependency(DefaultListableBeanFactory.java:1353) ~[spring-beans-6.1.12.jar:6.1.12]
	at org.springframework.beans.factory.annotation.AutowiredAnnotationBeanPostProcessor$AutowiredFieldElement.resolveFieldValue(AutowiredAnnotationBeanPostProcessor.java:785) ~[spring-beans-6.1.12.jar:6.1.12]
	at org.springframework.beans.factory.annotation.AutowiredAnnotationBeanPostProcessor$AutowiredFieldElement.inject(AutowiredAnnotationBeanPostProcessor.java:768) ~[spring-beans-6.1.12.jar:6.1.12]
	at org.springframework.beans.factory.annotation.InjectionMetadata.inject(InjectionMetadata.java:145) ~[spring-beans-6.1.12.jar:6.1.12]
	at org.springframework.beans.factory.annotation.AutowiredAnnotationBeanPostProcessor.postProcessProperties(AutowiredAnnotationBeanPostProcessor.java:509) ~[spring-beans-6.1.12.jar:6.1.12]
	at org.springframework.beans.factory.support.AbstractAutowireCapableBeanFactory.populateBean(AbstractAutowireCapableBeanFactory.java:1439) ~[spring-beans-6.1.12.jar:6.1.12]
	at org.springframework.beans.factory.support.AbstractAutowireCapableBeanFactory.doCreateBean(AbstractAutowireCapableBeanFactory.java:599) ~[spring-beans-6.1.12.jar:6.1.12]
	at org.springframework.beans.factory.support.AbstractAutowireCapableBeanFactory.createBean(AbstractAutowireCapableBeanFactory.java:522) ~[spring-beans-6.1.12.jar:6.1.12]
	at org.springframework.beans.factory.support.AbstractBeanFactory.lambda$doGetBean$0(AbstractBeanFactory.java:337) ~[spring-beans-6.1.12.jar:6.1.12]
	at org.springframework.beans.factory.support.DefaultSingletonBeanRegistry.getSingleton(DefaultSingletonBeanRegistry.java:234) ~[spring-beans-6.1.12.jar:6.1.12]
	at org.springframework.beans.factory.support.AbstractBeanFactory.doGetBean(AbstractBeanFactory.java:335) ~[spring-beans-6.1.12.jar:6.1.12]
	at org.springframework.beans.factory.support.AbstractBeanFactory.getBean(AbstractBeanFactory.java:200) ~[spring-beans-6.1.12.jar:6.1.12]
	at org.springframework.beans.factory.config.DependencyDescriptor.resolveCandidate(DependencyDescriptor.java:254) ~[spring-beans-6.1.12.jar:6.1.12]
	at org.springframework.beans.factory.support.DefaultListableBeanFactory.doResolveDependency(DefaultListableBeanFactory.java:1443) ~[spring-beans-6.1.12.jar:6.1.12]
	at org.springframework.beans.factory.support.DefaultListableBeanFactory.resolveDependency(DefaultListableBeanFactory.java:1353) ~[spring-beans-6.1.12.jar:6.1.12]
	at org.springframework.beans.factory.annotation.AutowiredAnnotationBeanPostProcessor$AutowiredFieldElement.resolveFieldValue(AutowiredAnnotationBeanPostProcessor.java:785) ~[spring-beans-6.1.12.jar:6.1.12]
	at org.springframework.beans.factory.annotation.AutowiredAnnotationBeanPostProcessor$AutowiredFieldElement.inject(AutowiredAnnotationBeanPostProcessor.java:768) ~[spring-beans-6.1.12.jar:6.1.12]
	at org.springframework.beans.factory.annotation.InjectionMetadata.inject(InjectionMetadata.java:145) ~[spring-beans-6.1.12.jar:6.1.12]
	at org.springframework.beans.factory.annotation.AutowiredAnnotationBeanPostProcessor.postProcessProperties(AutowiredAnnotationBeanPostProcessor.java:509) ~[spring-beans-6.1.12.jar:6.1.12]
	at org.springframework.beans.factory.support.AbstractAutowireCapableBeanFactory.populateBean(AbstractAutowireCapableBeanFactory.java:1439) ~[spring-beans-6.1.12.jar:6.1.12]
	at org.springframework.beans.factory.support.AbstractAutowireCapableBeanFactory.doCreateBean(AbstractAutowireCapableBeanFactory.java:599) ~[spring-beans-6.1.12.jar:6.1.12]
	at org.springframework.beans.factory.support.AbstractAutowireCapableBeanFactory.createBean(AbstractAutowireCapableBeanFactory.java:522) ~[spring-beans-6.1.12.jar:6.1.12]
	at org.springframework.beans.factory.support.AbstractBeanFactory.lambda$doGetBean$0(AbstractBeanFactory.java:337) ~[spring-beans-6.1.12.jar:6.1.12]
	at org.springframework.beans.factory.support.DefaultSingletonBeanRegistry.getSingleton(DefaultSingletonBeanRegistry.java:234) ~[spring-beans-6.1.12.jar:6.1.12]
	at org.springframework.beans.factory.support.AbstractBeanFactory.doGetBean(AbstractBeanFactory.java:335) ~[spring-beans-6.1.12.jar:6.1.12]
	at org.springframework.beans.factory.support.AbstractBeanFactory.getBean(AbstractBeanFactory.java:200) ~[spring-beans-6.1.12.jar:6.1.12]
	at org.springframework.beans.factory.support.DefaultListableBeanFactory.preInstantiateSingletons(DefaultListableBeanFactory.java:975) ~[spring-beans-6.1.12.jar:6.1.12]
	at org.springframework.context.support.AbstractApplicationContext.finishBeanFactoryInitialization(AbstractApplicationContext.java:971) ~[spring-context-6.1.12.jar:6.1.12]
	at org.springframework.context.support.AbstractApplicationContext.refresh(AbstractApplicationContext.java:625) ~[spring-context-6.1.12.jar:6.1.12]
	at org.springframework.boot.SpringApplication.refresh(SpringApplication.java:754) ~[spring-boot-3.3.3.jar:3.3.3]
	at org.springframework.boot.SpringApplication.refreshContext(SpringApplication.java:456) ~[spring-boot-3.3.3.jar:3.3.3]
	at org.springframework.boot.SpringApplication.run(SpringApplication.java:335) ~[spring-boot-3.3.3.jar:3.3.3]
	at org.springframework.boot.test.context.SpringBootContextLoader.lambda$loadContext$3(SpringBootContextLoader.java:137) ~[spring-boot-test-3.3.3.jar:3.3.3]
	at org.springframework.util.function.ThrowingSupplier.get(ThrowingSupplier.java:58) ~[spring-core-6.1.12.jar:6.1.12]
	at org.springframework.util.function.ThrowingSupplier.get(ThrowingSupplier.java:46) ~[spring-core-6.1.12.jar:6.1.12]
	at org.springframework.boot.SpringApplication.withHook(SpringApplication.java:1463) ~[spring-boot-3.3.3.jar:3.3.3]
	at org.springframework.boot.test.context.SpringBootContextLoader$ContextLoaderHook.run(SpringBootContextLoader.java:553) ~[spring-boot-test-3.3.3.jar:3.3.3]
	at org.springframework.boot.test.context.SpringBootContextLoader.loadContext(SpringBootContextLoader.java:137) ~[spring-boot-test-3.3.3.jar:3.3.3]
	at org.springframework.boot.test.context.SpringBootContextLoader.loadContext(SpringBootContextLoader.java:108) ~[spring-boot-test-3.3.3.jar:3.3.3]
	at org.springframework.test.context.cache.DefaultCacheAwareContextLoaderDelegate.loadContextInternal(DefaultCacheAwareContextLoaderDelegate.java:225) ~[spring-test-6.1.12.jar:6.1.12]
	at org.springframework.test.context.cache.DefaultCacheAwareContextLoaderDelegate.loadContext(DefaultCacheAwareContextLoaderDelegate.java:152) ~[spring-test-6.1.12.jar:6.1.12]
	at org.springframework.test.context.support.DefaultTestContext.getApplicationContext(DefaultTestContext.java:130) ~[spring-test-6.1.12.jar:6.1.12]
	at org.springframework.test.context.web.ServletTestExecutionListener.setUpRequestContextIfNecessary(ServletTestExecutionListener.java:191) ~[spring-test-6.1.12.jar:6.1.12]
	at org.springframework.test.context.web.ServletTestExecutionListener.prepareTestInstance(ServletTestExecutionListener.java:130) ~[spring-test-6.1.12.jar:6.1.12]
	at org.springframework.test.context.TestContextManager.prepareTestInstance(TestContextManager.java:260) ~[spring-test-6.1.12.jar:6.1.12]
	at org.springframework.test.context.junit.jupiter.SpringExtension.postProcessTestInstance(SpringExtension.java:163) ~[spring-test-6.1.12.jar:6.1.12]
	at org.junit.jupiter.engine.descriptor.ClassBasedTestDescriptor.lambda$invokeTestInstancePostProcessors$10(ClassBasedTestDescriptor.java:378) ~[junit-jupiter-engine-5.10.3.jar:5.10.3]
	at org.junit.jupiter.engine.descriptor.ClassBasedTestDescriptor.executeAndMaskThrowable(ClassBasedTestDescriptor.java:383) ~[junit-jupiter-engine-5.10.3.jar:5.10.3]
	at org.junit.jupiter.engine.descriptor.ClassBasedTestDescriptor.lambda$invokeTestInstancePostProcessors$11(ClassBasedTestDescriptor.java:378) ~[junit-jupiter-engine-5.10.3.jar:5.10.3]
	at java.base/java.util.stream.ReferencePipeline$3$1.accept(ReferencePipeline.java:197) ~[na:na]
	at java.base/java.util.stream.ReferencePipeline$2$1.accept(ReferencePipeline.java:179) ~[na:na]
	at java.base/java.util.ArrayList$ArrayListSpliterator.forEachRemaining(ArrayList.java:1708) ~[na:na]
	at java.base/java.util.stream.AbstractPipeline.copyInto(AbstractPipeline.java:509) ~[na:na]
	at java.base/java.util.stream.AbstractPipeline.wrapAndCopyInto(AbstractPipeline.java:499) ~[na:na]
	at java.base/java.util.stream.StreamSpliterators$WrappingSpliterator.forEachRemaining(StreamSpliterators.java:310) ~[na:na]
	at java.base/java.util.stream.Streams$ConcatSpliterator.forEachRemaining(Streams.java:735) ~[na:na]
	at java.base/java.util.stream.Streams$ConcatSpliterator.forEachRemaining(Streams.java:734) ~[na:na]
	at java.base/java.util.stream.ReferencePipeline$Head.forEach(ReferencePipeline.java:762) ~[na:na]
	at org.junit.jupiter.engine.descriptor.ClassBasedTestDescriptor.invokeTestInstancePostProcessors(ClassBasedTestDescriptor.java:377) ~[junit-jupiter-engine-5.10.3.jar:5.10.3]
	at org.junit.jupiter.engine.descriptor.ClassBasedTestDescriptor.lambda$instantiateAndPostProcessTestInstance$6(ClassBasedTestDescriptor.java:290) ~[junit-jupiter-engine-5.10.3.jar:5.10.3]
	at org.junit.platform.engine.support.hierarchical.ThrowableCollector.execute(ThrowableCollector.java:73) ~[junit-platform-engine-1.10.3.jar:1.10.3]
	at org.junit.jupiter.engine.descriptor.ClassBasedTestDescriptor.instantiateAndPostProcessTestInstance(ClassBasedTestDescriptor.java:289) ~[junit-jupiter-engine-5.10.3.jar:5.10.3]
	at org.junit.jupiter.engine.descriptor.ClassBasedTestDescriptor.lambda$testInstancesProvider$4(ClassBasedTestDescriptor.java:279) ~[junit-jupiter-engine-5.10.3.jar:5.10.3]
	at java.base/java.util.Optional.orElseGet(Optional.java:364) ~[na:na]
	at org.junit.jupiter.engine.descriptor.ClassBasedTestDescriptor.lambda$testInstancesProvider$5(ClassBasedTestDescriptor.java:278) ~[junit-jupiter-engine-5.10.3.jar:5.10.3]
	at org.junit.jupiter.engine.execution.TestInstancesProvider.getTestInstances(TestInstancesProvider.java:31) ~[junit-jupiter-engine-5.10.3.jar:5.10.3]
	at org.junit.jupiter.engine.descriptor.TestMethodTestDescriptor.lambda$prepare$0(TestMethodTestDescriptor.java:106) ~[junit-jupiter-engine-5.10.3.jar:5.10.3]
	at org.junit.platform.engine.support.hierarchical.ThrowableCollector.execute(ThrowableCollector.java:73) ~[junit-platform-engine-1.10.3.jar:1.10.3]
	at org.junit.jupiter.engine.descriptor.TestMethodTestDescriptor.prepare(TestMethodTestDescriptor.java:105) ~[junit-jupiter-engine-5.10.3.jar:5.10.3]
	at org.junit.jupiter.engine.descriptor.TestMethodTestDescriptor.prepare(TestMethodTestDescriptor.java:69) ~[junit-jupiter-engine-5.10.3.jar:5.10.3]
	at org.junit.platform.engine.support.hierarchical.NodeTestTask.lambda$prepare$2(NodeTestTask.java:123) ~[junit-platform-engine-1.10.3.jar:1.10.3]
	at org.junit.platform.engine.support.hierarchical.ThrowableCollector.execute(ThrowableCollector.java:73) ~[junit-platform-engine-1.10.3.jar:1.10.3]
	at org.junit.platform.engine.support.hierarchical.NodeTestTask.prepare(NodeTestTask.java:123) ~[junit-platform-engine-1.10.3.jar:1.10.3]
	at org.junit.platform.engine.support.hierarchical.NodeTestTask.execute(NodeTestTask.java:90) ~[junit-platform-engine-1.10.3.jar:1.10.3]
	at java.base/java.util.ArrayList.forEach(ArrayList.java:1596) ~[na:na]
	at org.junit.platform.engine.support.hierarchical.SameThreadHierarchicalTestExecutorService.invokeAll(SameThreadHierarchicalTestExecutorService.java:41) ~[junit-platform-engine-1.10.3.jar:1.10.3]
	at org.junit.platform.engine.support.hierarchical.NodeTestTask.lambda$executeRecursively$6(NodeTestTask.java:155) ~[junit-platform-engine-1.10.3.jar:1.10.3]
	at org.junit.platform.engine.support.hierarchical.ThrowableCollector.execute(ThrowableCollector.java:73) ~[junit-platform-engine-1.10.3.jar:1.10.3]
	at org.junit.platform.engine.support.hierarchical.NodeTestTask.lambda$executeRecursively$8(NodeTestTask.java:141) ~[junit-platform-engine-1.10.3.jar:1.10.3]
	at org.junit.platform.engine.support.hierarchical.Node.around(Node.java:137) ~[junit-platform-engine-1.10.3.jar:1.10.3]
	at org.junit.platform.engine.support.hierarchical.NodeTestTask.lambda$executeRecursively$9(NodeTestTask.java:139) ~[junit-platform-engine-1.10.3.jar:1.10.3]
	at org.junit.platform.engine.support.hierarchical.ThrowableCollector.execute(ThrowableCollector.java:73) ~[junit-platform-engine-1.10.3.jar:1.10.3]
	at org.junit.platform.engine.support.hierarchical.NodeTestTask.executeRecursively(NodeTestTask.java:138) ~[junit-platform-engine-1.10.3.jar:1.10.3]
	at org.junit.platform.engine.support.hierarchical.NodeTestTask.execute(NodeTestTask.java:95) ~[junit-platform-engine-1.10.3.jar:1.10.3]
	at java.base/java.util.ArrayList.forEach(ArrayList.java:1596) ~[na:na]
	at org.junit.platform.engine.support.hierarchical.SameThreadHierarchicalTestExecutorService.invokeAll(SameThreadHierarchicalTestExecutorService.java:41) ~[junit-platform-engine-1.10.3.jar:1.10.3]
	at org.junit.platform.engine.support.hierarchical.NodeTestTask.lambda$executeRecursively$6(NodeTestTask.java:155) ~[junit-platform-engine-1.10.3.jar:1.10.3]
	at org.junit.platform.engine.support.hierarchical.ThrowableCollector.execute(ThrowableCollector.java:73) ~[junit-platform-engine-1.10.3.jar:1.10.3]
	at org.junit.platform.engine.support.hierarchical.NodeTestTask.lambda$executeRecursively$8(NodeTestTask.java:141) ~[junit-platform-engine-1.10.3.jar:1.10.3]
	at org.junit.platform.engine.support.hierarchical.Node.around(Node.java:137) ~[junit-platform-engine-1.10.3.jar:1.10.3]
	at org.junit.platform.engine.support.hierarchical.NodeTestTask.lambda$executeRecursively$9(NodeTestTask.java:139) ~[junit-platform-engine-1.10.3.jar:1.10.3]
	at org.junit.platform.engine.support.hierarchical.ThrowableCollector.execute(ThrowableCollector.java:73) ~[junit-platform-engine-1.10.3.jar:1.10.3]
	at org.junit.platform.engine.support.hierarchical.NodeTestTask.executeRecursively(NodeTestTask.java:138) ~[junit-platform-engine-1.10.3.jar:1.10.3]
	at org.junit.platform.engine.support.hierarchical.NodeTestTask.execute(NodeTestTask.java:95) ~[junit-platform-engine-1.10.3.jar:1.10.3]
	at org.junit.platform.engine.support.hierarchical.SameThreadHierarchicalTestExecutorService.submit(SameThreadHierarchicalTestExecutorService.java:35) ~[junit-platform-engine-1.10.3.jar:1.10.3]
	at org.junit.platform.engine.support.hierarchical.HierarchicalTestExecutor.execute(HierarchicalTestExecutor.java:57) ~[junit-platform-engine-1.10.3.jar:1.10.3]
	at org.junit.platform.engine.support.hierarchical.HierarchicalTestEngine.execute(HierarchicalTestEngine.java:54) ~[junit-platform-engine-1.10.3.jar:1.10.3]
	at org.junit.platform.launcher.core.EngineExecutionOrchestrator.execute(EngineExecutionOrchestrator.java:198) ~[junit-platform-launcher-1.10.3.jar:1.10.3]
	at org.junit.platform.launcher.core.EngineExecutionOrchestrator.execute(EngineExecutionOrchestrator.java:169) ~[junit-platform-launcher-1.10.3.jar:1.10.3]
	at org.junit.platform.launcher.core.EngineExecutionOrchestrator.execute(EngineExecutionOrchestrator.java:93) ~[junit-platform-launcher-1.10.3.jar:1.10.3]
	at org.junit.platform.launcher.core.EngineExecutionOrchestrator.lambda$execute$0(EngineExecutionOrchestrator.java:58) ~[junit-platform-launcher-1.10.3.jar:1.10.3]
	at org.junit.platform.launcher.core.EngineExecutionOrchestrator.withInterceptedStreams(EngineExecutionOrchestrator.java:141) ~[junit-platform-launcher-1.10.3.jar:1.10.3]
	at org.junit.platform.launcher.core.EngineExecutionOrchestrator.execute(EngineExecutionOrchestrator.java:57) ~[junit-platform-launcher-1.10.3.jar:1.10.3]
	at org.junit.platform.launcher.core.DefaultLauncher.execute(DefaultLauncher.java:103) ~[junit-platform-launcher-1.10.3.jar:1.10.3]
	at org.junit.platform.launcher.core.DefaultLauncher.execute(DefaultLauncher.java:85) ~[junit-platform-launcher-1.10.3.jar:1.10.3]
	at org.junit.platform.launcher.core.DelegatingLauncher.execute(DelegatingLauncher.java:47) ~[junit-platform-launcher-1.10.3.jar:1.10.3]
	at org.apache.maven.surefire.junitplatform.LazyLauncher.execute(LazyLauncher.java:56) ~[surefire-junit-platform-3.2.5.jar:3.2.5]
	at org.apache.maven.surefire.junitplatform.JUnitPlatformProvider.execute(JUnitPlatformProvider.java:184) ~[surefire-junit-platform-3.2.5.jar:3.2.5]
	at org.apache.maven.surefire.junitplatform.JUnitPlatformProvider.invokeAllTests(JUnitPlatformProvider.java:148) ~[surefire-junit-platform-3.2.5.jar:3.2.5]
	at org.apache.maven.surefire.junitplatform.JUnitPlatformProvider.invoke(JUnitPlatformProvider.java:122) ~[surefire-junit-platform-3.2.5.jar:3.2.5]
	at org.apache.maven.surefire.booter.ForkedBooter.runSuitesInProcess(ForkedBooter.java:385) ~[surefire-booter-3.2.5.jar:3.2.5]
	at org.apache.maven.surefire.booter.ForkedBooter.execute(ForkedBooter.java:162) ~[surefire-booter-3.2.5.jar:3.2.5]
	at org.apache.maven.surefire.booter.ForkedBooter.run(ForkedBooter.java:507) ~[surefire-booter-3.2.5.jar:3.2.5]
	at org.apache.maven.surefire.booter.ForkedBooter.main(ForkedBooter.java:495) ~[surefire-booter-3.2.5.jar:3.2.5]

2025-07-14T13:26:45.730+05:30 DEBUG 17208 --- [Fashion-Nest-Application] [           main] tor$SharedEntityManagerInvocationHandler : Creating new EntityManager for shared EntityManager invocation
2025-07-14T13:26:45.733+05:30 DEBUG 17208 --- [Fashion-Nest-Application] [           main] org.hibernate.orm.query.hql              : HQL : SELECT c FROM Cart c WHERE c.user.id = :userId
2025-07-14T13:26:45.735+05:30 DEBUG 17208 --- [Fashion-Nest-Application] [           main] o.h.o.q.hql.reservedWordAsIdentifier     : Encountered use of reserved word as identifier : =
2025-07-14T13:26:45.736+05:30 DEBUG 17208 --- [Fashion-Nest-Application] [           main] org.hibernate.orm.query.sqm.creation     : Applying inferable type to SqmExpression [SqmNamedParameter(userId)] : null -> SqmBasicValuedSimplePath(com.fashionnest.Fashion_Nest_Application.model.Cart(c).user.id)
2025-07-14T13:26:45.737+05:30 DEBUG 17208 --- [Fashion-Nest-Application] [           main] org.hibernate.orm.query.sqm.ast          : SqmStatement Tree :
    -> [select]
      -> [query-spec]
        -> [select]
          -> [selection]
            -> [root] - `com.fashionnest.Fashion_Nest_Application.model.Cart(c)`
            <- [root] - `com.fashionnest.Fashion_Nest_Application.model.Cart(c)`
          <- [selection]
        <- [select]
        -> [from]
          -> [root] - `com.fashionnest.Fashion_Nest_Application.model.Cart(c)`
          <- [root] - `com.fashionnest.Fashion_Nest_Application.model.Cart(c)`
        <- [from]
        -> [where]
          -> [EQUAL]
              -> [basic-path] - `com.fashionnest.Fashion_Nest_Application.model.Cart(c).user.id`
              :userId
          <- [EQUAL]
        <- [where]
      <- [query-spec]
    <- [select]

2025-07-14T13:26:45.758+05:30 DEBUG 17208 --- [Fashion-Nest-Application] [           main] tor$SharedEntityManagerInvocationHandler : Creating new EntityManager for shared EntityManager invocation
2025-07-14T13:26:45.760+05:30 DEBUG 17208 --- [Fashion-Nest-Application] [           main] tor$SharedEntityManagerInvocationHandler : Creating new EntityManager for shared EntityManager invocation
2025-07-14T13:26:45.773+05:30 DEBUG 17208 --- [Fashion-Nest-Application] [           main] cResourceLocalTransactionCoordinatorImpl : JDBC transaction marked for rollback-only (exception provided for stack trace)

java.lang.Exception: exception just for purpose of providing stack trace
	at org.hibernate.resource.transaction.backend.jdbc.internal.JdbcResourceLocalTransactionCoordinatorImpl$TransactionDriverControlImpl.markRollbackOnly(JdbcResourceLocalTransactionCoordinatorImpl.java:309) ~[hibernate-core-6.5.2.Final.jar:6.5.2.Final]
	at org.hibernate.internal.AbstractSharedSessionContract.buildNamedQuery(AbstractSharedSessionContract.java:1109) ~[hibernate-core-6.5.2.Final.jar:6.5.2.Final]
	at org.hibernate.internal.AbstractSharedSessionContract.createNamedQuery(AbstractSharedSessionContract.java:987) ~[hibernate-core-6.5.2.Final.jar:6.5.2.Final]
	at org.hibernate.internal.AbstractSharedSessionContract.createNamedQuery(AbstractSharedSessionContract.java:140) ~[hibernate-core-6.5.2.Final.jar:6.5.2.Final]
	at java.base/jdk.internal.reflect.DirectMethodHandleAccessor.invoke(DirectMethodHandleAccessor.java:103) ~[na:na]
	at java.base/java.lang.reflect.Method.invoke(Method.java:580) ~[na:na]
	at org.springframework.orm.jpa.ExtendedEntityManagerCreator$ExtendedEntityManagerInvocationHandler.invoke(ExtendedEntityManagerCreator.java:364) ~[spring-orm-6.1.12.jar:6.1.12]
	at jdk.proxy2/jdk.proxy2.$Proxy139.createNamedQuery(Unknown Source) ~[na:na]
	at org.springframework.data.jpa.repository.query.NamedQuery.hasNamedQuery(NamedQuery.java:112) ~[spring-data-jpa-3.3.3.jar:3.3.3]
	at org.springframework.data.jpa.repository.query.NamedQuery.lookupFrom(NamedQuery.java:138) ~[spring-data-jpa-3.3.3.jar:3.3.3]
	at org.springframework.data.jpa.repository.query.JpaQueryLookupStrategy$DeclaredQueryLookupStrategy.resolveQuery(JpaQueryLookupStrategy.java:180) ~[spring-data-jpa-3.3.3.jar:3.3.3]
	at org.springframework.data.jpa.repository.query.JpaQueryLookupStrategy$CreateIfNotFoundQueryLookupStrategy.resolveQuery(JpaQueryLookupStrategy.java:252) ~[spring-data-jpa-3.3.3.jar:3.3.3]
	at org.springframework.data.jpa.repository.query.JpaQueryLookupStrategy$AbstractQueryLookupStrategy.resolveQuery(JpaQueryLookupStrategy.java:95) ~[spring-data-jpa-3.3.3.jar:3.3.3]
	at org.springframework.data.repository.core.support.QueryExecutorMethodInterceptor.lookupQuery(QueryExecutorMethodInterceptor.java:115) ~[spring-data-commons-3.3.3.jar:3.3.3]
	at org.springframework.data.repository.core.support.QueryExecutorMethodInterceptor.mapMethodsToQuery(QueryExecutorMethodInterceptor.java:103) ~[spring-data-commons-3.3.3.jar:3.3.3]
	at org.springframework.data.repository.core.support.QueryExecutorMethodInterceptor.lambda$new$0(QueryExecutorMethodInterceptor.java:92) ~[spring-data-commons-3.3.3.jar:3.3.3]
	at java.base/java.util.Optional.map(Optional.java:260) ~[na:na]
	at org.springframework.data.repository.core.support.QueryExecutorMethodInterceptor.<init>(QueryExecutorMethodInterceptor.java:92) ~[spring-data-commons-3.3.3.jar:3.3.3]
	at org.springframework.data.repository.core.support.RepositoryFactorySupport.getRepository(RepositoryFactorySupport.java:357) ~[spring-data-commons-3.3.3.jar:3.3.3]
	at org.springframework.data.repository.core.support.RepositoryFactoryBeanSupport.lambda$afterPropertiesSet$5(RepositoryFactoryBeanSupport.java:286) ~[spring-data-commons-3.3.3.jar:3.3.3]
	at org.springframework.data.util.Lazy.getNullable(Lazy.java:135) ~[spring-data-commons-3.3.3.jar:3.3.3]
	at org.springframework.data.util.Lazy.get(Lazy.java:113) ~[spring-data-commons-3.3.3.jar:3.3.3]
	at org.springframework.data.repository.core.support.RepositoryFactoryBeanSupport.afterPropertiesSet(RepositoryFactoryBeanSupport.java:292) ~[spring-data-commons-3.3.3.jar:3.3.3]
	at org.springframework.data.jpa.repository.support.JpaRepositoryFactoryBean.afterPropertiesSet(JpaRepositoryFactoryBean.java:132) ~[spring-data-jpa-3.3.3.jar:3.3.3]
	at org.springframework.beans.factory.support.AbstractAutowireCapableBeanFactory.invokeInitMethods(AbstractAutowireCapableBeanFactory.java:1853) ~[spring-beans-6.1.12.jar:6.1.12]
	at org.springframework.beans.factory.support.AbstractAutowireCapableBeanFactory.initializeBean(AbstractAutowireCapableBeanFactory.java:1802) ~[spring-beans-6.1.12.jar:6.1.12]
	at org.springframework.beans.factory.support.AbstractAutowireCapableBeanFactory.doCreateBean(AbstractAutowireCapableBeanFactory.java:600) ~[spring-beans-6.1.12.jar:6.1.12]
	at org.springframework.beans.factory.support.AbstractAutowireCapableBeanFactory.createBean(AbstractAutowireCapableBeanFactory.java:522) ~[spring-beans-6.1.12.jar:6.1.12]
	at org.springframework.beans.factory.support.AbstractBeanFactory.lambda$doGetBean$0(AbstractBeanFactory.java:337) ~[spring-beans-6.1.12.jar:6.1.12]
	at org.springframework.beans.factory.support.DefaultSingletonBeanRegistry.getSingleton(DefaultSingletonBeanRegistry.java:234) ~[spring-beans-6.1.12.jar:6.1.12]
	at org.springframework.beans.factory.support.AbstractBeanFactory.doGetBean(AbstractBeanFactory.java:335) ~[spring-beans-6.1.12.jar:6.1.12]
	at org.springframework.beans.factory.support.AbstractBeanFactory.getBean(AbstractBeanFactory.java:200) ~[spring-beans-6.1.12.jar:6.1.12]
	at org.springframework.beans.factory.config.DependencyDescriptor.resolveCandidate(DependencyDescriptor.java:254) ~[spring-beans-6.1.12.jar:6.1.12]
	at org.springframework.beans.factory.support.DefaultListableBeanFactory.doResolveDependency(DefaultListableBeanFactory.java:1443) ~[spring-beans-6.1.12.jar:6.1.12]
	at org.springframework.beans.factory.support.DefaultListableBeanFactory.resolveDependency(DefaultListableBeanFactory.java:1353) ~[spring-beans-6.1.12.jar:6.1.12]
	at org.springframework.beans.factory.annotation.AutowiredAnnotationBeanPostProcessor$AutowiredFieldElement.resolveFieldValue(AutowiredAnnotationBeanPostProcessor.java:785) ~[spring-beans-6.1.12.jar:6.1.12]
	at org.springframework.beans.factory.annotation.AutowiredAnnotationBeanPostProcessor$AutowiredFieldElement.inject(AutowiredAnnotationBeanPostProcessor.java:768) ~[spring-beans-6.1.12.jar:6.1.12]
	at org.springframework.beans.factory.annotation.InjectionMetadata.inject(InjectionMetadata.java:145) ~[spring-beans-6.1.12.jar:6.1.12]
	at org.springframework.beans.factory.annotation.AutowiredAnnotationBeanPostProcessor.postProcessProperties(AutowiredAnnotationBeanPostProcessor.java:509) ~[spring-beans-6.1.12.jar:6.1.12]
	at org.springframework.beans.factory.support.AbstractAutowireCapableBeanFactory.populateBean(AbstractAutowireCapableBeanFactory.java:1439) ~[spring-beans-6.1.12.jar:6.1.12]
	at org.springframework.beans.factory.support.AbstractAutowireCapableBeanFactory.doCreateBean(AbstractAutowireCapableBeanFactory.java:599) ~[spring-beans-6.1.12.jar:6.1.12]
	at org.springframework.beans.factory.support.AbstractAutowireCapableBeanFactory.createBean(AbstractAutowireCapableBeanFactory.java:522) ~[spring-beans-6.1.12.jar:6.1.12]
	at org.springframework.beans.factory.support.AbstractBeanFactory.lambda$doGetBean$0(AbstractBeanFactory.java:337) ~[spring-beans-6.1.12.jar:6.1.12]
	at org.springframework.beans.factory.support.DefaultSingletonBeanRegistry.getSingleton(DefaultSingletonBeanRegistry.java:234) ~[spring-beans-6.1.12.jar:6.1.12]
	at org.springframework.beans.factory.support.AbstractBeanFactory.doGetBean(AbstractBeanFactory.java:335) ~[spring-beans-6.1.12.jar:6.1.12]
	at org.springframework.beans.factory.support.AbstractBeanFactory.getBean(AbstractBeanFactory.java:200) ~[spring-beans-6.1.12.jar:6.1.12]
	at org.springframework.beans.factory.config.DependencyDescriptor.resolveCandidate(DependencyDescriptor.java:254) ~[spring-beans-6.1.12.jar:6.1.12]
	at org.springframework.beans.factory.support.DefaultListableBeanFactory.doResolveDependency(DefaultListableBeanFactory.java:1443) ~[spring-beans-6.1.12.jar:6.1.12]
	at org.springframework.beans.factory.support.DefaultListableBeanFactory.resolveDependency(DefaultListableBeanFactory.java:1353) ~[spring-beans-6.1.12.jar:6.1.12]
	at org.springframework.beans.factory.annotation.AutowiredAnnotationBeanPostProcessor$AutowiredFieldElement.resolveFieldValue(AutowiredAnnotationBeanPostProcessor.java:785) ~[spring-beans-6.1.12.jar:6.1.12]
	at org.springframework.beans.factory.annotation.AutowiredAnnotationBeanPostProcessor$AutowiredFieldElement.inject(AutowiredAnnotationBeanPostProcessor.java:768) ~[spring-beans-6.1.12.jar:6.1.12]
	at org.springframework.beans.factory.annotation.InjectionMetadata.inject(InjectionMetadata.java:145) ~[spring-beans-6.1.12.jar:6.1.12]
	at org.springframework.beans.factory.annotation.AutowiredAnnotationBeanPostProcessor.postProcessProperties(AutowiredAnnotationBeanPostProcessor.java:509) ~[spring-beans-6.1.12.jar:6.1.12]
	at org.springframework.beans.factory.support.AbstractAutowireCapableBeanFactory.populateBean(AbstractAutowireCapableBeanFactory.java:1439) ~[spring-beans-6.1.12.jar:6.1.12]
	at org.springframework.beans.factory.support.AbstractAutowireCapableBeanFactory.doCreateBean(AbstractAutowireCapableBeanFactory.java:599) ~[spring-beans-6.1.12.jar:6.1.12]
	at org.springframework.beans.factory.support.AbstractAutowireCapableBeanFactory.createBean(AbstractAutowireCapableBeanFactory.java:522) ~[spring-beans-6.1.12.jar:6.1.12]
	at org.springframework.beans.factory.support.AbstractBeanFactory.lambda$doGetBean$0(AbstractBeanFactory.java:337) ~[spring-beans-6.1.12.jar:6.1.12]
	at org.springframework.beans.factory.support.DefaultSingletonBeanRegistry.getSingleton(DefaultSingletonBeanRegistry.java:234) ~[spring-beans-6.1.12.jar:6.1.12]
	at org.springframework.beans.factory.support.AbstractBeanFactory.doGetBean(AbstractBeanFactory.java:335) ~[spring-beans-6.1.12.jar:6.1.12]
	at org.springframework.beans.factory.support.AbstractBeanFactory.getBean(AbstractBeanFactory.java:200) ~[spring-beans-6.1.12.jar:6.1.12]
	at org.springframework.beans.factory.config.DependencyDescriptor.resolveCandidate(DependencyDescriptor.java:254) ~[spring-beans-6.1.12.jar:6.1.12]
	at org.springframework.beans.factory.support.DefaultListableBeanFactory.doResolveDependency(DefaultListableBeanFactory.java:1443) ~[spring-beans-6.1.12.jar:6.1.12]
	at org.springframework.beans.factory.support.DefaultListableBeanFactory.resolveDependency(DefaultListableBeanFactory.java:1353) ~[spring-beans-6.1.12.jar:6.1.12]
	at org.springframework.beans.factory.annotation.AutowiredAnnotationBeanPostProcessor$AutowiredFieldElement.resolveFieldValue(AutowiredAnnotationBeanPostProcessor.java:785) ~[spring-beans-6.1.12.jar:6.1.12]
	at org.springframework.beans.factory.annotation.AutowiredAnnotationBeanPostProcessor$AutowiredFieldElement.inject(AutowiredAnnotationBeanPostProcessor.java:768) ~[spring-beans-6.1.12.jar:6.1.12]
	at org.springframework.beans.factory.annotation.InjectionMetadata.inject(InjectionMetadata.java:145) ~[spring-beans-6.1.12.jar:6.1.12]
	at org.springframework.beans.factory.annotation.AutowiredAnnotationBeanPostProcessor.postProcessProperties(AutowiredAnnotationBeanPostProcessor.java:509) ~[spring-beans-6.1.12.jar:6.1.12]
	at org.springframework.beans.factory.support.AbstractAutowireCapableBeanFactory.populateBean(AbstractAutowireCapableBeanFactory.java:1439) ~[spring-beans-6.1.12.jar:6.1.12]
	at org.springframework.beans.factory.support.AbstractAutowireCapableBeanFactory.doCreateBean(AbstractAutowireCapableBeanFactory.java:599) ~[spring-beans-6.1.12.jar:6.1.12]
	at org.springframework.beans.factory.support.AbstractAutowireCapableBeanFactory.createBean(AbstractAutowireCapableBeanFactory.java:522) ~[spring-beans-6.1.12.jar:6.1.12]
	at org.springframework.beans.factory.support.AbstractBeanFactory.lambda$doGetBean$0(AbstractBeanFactory.java:337) ~[spring-beans-6.1.12.jar:6.1.12]
	at org.springframework.beans.factory.support.DefaultSingletonBeanRegistry.getSingleton(DefaultSingletonBeanRegistry.java:234) ~[spring-beans-6.1.12.jar:6.1.12]
	at org.springframework.beans.factory.support.AbstractBeanFactory.doGetBean(AbstractBeanFactory.java:335) ~[spring-beans-6.1.12.jar:6.1.12]
	at org.springframework.beans.factory.support.AbstractBeanFactory.getBean(AbstractBeanFactory.java:200) ~[spring-beans-6.1.12.jar:6.1.12]
	at org.springframework.beans.factory.config.DependencyDescriptor.resolveCandidate(DependencyDescriptor.java:254) ~[spring-beans-6.1.12.jar:6.1.12]
	at org.springframework.beans.factory.support.DefaultListableBeanFactory.doResolveDependency(DefaultListableBeanFactory.java:1443) ~[spring-beans-6.1.12.jar:6.1.12]
	at org.springframework.beans.factory.support.DefaultListableBeanFactory.resolveDependency(DefaultListableBeanFactory.java:1353) ~[spring-beans-6.1.12.jar:6.1.12]
	at org.springframework.beans.factory.annotation.AutowiredAnnotationBeanPostProcessor$AutowiredFieldElement.resolveFieldValue(AutowiredAnnotationBeanPostProcessor.java:785) ~[spring-beans-6.1.12.jar:6.1.12]
	at org.springframework.beans.factory.annotation.AutowiredAnnotationBeanPostProcessor$AutowiredFieldElement.inject(AutowiredAnnotationBeanPostProcessor.java:768) ~[spring-beans-6.1.12.jar:6.1.12]
	at org.springframework.beans.factory.annotation.InjectionMetadata.inject(InjectionMetadata.java:145) ~[spring-beans-6.1.12.jar:6.1.12]
	at org.springframework.beans.factory.annotation.AutowiredAnnotationBeanPostProcessor.postProcessProperties(AutowiredAnnotationBeanPostProcessor.java:509) ~[spring-beans-6.1.12.jar:6.1.12]
	at org.springframework.beans.factory.support.AbstractAutowireCapableBeanFactory.populateBean(AbstractAutowireCapableBeanFactory.java:1439) ~[spring-beans-6.1.12.jar:6.1.12]
	at org.springframework.beans.factory.support.AbstractAutowireCapableBeanFactory.doCreateBean(AbstractAutowireCapableBeanFactory.java:599) ~[spring-beans-6.1.12.jar:6.1.12]
	at org.springframework.beans.factory.support.AbstractAutowireCapableBeanFactory.createBean(AbstractAutowireCapableBeanFactory.java:522) ~[spring-beans-6.1.12.jar:6.1.12]
	at org.springframework.beans.factory.support.AbstractBeanFactory.lambda$doGetBean$0(AbstractBeanFactory.java:337) ~[spring-beans-6.1.12.jar:6.1.12]
	at org.springframework.beans.factory.support.DefaultSingletonBeanRegistry.getSingleton(DefaultSingletonBeanRegistry.java:234) ~[spring-beans-6.1.12.jar:6.1.12]
	at org.springframework.beans.factory.support.AbstractBeanFactory.doGetBean(AbstractBeanFactory.java:335) ~[spring-beans-6.1.12.jar:6.1.12]
	at org.springframework.beans.factory.support.AbstractBeanFactory.getBean(AbstractBeanFactory.java:200) ~[spring-beans-6.1.12.jar:6.1.12]
	at org.springframework.beans.factory.support.DefaultListableBeanFactory.preInstantiateSingletons(DefaultListableBeanFactory.java:975) ~[spring-beans-6.1.12.jar:6.1.12]
	at org.springframework.context.support.AbstractApplicationContext.finishBeanFactoryInitialization(AbstractApplicationContext.java:971) ~[spring-context-6.1.12.jar:6.1.12]
	at org.springframework.context.support.AbstractApplicationContext.refresh(AbstractApplicationContext.java:625) ~[spring-context-6.1.12.jar:6.1.12]
	at org.springframework.boot.SpringApplication.refresh(SpringApplication.java:754) ~[spring-boot-3.3.3.jar:3.3.3]
	at org.springframework.boot.SpringApplication.refreshContext(SpringApplication.java:456) ~[spring-boot-3.3.3.jar:3.3.3]
	at org.springframework.boot.SpringApplication.run(SpringApplication.java:335) ~[spring-boot-3.3.3.jar:3.3.3]
	at org.springframework.boot.test.context.SpringBootContextLoader.lambda$loadContext$3(SpringBootContextLoader.java:137) ~[spring-boot-test-3.3.3.jar:3.3.3]
	at org.springframework.util.function.ThrowingSupplier.get(ThrowingSupplier.java:58) ~[spring-core-6.1.12.jar:6.1.12]
	at org.springframework.util.function.ThrowingSupplier.get(ThrowingSupplier.java:46) ~[spring-core-6.1.12.jar:6.1.12]
	at org.springframework.boot.SpringApplication.withHook(SpringApplication.java:1463) ~[spring-boot-3.3.3.jar:3.3.3]
	at org.springframework.boot.test.context.SpringBootContextLoader$ContextLoaderHook.run(SpringBootContextLoader.java:553) ~[spring-boot-test-3.3.3.jar:3.3.3]
	at org.springframework.boot.test.context.SpringBootContextLoader.loadContext(SpringBootContextLoader.java:137) ~[spring-boot-test-3.3.3.jar:3.3.3]
	at org.springframework.boot.test.context.SpringBootContextLoader.loadContext(SpringBootContextLoader.java:108) ~[spring-boot-test-3.3.3.jar:3.3.3]
	at org.springframework.test.context.cache.DefaultCacheAwareContextLoaderDelegate.loadContextInternal(DefaultCacheAwareContextLoaderDelegate.java:225) ~[spring-test-6.1.12.jar:6.1.12]
	at org.springframework.test.context.cache.DefaultCacheAwareContextLoaderDelegate.loadContext(DefaultCacheAwareContextLoaderDelegate.java:152) ~[spring-test-6.1.12.jar:6.1.12]
	at org.springframework.test.context.support.DefaultTestContext.getApplicationContext(DefaultTestContext.java:130) ~[spring-test-6.1.12.jar:6.1.12]
	at org.springframework.test.context.web.ServletTestExecutionListener.setUpRequestContextIfNecessary(ServletTestExecutionListener.java:191) ~[spring-test-6.1.12.jar:6.1.12]
	at org.springframework.test.context.web.ServletTestExecutionListener.prepareTestInstance(ServletTestExecutionListener.java:130) ~[spring-test-6.1.12.jar:6.1.12]
	at org.springframework.test.context.TestContextManager.prepareTestInstance(TestContextManager.java:260) ~[spring-test-6.1.12.jar:6.1.12]
	at org.springframework.test.context.junit.jupiter.SpringExtension.postProcessTestInstance(SpringExtension.java:163) ~[spring-test-6.1.12.jar:6.1.12]
	at org.junit.jupiter.engine.descriptor.ClassBasedTestDescriptor.lambda$invokeTestInstancePostProcessors$10(ClassBasedTestDescriptor.java:378) ~[junit-jupiter-engine-5.10.3.jar:5.10.3]
	at org.junit.jupiter.engine.descriptor.ClassBasedTestDescriptor.executeAndMaskThrowable(ClassBasedTestDescriptor.java:383) ~[junit-jupiter-engine-5.10.3.jar:5.10.3]
	at org.junit.jupiter.engine.descriptor.ClassBasedTestDescriptor.lambda$invokeTestInstancePostProcessors$11(ClassBasedTestDescriptor.java:378) ~[junit-jupiter-engine-5.10.3.jar:5.10.3]
	at java.base/java.util.stream.ReferencePipeline$3$1.accept(ReferencePipeline.java:197) ~[na:na]
	at java.base/java.util.stream.ReferencePipeline$2$1.accept(ReferencePipeline.java:179) ~[na:na]
	at java.base/java.util.ArrayList$ArrayListSpliterator.forEachRemaining(ArrayList.java:1708) ~[na:na]
	at java.base/java.util.stream.AbstractPipeline.copyInto(AbstractPipeline.java:509) ~[na:na]
	at java.base/java.util.stream.AbstractPipeline.wrapAndCopyInto(AbstractPipeline.java:499) ~[na:na]
	at java.base/java.util.stream.StreamSpliterators$WrappingSpliterator.forEachRemaining(StreamSpliterators.java:310) ~[na:na]
	at java.base/java.util.stream.Streams$ConcatSpliterator.forEachRemaining(Streams.java:735) ~[na:na]
	at java.base/java.util.stream.Streams$ConcatSpliterator.forEachRemaining(Streams.java:734) ~[na:na]
	at java.base/java.util.stream.ReferencePipeline$Head.forEach(ReferencePipeline.java:762) ~[na:na]
	at org.junit.jupiter.engine.descriptor.ClassBasedTestDescriptor.invokeTestInstancePostProcessors(ClassBasedTestDescriptor.java:377) ~[junit-jupiter-engine-5.10.3.jar:5.10.3]
	at org.junit.jupiter.engine.descriptor.ClassBasedTestDescriptor.lambda$instantiateAndPostProcessTestInstance$6(ClassBasedTestDescriptor.java:290) ~[junit-jupiter-engine-5.10.3.jar:5.10.3]
	at org.junit.platform.engine.support.hierarchical.ThrowableCollector.execute(ThrowableCollector.java:73) ~[junit-platform-engine-1.10.3.jar:1.10.3]
	at org.junit.jupiter.engine.descriptor.ClassBasedTestDescriptor.instantiateAndPostProcessTestInstance(ClassBasedTestDescriptor.java:289) ~[junit-jupiter-engine-5.10.3.jar:5.10.3]
	at org.junit.jupiter.engine.descriptor.ClassBasedTestDescriptor.lambda$testInstancesProvider$4(ClassBasedTestDescriptor.java:279) ~[junit-jupiter-engine-5.10.3.jar:5.10.3]
	at java.base/java.util.Optional.orElseGet(Optional.java:364) ~[na:na]
	at org.junit.jupiter.engine.descriptor.ClassBasedTestDescriptor.lambda$testInstancesProvider$5(ClassBasedTestDescriptor.java:278) ~[junit-jupiter-engine-5.10.3.jar:5.10.3]
	at org.junit.jupiter.engine.execution.TestInstancesProvider.getTestInstances(TestInstancesProvider.java:31) ~[junit-jupiter-engine-5.10.3.jar:5.10.3]
	at org.junit.jupiter.engine.descriptor.TestMethodTestDescriptor.lambda$prepare$0(TestMethodTestDescriptor.java:106) ~[junit-jupiter-engine-5.10.3.jar:5.10.3]
	at org.junit.platform.engine.support.hierarchical.ThrowableCollector.execute(ThrowableCollector.java:73) ~[junit-platform-engine-1.10.3.jar:1.10.3]
	at org.junit.jupiter.engine.descriptor.TestMethodTestDescriptor.prepare(TestMethodTestDescriptor.java:105) ~[junit-jupiter-engine-5.10.3.jar:5.10.3]
	at org.junit.jupiter.engine.descriptor.TestMethodTestDescriptor.prepare(TestMethodTestDescriptor.java:69) ~[junit-jupiter-engine-5.10.3.jar:5.10.3]
	at org.junit.platform.engine.support.hierarchical.NodeTestTask.lambda$prepare$2(NodeTestTask.java:123) ~[junit-platform-engine-1.10.3.jar:1.10.3]
	at org.junit.platform.engine.support.hierarchical.ThrowableCollector.execute(ThrowableCollector.java:73) ~[junit-platform-engine-1.10.3.jar:1.10.3]
	at org.junit.platform.engine.support.hierarchical.NodeTestTask.prepare(NodeTestTask.java:123) ~[junit-platform-engine-1.10.3.jar:1.10.3]
	at org.junit.platform.engine.support.hierarchical.NodeTestTask.execute(NodeTestTask.java:90) ~[junit-platform-engine-1.10.3.jar:1.10.3]
	at java.base/java.util.ArrayList.forEach(ArrayList.java:1596) ~[na:na]
	at org.junit.platform.engine.support.hierarchical.SameThreadHierarchicalTestExecutorService.invokeAll(SameThreadHierarchicalTestExecutorService.java:41) ~[junit-platform-engine-1.10.3.jar:1.10.3]
	at org.junit.platform.engine.support.hierarchical.NodeTestTask.lambda$executeRecursively$6(NodeTestTask.java:155) ~[junit-platform-engine-1.10.3.jar:1.10.3]
	at org.junit.platform.engine.support.hierarchical.ThrowableCollector.execute(ThrowableCollector.java:73) ~[junit-platform-engine-1.10.3.jar:1.10.3]
	at org.junit.platform.engine.support.hierarchical.NodeTestTask.lambda$executeRecursively$8(NodeTestTask.java:141) ~[junit-platform-engine-1.10.3.jar:1.10.3]
	at org.junit.platform.engine.support.hierarchical.Node.around(Node.java:137) ~[junit-platform-engine-1.10.3.jar:1.10.3]
	at org.junit.platform.engine.support.hierarchical.NodeTestTask.lambda$executeRecursively$9(NodeTestTask.java:139) ~[junit-platform-engine-1.10.3.jar:1.10.3]
	at org.junit.platform.engine.support.hierarchical.ThrowableCollector.execute(ThrowableCollector.java:73) ~[junit-platform-engine-1.10.3.jar:1.10.3]
	at org.junit.platform.engine.support.hierarchical.NodeTestTask.executeRecursively(NodeTestTask.java:138) ~[junit-platform-engine-1.10.3.jar:1.10.3]
	at org.junit.platform.engine.support.hierarchical.NodeTestTask.execute(NodeTestTask.java:95) ~[junit-platform-engine-1.10.3.jar:1.10.3]
	at java.base/java.util.ArrayList.forEach(ArrayList.java:1596) ~[na:na]
	at org.junit.platform.engine.support.hierarchical.SameThreadHierarchicalTestExecutorService.invokeAll(SameThreadHierarchicalTestExecutorService.java:41) ~[junit-platform-engine-1.10.3.jar:1.10.3]
	at org.junit.platform.engine.support.hierarchical.NodeTestTask.lambda$executeRecursively$6(NodeTestTask.java:155) ~[junit-platform-engine-1.10.3.jar:1.10.3]
	at org.junit.platform.engine.support.hierarchical.ThrowableCollector.execute(ThrowableCollector.java:73) ~[junit-platform-engine-1.10.3.jar:1.10.3]
	at org.junit.platform.engine.support.hierarchical.NodeTestTask.lambda$executeRecursively$8(NodeTestTask.java:141) ~[junit-platform-engine-1.10.3.jar:1.10.3]
	at org.junit.platform.engine.support.hierarchical.Node.around(Node.java:137) ~[junit-platform-engine-1.10.3.jar:1.10.3]
	at org.junit.platform.engine.support.hierarchical.NodeTestTask.lambda$executeRecursively$9(NodeTestTask.java:139) ~[junit-platform-engine-1.10.3.jar:1.10.3]
	at org.junit.platform.engine.support.hierarchical.ThrowableCollector.execute(ThrowableCollector.java:73) ~[junit-platform-engine-1.10.3.jar:1.10.3]
	at org.junit.platform.engine.support.hierarchical.NodeTestTask.executeRecursively(NodeTestTask.java:138) ~[junit-platform-engine-1.10.3.jar:1.10.3]
	at org.junit.platform.engine.support.hierarchical.NodeTestTask.execute(NodeTestTask.java:95) ~[junit-platform-engine-1.10.3.jar:1.10.3]
	at org.junit.platform.engine.support.hierarchical.SameThreadHierarchicalTestExecutorService.submit(SameThreadHierarchicalTestExecutorService.java:35) ~[junit-platform-engine-1.10.3.jar:1.10.3]
	at org.junit.platform.engine.support.hierarchical.HierarchicalTestExecutor.execute(HierarchicalTestExecutor.java:57) ~[junit-platform-engine-1.10.3.jar:1.10.3]
	at org.junit.platform.engine.support.hierarchical.HierarchicalTestEngine.execute(HierarchicalTestEngine.java:54) ~[junit-platform-engine-1.10.3.jar:1.10.3]
	at org.junit.platform.launcher.core.EngineExecutionOrchestrator.execute(EngineExecutionOrchestrator.java:198) ~[junit-platform-launcher-1.10.3.jar:1.10.3]
	at org.junit.platform.launcher.core.EngineExecutionOrchestrator.execute(EngineExecutionOrchestrator.java:169) ~[junit-platform-launcher-1.10.3.jar:1.10.3]
	at org.junit.platform.launcher.core.EngineExecutionOrchestrator.execute(EngineExecutionOrchestrator.java:93) ~[junit-platform-launcher-1.10.3.jar:1.10.3]
	at org.junit.platform.launcher.core.EngineExecutionOrchestrator.lambda$execute$0(EngineExecutionOrchestrator.java:58) ~[junit-platform-launcher-1.10.3.jar:1.10.3]
	at org.junit.platform.launcher.core.EngineExecutionOrchestrator.withInterceptedStreams(EngineExecutionOrchestrator.java:141) ~[junit-platform-launcher-1.10.3.jar:1.10.3]
	at org.junit.platform.launcher.core.EngineExecutionOrchestrator.execute(EngineExecutionOrchestrator.java:57) ~[junit-platform-launcher-1.10.3.jar:1.10.3]
	at org.junit.platform.launcher.core.DefaultLauncher.execute(DefaultLauncher.java:103) ~[junit-platform-launcher-1.10.3.jar:1.10.3]
	at org.junit.platform.launcher.core.DefaultLauncher.execute(DefaultLauncher.java:85) ~[junit-platform-launcher-1.10.3.jar:1.10.3]
	at org.junit.platform.launcher.core.DelegatingLauncher.execute(DelegatingLauncher.java:47) ~[junit-platform-launcher-1.10.3.jar:1.10.3]
	at org.apache.maven.surefire.junitplatform.LazyLauncher.execute(LazyLauncher.java:56) ~[surefire-junit-platform-3.2.5.jar:3.2.5]
	at org.apache.maven.surefire.junitplatform.JUnitPlatformProvider.execute(JUnitPlatformProvider.java:184) ~[surefire-junit-platform-3.2.5.jar:3.2.5]
	at org.apache.maven.surefire.junitplatform.JUnitPlatformProvider.invokeAllTests(JUnitPlatformProvider.java:148) ~[surefire-junit-platform-3.2.5.jar:3.2.5]
	at org.apache.maven.surefire.junitplatform.JUnitPlatformProvider.invoke(JUnitPlatformProvider.java:122) ~[surefire-junit-platform-3.2.5.jar:3.2.5]
	at org.apache.maven.surefire.booter.ForkedBooter.runSuitesInProcess(ForkedBooter.java:385) ~[surefire-booter-3.2.5.jar:3.2.5]
	at org.apache.maven.surefire.booter.ForkedBooter.execute(ForkedBooter.java:162) ~[surefire-booter-3.2.5.jar:3.2.5]
	at org.apache.maven.surefire.booter.ForkedBooter.run(ForkedBooter.java:507) ~[surefire-booter-3.2.5.jar:3.2.5]
	at org.apache.maven.surefire.booter.ForkedBooter.main(ForkedBooter.java:495) ~[surefire-booter-3.2.5.jar:3.2.5]

2025-07-14T13:26:45.784+05:30 DEBUG 17208 --- [Fashion-Nest-Application] [           main] tor$SharedEntityManagerInvocationHandler : Creating new EntityManager for shared EntityManager invocation
2025-07-14T13:26:45.872+05:30 DEBUG 17208 --- [Fashion-Nest-Application] [           main] cResourceLocalTransactionCoordinatorImpl : JDBC transaction marked for rollback-only (exception provided for stack trace)

java.lang.Exception: exception just for purpose of providing stack trace
	at org.hibernate.resource.transaction.backend.jdbc.internal.JdbcResourceLocalTransactionCoordinatorImpl$TransactionDriverControlImpl.markRollbackOnly(JdbcResourceLocalTransactionCoordinatorImpl.java:309) ~[hibernate-core-6.5.2.Final.jar:6.5.2.Final]
	at org.hibernate.internal.AbstractSharedSessionContract.buildNamedQuery(AbstractSharedSessionContract.java:1109) ~[hibernate-core-6.5.2.Final.jar:6.5.2.Final]
	at org.hibernate.internal.AbstractSharedSessionContract.createNamedQuery(AbstractSharedSessionContract.java:987) ~[hibernate-core-6.5.2.Final.jar:6.5.2.Final]
	at org.hibernate.internal.AbstractSharedSessionContract.createNamedQuery(AbstractSharedSessionContract.java:140) ~[hibernate-core-6.5.2.Final.jar:6.5.2.Final]
	at java.base/jdk.internal.reflect.DirectMethodHandleAccessor.invoke(DirectMethodHandleAccessor.java:103) ~[na:na]
	at java.base/java.lang.reflect.Method.invoke(Method.java:580) ~[na:na]
	at org.springframework.orm.jpa.ExtendedEntityManagerCreator$ExtendedEntityManagerInvocationHandler.invoke(ExtendedEntityManagerCreator.java:364) ~[spring-orm-6.1.12.jar:6.1.12]
	at jdk.proxy2/jdk.proxy2.$Proxy139.createNamedQuery(Unknown Source) ~[na:na]
	at org.springframework.data.jpa.repository.query.NamedQuery.hasNamedQuery(NamedQuery.java:112) ~[spring-data-jpa-3.3.3.jar:3.3.3]
	at org.springframework.data.jpa.repository.query.JpaQueryLookupStrategy$DeclaredQueryLookupStrategy.getCountQuery(JpaQueryLookupStrategy.java:204) ~[spring-data-jpa-3.3.3.jar:3.3.3]
	at org.springframework.data.jpa.repository.query.JpaQueryLookupStrategy$DeclaredQueryLookupStrategy.resolveQuery(JpaQueryLookupStrategy.java:171) ~[spring-data-jpa-3.3.3.jar:3.3.3]
	at org.springframework.data.jpa.repository.query.JpaQueryLookupStrategy$CreateIfNotFoundQueryLookupStrategy.resolveQuery(JpaQueryLookupStrategy.java:252) ~[spring-data-jpa-3.3.3.jar:3.3.3]
	at org.springframework.data.jpa.repository.query.JpaQueryLookupStrategy$AbstractQueryLookupStrategy.resolveQuery(JpaQueryLookupStrategy.java:95) ~[spring-data-jpa-3.3.3.jar:3.3.3]
	at org.springframework.data.repository.core.support.QueryExecutorMethodInterceptor.lookupQuery(QueryExecutorMethodInterceptor.java:115) ~[spring-data-commons-3.3.3.jar:3.3.3]
	at org.springframework.data.repository.core.support.QueryExecutorMethodInterceptor.mapMethodsToQuery(QueryExecutorMethodInterceptor.java:103) ~[spring-data-commons-3.3.3.jar:3.3.3]
	at org.springframework.data.repository.core.support.QueryExecutorMethodInterceptor.lambda$new$0(QueryExecutorMethodInterceptor.java:92) ~[spring-data-commons-3.3.3.jar:3.3.3]
	at java.base/java.util.Optional.map(Optional.java:260) ~[na:na]
	at org.springframework.data.repository.core.support.QueryExecutorMethodInterceptor.<init>(QueryExecutorMethodInterceptor.java:92) ~[spring-data-commons-3.3.3.jar:3.3.3]
	at org.springframework.data.repository.core.support.RepositoryFactorySupport.getRepository(RepositoryFactorySupport.java:357) ~[spring-data-commons-3.3.3.jar:3.3.3]
	at org.springframework.data.repository.core.support.RepositoryFactoryBeanSupport.lambda$afterPropertiesSet$5(RepositoryFactoryBeanSupport.java:286) ~[spring-data-commons-3.3.3.jar:3.3.3]
	at org.springframework.data.util.Lazy.getNullable(Lazy.java:135) ~[spring-data-commons-3.3.3.jar:3.3.3]
	at org.springframework.data.util.Lazy.get(Lazy.java:113) ~[spring-data-commons-3.3.3.jar:3.3.3]
	at org.springframework.data.repository.core.support.RepositoryFactoryBeanSupport.afterPropertiesSet(RepositoryFactoryBeanSupport.java:292) ~[spring-data-commons-3.3.3.jar:3.3.3]
	at org.springframework.data.jpa.repository.support.JpaRepositoryFactoryBean.afterPropertiesSet(JpaRepositoryFactoryBean.java:132) ~[spring-data-jpa-3.3.3.jar:3.3.3]
	at org.springframework.beans.factory.support.AbstractAutowireCapableBeanFactory.invokeInitMethods(AbstractAutowireCapableBeanFactory.java:1853) ~[spring-beans-6.1.12.jar:6.1.12]
	at org.springframework.beans.factory.support.AbstractAutowireCapableBeanFactory.initializeBean(AbstractAutowireCapableBeanFactory.java:1802) ~[spring-beans-6.1.12.jar:6.1.12]
	at org.springframework.beans.factory.support.AbstractAutowireCapableBeanFactory.doCreateBean(AbstractAutowireCapableBeanFactory.java:600) ~[spring-beans-6.1.12.jar:6.1.12]
	at org.springframework.beans.factory.support.AbstractAutowireCapableBeanFactory.createBean(AbstractAutowireCapableBeanFactory.java:522) ~[spring-beans-6.1.12.jar:6.1.12]
	at org.springframework.beans.factory.support.AbstractBeanFactory.lambda$doGetBean$0(AbstractBeanFactory.java:337) ~[spring-beans-6.1.12.jar:6.1.12]
	at org.springframework.beans.factory.support.DefaultSingletonBeanRegistry.getSingleton(DefaultSingletonBeanRegistry.java:234) ~[spring-beans-6.1.12.jar:6.1.12]
	at org.springframework.beans.factory.support.AbstractBeanFactory.doGetBean(AbstractBeanFactory.java:335) ~[spring-beans-6.1.12.jar:6.1.12]
	at org.springframework.beans.factory.support.AbstractBeanFactory.getBean(AbstractBeanFactory.java:200) ~[spring-beans-6.1.12.jar:6.1.12]
	at org.springframework.beans.factory.config.DependencyDescriptor.resolveCandidate(DependencyDescriptor.java:254) ~[spring-beans-6.1.12.jar:6.1.12]
	at org.springframework.beans.factory.support.DefaultListableBeanFactory.doResolveDependency(DefaultListableBeanFactory.java:1443) ~[spring-beans-6.1.12.jar:6.1.12]
	at org.springframework.beans.factory.support.DefaultListableBeanFactory.resolveDependency(DefaultListableBeanFactory.java:1353) ~[spring-beans-6.1.12.jar:6.1.12]
	at org.springframework.beans.factory.annotation.AutowiredAnnotationBeanPostProcessor$AutowiredFieldElement.resolveFieldValue(AutowiredAnnotationBeanPostProcessor.java:785) ~[spring-beans-6.1.12.jar:6.1.12]
	at org.springframework.beans.factory.annotation.AutowiredAnnotationBeanPostProcessor$AutowiredFieldElement.inject(AutowiredAnnotationBeanPostProcessor.java:768) ~[spring-beans-6.1.12.jar:6.1.12]
	at org.springframework.beans.factory.annotation.InjectionMetadata.inject(InjectionMetadata.java:145) ~[spring-beans-6.1.12.jar:6.1.12]
	at org.springframework.beans.factory.annotation.AutowiredAnnotationBeanPostProcessor.postProcessProperties(AutowiredAnnotationBeanPostProcessor.java:509) ~[spring-beans-6.1.12.jar:6.1.12]
	at org.springframework.beans.factory.support.AbstractAutowireCapableBeanFactory.populateBean(AbstractAutowireCapableBeanFactory.java:1439) ~[spring-beans-6.1.12.jar:6.1.12]
	at org.springframework.beans.factory.support.AbstractAutowireCapableBeanFactory.doCreateBean(AbstractAutowireCapableBeanFactory.java:599) ~[spring-beans-6.1.12.jar:6.1.12]
	at org.springframework.beans.factory.support.AbstractAutowireCapableBeanFactory.createBean(AbstractAutowireCapableBeanFactory.java:522) ~[spring-beans-6.1.12.jar:6.1.12]
	at org.springframework.beans.factory.support.AbstractBeanFactory.lambda$doGetBean$0(AbstractBeanFactory.java:337) ~[spring-beans-6.1.12.jar:6.1.12]
	at org.springframework.beans.factory.support.DefaultSingletonBeanRegistry.getSingleton(DefaultSingletonBeanRegistry.java:234) ~[spring-beans-6.1.12.jar:6.1.12]
	at org.springframework.beans.factory.support.AbstractBeanFactory.doGetBean(AbstractBeanFactory.java:335) ~[spring-beans-6.1.12.jar:6.1.12]
	at org.springframework.beans.factory.support.AbstractBeanFactory.getBean(AbstractBeanFactory.java:200) ~[spring-beans-6.1.12.jar:6.1.12]
	at org.springframework.beans.factory.config.DependencyDescriptor.resolveCandidate(DependencyDescriptor.java:254) ~[spring-beans-6.1.12.jar:6.1.12]
	at org.springframework.beans.factory.support.DefaultListableBeanFactory.doResolveDependency(DefaultListableBeanFactory.java:1443) ~[spring-beans-6.1.12.jar:6.1.12]
	at org.springframework.beans.factory.support.DefaultListableBeanFactory.resolveDependency(DefaultListableBeanFactory.java:1353) ~[spring-beans-6.1.12.jar:6.1.12]
	at org.springframework.beans.factory.annotation.AutowiredAnnotationBeanPostProcessor$AutowiredFieldElement.resolveFieldValue(AutowiredAnnotationBeanPostProcessor.java:785) ~[spring-beans-6.1.12.jar:6.1.12]
	at org.springframework.beans.factory.annotation.AutowiredAnnotationBeanPostProcessor$AutowiredFieldElement.inject(AutowiredAnnotationBeanPostProcessor.java:768) ~[spring-beans-6.1.12.jar:6.1.12]
	at org.springframework.beans.factory.annotation.InjectionMetadata.inject(InjectionMetadata.java:145) ~[spring-beans-6.1.12.jar:6.1.12]
	at org.springframework.beans.factory.annotation.AutowiredAnnotationBeanPostProcessor.postProcessProperties(AutowiredAnnotationBeanPostProcessor.java:509) ~[spring-beans-6.1.12.jar:6.1.12]
	at org.springframework.beans.factory.support.AbstractAutowireCapableBeanFactory.populateBean(AbstractAutowireCapableBeanFactory.java:1439) ~[spring-beans-6.1.12.jar:6.1.12]
	at org.springframework.beans.factory.support.AbstractAutowireCapableBeanFactory.doCreateBean(AbstractAutowireCapableBeanFactory.java:599) ~[spring-beans-6.1.12.jar:6.1.12]
	at org.springframework.beans.factory.support.AbstractAutowireCapableBeanFactory.createBean(AbstractAutowireCapableBeanFactory.java:522) ~[spring-beans-6.1.12.jar:6.1.12]
	at org.springframework.beans.factory.support.AbstractBeanFactory.lambda$doGetBean$0(AbstractBeanFactory.java:337) ~[spring-beans-6.1.12.jar:6.1.12]
	at org.springframework.beans.factory.support.DefaultSingletonBeanRegistry.getSingleton(DefaultSingletonBeanRegistry.java:234) ~[spring-beans-6.1.12.jar:6.1.12]
	at org.springframework.beans.factory.support.AbstractBeanFactory.doGetBean(AbstractBeanFactory.java:335) ~[spring-beans-6.1.12.jar:6.1.12]
	at org.springframework.beans.factory.support.AbstractBeanFactory.getBean(AbstractBeanFactory.java:200) ~[spring-beans-6.1.12.jar:6.1.12]
	at org.springframework.beans.factory.config.DependencyDescriptor.resolveCandidate(DependencyDescriptor.java:254) ~[spring-beans-6.1.12.jar:6.1.12]
	at org.springframework.beans.factory.support.DefaultListableBeanFactory.doResolveDependency(DefaultListableBeanFactory.java:1443) ~[spring-beans-6.1.12.jar:6.1.12]
	at org.springframework.beans.factory.support.DefaultListableBeanFactory.resolveDependency(DefaultListableBeanFactory.java:1353) ~[spring-beans-6.1.12.jar:6.1.12]
	at org.springframework.beans.factory.annotation.AutowiredAnnotationBeanPostProcessor$AutowiredFieldElement.resolveFieldValue(AutowiredAnnotationBeanPostProcessor.java:785) ~[spring-beans-6.1.12.jar:6.1.12]
	at org.springframework.beans.factory.annotation.AutowiredAnnotationBeanPostProcessor$AutowiredFieldElement.inject(AutowiredAnnotationBeanPostProcessor.java:768) ~[spring-beans-6.1.12.jar:6.1.12]
	at org.springframework.beans.factory.annotation.InjectionMetadata.inject(InjectionMetadata.java:145) ~[spring-beans-6.1.12.jar:6.1.12]
	at org.springframework.beans.factory.annotation.AutowiredAnnotationBeanPostProcessor.postProcessProperties(AutowiredAnnotationBeanPostProcessor.java:509) ~[spring-beans-6.1.12.jar:6.1.12]
	at org.springframework.beans.factory.support.AbstractAutowireCapableBeanFactory.populateBean(AbstractAutowireCapableBeanFactory.java:1439) ~[spring-beans-6.1.12.jar:6.1.12]
	at org.springframework.beans.factory.support.AbstractAutowireCapableBeanFactory.doCreateBean(AbstractAutowireCapableBeanFactory.java:599) ~[spring-beans-6.1.12.jar:6.1.12]
	at org.springframework.beans.factory.support.AbstractAutowireCapableBeanFactory.createBean(AbstractAutowireCapableBeanFactory.java:522) ~[spring-beans-6.1.12.jar:6.1.12]
	at org.springframework.beans.factory.support.AbstractBeanFactory.lambda$doGetBean$0(AbstractBeanFactory.java:337) ~[spring-beans-6.1.12.jar:6.1.12]
	at org.springframework.beans.factory.support.DefaultSingletonBeanRegistry.getSingleton(DefaultSingletonBeanRegistry.java:234) ~[spring-beans-6.1.12.jar:6.1.12]
	at org.springframework.beans.factory.support.AbstractBeanFactory.doGetBean(AbstractBeanFactory.java:335) ~[spring-beans-6.1.12.jar:6.1.12]
	at org.springframework.beans.factory.support.AbstractBeanFactory.getBean(AbstractBeanFactory.java:200) ~[spring-beans-6.1.12.jar:6.1.12]
	at org.springframework.beans.factory.config.DependencyDescriptor.resolveCandidate(DependencyDescriptor.java:254) ~[spring-beans-6.1.12.jar:6.1.12]
	at org.springframework.beans.factory.support.DefaultListableBeanFactory.doResolveDependency(DefaultListableBeanFactory.java:1443) ~[spring-beans-6.1.12.jar:6.1.12]
	at org.springframework.beans.factory.support.DefaultListableBeanFactory.resolveDependency(DefaultListableBeanFactory.java:1353) ~[spring-beans-6.1.12.jar:6.1.12]
	at org.springframework.beans.factory.annotation.AutowiredAnnotationBeanPostProcessor$AutowiredFieldElement.resolveFieldValue(AutowiredAnnotationBeanPostProcessor.java:785) ~[spring-beans-6.1.12.jar:6.1.12]
	at org.springframework.beans.factory.annotation.AutowiredAnnotationBeanPostProcessor$AutowiredFieldElement.inject(AutowiredAnnotationBeanPostProcessor.java:768) ~[spring-beans-6.1.12.jar:6.1.12]
	at org.springframework.beans.factory.annotation.InjectionMetadata.inject(InjectionMetadata.java:145) ~[spring-beans-6.1.12.jar:6.1.12]
	at org.springframework.beans.factory.annotation.AutowiredAnnotationBeanPostProcessor.postProcessProperties(AutowiredAnnotationBeanPostProcessor.java:509) ~[spring-beans-6.1.12.jar:6.1.12]
	at org.springframework.beans.factory.support.AbstractAutowireCapableBeanFactory.populateBean(AbstractAutowireCapableBeanFactory.java:1439) ~[spring-beans-6.1.12.jar:6.1.12]
	at org.springframework.beans.factory.support.AbstractAutowireCapableBeanFactory.doCreateBean(AbstractAutowireCapableBeanFactory.java:599) ~[spring-beans-6.1.12.jar:6.1.12]
	at org.springframework.beans.factory.support.AbstractAutowireCapableBeanFactory.createBean(AbstractAutowireCapableBeanFactory.java:522) ~[spring-beans-6.1.12.jar:6.1.12]
	at org.springframework.beans.factory.support.AbstractBeanFactory.lambda$doGetBean$0(AbstractBeanFactory.java:337) ~[spring-beans-6.1.12.jar:6.1.12]
	at org.springframework.beans.factory.support.DefaultSingletonBeanRegistry.getSingleton(DefaultSingletonBeanRegistry.java:234) ~[spring-beans-6.1.12.jar:6.1.12]
	at org.springframework.beans.factory.support.AbstractBeanFactory.doGetBean(AbstractBeanFactory.java:335) ~[spring-beans-6.1.12.jar:6.1.12]
	at org.springframework.beans.factory.support.AbstractBeanFactory.getBean(AbstractBeanFactory.java:200) ~[spring-beans-6.1.12.jar:6.1.12]
	at org.springframework.beans.factory.support.DefaultListableBeanFactory.preInstantiateSingletons(DefaultListableBeanFactory.java:975) ~[spring-beans-6.1.12.jar:6.1.12]
	at org.springframework.context.support.AbstractApplicationContext.finishBeanFactoryInitialization(AbstractApplicationContext.java:971) ~[spring-context-6.1.12.jar:6.1.12]
	at org.springframework.context.support.AbstractApplicationContext.refresh(AbstractApplicationContext.java:625) ~[spring-context-6.1.12.jar:6.1.12]
	at org.springframework.boot.SpringApplication.refresh(SpringApplication.java:754) ~[spring-boot-3.3.3.jar:3.3.3]
	at org.springframework.boot.SpringApplication.refreshContext(SpringApplication.java:456) ~[spring-boot-3.3.3.jar:3.3.3]
	at org.springframework.boot.SpringApplication.run(SpringApplication.java:335) ~[spring-boot-3.3.3.jar:3.3.3]
	at org.springframework.boot.test.context.SpringBootContextLoader.lambda$loadContext$3(SpringBootContextLoader.java:137) ~[spring-boot-test-3.3.3.jar:3.3.3]
	at org.springframework.util.function.ThrowingSupplier.get(ThrowingSupplier.java:58) ~[spring-core-6.1.12.jar:6.1.12]
	at org.springframework.util.function.ThrowingSupplier.get(ThrowingSupplier.java:46) ~[spring-core-6.1.12.jar:6.1.12]
	at org.springframework.boot.SpringApplication.withHook(SpringApplication.java:1463) ~[spring-boot-3.3.3.jar:3.3.3]
	at org.springframework.boot.test.context.SpringBootContextLoader$ContextLoaderHook.run(SpringBootContextLoader.java:553) ~[spring-boot-test-3.3.3.jar:3.3.3]
	at org.springframework.boot.test.context.SpringBootContextLoader.loadContext(SpringBootContextLoader.java:137) ~[spring-boot-test-3.3.3.jar:3.3.3]
	at org.springframework.boot.test.context.SpringBootContextLoader.loadContext(SpringBootContextLoader.java:108) ~[spring-boot-test-3.3.3.jar:3.3.3]
	at org.springframework.test.context.cache.DefaultCacheAwareContextLoaderDelegate.loadContextInternal(DefaultCacheAwareContextLoaderDelegate.java:225) ~[spring-test-6.1.12.jar:6.1.12]
	at org.springframework.test.context.cache.DefaultCacheAwareContextLoaderDelegate.loadContext(DefaultCacheAwareContextLoaderDelegate.java:152) ~[spring-test-6.1.12.jar:6.1.12]
	at org.springframework.test.context.support.DefaultTestContext.getApplicationContext(DefaultTestContext.java:130) ~[spring-test-6.1.12.jar:6.1.12]
	at org.springframework.test.context.web.ServletTestExecutionListener.setUpRequestContextIfNecessary(ServletTestExecutionListener.java:191) ~[spring-test-6.1.12.jar:6.1.12]
	at org.springframework.test.context.web.ServletTestExecutionListener.prepareTestInstance(ServletTestExecutionListener.java:130) ~[spring-test-6.1.12.jar:6.1.12]
	at org.springframework.test.context.TestContextManager.prepareTestInstance(TestContextManager.java:260) ~[spring-test-6.1.12.jar:6.1.12]
	at org.springframework.test.context.junit.jupiter.SpringExtension.postProcessTestInstance(SpringExtension.java:163) ~[spring-test-6.1.12.jar:6.1.12]
	at org.junit.jupiter.engine.descriptor.ClassBasedTestDescriptor.lambda$invokeTestInstancePostProcessors$10(ClassBasedTestDescriptor.java:378) ~[junit-jupiter-engine-5.10.3.jar:5.10.3]
	at org.junit.jupiter.engine.descriptor.ClassBasedTestDescriptor.executeAndMaskThrowable(ClassBasedTestDescriptor.java:383) ~[junit-jupiter-engine-5.10.3.jar:5.10.3]
	at org.junit.jupiter.engine.descriptor.ClassBasedTestDescriptor.lambda$invokeTestInstancePostProcessors$11(ClassBasedTestDescriptor.java:378) ~[junit-jupiter-engine-5.10.3.jar:5.10.3]
	at java.base/java.util.stream.ReferencePipeline$3$1.accept(ReferencePipeline.java:197) ~[na:na]
	at java.base/java.util.stream.ReferencePipeline$2$1.accept(ReferencePipeline.java:179) ~[na:na]
	at java.base/java.util.ArrayList$ArrayListSpliterator.forEachRemaining(ArrayList.java:1708) ~[na:na]
	at java.base/java.util.stream.AbstractPipeline.copyInto(AbstractPipeline.java:509) ~[na:na]
	at java.base/java.util.stream.AbstractPipeline.wrapAndCopyInto(AbstractPipeline.java:499) ~[na:na]
	at java.base/java.util.stream.StreamSpliterators$WrappingSpliterator.forEachRemaining(StreamSpliterators.java:310) ~[na:na]
	at java.base/java.util.stream.Streams$ConcatSpliterator.forEachRemaining(Streams.java:735) ~[na:na]
	at java.base/java.util.stream.Streams$ConcatSpliterator.forEachRemaining(Streams.java:734) ~[na:na]
	at java.base/java.util.stream.ReferencePipeline$Head.forEach(ReferencePipeline.java:762) ~[na:na]
	at org.junit.jupiter.engine.descriptor.ClassBasedTestDescriptor.invokeTestInstancePostProcessors(ClassBasedTestDescriptor.java:377) ~[junit-jupiter-engine-5.10.3.jar:5.10.3]
	at org.junit.jupiter.engine.descriptor.ClassBasedTestDescriptor.lambda$instantiateAndPostProcessTestInstance$6(ClassBasedTestDescriptor.java:290) ~[junit-jupiter-engine-5.10.3.jar:5.10.3]
	at org.junit.platform.engine.support.hierarchical.ThrowableCollector.execute(ThrowableCollector.java:73) ~[junit-platform-engine-1.10.3.jar:1.10.3]
	at org.junit.jupiter.engine.descriptor.ClassBasedTestDescriptor.instantiateAndPostProcessTestInstance(ClassBasedTestDescriptor.java:289) ~[junit-jupiter-engine-5.10.3.jar:5.10.3]
	at org.junit.jupiter.engine.descriptor.ClassBasedTestDescriptor.lambda$testInstancesProvider$4(ClassBasedTestDescriptor.java:279) ~[junit-jupiter-engine-5.10.3.jar:5.10.3]
	at java.base/java.util.Optional.orElseGet(Optional.java:364) ~[na:na]
	at org.junit.jupiter.engine.descriptor.ClassBasedTestDescriptor.lambda$testInstancesProvider$5(ClassBasedTestDescriptor.java:278) ~[junit-jupiter-engine-5.10.3.jar:5.10.3]
	at org.junit.jupiter.engine.execution.TestInstancesProvider.getTestInstances(TestInstancesProvider.java:31) ~[junit-jupiter-engine-5.10.3.jar:5.10.3]
	at org.junit.jupiter.engine.descriptor.TestMethodTestDescriptor.lambda$prepare$0(TestMethodTestDescriptor.java:106) ~[junit-jupiter-engine-5.10.3.jar:5.10.3]
	at org.junit.platform.engine.support.hierarchical.ThrowableCollector.execute(ThrowableCollector.java:73) ~[junit-platform-engine-1.10.3.jar:1.10.3]
	at org.junit.jupiter.engine.descriptor.TestMethodTestDescriptor.prepare(TestMethodTestDescriptor.java:105) ~[junit-jupiter-engine-5.10.3.jar:5.10.3]
	at org.junit.jupiter.engine.descriptor.TestMethodTestDescriptor.prepare(TestMethodTestDescriptor.java:69) ~[junit-jupiter-engine-5.10.3.jar:5.10.3]
	at org.junit.platform.engine.support.hierarchical.NodeTestTask.lambda$prepare$2(NodeTestTask.java:123) ~[junit-platform-engine-1.10.3.jar:1.10.3]
	at org.junit.platform.engine.support.hierarchical.ThrowableCollector.execute(ThrowableCollector.java:73) ~[junit-platform-engine-1.10.3.jar:1.10.3]
	at org.junit.platform.engine.support.hierarchical.NodeTestTask.prepare(NodeTestTask.java:123) ~[junit-platform-engine-1.10.3.jar:1.10.3]
	at org.junit.platform.engine.support.hierarchical.NodeTestTask.execute(NodeTestTask.java:90) ~[junit-platform-engine-1.10.3.jar:1.10.3]
	at java.base/java.util.ArrayList.forEach(ArrayList.java:1596) ~[na:na]
	at org.junit.platform.engine.support.hierarchical.SameThreadHierarchicalTestExecutorService.invokeAll(SameThreadHierarchicalTestExecutorService.java:41) ~[junit-platform-engine-1.10.3.jar:1.10.3]
	at org.junit.platform.engine.support.hierarchical.NodeTestTask.lambda$executeRecursively$6(NodeTestTask.java:155) ~[junit-platform-engine-1.10.3.jar:1.10.3]
	at org.junit.platform.engine.support.hierarchical.ThrowableCollector.execute(ThrowableCollector.java:73) ~[junit-platform-engine-1.10.3.jar:1.10.3]
	at org.junit.platform.engine.support.hierarchical.NodeTestTask.lambda$executeRecursively$8(NodeTestTask.java:141) ~[junit-platform-engine-1.10.3.jar:1.10.3]
	at org.junit.platform.engine.support.hierarchical.Node.around(Node.java:137) ~[junit-platform-engine-1.10.3.jar:1.10.3]
	at org.junit.platform.engine.support.hierarchical.NodeTestTask.lambda$executeRecursively$9(NodeTestTask.java:139) ~[junit-platform-engine-1.10.3.jar:1.10.3]
	at org.junit.platform.engine.support.hierarchical.ThrowableCollector.execute(ThrowableCollector.java:73) ~[junit-platform-engine-1.10.3.jar:1.10.3]
	at org.junit.platform.engine.support.hierarchical.NodeTestTask.executeRecursively(NodeTestTask.java:138) ~[junit-platform-engine-1.10.3.jar:1.10.3]
	at org.junit.platform.engine.support.hierarchical.NodeTestTask.execute(NodeTestTask.java:95) ~[junit-platform-engine-1.10.3.jar:1.10.3]
	at java.base/java.util.ArrayList.forEach(ArrayList.java:1596) ~[na:na]
	at org.junit.platform.engine.support.hierarchical.SameThreadHierarchicalTestExecutorService.invokeAll(SameThreadHierarchicalTestExecutorService.java:41) ~[junit-platform-engine-1.10.3.jar:1.10.3]
	at org.junit.platform.engine.support.hierarchical.NodeTestTask.lambda$executeRecursively$6(NodeTestTask.java:155) ~[junit-platform-engine-1.10.3.jar:1.10.3]
	at org.junit.platform.engine.support.hierarchical.ThrowableCollector.execute(ThrowableCollector.java:73) ~[junit-platform-engine-1.10.3.jar:1.10.3]
	at org.junit.platform.engine.support.hierarchical.NodeTestTask.lambda$executeRecursively$8(NodeTestTask.java:141) ~[junit-platform-engine-1.10.3.jar:1.10.3]
	at org.junit.platform.engine.support.hierarchical.Node.around(Node.java:137) ~[junit-platform-engine-1.10.3.jar:1.10.3]
	at org.junit.platform.engine.support.hierarchical.NodeTestTask.lambda$executeRecursively$9(NodeTestTask.java:139) ~[junit-platform-engine-1.10.3.jar:1.10.3]
	at org.junit.platform.engine.support.hierarchical.ThrowableCollector.execute(ThrowableCollector.java:73) ~[junit-platform-engine-1.10.3.jar:1.10.3]
	at org.junit.platform.engine.support.hierarchical.NodeTestTask.executeRecursively(NodeTestTask.java:138) ~[junit-platform-engine-1.10.3.jar:1.10.3]
	at org.junit.platform.engine.support.hierarchical.NodeTestTask.execute(NodeTestTask.java:95) ~[junit-platform-engine-1.10.3.jar:1.10.3]
	at org.junit.platform.engine.support.hierarchical.SameThreadHierarchicalTestExecutorService.submit(SameThreadHierarchicalTestExecutorService.java:35) ~[junit-platform-engine-1.10.3.jar:1.10.3]
	at org.junit.platform.engine.support.hierarchical.HierarchicalTestExecutor.execute(HierarchicalTestExecutor.java:57) ~[junit-platform-engine-1.10.3.jar:1.10.3]
	at org.junit.platform.engine.support.hierarchical.HierarchicalTestEngine.execute(HierarchicalTestEngine.java:54) ~[junit-platform-engine-1.10.3.jar:1.10.3]
	at org.junit.platform.launcher.core.EngineExecutionOrchestrator.execute(EngineExecutionOrchestrator.java:198) ~[junit-platform-launcher-1.10.3.jar:1.10.3]
	at org.junit.platform.launcher.core.EngineExecutionOrchestrator.execute(EngineExecutionOrchestrator.java:169) ~[junit-platform-launcher-1.10.3.jar:1.10.3]
	at org.junit.platform.launcher.core.EngineExecutionOrchestrator.execute(EngineExecutionOrchestrator.java:93) ~[junit-platform-launcher-1.10.3.jar:1.10.3]
	at org.junit.platform.launcher.core.EngineExecutionOrchestrator.lambda$execute$0(EngineExecutionOrchestrator.java:58) ~[junit-platform-launcher-1.10.3.jar:1.10.3]
	at org.junit.platform.launcher.core.EngineExecutionOrchestrator.withInterceptedStreams(EngineExecutionOrchestrator.java:141) ~[junit-platform-launcher-1.10.3.jar:1.10.3]
	at org.junit.platform.launcher.core.EngineExecutionOrchestrator.execute(EngineExecutionOrchestrator.java:57) ~[junit-platform-launcher-1.10.3.jar:1.10.3]
	at org.junit.platform.launcher.core.DefaultLauncher.execute(DefaultLauncher.java:103) ~[junit-platform-launcher-1.10.3.jar:1.10.3]
	at org.junit.platform.launcher.core.DefaultLauncher.execute(DefaultLauncher.java:85) ~[junit-platform-launcher-1.10.3.jar:1.10.3]
	at org.junit.platform.launcher.core.DelegatingLauncher.execute(DelegatingLauncher.java:47) ~[junit-platform-launcher-1.10.3.jar:1.10.3]
	at org.apache.maven.surefire.junitplatform.LazyLauncher.execute(LazyLauncher.java:56) ~[surefire-junit-platform-3.2.5.jar:3.2.5]
	at org.apache.maven.surefire.junitplatform.JUnitPlatformProvider.execute(JUnitPlatformProvider.java:184) ~[surefire-junit-platform-3.2.5.jar:3.2.5]
	at org.apache.maven.surefire.junitplatform.JUnitPlatformProvider.invokeAllTests(JUnitPlatformProvider.java:148) ~[surefire-junit-platform-3.2.5.jar:3.2.5]
	at org.apache.maven.surefire.junitplatform.JUnitPlatformProvider.invoke(JUnitPlatformProvider.java:122) ~[surefire-junit-platform-3.2.5.jar:3.2.5]
	at org.apache.maven.surefire.booter.ForkedBooter.runSuitesInProcess(ForkedBooter.java:385) ~[surefire-booter-3.2.5.jar:3.2.5]
	at org.apache.maven.surefire.booter.ForkedBooter.execute(ForkedBooter.java:162) ~[surefire-booter-3.2.5.jar:3.2.5]
	at org.apache.maven.surefire.booter.ForkedBooter.run(ForkedBooter.java:507) ~[surefire-booter-3.2.5.jar:3.2.5]
	at org.apache.maven.surefire.booter.ForkedBooter.main(ForkedBooter.java:495) ~[surefire-booter-3.2.5.jar:3.2.5]

2025-07-14T13:26:45.878+05:30 DEBUG 17208 --- [Fashion-Nest-Application] [           main] tor$SharedEntityManagerInvocationHandler : Creating new EntityManager for shared EntityManager invocation
2025-07-14T13:26:45.883+05:30 DEBUG 17208 --- [Fashion-Nest-Application] [           main] org.hibernate.orm.query.hql              : HQL : SELECT ci FROM CartItem ci WHERE ci.cart = :cart AND ci.product = :product AND ci.size = :size AND ci.userId = :userId
2025-07-14T13:26:45.899+05:30 DEBUG 17208 --- [Fashion-Nest-Application] [           main] o.h.o.q.hql.reservedWordAsIdentifier     : Encountered use of reserved word as identifier : =
2025-07-14T13:26:45.900+05:30 DEBUG 17208 --- [Fashion-Nest-Application] [           main] o.h.o.q.hql.reservedWordAsIdentifier     : Encountered use of reserved word as identifier : AND
2025-07-14T13:26:45.903+05:30 DEBUG 17208 --- [Fashion-Nest-Application] [           main] org.hibernate.orm.query.sqm.creation     : Applying inferable type to SqmExpression [SqmNamedParameter(cart)] : null -> com.fashionnest.Fashion_Nest_Application.model.CartItem#cart(MANY_TO_ONE)
2025-07-14T13:26:45.903+05:30 DEBUG 17208 --- [Fashion-Nest-Application] [           main] org.hibernate.orm.query.sqm.creation     : Applying inferable type to SqmExpression [SqmNamedParameter(product)] : null -> com.fashionnest.Fashion_Nest_Application.model.CartItem#product(MANY_TO_ONE)
2025-07-14T13:26:45.904+05:30 DEBUG 17208 --- [Fashion-Nest-Application] [           main] org.hibernate.orm.query.sqm.creation     : Applying inferable type to SqmExpression [SqmNamedParameter(size)] : null -> SqmBasicValuedSimplePath(com.fashionnest.Fashion_Nest_Application.model.CartItem(ci).size)
2025-07-14T13:26:45.905+05:30 DEBUG 17208 --- [Fashion-Nest-Application] [           main] org.hibernate.orm.query.sqm.creation     : Applying inferable type to SqmExpression [SqmNamedParameter(userId)] : null -> SqmBasicValuedSimplePath(com.fashionnest.Fashion_Nest_Application.model.CartItem(ci).userId)
2025-07-14T13:26:45.906+05:30 DEBUG 17208 --- [Fashion-Nest-Application] [           main] org.hibernate.orm.query.sqm.ast          : SqmStatement Tree :
    -> [select]
      -> [query-spec]
        -> [select]
          -> [selection]
            -> [root] - `com.fashionnest.Fashion_Nest_Application.model.CartItem(ci)`
            <- [root] - `com.fashionnest.Fashion_Nest_Application.model.CartItem(ci)`
          <- [selection]
        <- [select]
        -> [from]
          -> [root] - `com.fashionnest.Fashion_Nest_Application.model.CartItem(ci)`
          <- [root] - `com.fashionnest.Fashion_Nest_Application.model.CartItem(ci)`
        <- [from]
        -> [where]
          -> [and]
            -> [EQUAL]
                -> [entity-path] - `com.fashionnest.Fashion_Nest_Application.model.CartItem(ci).cart`
                :cart
            <- [EQUAL]
            -> [EQUAL]
                -> [entity-path] - `com.fashionnest.Fashion_Nest_Application.model.CartItem(ci).product`
                :product
            <- [EQUAL]
            -> [EQUAL]
                -> [basic-path] - `com.fashionnest.Fashion_Nest_Application.model.CartItem(ci).size`
                :size
            <- [EQUAL]
            -> [EQUAL]
                -> [basic-path] - `com.fashionnest.Fashion_Nest_Application.model.CartItem(ci).userId`
                :userId
            <- [EQUAL]
          <- [and]
        <- [where]
      <- [query-spec]
    <- [select]

2025-07-14T13:26:45.929+05:30 DEBUG 17208 --- [Fashion-Nest-Application] [           main] tor$SharedEntityManagerInvocationHandler : Creating new EntityManager for shared EntityManager invocation
2025-07-14T13:26:45.930+05:30 DEBUG 17208 --- [Fashion-Nest-Application] [           main] tor$SharedEntityManagerInvocationHandler : Creating new EntityManager for shared EntityManager invocation
2025-07-14T13:26:45.942+05:30 DEBUG 17208 --- [Fashion-Nest-Application] [           main] cResourceLocalTransactionCoordinatorImpl : JDBC transaction marked for rollback-only (exception provided for stack trace)

java.lang.Exception: exception just for purpose of providing stack trace
	at org.hibernate.resource.transaction.backend.jdbc.internal.JdbcResourceLocalTransactionCoordinatorImpl$TransactionDriverControlImpl.markRollbackOnly(JdbcResourceLocalTransactionCoordinatorImpl.java:309) ~[hibernate-core-6.5.2.Final.jar:6.5.2.Final]
	at org.hibernate.internal.AbstractSharedSessionContract.buildNamedQuery(AbstractSharedSessionContract.java:1109) ~[hibernate-core-6.5.2.Final.jar:6.5.2.Final]
	at org.hibernate.internal.AbstractSharedSessionContract.createNamedQuery(AbstractSharedSessionContract.java:987) ~[hibernate-core-6.5.2.Final.jar:6.5.2.Final]
	at org.hibernate.internal.AbstractSharedSessionContract.createNamedQuery(AbstractSharedSessionContract.java:140) ~[hibernate-core-6.5.2.Final.jar:6.5.2.Final]
	at java.base/jdk.internal.reflect.DirectMethodHandleAccessor.invoke(DirectMethodHandleAccessor.java:103) ~[na:na]
	at java.base/java.lang.reflect.Method.invoke(Method.java:580) ~[na:na]
	at org.springframework.orm.jpa.ExtendedEntityManagerCreator$ExtendedEntityManagerInvocationHandler.invoke(ExtendedEntityManagerCreator.java:364) ~[spring-orm-6.1.12.jar:6.1.12]
	at jdk.proxy2/jdk.proxy2.$Proxy139.createNamedQuery(Unknown Source) ~[na:na]
	at org.springframework.data.jpa.repository.query.NamedQuery.hasNamedQuery(NamedQuery.java:112) ~[spring-data-jpa-3.3.3.jar:3.3.3]
	at org.springframework.data.jpa.repository.query.NamedQuery.lookupFrom(NamedQuery.java:138) ~[spring-data-jpa-3.3.3.jar:3.3.3]
	at org.springframework.data.jpa.repository.query.JpaQueryLookupStrategy$DeclaredQueryLookupStrategy.resolveQuery(JpaQueryLookupStrategy.java:180) ~[spring-data-jpa-3.3.3.jar:3.3.3]
	at org.springframework.data.jpa.repository.query.JpaQueryLookupStrategy$CreateIfNotFoundQueryLookupStrategy.resolveQuery(JpaQueryLookupStrategy.java:252) ~[spring-data-jpa-3.3.3.jar:3.3.3]
	at org.springframework.data.jpa.repository.query.JpaQueryLookupStrategy$AbstractQueryLookupStrategy.resolveQuery(JpaQueryLookupStrategy.java:95) ~[spring-data-jpa-3.3.3.jar:3.3.3]
	at org.springframework.data.repository.core.support.QueryExecutorMethodInterceptor.lookupQuery(QueryExecutorMethodInterceptor.java:115) ~[spring-data-commons-3.3.3.jar:3.3.3]
	at org.springframework.data.repository.core.support.QueryExecutorMethodInterceptor.mapMethodsToQuery(QueryExecutorMethodInterceptor.java:103) ~[spring-data-commons-3.3.3.jar:3.3.3]
	at org.springframework.data.repository.core.support.QueryExecutorMethodInterceptor.lambda$new$0(QueryExecutorMethodInterceptor.java:92) ~[spring-data-commons-3.3.3.jar:3.3.3]
	at java.base/java.util.Optional.map(Optional.java:260) ~[na:na]
	at org.springframework.data.repository.core.support.QueryExecutorMethodInterceptor.<init>(QueryExecutorMethodInterceptor.java:92) ~[spring-data-commons-3.3.3.jar:3.3.3]
	at org.springframework.data.repository.core.support.RepositoryFactorySupport.getRepository(RepositoryFactorySupport.java:357) ~[spring-data-commons-3.3.3.jar:3.3.3]
	at org.springframework.data.repository.core.support.RepositoryFactoryBeanSupport.lambda$afterPropertiesSet$5(RepositoryFactoryBeanSupport.java:286) ~[spring-data-commons-3.3.3.jar:3.3.3]
	at org.springframework.data.util.Lazy.getNullable(Lazy.java:135) ~[spring-data-commons-3.3.3.jar:3.3.3]
	at org.springframework.data.util.Lazy.get(Lazy.java:113) ~[spring-data-commons-3.3.3.jar:3.3.3]
	at org.springframework.data.repository.core.support.RepositoryFactoryBeanSupport.afterPropertiesSet(RepositoryFactoryBeanSupport.java:292) ~[spring-data-commons-3.3.3.jar:3.3.3]
	at org.springframework.data.jpa.repository.support.JpaRepositoryFactoryBean.afterPropertiesSet(JpaRepositoryFactoryBean.java:132) ~[spring-data-jpa-3.3.3.jar:3.3.3]
	at org.springframework.beans.factory.support.AbstractAutowireCapableBeanFactory.invokeInitMethods(AbstractAutowireCapableBeanFactory.java:1853) ~[spring-beans-6.1.12.jar:6.1.12]
	at org.springframework.beans.factory.support.AbstractAutowireCapableBeanFactory.initializeBean(AbstractAutowireCapableBeanFactory.java:1802) ~[spring-beans-6.1.12.jar:6.1.12]
	at org.springframework.beans.factory.support.AbstractAutowireCapableBeanFactory.doCreateBean(AbstractAutowireCapableBeanFactory.java:600) ~[spring-beans-6.1.12.jar:6.1.12]
	at org.springframework.beans.factory.support.AbstractAutowireCapableBeanFactory.createBean(AbstractAutowireCapableBeanFactory.java:522) ~[spring-beans-6.1.12.jar:6.1.12]
	at org.springframework.beans.factory.support.AbstractBeanFactory.lambda$doGetBean$0(AbstractBeanFactory.java:337) ~[spring-beans-6.1.12.jar:6.1.12]
	at org.springframework.beans.factory.support.DefaultSingletonBeanRegistry.getSingleton(DefaultSingletonBeanRegistry.java:234) ~[spring-beans-6.1.12.jar:6.1.12]
	at org.springframework.beans.factory.support.AbstractBeanFactory.doGetBean(AbstractBeanFactory.java:335) ~[spring-beans-6.1.12.jar:6.1.12]
	at org.springframework.beans.factory.support.AbstractBeanFactory.getBean(AbstractBeanFactory.java:200) ~[spring-beans-6.1.12.jar:6.1.12]
	at org.springframework.beans.factory.config.DependencyDescriptor.resolveCandidate(DependencyDescriptor.java:254) ~[spring-beans-6.1.12.jar:6.1.12]
	at org.springframework.beans.factory.support.DefaultListableBeanFactory.doResolveDependency(DefaultListableBeanFactory.java:1443) ~[spring-beans-6.1.12.jar:6.1.12]
	at org.springframework.beans.factory.support.DefaultListableBeanFactory.resolveDependency(DefaultListableBeanFactory.java:1353) ~[spring-beans-6.1.12.jar:6.1.12]
	at org.springframework.beans.factory.annotation.AutowiredAnnotationBeanPostProcessor$AutowiredFieldElement.resolveFieldValue(AutowiredAnnotationBeanPostProcessor.java:785) ~[spring-beans-6.1.12.jar:6.1.12]
	at org.springframework.beans.factory.annotation.AutowiredAnnotationBeanPostProcessor$AutowiredFieldElement.inject(AutowiredAnnotationBeanPostProcessor.java:768) ~[spring-beans-6.1.12.jar:6.1.12]
	at org.springframework.beans.factory.annotation.InjectionMetadata.inject(InjectionMetadata.java:145) ~[spring-beans-6.1.12.jar:6.1.12]
	at org.springframework.beans.factory.annotation.AutowiredAnnotationBeanPostProcessor.postProcessProperties(AutowiredAnnotationBeanPostProcessor.java:509) ~[spring-beans-6.1.12.jar:6.1.12]
	at org.springframework.beans.factory.support.AbstractAutowireCapableBeanFactory.populateBean(AbstractAutowireCapableBeanFactory.java:1439) ~[spring-beans-6.1.12.jar:6.1.12]
	at org.springframework.beans.factory.support.AbstractAutowireCapableBeanFactory.doCreateBean(AbstractAutowireCapableBeanFactory.java:599) ~[spring-beans-6.1.12.jar:6.1.12]
	at org.springframework.beans.factory.support.AbstractAutowireCapableBeanFactory.createBean(AbstractAutowireCapableBeanFactory.java:522) ~[spring-beans-6.1.12.jar:6.1.12]
	at org.springframework.beans.factory.support.AbstractBeanFactory.lambda$doGetBean$0(AbstractBeanFactory.java:337) ~[spring-beans-6.1.12.jar:6.1.12]
	at org.springframework.beans.factory.support.DefaultSingletonBeanRegistry.getSingleton(DefaultSingletonBeanRegistry.java:234) ~[spring-beans-6.1.12.jar:6.1.12]
	at org.springframework.beans.factory.support.AbstractBeanFactory.doGetBean(AbstractBeanFactory.java:335) ~[spring-beans-6.1.12.jar:6.1.12]
	at org.springframework.beans.factory.support.AbstractBeanFactory.getBean(AbstractBeanFactory.java:200) ~[spring-beans-6.1.12.jar:6.1.12]
	at org.springframework.beans.factory.config.DependencyDescriptor.resolveCandidate(DependencyDescriptor.java:254) ~[spring-beans-6.1.12.jar:6.1.12]
	at org.springframework.beans.factory.support.DefaultListableBeanFactory.doResolveDependency(DefaultListableBeanFactory.java:1443) ~[spring-beans-6.1.12.jar:6.1.12]
	at org.springframework.beans.factory.support.DefaultListableBeanFactory.resolveDependency(DefaultListableBeanFactory.java:1353) ~[spring-beans-6.1.12.jar:6.1.12]
	at org.springframework.beans.factory.annotation.AutowiredAnnotationBeanPostProcessor$AutowiredFieldElement.resolveFieldValue(AutowiredAnnotationBeanPostProcessor.java:785) ~[spring-beans-6.1.12.jar:6.1.12]
	at org.springframework.beans.factory.annotation.AutowiredAnnotationBeanPostProcessor$AutowiredFieldElement.inject(AutowiredAnnotationBeanPostProcessor.java:768) ~[spring-beans-6.1.12.jar:6.1.12]
	at org.springframework.beans.factory.annotation.InjectionMetadata.inject(InjectionMetadata.java:145) ~[spring-beans-6.1.12.jar:6.1.12]
	at org.springframework.beans.factory.annotation.AutowiredAnnotationBeanPostProcessor.postProcessProperties(AutowiredAnnotationBeanPostProcessor.java:509) ~[spring-beans-6.1.12.jar:6.1.12]
	at org.springframework.beans.factory.support.AbstractAutowireCapableBeanFactory.populateBean(AbstractAutowireCapableBeanFactory.java:1439) ~[spring-beans-6.1.12.jar:6.1.12]
	at org.springframework.beans.factory.support.AbstractAutowireCapableBeanFactory.doCreateBean(AbstractAutowireCapableBeanFactory.java:599) ~[spring-beans-6.1.12.jar:6.1.12]
	at org.springframework.beans.factory.support.AbstractAutowireCapableBeanFactory.createBean(AbstractAutowireCapableBeanFactory.java:522) ~[spring-beans-6.1.12.jar:6.1.12]
	at org.springframework.beans.factory.support.AbstractBeanFactory.lambda$doGetBean$0(AbstractBeanFactory.java:337) ~[spring-beans-6.1.12.jar:6.1.12]
	at org.springframework.beans.factory.support.DefaultSingletonBeanRegistry.getSingleton(DefaultSingletonBeanRegistry.java:234) ~[spring-beans-6.1.12.jar:6.1.12]
	at org.springframework.beans.factory.support.AbstractBeanFactory.doGetBean(AbstractBeanFactory.java:335) ~[spring-beans-6.1.12.jar:6.1.12]
	at org.springframework.beans.factory.support.AbstractBeanFactory.getBean(AbstractBeanFactory.java:200) ~[spring-beans-6.1.12.jar:6.1.12]
	at org.springframework.beans.factory.config.DependencyDescriptor.resolveCandidate(DependencyDescriptor.java:254) ~[spring-beans-6.1.12.jar:6.1.12]
	at org.springframework.beans.factory.support.DefaultListableBeanFactory.doResolveDependency(DefaultListableBeanFactory.java:1443) ~[spring-beans-6.1.12.jar:6.1.12]
	at org.springframework.beans.factory.support.DefaultListableBeanFactory.resolveDependency(DefaultListableBeanFactory.java:1353) ~[spring-beans-6.1.12.jar:6.1.12]
	at org.springframework.beans.factory.annotation.AutowiredAnnotationBeanPostProcessor$AutowiredFieldElement.resolveFieldValue(AutowiredAnnotationBeanPostProcessor.java:785) ~[spring-beans-6.1.12.jar:6.1.12]
	at org.springframework.beans.factory.annotation.AutowiredAnnotationBeanPostProcessor$AutowiredFieldElement.inject(AutowiredAnnotationBeanPostProcessor.java:768) ~[spring-beans-6.1.12.jar:6.1.12]
	at org.springframework.beans.factory.annotation.InjectionMetadata.inject(InjectionMetadata.java:145) ~[spring-beans-6.1.12.jar:6.1.12]
	at org.springframework.beans.factory.annotation.AutowiredAnnotationBeanPostProcessor.postProcessProperties(AutowiredAnnotationBeanPostProcessor.java:509) ~[spring-beans-6.1.12.jar:6.1.12]
	at org.springframework.beans.factory.support.AbstractAutowireCapableBeanFactory.populateBean(AbstractAutowireCapableBeanFactory.java:1439) ~[spring-beans-6.1.12.jar:6.1.12]
	at org.springframework.beans.factory.support.AbstractAutowireCapableBeanFactory.doCreateBean(AbstractAutowireCapableBeanFactory.java:599) ~[spring-beans-6.1.12.jar:6.1.12]
	at org.springframework.beans.factory.support.AbstractAutowireCapableBeanFactory.createBean(AbstractAutowireCapableBeanFactory.java:522) ~[spring-beans-6.1.12.jar:6.1.12]
	at org.springframework.beans.factory.support.AbstractBeanFactory.lambda$doGetBean$0(AbstractBeanFactory.java:337) ~[spring-beans-6.1.12.jar:6.1.12]
	at org.springframework.beans.factory.support.DefaultSingletonBeanRegistry.getSingleton(DefaultSingletonBeanRegistry.java:234) ~[spring-beans-6.1.12.jar:6.1.12]
	at org.springframework.beans.factory.support.AbstractBeanFactory.doGetBean(AbstractBeanFactory.java:335) ~[spring-beans-6.1.12.jar:6.1.12]
	at org.springframework.beans.factory.support.AbstractBeanFactory.getBean(AbstractBeanFactory.java:200) ~[spring-beans-6.1.12.jar:6.1.12]
	at org.springframework.beans.factory.config.DependencyDescriptor.resolveCandidate(DependencyDescriptor.java:254) ~[spring-beans-6.1.12.jar:6.1.12]
	at org.springframework.beans.factory.support.DefaultListableBeanFactory.doResolveDependency(DefaultListableBeanFactory.java:1443) ~[spring-beans-6.1.12.jar:6.1.12]
	at org.springframework.beans.factory.support.DefaultListableBeanFactory.resolveDependency(DefaultListableBeanFactory.java:1353) ~[spring-beans-6.1.12.jar:6.1.12]
	at org.springframework.beans.factory.annotation.AutowiredAnnotationBeanPostProcessor$AutowiredFieldElement.resolveFieldValue(AutowiredAnnotationBeanPostProcessor.java:785) ~[spring-beans-6.1.12.jar:6.1.12]
	at org.springframework.beans.factory.annotation.AutowiredAnnotationBeanPostProcessor$AutowiredFieldElement.inject(AutowiredAnnotationBeanPostProcessor.java:768) ~[spring-beans-6.1.12.jar:6.1.12]
	at org.springframework.beans.factory.annotation.InjectionMetadata.inject(InjectionMetadata.java:145) ~[spring-beans-6.1.12.jar:6.1.12]
	at org.springframework.beans.factory.annotation.AutowiredAnnotationBeanPostProcessor.postProcessProperties(AutowiredAnnotationBeanPostProcessor.java:509) ~[spring-beans-6.1.12.jar:6.1.12]
	at org.springframework.beans.factory.support.AbstractAutowireCapableBeanFactory.populateBean(AbstractAutowireCapableBeanFactory.java:1439) ~[spring-beans-6.1.12.jar:6.1.12]
	at org.springframework.beans.factory.support.AbstractAutowireCapableBeanFactory.doCreateBean(AbstractAutowireCapableBeanFactory.java:599) ~[spring-beans-6.1.12.jar:6.1.12]
	at org.springframework.beans.factory.support.AbstractAutowireCapableBeanFactory.createBean(AbstractAutowireCapableBeanFactory.java:522) ~[spring-beans-6.1.12.jar:6.1.12]
	at org.springframework.beans.factory.support.AbstractBeanFactory.lambda$doGetBean$0(AbstractBeanFactory.java:337) ~[spring-beans-6.1.12.jar:6.1.12]
	at org.springframework.beans.factory.support.DefaultSingletonBeanRegistry.getSingleton(DefaultSingletonBeanRegistry.java:234) ~[spring-beans-6.1.12.jar:6.1.12]
	at org.springframework.beans.factory.support.AbstractBeanFactory.doGetBean(AbstractBeanFactory.java:335) ~[spring-beans-6.1.12.jar:6.1.12]
	at org.springframework.beans.factory.support.AbstractBeanFactory.getBean(AbstractBeanFactory.java:200) ~[spring-beans-6.1.12.jar:6.1.12]
	at org.springframework.beans.factory.config.DependencyDescriptor.resolveCandidate(DependencyDescriptor.java:254) ~[spring-beans-6.1.12.jar:6.1.12]
	at org.springframework.beans.factory.support.DefaultListableBeanFactory.doResolveDependency(DefaultListableBeanFactory.java:1443) ~[spring-beans-6.1.12.jar:6.1.12]
	at org.springframework.beans.factory.support.DefaultListableBeanFactory.resolveDependency(DefaultListableBeanFactory.java:1353) ~[spring-beans-6.1.12.jar:6.1.12]
	at org.springframework.beans.factory.annotation.AutowiredAnnotationBeanPostProcessor$AutowiredFieldElement.resolveFieldValue(AutowiredAnnotationBeanPostProcessor.java:785) ~[spring-beans-6.1.12.jar:6.1.12]
	at org.springframework.beans.factory.annotation.AutowiredAnnotationBeanPostProcessor$AutowiredFieldElement.inject(AutowiredAnnotationBeanPostProcessor.java:768) ~[spring-beans-6.1.12.jar:6.1.12]
	at org.springframework.beans.factory.annotation.InjectionMetadata.inject(InjectionMetadata.java:145) ~[spring-beans-6.1.12.jar:6.1.12]
	at org.springframework.beans.factory.annotation.AutowiredAnnotationBeanPostProcessor.postProcessProperties(AutowiredAnnotationBeanPostProcessor.java:509) ~[spring-beans-6.1.12.jar:6.1.12]
	at org.springframework.beans.factory.support.AbstractAutowireCapableBeanFactory.populateBean(AbstractAutowireCapableBeanFactory.java:1439) ~[spring-beans-6.1.12.jar:6.1.12]
	at org.springframework.beans.factory.support.AbstractAutowireCapableBeanFactory.doCreateBean(AbstractAutowireCapableBeanFactory.java:599) ~[spring-beans-6.1.12.jar:6.1.12]
	at org.springframework.beans.factory.support.AbstractAutowireCapableBeanFactory.createBean(AbstractAutowireCapableBeanFactory.java:522) ~[spring-beans-6.1.12.jar:6.1.12]
	at org.springframework.beans.factory.support.AbstractBeanFactory.lambda$doGetBean$0(AbstractBeanFactory.java:337) ~[spring-beans-6.1.12.jar:6.1.12]
	at org.springframework.beans.factory.support.DefaultSingletonBeanRegistry.getSingleton(DefaultSingletonBeanRegistry.java:234) ~[spring-beans-6.1.12.jar:6.1.12]
	at org.springframework.beans.factory.support.AbstractBeanFactory.doGetBean(AbstractBeanFactory.java:335) ~[spring-beans-6.1.12.jar:6.1.12]
	at org.springframework.beans.factory.support.AbstractBeanFactory.getBean(AbstractBeanFactory.java:200) ~[spring-beans-6.1.12.jar:6.1.12]
	at org.springframework.beans.factory.support.DefaultListableBeanFactory.preInstantiateSingletons(DefaultListableBeanFactory.java:975) ~[spring-beans-6.1.12.jar:6.1.12]
	at org.springframework.context.support.AbstractApplicationContext.finishBeanFactoryInitialization(AbstractApplicationContext.java:971) ~[spring-context-6.1.12.jar:6.1.12]
	at org.springframework.context.support.AbstractApplicationContext.refresh(AbstractApplicationContext.java:625) ~[spring-context-6.1.12.jar:6.1.12]
	at org.springframework.boot.SpringApplication.refresh(SpringApplication.java:754) ~[spring-boot-3.3.3.jar:3.3.3]
	at org.springframework.boot.SpringApplication.refreshContext(SpringApplication.java:456) ~[spring-boot-3.3.3.jar:3.3.3]
	at org.springframework.boot.SpringApplication.run(SpringApplication.java:335) ~[spring-boot-3.3.3.jar:3.3.3]
	at org.springframework.boot.test.context.SpringBootContextLoader.lambda$loadContext$3(SpringBootContextLoader.java:137) ~[spring-boot-test-3.3.3.jar:3.3.3]
	at org.springframework.util.function.ThrowingSupplier.get(ThrowingSupplier.java:58) ~[spring-core-6.1.12.jar:6.1.12]
	at org.springframework.util.function.ThrowingSupplier.get(ThrowingSupplier.java:46) ~[spring-core-6.1.12.jar:6.1.12]
	at org.springframework.boot.SpringApplication.withHook(SpringApplication.java:1463) ~[spring-boot-3.3.3.jar:3.3.3]
	at org.springframework.boot.test.context.SpringBootContextLoader$ContextLoaderHook.run(SpringBootContextLoader.java:553) ~[spring-boot-test-3.3.3.jar:3.3.3]
	at org.springframework.boot.test.context.SpringBootContextLoader.loadContext(SpringBootContextLoader.java:137) ~[spring-boot-test-3.3.3.jar:3.3.3]
	at org.springframework.boot.test.context.SpringBootContextLoader.loadContext(SpringBootContextLoader.java:108) ~[spring-boot-test-3.3.3.jar:3.3.3]
	at org.springframework.test.context.cache.DefaultCacheAwareContextLoaderDelegate.loadContextInternal(DefaultCacheAwareContextLoaderDelegate.java:225) ~[spring-test-6.1.12.jar:6.1.12]
	at org.springframework.test.context.cache.DefaultCacheAwareContextLoaderDelegate.loadContext(DefaultCacheAwareContextLoaderDelegate.java:152) ~[spring-test-6.1.12.jar:6.1.12]
	at org.springframework.test.context.support.DefaultTestContext.getApplicationContext(DefaultTestContext.java:130) ~[spring-test-6.1.12.jar:6.1.12]
	at org.springframework.test.context.web.ServletTestExecutionListener.setUpRequestContextIfNecessary(ServletTestExecutionListener.java:191) ~[spring-test-6.1.12.jar:6.1.12]
	at org.springframework.test.context.web.ServletTestExecutionListener.prepareTestInstance(ServletTestExecutionListener.java:130) ~[spring-test-6.1.12.jar:6.1.12]
	at org.springframework.test.context.TestContextManager.prepareTestInstance(TestContextManager.java:260) ~[spring-test-6.1.12.jar:6.1.12]
	at org.springframework.test.context.junit.jupiter.SpringExtension.postProcessTestInstance(SpringExtension.java:163) ~[spring-test-6.1.12.jar:6.1.12]
	at org.junit.jupiter.engine.descriptor.ClassBasedTestDescriptor.lambda$invokeTestInstancePostProcessors$10(ClassBasedTestDescriptor.java:378) ~[junit-jupiter-engine-5.10.3.jar:5.10.3]
	at org.junit.jupiter.engine.descriptor.ClassBasedTestDescriptor.executeAndMaskThrowable(ClassBasedTestDescriptor.java:383) ~[junit-jupiter-engine-5.10.3.jar:5.10.3]
	at org.junit.jupiter.engine.descriptor.ClassBasedTestDescriptor.lambda$invokeTestInstancePostProcessors$11(ClassBasedTestDescriptor.java:378) ~[junit-jupiter-engine-5.10.3.jar:5.10.3]
	at java.base/java.util.stream.ReferencePipeline$3$1.accept(ReferencePipeline.java:197) ~[na:na]
	at java.base/java.util.stream.ReferencePipeline$2$1.accept(ReferencePipeline.java:179) ~[na:na]
	at java.base/java.util.ArrayList$ArrayListSpliterator.forEachRemaining(ArrayList.java:1708) ~[na:na]
	at java.base/java.util.stream.AbstractPipeline.copyInto(AbstractPipeline.java:509) ~[na:na]
	at java.base/java.util.stream.AbstractPipeline.wrapAndCopyInto(AbstractPipeline.java:499) ~[na:na]
	at java.base/java.util.stream.StreamSpliterators$WrappingSpliterator.forEachRemaining(StreamSpliterators.java:310) ~[na:na]
	at java.base/java.util.stream.Streams$ConcatSpliterator.forEachRemaining(Streams.java:735) ~[na:na]
	at java.base/java.util.stream.Streams$ConcatSpliterator.forEachRemaining(Streams.java:734) ~[na:na]
	at java.base/java.util.stream.ReferencePipeline$Head.forEach(ReferencePipeline.java:762) ~[na:na]
	at org.junit.jupiter.engine.descriptor.ClassBasedTestDescriptor.invokeTestInstancePostProcessors(ClassBasedTestDescriptor.java:377) ~[junit-jupiter-engine-5.10.3.jar:5.10.3]
	at org.junit.jupiter.engine.descriptor.ClassBasedTestDescriptor.lambda$instantiateAndPostProcessTestInstance$6(ClassBasedTestDescriptor.java:290) ~[junit-jupiter-engine-5.10.3.jar:5.10.3]
	at org.junit.platform.engine.support.hierarchical.ThrowableCollector.execute(ThrowableCollector.java:73) ~[junit-platform-engine-1.10.3.jar:1.10.3]
	at org.junit.jupiter.engine.descriptor.ClassBasedTestDescriptor.instantiateAndPostProcessTestInstance(ClassBasedTestDescriptor.java:289) ~[junit-jupiter-engine-5.10.3.jar:5.10.3]
	at org.junit.jupiter.engine.descriptor.ClassBasedTestDescriptor.lambda$testInstancesProvider$4(ClassBasedTestDescriptor.java:279) ~[junit-jupiter-engine-5.10.3.jar:5.10.3]
	at java.base/java.util.Optional.orElseGet(Optional.java:364) ~[na:na]
	at org.junit.jupiter.engine.descriptor.ClassBasedTestDescriptor.lambda$testInstancesProvider$5(ClassBasedTestDescriptor.java:278) ~[junit-jupiter-engine-5.10.3.jar:5.10.3]
	at org.junit.jupiter.engine.execution.TestInstancesProvider.getTestInstances(TestInstancesProvider.java:31) ~[junit-jupiter-engine-5.10.3.jar:5.10.3]
	at org.junit.jupiter.engine.descriptor.TestMethodTestDescriptor.lambda$prepare$0(TestMethodTestDescriptor.java:106) ~[junit-jupiter-engine-5.10.3.jar:5.10.3]
	at org.junit.platform.engine.support.hierarchical.ThrowableCollector.execute(ThrowableCollector.java:73) ~[junit-platform-engine-1.10.3.jar:1.10.3]
	at org.junit.jupiter.engine.descriptor.TestMethodTestDescriptor.prepare(TestMethodTestDescriptor.java:105) ~[junit-jupiter-engine-5.10.3.jar:5.10.3]
	at org.junit.jupiter.engine.descriptor.TestMethodTestDescriptor.prepare(TestMethodTestDescriptor.java:69) ~[junit-jupiter-engine-5.10.3.jar:5.10.3]
	at org.junit.platform.engine.support.hierarchical.NodeTestTask.lambda$prepare$2(NodeTestTask.java:123) ~[junit-platform-engine-1.10.3.jar:1.10.3]
	at org.junit.platform.engine.support.hierarchical.ThrowableCollector.execute(ThrowableCollector.java:73) ~[junit-platform-engine-1.10.3.jar:1.10.3]
	at org.junit.platform.engine.support.hierarchical.NodeTestTask.prepare(NodeTestTask.java:123) ~[junit-platform-engine-1.10.3.jar:1.10.3]
	at org.junit.platform.engine.support.hierarchical.NodeTestTask.execute(NodeTestTask.java:90) ~[junit-platform-engine-1.10.3.jar:1.10.3]
	at java.base/java.util.ArrayList.forEach(ArrayList.java:1596) ~[na:na]
	at org.junit.platform.engine.support.hierarchical.SameThreadHierarchicalTestExecutorService.invokeAll(SameThreadHierarchicalTestExecutorService.java:41) ~[junit-platform-engine-1.10.3.jar:1.10.3]
	at org.junit.platform.engine.support.hierarchical.NodeTestTask.lambda$executeRecursively$6(NodeTestTask.java:155) ~[junit-platform-engine-1.10.3.jar:1.10.3]
	at org.junit.platform.engine.support.hierarchical.ThrowableCollector.execute(ThrowableCollector.java:73) ~[junit-platform-engine-1.10.3.jar:1.10.3]
	at org.junit.platform.engine.support.hierarchical.NodeTestTask.lambda$executeRecursively$8(NodeTestTask.java:141) ~[junit-platform-engine-1.10.3.jar:1.10.3]
	at org.junit.platform.engine.support.hierarchical.Node.around(Node.java:137) ~[junit-platform-engine-1.10.3.jar:1.10.3]
	at org.junit.platform.engine.support.hierarchical.NodeTestTask.lambda$executeRecursively$9(NodeTestTask.java:139) ~[junit-platform-engine-1.10.3.jar:1.10.3]
	at org.junit.platform.engine.support.hierarchical.ThrowableCollector.execute(ThrowableCollector.java:73) ~[junit-platform-engine-1.10.3.jar:1.10.3]
	at org.junit.platform.engine.support.hierarchical.NodeTestTask.executeRecursively(NodeTestTask.java:138) ~[junit-platform-engine-1.10.3.jar:1.10.3]
	at org.junit.platform.engine.support.hierarchical.NodeTestTask.execute(NodeTestTask.java:95) ~[junit-platform-engine-1.10.3.jar:1.10.3]
	at java.base/java.util.ArrayList.forEach(ArrayList.java:1596) ~[na:na]
	at org.junit.platform.engine.support.hierarchical.SameThreadHierarchicalTestExecutorService.invokeAll(SameThreadHierarchicalTestExecutorService.java:41) ~[junit-platform-engine-1.10.3.jar:1.10.3]
	at org.junit.platform.engine.support.hierarchical.NodeTestTask.lambda$executeRecursively$6(NodeTestTask.java:155) ~[junit-platform-engine-1.10.3.jar:1.10.3]
	at org.junit.platform.engine.support.hierarchical.ThrowableCollector.execute(ThrowableCollector.java:73) ~[junit-platform-engine-1.10.3.jar:1.10.3]
	at org.junit.platform.engine.support.hierarchical.NodeTestTask.lambda$executeRecursively$8(NodeTestTask.java:141) ~[junit-platform-engine-1.10.3.jar:1.10.3]
	at org.junit.platform.engine.support.hierarchical.Node.around(Node.java:137) ~[junit-platform-engine-1.10.3.jar:1.10.3]
	at org.junit.platform.engine.support.hierarchical.NodeTestTask.lambda$executeRecursively$9(NodeTestTask.java:139) ~[junit-platform-engine-1.10.3.jar:1.10.3]
	at org.junit.platform.engine.support.hierarchical.ThrowableCollector.execute(ThrowableCollector.java:73) ~[junit-platform-engine-1.10.3.jar:1.10.3]
	at org.junit.platform.engine.support.hierarchical.NodeTestTask.executeRecursively(NodeTestTask.java:138) ~[junit-platform-engine-1.10.3.jar:1.10.3]
	at org.junit.platform.engine.support.hierarchical.NodeTestTask.execute(NodeTestTask.java:95) ~[junit-platform-engine-1.10.3.jar:1.10.3]
	at org.junit.platform.engine.support.hierarchical.SameThreadHierarchicalTestExecutorService.submit(SameThreadHierarchicalTestExecutorService.java:35) ~[junit-platform-engine-1.10.3.jar:1.10.3]
	at org.junit.platform.engine.support.hierarchical.HierarchicalTestExecutor.execute(HierarchicalTestExecutor.java:57) ~[junit-platform-engine-1.10.3.jar:1.10.3]
	at org.junit.platform.engine.support.hierarchical.HierarchicalTestEngine.execute(HierarchicalTestEngine.java:54) ~[junit-platform-engine-1.10.3.jar:1.10.3]
	at org.junit.platform.launcher.core.EngineExecutionOrchestrator.execute(EngineExecutionOrchestrator.java:198) ~[junit-platform-launcher-1.10.3.jar:1.10.3]
	at org.junit.platform.launcher.core.EngineExecutionOrchestrator.execute(EngineExecutionOrchestrator.java:169) ~[junit-platform-launcher-1.10.3.jar:1.10.3]
	at org.junit.platform.launcher.core.EngineExecutionOrchestrator.execute(EngineExecutionOrchestrator.java:93) ~[junit-platform-launcher-1.10.3.jar:1.10.3]
	at org.junit.platform.launcher.core.EngineExecutionOrchestrator.lambda$execute$0(EngineExecutionOrchestrator.java:58) ~[junit-platform-launcher-1.10.3.jar:1.10.3]
	at org.junit.platform.launcher.core.EngineExecutionOrchestrator.withInterceptedStreams(EngineExecutionOrchestrator.java:141) ~[junit-platform-launcher-1.10.3.jar:1.10.3]
	at org.junit.platform.launcher.core.EngineExecutionOrchestrator.execute(EngineExecutionOrchestrator.java:57) ~[junit-platform-launcher-1.10.3.jar:1.10.3]
	at org.junit.platform.launcher.core.DefaultLauncher.execute(DefaultLauncher.java:103) ~[junit-platform-launcher-1.10.3.jar:1.10.3]
	at org.junit.platform.launcher.core.DefaultLauncher.execute(DefaultLauncher.java:85) ~[junit-platform-launcher-1.10.3.jar:1.10.3]
	at org.junit.platform.launcher.core.DelegatingLauncher.execute(DelegatingLauncher.java:47) ~[junit-platform-launcher-1.10.3.jar:1.10.3]
	at org.apache.maven.surefire.junitplatform.LazyLauncher.execute(LazyLauncher.java:56) ~[surefire-junit-platform-3.2.5.jar:3.2.5]
	at org.apache.maven.surefire.junitplatform.JUnitPlatformProvider.execute(JUnitPlatformProvider.java:184) ~[surefire-junit-platform-3.2.5.jar:3.2.5]
	at org.apache.maven.surefire.junitplatform.JUnitPlatformProvider.invokeAllTests(JUnitPlatformProvider.java:148) ~[surefire-junit-platform-3.2.5.jar:3.2.5]
	at org.apache.maven.surefire.junitplatform.JUnitPlatformProvider.invoke(JUnitPlatformProvider.java:122) ~[surefire-junit-platform-3.2.5.jar:3.2.5]
	at org.apache.maven.surefire.booter.ForkedBooter.runSuitesInProcess(ForkedBooter.java:385) ~[surefire-booter-3.2.5.jar:3.2.5]
	at org.apache.maven.surefire.booter.ForkedBooter.execute(ForkedBooter.java:162) ~[surefire-booter-3.2.5.jar:3.2.5]
	at org.apache.maven.surefire.booter.ForkedBooter.run(ForkedBooter.java:507) ~[surefire-booter-3.2.5.jar:3.2.5]
	at org.apache.maven.surefire.booter.ForkedBooter.main(ForkedBooter.java:495) ~[surefire-booter-3.2.5.jar:3.2.5]

2025-07-14T13:26:45.970+05:30 DEBUG 17208 --- [Fashion-Nest-Application] [           main] tor$SharedEntityManagerInvocationHandler : Creating new EntityManager for shared EntityManager invocation
2025-07-14T13:26:46.006+05:30 DEBUG 17208 --- [Fashion-Nest-Application] [           main] tor$SharedEntityManagerInvocationHandler : Creating new EntityManager for shared EntityManager invocation
2025-07-14T13:26:46.008+05:30 DEBUG 17208 --- [Fashion-Nest-Application] [           main] tor$SharedEntityManagerInvocationHandler : Creating new EntityManager for shared EntityManager invocation
2025-07-14T13:26:46.019+05:30 DEBUG 17208 --- [Fashion-Nest-Application] [           main] cResourceLocalTransactionCoordinatorImpl : JDBC transaction marked for rollback-only (exception provided for stack trace)

java.lang.Exception: exception just for purpose of providing stack trace
	at org.hibernate.resource.transaction.backend.jdbc.internal.JdbcResourceLocalTransactionCoordinatorImpl$TransactionDriverControlImpl.markRollbackOnly(JdbcResourceLocalTransactionCoordinatorImpl.java:309) ~[hibernate-core-6.5.2.Final.jar:6.5.2.Final]
	at org.hibernate.internal.AbstractSharedSessionContract.buildNamedQuery(AbstractSharedSessionContract.java:1109) ~[hibernate-core-6.5.2.Final.jar:6.5.2.Final]
	at org.hibernate.internal.AbstractSharedSessionContract.createNamedQuery(AbstractSharedSessionContract.java:987) ~[hibernate-core-6.5.2.Final.jar:6.5.2.Final]
	at org.hibernate.internal.AbstractSharedSessionContract.createNamedQuery(AbstractSharedSessionContract.java:140) ~[hibernate-core-6.5.2.Final.jar:6.5.2.Final]
	at java.base/jdk.internal.reflect.DirectMethodHandleAccessor.invoke(DirectMethodHandleAccessor.java:103) ~[na:na]
	at java.base/java.lang.reflect.Method.invoke(Method.java:580) ~[na:na]
	at org.springframework.orm.jpa.ExtendedEntityManagerCreator$ExtendedEntityManagerInvocationHandler.invoke(ExtendedEntityManagerCreator.java:364) ~[spring-orm-6.1.12.jar:6.1.12]
	at jdk.proxy2/jdk.proxy2.$Proxy139.createNamedQuery(Unknown Source) ~[na:na]
	at org.springframework.data.jpa.repository.query.NamedQuery.hasNamedQuery(NamedQuery.java:112) ~[spring-data-jpa-3.3.3.jar:3.3.3]
	at org.springframework.data.jpa.repository.query.JpaQueryLookupStrategy$DeclaredQueryLookupStrategy.getCountQuery(JpaQueryLookupStrategy.java:204) ~[spring-data-jpa-3.3.3.jar:3.3.3]
	at org.springframework.data.jpa.repository.query.JpaQueryLookupStrategy$DeclaredQueryLookupStrategy.resolveQuery(JpaQueryLookupStrategy.java:171) ~[spring-data-jpa-3.3.3.jar:3.3.3]
	at org.springframework.data.jpa.repository.query.JpaQueryLookupStrategy$CreateIfNotFoundQueryLookupStrategy.resolveQuery(JpaQueryLookupStrategy.java:252) ~[spring-data-jpa-3.3.3.jar:3.3.3]
	at org.springframework.data.jpa.repository.query.JpaQueryLookupStrategy$AbstractQueryLookupStrategy.resolveQuery(JpaQueryLookupStrategy.java:95) ~[spring-data-jpa-3.3.3.jar:3.3.3]
	at org.springframework.data.repository.core.support.QueryExecutorMethodInterceptor.lookupQuery(QueryExecutorMethodInterceptor.java:115) ~[spring-data-commons-3.3.3.jar:3.3.3]
	at org.springframework.data.repository.core.support.QueryExecutorMethodInterceptor.mapMethodsToQuery(QueryExecutorMethodInterceptor.java:103) ~[spring-data-commons-3.3.3.jar:3.3.3]
	at org.springframework.data.repository.core.support.QueryExecutorMethodInterceptor.lambda$new$0(QueryExecutorMethodInterceptor.java:92) ~[spring-data-commons-3.3.3.jar:3.3.3]
	at java.base/java.util.Optional.map(Optional.java:260) ~[na:na]
	at org.springframework.data.repository.core.support.QueryExecutorMethodInterceptor.<init>(QueryExecutorMethodInterceptor.java:92) ~[spring-data-commons-3.3.3.jar:3.3.3]
	at org.springframework.data.repository.core.support.RepositoryFactorySupport.getRepository(RepositoryFactorySupport.java:357) ~[spring-data-commons-3.3.3.jar:3.3.3]
	at org.springframework.data.repository.core.support.RepositoryFactoryBeanSupport.lambda$afterPropertiesSet$5(RepositoryFactoryBeanSupport.java:286) ~[spring-data-commons-3.3.3.jar:3.3.3]
	at org.springframework.data.util.Lazy.getNullable(Lazy.java:135) ~[spring-data-commons-3.3.3.jar:3.3.3]
	at org.springframework.data.util.Lazy.get(Lazy.java:113) ~[spring-data-commons-3.3.3.jar:3.3.3]
	at org.springframework.data.repository.core.support.RepositoryFactoryBeanSupport.afterPropertiesSet(RepositoryFactoryBeanSupport.java:292) ~[spring-data-commons-3.3.3.jar:3.3.3]
	at org.springframework.data.jpa.repository.support.JpaRepositoryFactoryBean.afterPropertiesSet(JpaRepositoryFactoryBean.java:132) ~[spring-data-jpa-3.3.3.jar:3.3.3]
	at org.springframework.beans.factory.support.AbstractAutowireCapableBeanFactory.invokeInitMethods(AbstractAutowireCapableBeanFactory.java:1853) ~[spring-beans-6.1.12.jar:6.1.12]
	at org.springframework.beans.factory.support.AbstractAutowireCapableBeanFactory.initializeBean(AbstractAutowireCapableBeanFactory.java:1802) ~[spring-beans-6.1.12.jar:6.1.12]
	at org.springframework.beans.factory.support.AbstractAutowireCapableBeanFactory.doCreateBean(AbstractAutowireCapableBeanFactory.java:600) ~[spring-beans-6.1.12.jar:6.1.12]
	at org.springframework.beans.factory.support.AbstractAutowireCapableBeanFactory.createBean(AbstractAutowireCapableBeanFactory.java:522) ~[spring-beans-6.1.12.jar:6.1.12]
	at org.springframework.beans.factory.support.AbstractBeanFactory.lambda$doGetBean$0(AbstractBeanFactory.java:337) ~[spring-beans-6.1.12.jar:6.1.12]
	at org.springframework.beans.factory.support.DefaultSingletonBeanRegistry.getSingleton(DefaultSingletonBeanRegistry.java:234) ~[spring-beans-6.1.12.jar:6.1.12]
	at org.springframework.beans.factory.support.AbstractBeanFactory.doGetBean(AbstractBeanFactory.java:335) ~[spring-beans-6.1.12.jar:6.1.12]
	at org.springframework.beans.factory.support.AbstractBeanFactory.getBean(AbstractBeanFactory.java:200) ~[spring-beans-6.1.12.jar:6.1.12]
	at org.springframework.beans.factory.config.DependencyDescriptor.resolveCandidate(DependencyDescriptor.java:254) ~[spring-beans-6.1.12.jar:6.1.12]
	at org.springframework.beans.factory.support.DefaultListableBeanFactory.doResolveDependency(DefaultListableBeanFactory.java:1443) ~[spring-beans-6.1.12.jar:6.1.12]
	at org.springframework.beans.factory.support.DefaultListableBeanFactory.resolveDependency(DefaultListableBeanFactory.java:1353) ~[spring-beans-6.1.12.jar:6.1.12]
	at org.springframework.beans.factory.annotation.AutowiredAnnotationBeanPostProcessor$AutowiredFieldElement.resolveFieldValue(AutowiredAnnotationBeanPostProcessor.java:785) ~[spring-beans-6.1.12.jar:6.1.12]
	at org.springframework.beans.factory.annotation.AutowiredAnnotationBeanPostProcessor$AutowiredFieldElement.inject(AutowiredAnnotationBeanPostProcessor.java:768) ~[spring-beans-6.1.12.jar:6.1.12]
	at org.springframework.beans.factory.annotation.InjectionMetadata.inject(InjectionMetadata.java:145) ~[spring-beans-6.1.12.jar:6.1.12]
	at org.springframework.beans.factory.annotation.AutowiredAnnotationBeanPostProcessor.postProcessProperties(AutowiredAnnotationBeanPostProcessor.java:509) ~[spring-beans-6.1.12.jar:6.1.12]
	at org.springframework.beans.factory.support.AbstractAutowireCapableBeanFactory.populateBean(AbstractAutowireCapableBeanFactory.java:1439) ~[spring-beans-6.1.12.jar:6.1.12]
	at org.springframework.beans.factory.support.AbstractAutowireCapableBeanFactory.doCreateBean(AbstractAutowireCapableBeanFactory.java:599) ~[spring-beans-6.1.12.jar:6.1.12]
	at org.springframework.beans.factory.support.AbstractAutowireCapableBeanFactory.createBean(AbstractAutowireCapableBeanFactory.java:522) ~[spring-beans-6.1.12.jar:6.1.12]
	at org.springframework.beans.factory.support.AbstractBeanFactory.lambda$doGetBean$0(AbstractBeanFactory.java:337) ~[spring-beans-6.1.12.jar:6.1.12]
	at org.springframework.beans.factory.support.DefaultSingletonBeanRegistry.getSingleton(DefaultSingletonBeanRegistry.java:234) ~[spring-beans-6.1.12.jar:6.1.12]
	at org.springframework.beans.factory.support.AbstractBeanFactory.doGetBean(AbstractBeanFactory.java:335) ~[spring-beans-6.1.12.jar:6.1.12]
	at org.springframework.beans.factory.support.AbstractBeanFactory.getBean(AbstractBeanFactory.java:200) ~[spring-beans-6.1.12.jar:6.1.12]
	at org.springframework.beans.factory.config.DependencyDescriptor.resolveCandidate(DependencyDescriptor.java:254) ~[spring-beans-6.1.12.jar:6.1.12]
	at org.springframework.beans.factory.support.DefaultListableBeanFactory.doResolveDependency(DefaultListableBeanFactory.java:1443) ~[spring-beans-6.1.12.jar:6.1.12]
	at org.springframework.beans.factory.support.DefaultListableBeanFactory.resolveDependency(DefaultListableBeanFactory.java:1353) ~[spring-beans-6.1.12.jar:6.1.12]
	at org.springframework.beans.factory.annotation.AutowiredAnnotationBeanPostProcessor$AutowiredFieldElement.resolveFieldValue(AutowiredAnnotationBeanPostProcessor.java:785) ~[spring-beans-6.1.12.jar:6.1.12]
	at org.springframework.beans.factory.annotation.AutowiredAnnotationBeanPostProcessor$AutowiredFieldElement.inject(AutowiredAnnotationBeanPostProcessor.java:768) ~[spring-beans-6.1.12.jar:6.1.12]
	at org.springframework.beans.factory.annotation.InjectionMetadata.inject(InjectionMetadata.java:145) ~[spring-beans-6.1.12.jar:6.1.12]
	at org.springframework.beans.factory.annotation.AutowiredAnnotationBeanPostProcessor.postProcessProperties(AutowiredAnnotationBeanPostProcessor.java:509) ~[spring-beans-6.1.12.jar:6.1.12]
	at org.springframework.beans.factory.support.AbstractAutowireCapableBeanFactory.populateBean(AbstractAutowireCapableBeanFactory.java:1439) ~[spring-beans-6.1.12.jar:6.1.12]
	at org.springframework.beans.factory.support.AbstractAutowireCapableBeanFactory.doCreateBean(AbstractAutowireCapableBeanFactory.java:599) ~[spring-beans-6.1.12.jar:6.1.12]
	at org.springframework.beans.factory.support.AbstractAutowireCapableBeanFactory.createBean(AbstractAutowireCapableBeanFactory.java:522) ~[spring-beans-6.1.12.jar:6.1.12]
	at org.springframework.beans.factory.support.AbstractBeanFactory.lambda$doGetBean$0(AbstractBeanFactory.java:337) ~[spring-beans-6.1.12.jar:6.1.12]
	at org.springframework.beans.factory.support.DefaultSingletonBeanRegistry.getSingleton(DefaultSingletonBeanRegistry.java:234) ~[spring-beans-6.1.12.jar:6.1.12]
	at org.springframework.beans.factory.support.AbstractBeanFactory.doGetBean(AbstractBeanFactory.java:335) ~[spring-beans-6.1.12.jar:6.1.12]
	at org.springframework.beans.factory.support.AbstractBeanFactory.getBean(AbstractBeanFactory.java:200) ~[spring-beans-6.1.12.jar:6.1.12]
	at org.springframework.beans.factory.config.DependencyDescriptor.resolveCandidate(DependencyDescriptor.java:254) ~[spring-beans-6.1.12.jar:6.1.12]
	at org.springframework.beans.factory.support.DefaultListableBeanFactory.doResolveDependency(DefaultListableBeanFactory.java:1443) ~[spring-beans-6.1.12.jar:6.1.12]
	at org.springframework.beans.factory.support.DefaultListableBeanFactory.resolveDependency(DefaultListableBeanFactory.java:1353) ~[spring-beans-6.1.12.jar:6.1.12]
	at org.springframework.beans.factory.annotation.AutowiredAnnotationBeanPostProcessor$AutowiredFieldElement.resolveFieldValue(AutowiredAnnotationBeanPostProcessor.java:785) ~[spring-beans-6.1.12.jar:6.1.12]
	at org.springframework.beans.factory.annotation.AutowiredAnnotationBeanPostProcessor$AutowiredFieldElement.inject(AutowiredAnnotationBeanPostProcessor.java:768) ~[spring-beans-6.1.12.jar:6.1.12]
	at org.springframework.beans.factory.annotation.InjectionMetadata.inject(InjectionMetadata.java:145) ~[spring-beans-6.1.12.jar:6.1.12]
	at org.springframework.beans.factory.annotation.AutowiredAnnotationBeanPostProcessor.postProcessProperties(AutowiredAnnotationBeanPostProcessor.java:509) ~[spring-beans-6.1.12.jar:6.1.12]
	at org.springframework.beans.factory.support.AbstractAutowireCapableBeanFactory.populateBean(AbstractAutowireCapableBeanFactory.java:1439) ~[spring-beans-6.1.12.jar:6.1.12]
	at org.springframework.beans.factory.support.AbstractAutowireCapableBeanFactory.doCreateBean(AbstractAutowireCapableBeanFactory.java:599) ~[spring-beans-6.1.12.jar:6.1.12]
	at org.springframework.beans.factory.support.AbstractAutowireCapableBeanFactory.createBean(AbstractAutowireCapableBeanFactory.java:522) ~[spring-beans-6.1.12.jar:6.1.12]
	at org.springframework.beans.factory.support.AbstractBeanFactory.lambda$doGetBean$0(AbstractBeanFactory.java:337) ~[spring-beans-6.1.12.jar:6.1.12]
	at org.springframework.beans.factory.support.DefaultSingletonBeanRegistry.getSingleton(DefaultSingletonBeanRegistry.java:234) ~[spring-beans-6.1.12.jar:6.1.12]
	at org.springframework.beans.factory.support.AbstractBeanFactory.doGetBean(AbstractBeanFactory.java:335) ~[spring-beans-6.1.12.jar:6.1.12]
	at org.springframework.beans.factory.support.AbstractBeanFactory.getBean(AbstractBeanFactory.java:200) ~[spring-beans-6.1.12.jar:6.1.12]
	at org.springframework.beans.factory.config.DependencyDescriptor.resolveCandidate(DependencyDescriptor.java:254) ~[spring-beans-6.1.12.jar:6.1.12]
	at org.springframework.beans.factory.support.DefaultListableBeanFactory.doResolveDependency(DefaultListableBeanFactory.java:1443) ~[spring-beans-6.1.12.jar:6.1.12]
	at org.springframework.beans.factory.support.DefaultListableBeanFactory.resolveDependency(DefaultListableBeanFactory.java:1353) ~[spring-beans-6.1.12.jar:6.1.12]
	at org.springframework.beans.factory.annotation.AutowiredAnnotationBeanPostProcessor$AutowiredFieldElement.resolveFieldValue(AutowiredAnnotationBeanPostProcessor.java:785) ~[spring-beans-6.1.12.jar:6.1.12]
	at org.springframework.beans.factory.annotation.AutowiredAnnotationBeanPostProcessor$AutowiredFieldElement.inject(AutowiredAnnotationBeanPostProcessor.java:768) ~[spring-beans-6.1.12.jar:6.1.12]
	at org.springframework.beans.factory.annotation.InjectionMetadata.inject(InjectionMetadata.java:145) ~[spring-beans-6.1.12.jar:6.1.12]
	at org.springframework.beans.factory.annotation.AutowiredAnnotationBeanPostProcessor.postProcessProperties(AutowiredAnnotationBeanPostProcessor.java:509) ~[spring-beans-6.1.12.jar:6.1.12]
	at org.springframework.beans.factory.support.AbstractAutowireCapableBeanFactory.populateBean(AbstractAutowireCapableBeanFactory.java:1439) ~[spring-beans-6.1.12.jar:6.1.12]
	at org.springframework.beans.factory.support.AbstractAutowireCapableBeanFactory.doCreateBean(AbstractAutowireCapableBeanFactory.java:599) ~[spring-beans-6.1.12.jar:6.1.12]
	at org.springframework.beans.factory.support.AbstractAutowireCapableBeanFactory.createBean(AbstractAutowireCapableBeanFactory.java:522) ~[spring-beans-6.1.12.jar:6.1.12]
	at org.springframework.beans.factory.support.AbstractBeanFactory.lambda$doGetBean$0(AbstractBeanFactory.java:337) ~[spring-beans-6.1.12.jar:6.1.12]
	at org.springframework.beans.factory.support.DefaultSingletonBeanRegistry.getSingleton(DefaultSingletonBeanRegistry.java:234) ~[spring-beans-6.1.12.jar:6.1.12]
	at org.springframework.beans.factory.support.AbstractBeanFactory.doGetBean(AbstractBeanFactory.java:335) ~[spring-beans-6.1.12.jar:6.1.12]
	at org.springframework.beans.factory.support.AbstractBeanFactory.getBean(AbstractBeanFactory.java:200) ~[spring-beans-6.1.12.jar:6.1.12]
	at org.springframework.beans.factory.support.DefaultListableBeanFactory.preInstantiateSingletons(DefaultListableBeanFactory.java:975) ~[spring-beans-6.1.12.jar:6.1.12]
	at org.springframework.context.support.AbstractApplicationContext.finishBeanFactoryInitialization(AbstractApplicationContext.java:971) ~[spring-context-6.1.12.jar:6.1.12]
	at org.springframework.context.support.AbstractApplicationContext.refresh(AbstractApplicationContext.java:625) ~[spring-context-6.1.12.jar:6.1.12]
	at org.springframework.boot.SpringApplication.refresh(SpringApplication.java:754) ~[spring-boot-3.3.3.jar:3.3.3]
	at org.springframework.boot.SpringApplication.refreshContext(SpringApplication.java:456) ~[spring-boot-3.3.3.jar:3.3.3]
	at org.springframework.boot.SpringApplication.run(SpringApplication.java:335) ~[spring-boot-3.3.3.jar:3.3.3]
	at org.springframework.boot.test.context.SpringBootContextLoader.lambda$loadContext$3(SpringBootContextLoader.java:137) ~[spring-boot-test-3.3.3.jar:3.3.3]
	at org.springframework.util.function.ThrowingSupplier.get(ThrowingSupplier.java:58) ~[spring-core-6.1.12.jar:6.1.12]
	at org.springframework.util.function.ThrowingSupplier.get(ThrowingSupplier.java:46) ~[spring-core-6.1.12.jar:6.1.12]
	at org.springframework.boot.SpringApplication.withHook(SpringApplication.java:1463) ~[spring-boot-3.3.3.jar:3.3.3]
	at org.springframework.boot.test.context.SpringBootContextLoader$ContextLoaderHook.run(SpringBootContextLoader.java:553) ~[spring-boot-test-3.3.3.jar:3.3.3]
	at org.springframework.boot.test.context.SpringBootContextLoader.loadContext(SpringBootContextLoader.java:137) ~[spring-boot-test-3.3.3.jar:3.3.3]
	at org.springframework.boot.test.context.SpringBootContextLoader.loadContext(SpringBootContextLoader.java:108) ~[spring-boot-test-3.3.3.jar:3.3.3]
	at org.springframework.test.context.cache.DefaultCacheAwareContextLoaderDelegate.loadContextInternal(DefaultCacheAwareContextLoaderDelegate.java:225) ~[spring-test-6.1.12.jar:6.1.12]
	at org.springframework.test.context.cache.DefaultCacheAwareContextLoaderDelegate.loadContext(DefaultCacheAwareContextLoaderDelegate.java:152) ~[spring-test-6.1.12.jar:6.1.12]
	at org.springframework.test.context.support.DefaultTestContext.getApplicationContext(DefaultTestContext.java:130) ~[spring-test-6.1.12.jar:6.1.12]
	at org.springframework.test.context.web.ServletTestExecutionListener.setUpRequestContextIfNecessary(ServletTestExecutionListener.java:191) ~[spring-test-6.1.12.jar:6.1.12]
	at org.springframework.test.context.web.ServletTestExecutionListener.prepareTestInstance(ServletTestExecutionListener.java:130) ~[spring-test-6.1.12.jar:6.1.12]
	at org.springframework.test.context.TestContextManager.prepareTestInstance(TestContextManager.java:260) ~[spring-test-6.1.12.jar:6.1.12]
	at org.springframework.test.context.junit.jupiter.SpringExtension.postProcessTestInstance(SpringExtension.java:163) ~[spring-test-6.1.12.jar:6.1.12]
	at org.junit.jupiter.engine.descriptor.ClassBasedTestDescriptor.lambda$invokeTestInstancePostProcessors$10(ClassBasedTestDescriptor.java:378) ~[junit-jupiter-engine-5.10.3.jar:5.10.3]
	at org.junit.jupiter.engine.descriptor.ClassBasedTestDescriptor.executeAndMaskThrowable(ClassBasedTestDescriptor.java:383) ~[junit-jupiter-engine-5.10.3.jar:5.10.3]
	at org.junit.jupiter.engine.descriptor.ClassBasedTestDescriptor.lambda$invokeTestInstancePostProcessors$11(ClassBasedTestDescriptor.java:378) ~[junit-jupiter-engine-5.10.3.jar:5.10.3]
	at java.base/java.util.stream.ReferencePipeline$3$1.accept(ReferencePipeline.java:197) ~[na:na]
	at java.base/java.util.stream.ReferencePipeline$2$1.accept(ReferencePipeline.java:179) ~[na:na]
	at java.base/java.util.ArrayList$ArrayListSpliterator.forEachRemaining(ArrayList.java:1708) ~[na:na]
	at java.base/java.util.stream.AbstractPipeline.copyInto(AbstractPipeline.java:509) ~[na:na]
	at java.base/java.util.stream.AbstractPipeline.wrapAndCopyInto(AbstractPipeline.java:499) ~[na:na]
	at java.base/java.util.stream.StreamSpliterators$WrappingSpliterator.forEachRemaining(StreamSpliterators.java:310) ~[na:na]
	at java.base/java.util.stream.Streams$ConcatSpliterator.forEachRemaining(Streams.java:735) ~[na:na]
	at java.base/java.util.stream.Streams$ConcatSpliterator.forEachRemaining(Streams.java:734) ~[na:na]
	at java.base/java.util.stream.ReferencePipeline$Head.forEach(ReferencePipeline.java:762) ~[na:na]
	at org.junit.jupiter.engine.descriptor.ClassBasedTestDescriptor.invokeTestInstancePostProcessors(ClassBasedTestDescriptor.java:377) ~[junit-jupiter-engine-5.10.3.jar:5.10.3]
	at org.junit.jupiter.engine.descriptor.ClassBasedTestDescriptor.lambda$instantiateAndPostProcessTestInstance$6(ClassBasedTestDescriptor.java:290) ~[junit-jupiter-engine-5.10.3.jar:5.10.3]
	at org.junit.platform.engine.support.hierarchical.ThrowableCollector.execute(ThrowableCollector.java:73) ~[junit-platform-engine-1.10.3.jar:1.10.3]
	at org.junit.jupiter.engine.descriptor.ClassBasedTestDescriptor.instantiateAndPostProcessTestInstance(ClassBasedTestDescriptor.java:289) ~[junit-jupiter-engine-5.10.3.jar:5.10.3]
	at org.junit.jupiter.engine.descriptor.ClassBasedTestDescriptor.lambda$testInstancesProvider$4(ClassBasedTestDescriptor.java:279) ~[junit-jupiter-engine-5.10.3.jar:5.10.3]
	at java.base/java.util.Optional.orElseGet(Optional.java:364) ~[na:na]
	at org.junit.jupiter.engine.descriptor.ClassBasedTestDescriptor.lambda$testInstancesProvider$5(ClassBasedTestDescriptor.java:278) ~[junit-jupiter-engine-5.10.3.jar:5.10.3]
	at org.junit.jupiter.engine.execution.TestInstancesProvider.getTestInstances(TestInstancesProvider.java:31) ~[junit-jupiter-engine-5.10.3.jar:5.10.3]
	at org.junit.jupiter.engine.descriptor.TestMethodTestDescriptor.lambda$prepare$0(TestMethodTestDescriptor.java:106) ~[junit-jupiter-engine-5.10.3.jar:5.10.3]
	at org.junit.platform.engine.support.hierarchical.ThrowableCollector.execute(ThrowableCollector.java:73) ~[junit-platform-engine-1.10.3.jar:1.10.3]
	at org.junit.jupiter.engine.descriptor.TestMethodTestDescriptor.prepare(TestMethodTestDescriptor.java:105) ~[junit-jupiter-engine-5.10.3.jar:5.10.3]
	at org.junit.jupiter.engine.descriptor.TestMethodTestDescriptor.prepare(TestMethodTestDescriptor.java:69) ~[junit-jupiter-engine-5.10.3.jar:5.10.3]
	at org.junit.platform.engine.support.hierarchical.NodeTestTask.lambda$prepare$2(NodeTestTask.java:123) ~[junit-platform-engine-1.10.3.jar:1.10.3]
	at org.junit.platform.engine.support.hierarchical.ThrowableCollector.execute(ThrowableCollector.java:73) ~[junit-platform-engine-1.10.3.jar:1.10.3]
	at org.junit.platform.engine.support.hierarchical.NodeTestTask.prepare(NodeTestTask.java:123) ~[junit-platform-engine-1.10.3.jar:1.10.3]
	at org.junit.platform.engine.support.hierarchical.NodeTestTask.execute(NodeTestTask.java:90) ~[junit-platform-engine-1.10.3.jar:1.10.3]
	at java.base/java.util.ArrayList.forEach(ArrayList.java:1596) ~[na:na]
	at org.junit.platform.engine.support.hierarchical.SameThreadHierarchicalTestExecutorService.invokeAll(SameThreadHierarchicalTestExecutorService.java:41) ~[junit-platform-engine-1.10.3.jar:1.10.3]
	at org.junit.platform.engine.support.hierarchical.NodeTestTask.lambda$executeRecursively$6(NodeTestTask.java:155) ~[junit-platform-engine-1.10.3.jar:1.10.3]
	at org.junit.platform.engine.support.hierarchical.ThrowableCollector.execute(ThrowableCollector.java:73) ~[junit-platform-engine-1.10.3.jar:1.10.3]
	at org.junit.platform.engine.support.hierarchical.NodeTestTask.lambda$executeRecursively$8(NodeTestTask.java:141) ~[junit-platform-engine-1.10.3.jar:1.10.3]
	at org.junit.platform.engine.support.hierarchical.Node.around(Node.java:137) ~[junit-platform-engine-1.10.3.jar:1.10.3]
	at org.junit.platform.engine.support.hierarchical.NodeTestTask.lambda$executeRecursively$9(NodeTestTask.java:139) ~[junit-platform-engine-1.10.3.jar:1.10.3]
	at org.junit.platform.engine.support.hierarchical.ThrowableCollector.execute(ThrowableCollector.java:73) ~[junit-platform-engine-1.10.3.jar:1.10.3]
	at org.junit.platform.engine.support.hierarchical.NodeTestTask.executeRecursively(NodeTestTask.java:138) ~[junit-platform-engine-1.10.3.jar:1.10.3]
	at org.junit.platform.engine.support.hierarchical.NodeTestTask.execute(NodeTestTask.java:95) ~[junit-platform-engine-1.10.3.jar:1.10.3]
	at java.base/java.util.ArrayList.forEach(ArrayList.java:1596) ~[na:na]
	at org.junit.platform.engine.support.hierarchical.SameThreadHierarchicalTestExecutorService.invokeAll(SameThreadHierarchicalTestExecutorService.java:41) ~[junit-platform-engine-1.10.3.jar:1.10.3]
	at org.junit.platform.engine.support.hierarchical.NodeTestTask.lambda$executeRecursively$6(NodeTestTask.java:155) ~[junit-platform-engine-1.10.3.jar:1.10.3]
	at org.junit.platform.engine.support.hierarchical.ThrowableCollector.execute(ThrowableCollector.java:73) ~[junit-platform-engine-1.10.3.jar:1.10.3]
	at org.junit.platform.engine.support.hierarchical.NodeTestTask.lambda$executeRecursively$8(NodeTestTask.java:141) ~[junit-platform-engine-1.10.3.jar:1.10.3]
	at org.junit.platform.engine.support.hierarchical.Node.around(Node.java:137) ~[junit-platform-engine-1.10.3.jar:1.10.3]
	at org.junit.platform.engine.support.hierarchical.NodeTestTask.lambda$executeRecursively$9(NodeTestTask.java:139) ~[junit-platform-engine-1.10.3.jar:1.10.3]
	at org.junit.platform.engine.support.hierarchical.ThrowableCollector.execute(ThrowableCollector.java:73) ~[junit-platform-engine-1.10.3.jar:1.10.3]
	at org.junit.platform.engine.support.hierarchical.NodeTestTask.executeRecursively(NodeTestTask.java:138) ~[junit-platform-engine-1.10.3.jar:1.10.3]
	at org.junit.platform.engine.support.hierarchical.NodeTestTask.execute(NodeTestTask.java:95) ~[junit-platform-engine-1.10.3.jar:1.10.3]
	at org.junit.platform.engine.support.hierarchical.SameThreadHierarchicalTestExecutorService.submit(SameThreadHierarchicalTestExecutorService.java:35) ~[junit-platform-engine-1.10.3.jar:1.10.3]
	at org.junit.platform.engine.support.hierarchical.HierarchicalTestExecutor.execute(HierarchicalTestExecutor.java:57) ~[junit-platform-engine-1.10.3.jar:1.10.3]
	at org.junit.platform.engine.support.hierarchical.HierarchicalTestEngine.execute(HierarchicalTestEngine.java:54) ~[junit-platform-engine-1.10.3.jar:1.10.3]
	at org.junit.platform.launcher.core.EngineExecutionOrchestrator.execute(EngineExecutionOrchestrator.java:198) ~[junit-platform-launcher-1.10.3.jar:1.10.3]
	at org.junit.platform.launcher.core.EngineExecutionOrchestrator.execute(EngineExecutionOrchestrator.java:169) ~[junit-platform-launcher-1.10.3.jar:1.10.3]
	at org.junit.platform.launcher.core.EngineExecutionOrchestrator.execute(EngineExecutionOrchestrator.java:93) ~[junit-platform-launcher-1.10.3.jar:1.10.3]
	at org.junit.platform.launcher.core.EngineExecutionOrchestrator.lambda$execute$0(EngineExecutionOrchestrator.java:58) ~[junit-platform-launcher-1.10.3.jar:1.10.3]
	at org.junit.platform.launcher.core.EngineExecutionOrchestrator.withInterceptedStreams(EngineExecutionOrchestrator.java:141) ~[junit-platform-launcher-1.10.3.jar:1.10.3]
	at org.junit.platform.launcher.core.EngineExecutionOrchestrator.execute(EngineExecutionOrchestrator.java:57) ~[junit-platform-launcher-1.10.3.jar:1.10.3]
	at org.junit.platform.launcher.core.DefaultLauncher.execute(DefaultLauncher.java:103) ~[junit-platform-launcher-1.10.3.jar:1.10.3]
	at org.junit.platform.launcher.core.DefaultLauncher.execute(DefaultLauncher.java:85) ~[junit-platform-launcher-1.10.3.jar:1.10.3]
	at org.junit.platform.launcher.core.DelegatingLauncher.execute(DelegatingLauncher.java:47) ~[junit-platform-launcher-1.10.3.jar:1.10.3]
	at org.apache.maven.surefire.junitplatform.LazyLauncher.execute(LazyLauncher.java:56) ~[surefire-junit-platform-3.2.5.jar:3.2.5]
	at org.apache.maven.surefire.junitplatform.JUnitPlatformProvider.execute(JUnitPlatformProvider.java:184) ~[surefire-junit-platform-3.2.5.jar:3.2.5]
	at org.apache.maven.surefire.junitplatform.JUnitPlatformProvider.invokeAllTests(JUnitPlatformProvider.java:148) ~[surefire-junit-platform-3.2.5.jar:3.2.5]
	at org.apache.maven.surefire.junitplatform.JUnitPlatformProvider.invoke(JUnitPlatformProvider.java:122) ~[surefire-junit-platform-3.2.5.jar:3.2.5]
	at org.apache.maven.surefire.booter.ForkedBooter.runSuitesInProcess(ForkedBooter.java:385) ~[surefire-booter-3.2.5.jar:3.2.5]
	at org.apache.maven.surefire.booter.ForkedBooter.execute(ForkedBooter.java:162) ~[surefire-booter-3.2.5.jar:3.2.5]
	at org.apache.maven.surefire.booter.ForkedBooter.run(ForkedBooter.java:507) ~[surefire-booter-3.2.5.jar:3.2.5]
	at org.apache.maven.surefire.booter.ForkedBooter.main(ForkedBooter.java:495) ~[surefire-booter-3.2.5.jar:3.2.5]

2025-07-14T13:26:46.030+05:30 DEBUG 17208 --- [Fashion-Nest-Application] [           main] tor$SharedEntityManagerInvocationHandler : Creating new EntityManager for shared EntityManager invocation
2025-07-14T13:26:46.199+05:30 DEBUG 17208 --- [Fashion-Nest-Application] [           main] cResourceLocalTransactionCoordinatorImpl : JDBC transaction marked for rollback-only (exception provided for stack trace)

java.lang.Exception: exception just for purpose of providing stack trace
	at org.hibernate.resource.transaction.backend.jdbc.internal.JdbcResourceLocalTransactionCoordinatorImpl$TransactionDriverControlImpl.markRollbackOnly(JdbcResourceLocalTransactionCoordinatorImpl.java:309) ~[hibernate-core-6.5.2.Final.jar:6.5.2.Final]
	at org.hibernate.internal.AbstractSharedSessionContract.buildNamedQuery(AbstractSharedSessionContract.java:1109) ~[hibernate-core-6.5.2.Final.jar:6.5.2.Final]
	at org.hibernate.internal.AbstractSharedSessionContract.createNamedQuery(AbstractSharedSessionContract.java:987) ~[hibernate-core-6.5.2.Final.jar:6.5.2.Final]
	at org.hibernate.internal.AbstractSharedSessionContract.createNamedQuery(AbstractSharedSessionContract.java:140) ~[hibernate-core-6.5.2.Final.jar:6.5.2.Final]
	at java.base/jdk.internal.reflect.DirectMethodHandleAccessor.invoke(DirectMethodHandleAccessor.java:103) ~[na:na]
	at java.base/java.lang.reflect.Method.invoke(Method.java:580) ~[na:na]
	at org.springframework.orm.jpa.ExtendedEntityManagerCreator$ExtendedEntityManagerInvocationHandler.invoke(ExtendedEntityManagerCreator.java:364) ~[spring-orm-6.1.12.jar:6.1.12]
	at jdk.proxy2/jdk.proxy2.$Proxy139.createNamedQuery(Unknown Source) ~[na:na]
	at org.springframework.data.jpa.repository.query.NamedQuery.hasNamedQuery(NamedQuery.java:112) ~[spring-data-jpa-3.3.3.jar:3.3.3]
	at org.springframework.data.jpa.repository.query.JpaQueryLookupStrategy$DeclaredQueryLookupStrategy.getCountQuery(JpaQueryLookupStrategy.java:204) ~[spring-data-jpa-3.3.3.jar:3.3.3]
	at org.springframework.data.jpa.repository.query.JpaQueryLookupStrategy$DeclaredQueryLookupStrategy.resolveQuery(JpaQueryLookupStrategy.java:171) ~[spring-data-jpa-3.3.3.jar:3.3.3]
	at org.springframework.data.jpa.repository.query.JpaQueryLookupStrategy$CreateIfNotFoundQueryLookupStrategy.resolveQuery(JpaQueryLookupStrategy.java:252) ~[spring-data-jpa-3.3.3.jar:3.3.3]
	at org.springframework.data.jpa.repository.query.JpaQueryLookupStrategy$AbstractQueryLookupStrategy.resolveQuery(JpaQueryLookupStrategy.java:95) ~[spring-data-jpa-3.3.3.jar:3.3.3]
	at org.springframework.data.repository.core.support.QueryExecutorMethodInterceptor.lookupQuery(QueryExecutorMethodInterceptor.java:115) ~[spring-data-commons-3.3.3.jar:3.3.3]
	at org.springframework.data.repository.core.support.QueryExecutorMethodInterceptor.mapMethodsToQuery(QueryExecutorMethodInterceptor.java:103) ~[spring-data-commons-3.3.3.jar:3.3.3]
	at org.springframework.data.repository.core.support.QueryExecutorMethodInterceptor.lambda$new$0(QueryExecutorMethodInterceptor.java:92) ~[spring-data-commons-3.3.3.jar:3.3.3]
	at java.base/java.util.Optional.map(Optional.java:260) ~[na:na]
	at org.springframework.data.repository.core.support.QueryExecutorMethodInterceptor.<init>(QueryExecutorMethodInterceptor.java:92) ~[spring-data-commons-3.3.3.jar:3.3.3]
	at org.springframework.data.repository.core.support.RepositoryFactorySupport.getRepository(RepositoryFactorySupport.java:357) ~[spring-data-commons-3.3.3.jar:3.3.3]
	at org.springframework.data.repository.core.support.RepositoryFactoryBeanSupport.lambda$afterPropertiesSet$5(RepositoryFactoryBeanSupport.java:286) ~[spring-data-commons-3.3.3.jar:3.3.3]
	at org.springframework.data.util.Lazy.getNullable(Lazy.java:135) ~[spring-data-commons-3.3.3.jar:3.3.3]
	at org.springframework.data.util.Lazy.get(Lazy.java:113) ~[spring-data-commons-3.3.3.jar:3.3.3]
	at org.springframework.data.repository.core.support.RepositoryFactoryBeanSupport.afterPropertiesSet(RepositoryFactoryBeanSupport.java:292) ~[spring-data-commons-3.3.3.jar:3.3.3]
	at org.springframework.data.jpa.repository.support.JpaRepositoryFactoryBean.afterPropertiesSet(JpaRepositoryFactoryBean.java:132) ~[spring-data-jpa-3.3.3.jar:3.3.3]
	at org.springframework.beans.factory.support.AbstractAutowireCapableBeanFactory.invokeInitMethods(AbstractAutowireCapableBeanFactory.java:1853) ~[spring-beans-6.1.12.jar:6.1.12]
	at org.springframework.beans.factory.support.AbstractAutowireCapableBeanFactory.initializeBean(AbstractAutowireCapableBeanFactory.java:1802) ~[spring-beans-6.1.12.jar:6.1.12]
	at org.springframework.beans.factory.support.AbstractAutowireCapableBeanFactory.doCreateBean(AbstractAutowireCapableBeanFactory.java:600) ~[spring-beans-6.1.12.jar:6.1.12]
	at org.springframework.beans.factory.support.AbstractAutowireCapableBeanFactory.createBean(AbstractAutowireCapableBeanFactory.java:522) ~[spring-beans-6.1.12.jar:6.1.12]
	at org.springframework.beans.factory.support.AbstractBeanFactory.lambda$doGetBean$0(AbstractBeanFactory.java:337) ~[spring-beans-6.1.12.jar:6.1.12]
	at org.springframework.beans.factory.support.DefaultSingletonBeanRegistry.getSingleton(DefaultSingletonBeanRegistry.java:234) ~[spring-beans-6.1.12.jar:6.1.12]
	at org.springframework.beans.factory.support.AbstractBeanFactory.doGetBean(AbstractBeanFactory.java:335) ~[spring-beans-6.1.12.jar:6.1.12]
	at org.springframework.beans.factory.support.AbstractBeanFactory.getBean(AbstractBeanFactory.java:200) ~[spring-beans-6.1.12.jar:6.1.12]
	at org.springframework.beans.factory.config.DependencyDescriptor.resolveCandidate(DependencyDescriptor.java:254) ~[spring-beans-6.1.12.jar:6.1.12]
	at org.springframework.beans.factory.support.DefaultListableBeanFactory.doResolveDependency(DefaultListableBeanFactory.java:1443) ~[spring-beans-6.1.12.jar:6.1.12]
	at org.springframework.beans.factory.support.DefaultListableBeanFactory.resolveDependency(DefaultListableBeanFactory.java:1353) ~[spring-beans-6.1.12.jar:6.1.12]
	at org.springframework.beans.factory.annotation.AutowiredAnnotationBeanPostProcessor$AutowiredFieldElement.resolveFieldValue(AutowiredAnnotationBeanPostProcessor.java:785) ~[spring-beans-6.1.12.jar:6.1.12]
	at org.springframework.beans.factory.annotation.AutowiredAnnotationBeanPostProcessor$AutowiredFieldElement.inject(AutowiredAnnotationBeanPostProcessor.java:768) ~[spring-beans-6.1.12.jar:6.1.12]
	at org.springframework.beans.factory.annotation.InjectionMetadata.inject(InjectionMetadata.java:145) ~[spring-beans-6.1.12.jar:6.1.12]
	at org.springframework.beans.factory.annotation.AutowiredAnnotationBeanPostProcessor.postProcessProperties(AutowiredAnnotationBeanPostProcessor.java:509) ~[spring-beans-6.1.12.jar:6.1.12]
	at org.springframework.beans.factory.support.AbstractAutowireCapableBeanFactory.populateBean(AbstractAutowireCapableBeanFactory.java:1439) ~[spring-beans-6.1.12.jar:6.1.12]
	at org.springframework.beans.factory.support.AbstractAutowireCapableBeanFactory.doCreateBean(AbstractAutowireCapableBeanFactory.java:599) ~[spring-beans-6.1.12.jar:6.1.12]
	at org.springframework.beans.factory.support.AbstractAutowireCapableBeanFactory.createBean(AbstractAutowireCapableBeanFactory.java:522) ~[spring-beans-6.1.12.jar:6.1.12]
	at org.springframework.beans.factory.support.AbstractBeanFactory.lambda$doGetBean$0(AbstractBeanFactory.java:337) ~[spring-beans-6.1.12.jar:6.1.12]
	at org.springframework.beans.factory.support.DefaultSingletonBeanRegistry.getSingleton(DefaultSingletonBeanRegistry.java:234) ~[spring-beans-6.1.12.jar:6.1.12]
	at org.springframework.beans.factory.support.AbstractBeanFactory.doGetBean(AbstractBeanFactory.java:335) ~[spring-beans-6.1.12.jar:6.1.12]
	at org.springframework.beans.factory.support.AbstractBeanFactory.getBean(AbstractBeanFactory.java:200) ~[spring-beans-6.1.12.jar:6.1.12]
	at org.springframework.beans.factory.config.DependencyDescriptor.resolveCandidate(DependencyDescriptor.java:254) ~[spring-beans-6.1.12.jar:6.1.12]
	at org.springframework.beans.factory.support.DefaultListableBeanFactory.doResolveDependency(DefaultListableBeanFactory.java:1443) ~[spring-beans-6.1.12.jar:6.1.12]
	at org.springframework.beans.factory.support.DefaultListableBeanFactory.resolveDependency(DefaultListableBeanFactory.java:1353) ~[spring-beans-6.1.12.jar:6.1.12]
	at org.springframework.beans.factory.annotation.AutowiredAnnotationBeanPostProcessor$AutowiredFieldElement.resolveFieldValue(AutowiredAnnotationBeanPostProcessor.java:785) ~[spring-beans-6.1.12.jar:6.1.12]
	at org.springframework.beans.factory.annotation.AutowiredAnnotationBeanPostProcessor$AutowiredFieldElement.inject(AutowiredAnnotationBeanPostProcessor.java:768) ~[spring-beans-6.1.12.jar:6.1.12]
	at org.springframework.beans.factory.annotation.InjectionMetadata.inject(InjectionMetadata.java:145) ~[spring-beans-6.1.12.jar:6.1.12]
	at org.springframework.beans.factory.annotation.AutowiredAnnotationBeanPostProcessor.postProcessProperties(AutowiredAnnotationBeanPostProcessor.java:509) ~[spring-beans-6.1.12.jar:6.1.12]
	at org.springframework.beans.factory.support.AbstractAutowireCapableBeanFactory.populateBean(AbstractAutowireCapableBeanFactory.java:1439) ~[spring-beans-6.1.12.jar:6.1.12]
	at org.springframework.beans.factory.support.AbstractAutowireCapableBeanFactory.doCreateBean(AbstractAutowireCapableBeanFactory.java:599) ~[spring-beans-6.1.12.jar:6.1.12]
	at org.springframework.beans.factory.support.AbstractAutowireCapableBeanFactory.createBean(AbstractAutowireCapableBeanFactory.java:522) ~[spring-beans-6.1.12.jar:6.1.12]
	at org.springframework.beans.factory.support.AbstractBeanFactory.lambda$doGetBean$0(AbstractBeanFactory.java:337) ~[spring-beans-6.1.12.jar:6.1.12]
	at org.springframework.beans.factory.support.DefaultSingletonBeanRegistry.getSingleton(DefaultSingletonBeanRegistry.java:234) ~[spring-beans-6.1.12.jar:6.1.12]
	at org.springframework.beans.factory.support.AbstractBeanFactory.doGetBean(AbstractBeanFactory.java:335) ~[spring-beans-6.1.12.jar:6.1.12]
	at org.springframework.beans.factory.support.AbstractBeanFactory.getBean(AbstractBeanFactory.java:200) ~[spring-beans-6.1.12.jar:6.1.12]
	at org.springframework.beans.factory.config.DependencyDescriptor.resolveCandidate(DependencyDescriptor.java:254) ~[spring-beans-6.1.12.jar:6.1.12]
	at org.springframework.beans.factory.support.DefaultListableBeanFactory.doResolveDependency(DefaultListableBeanFactory.java:1443) ~[spring-beans-6.1.12.jar:6.1.12]
	at org.springframework.beans.factory.support.DefaultListableBeanFactory.resolveDependency(DefaultListableBeanFactory.java:1353) ~[spring-beans-6.1.12.jar:6.1.12]
	at org.springframework.beans.factory.annotation.AutowiredAnnotationBeanPostProcessor$AutowiredFieldElement.resolveFieldValue(AutowiredAnnotationBeanPostProcessor.java:785) ~[spring-beans-6.1.12.jar:6.1.12]
	at org.springframework.beans.factory.annotation.AutowiredAnnotationBeanPostProcessor$AutowiredFieldElement.inject(AutowiredAnnotationBeanPostProcessor.java:768) ~[spring-beans-6.1.12.jar:6.1.12]
	at org.springframework.beans.factory.annotation.InjectionMetadata.inject(InjectionMetadata.java:145) ~[spring-beans-6.1.12.jar:6.1.12]
	at org.springframework.beans.factory.annotation.AutowiredAnnotationBeanPostProcessor.postProcessProperties(AutowiredAnnotationBeanPostProcessor.java:509) ~[spring-beans-6.1.12.jar:6.1.12]
	at org.springframework.beans.factory.support.AbstractAutowireCapableBeanFactory.populateBean(AbstractAutowireCapableBeanFactory.java:1439) ~[spring-beans-6.1.12.jar:6.1.12]
	at org.springframework.beans.factory.support.AbstractAutowireCapableBeanFactory.doCreateBean(AbstractAutowireCapableBeanFactory.java:599) ~[spring-beans-6.1.12.jar:6.1.12]
	at org.springframework.beans.factory.support.AbstractAutowireCapableBeanFactory.createBean(AbstractAutowireCapableBeanFactory.java:522) ~[spring-beans-6.1.12.jar:6.1.12]
	at org.springframework.beans.factory.support.AbstractBeanFactory.lambda$doGetBean$0(AbstractBeanFactory.java:337) ~[spring-beans-6.1.12.jar:6.1.12]
	at org.springframework.beans.factory.support.DefaultSingletonBeanRegistry.getSingleton(DefaultSingletonBeanRegistry.java:234) ~[spring-beans-6.1.12.jar:6.1.12]
	at org.springframework.beans.factory.support.AbstractBeanFactory.doGetBean(AbstractBeanFactory.java:335) ~[spring-beans-6.1.12.jar:6.1.12]
	at org.springframework.beans.factory.support.AbstractBeanFactory.getBean(AbstractBeanFactory.java:200) ~[spring-beans-6.1.12.jar:6.1.12]
	at org.springframework.beans.factory.config.DependencyDescriptor.resolveCandidate(DependencyDescriptor.java:254) ~[spring-beans-6.1.12.jar:6.1.12]
	at org.springframework.beans.factory.support.DefaultListableBeanFactory.doResolveDependency(DefaultListableBeanFactory.java:1443) ~[spring-beans-6.1.12.jar:6.1.12]
	at org.springframework.beans.factory.support.DefaultListableBeanFactory.resolveDependency(DefaultListableBeanFactory.java:1353) ~[spring-beans-6.1.12.jar:6.1.12]
	at org.springframework.beans.factory.annotation.AutowiredAnnotationBeanPostProcessor$AutowiredFieldElement.resolveFieldValue(AutowiredAnnotationBeanPostProcessor.java:785) ~[spring-beans-6.1.12.jar:6.1.12]
	at org.springframework.beans.factory.annotation.AutowiredAnnotationBeanPostProcessor$AutowiredFieldElement.inject(AutowiredAnnotationBeanPostProcessor.java:768) ~[spring-beans-6.1.12.jar:6.1.12]
	at org.springframework.beans.factory.annotation.InjectionMetadata.inject(InjectionMetadata.java:145) ~[spring-beans-6.1.12.jar:6.1.12]
	at org.springframework.beans.factory.annotation.AutowiredAnnotationBeanPostProcessor.postProcessProperties(AutowiredAnnotationBeanPostProcessor.java:509) ~[spring-beans-6.1.12.jar:6.1.12]
	at org.springframework.beans.factory.support.AbstractAutowireCapableBeanFactory.populateBean(AbstractAutowireCapableBeanFactory.java:1439) ~[spring-beans-6.1.12.jar:6.1.12]
	at org.springframework.beans.factory.support.AbstractAutowireCapableBeanFactory.doCreateBean(AbstractAutowireCapableBeanFactory.java:599) ~[spring-beans-6.1.12.jar:6.1.12]
	at org.springframework.beans.factory.support.AbstractAutowireCapableBeanFactory.createBean(AbstractAutowireCapableBeanFactory.java:522) ~[spring-beans-6.1.12.jar:6.1.12]
	at org.springframework.beans.factory.support.AbstractBeanFactory.lambda$doGetBean$0(AbstractBeanFactory.java:337) ~[spring-beans-6.1.12.jar:6.1.12]
	at org.springframework.beans.factory.support.DefaultSingletonBeanRegistry.getSingleton(DefaultSingletonBeanRegistry.java:234) ~[spring-beans-6.1.12.jar:6.1.12]
	at org.springframework.beans.factory.support.AbstractBeanFactory.doGetBean(AbstractBeanFactory.java:335) ~[spring-beans-6.1.12.jar:6.1.12]
	at org.springframework.beans.factory.support.AbstractBeanFactory.getBean(AbstractBeanFactory.java:200) ~[spring-beans-6.1.12.jar:6.1.12]
	at org.springframework.beans.factory.support.DefaultListableBeanFactory.preInstantiateSingletons(DefaultListableBeanFactory.java:975) ~[spring-beans-6.1.12.jar:6.1.12]
	at org.springframework.context.support.AbstractApplicationContext.finishBeanFactoryInitialization(AbstractApplicationContext.java:971) ~[spring-context-6.1.12.jar:6.1.12]
	at org.springframework.context.support.AbstractApplicationContext.refresh(AbstractApplicationContext.java:625) ~[spring-context-6.1.12.jar:6.1.12]
	at org.springframework.boot.SpringApplication.refresh(SpringApplication.java:754) ~[spring-boot-3.3.3.jar:3.3.3]
	at org.springframework.boot.SpringApplication.refreshContext(SpringApplication.java:456) ~[spring-boot-3.3.3.jar:3.3.3]
	at org.springframework.boot.SpringApplication.run(SpringApplication.java:335) ~[spring-boot-3.3.3.jar:3.3.3]
	at org.springframework.boot.test.context.SpringBootContextLoader.lambda$loadContext$3(SpringBootContextLoader.java:137) ~[spring-boot-test-3.3.3.jar:3.3.3]
	at org.springframework.util.function.ThrowingSupplier.get(ThrowingSupplier.java:58) ~[spring-core-6.1.12.jar:6.1.12]
	at org.springframework.util.function.ThrowingSupplier.get(ThrowingSupplier.java:46) ~[spring-core-6.1.12.jar:6.1.12]
	at org.springframework.boot.SpringApplication.withHook(SpringApplication.java:1463) ~[spring-boot-3.3.3.jar:3.3.3]
	at org.springframework.boot.test.context.SpringBootContextLoader$ContextLoaderHook.run(SpringBootContextLoader.java:553) ~[spring-boot-test-3.3.3.jar:3.3.3]
	at org.springframework.boot.test.context.SpringBootContextLoader.loadContext(SpringBootContextLoader.java:137) ~[spring-boot-test-3.3.3.jar:3.3.3]
	at org.springframework.boot.test.context.SpringBootContextLoader.loadContext(SpringBootContextLoader.java:108) ~[spring-boot-test-3.3.3.jar:3.3.3]
	at org.springframework.test.context.cache.DefaultCacheAwareContextLoaderDelegate.loadContextInternal(DefaultCacheAwareContextLoaderDelegate.java:225) ~[spring-test-6.1.12.jar:6.1.12]
	at org.springframework.test.context.cache.DefaultCacheAwareContextLoaderDelegate.loadContext(DefaultCacheAwareContextLoaderDelegate.java:152) ~[spring-test-6.1.12.jar:6.1.12]
	at org.springframework.test.context.support.DefaultTestContext.getApplicationContext(DefaultTestContext.java:130) ~[spring-test-6.1.12.jar:6.1.12]
	at org.springframework.test.context.web.ServletTestExecutionListener.setUpRequestContextIfNecessary(ServletTestExecutionListener.java:191) ~[spring-test-6.1.12.jar:6.1.12]
	at org.springframework.test.context.web.ServletTestExecutionListener.prepareTestInstance(ServletTestExecutionListener.java:130) ~[spring-test-6.1.12.jar:6.1.12]
	at org.springframework.test.context.TestContextManager.prepareTestInstance(TestContextManager.java:260) ~[spring-test-6.1.12.jar:6.1.12]
	at org.springframework.test.context.junit.jupiter.SpringExtension.postProcessTestInstance(SpringExtension.java:163) ~[spring-test-6.1.12.jar:6.1.12]
	at org.junit.jupiter.engine.descriptor.ClassBasedTestDescriptor.lambda$invokeTestInstancePostProcessors$10(ClassBasedTestDescriptor.java:378) ~[junit-jupiter-engine-5.10.3.jar:5.10.3]
	at org.junit.jupiter.engine.descriptor.ClassBasedTestDescriptor.executeAndMaskThrowable(ClassBasedTestDescriptor.java:383) ~[junit-jupiter-engine-5.10.3.jar:5.10.3]
	at org.junit.jupiter.engine.descriptor.ClassBasedTestDescriptor.lambda$invokeTestInstancePostProcessors$11(ClassBasedTestDescriptor.java:378) ~[junit-jupiter-engine-5.10.3.jar:5.10.3]
	at java.base/java.util.stream.ReferencePipeline$3$1.accept(ReferencePipeline.java:197) ~[na:na]
	at java.base/java.util.stream.ReferencePipeline$2$1.accept(ReferencePipeline.java:179) ~[na:na]
	at java.base/java.util.ArrayList$ArrayListSpliterator.forEachRemaining(ArrayList.java:1708) ~[na:na]
	at java.base/java.util.stream.AbstractPipeline.copyInto(AbstractPipeline.java:509) ~[na:na]
	at java.base/java.util.stream.AbstractPipeline.wrapAndCopyInto(AbstractPipeline.java:499) ~[na:na]
	at java.base/java.util.stream.StreamSpliterators$WrappingSpliterator.forEachRemaining(StreamSpliterators.java:310) ~[na:na]
	at java.base/java.util.stream.Streams$ConcatSpliterator.forEachRemaining(Streams.java:735) ~[na:na]
	at java.base/java.util.stream.Streams$ConcatSpliterator.forEachRemaining(Streams.java:734) ~[na:na]
	at java.base/java.util.stream.ReferencePipeline$Head.forEach(ReferencePipeline.java:762) ~[na:na]
	at org.junit.jupiter.engine.descriptor.ClassBasedTestDescriptor.invokeTestInstancePostProcessors(ClassBasedTestDescriptor.java:377) ~[junit-jupiter-engine-5.10.3.jar:5.10.3]
	at org.junit.jupiter.engine.descriptor.ClassBasedTestDescriptor.lambda$instantiateAndPostProcessTestInstance$6(ClassBasedTestDescriptor.java:290) ~[junit-jupiter-engine-5.10.3.jar:5.10.3]
	at org.junit.platform.engine.support.hierarchical.ThrowableCollector.execute(ThrowableCollector.java:73) ~[junit-platform-engine-1.10.3.jar:1.10.3]
	at org.junit.jupiter.engine.descriptor.ClassBasedTestDescriptor.instantiateAndPostProcessTestInstance(ClassBasedTestDescriptor.java:289) ~[junit-jupiter-engine-5.10.3.jar:5.10.3]
	at org.junit.jupiter.engine.descriptor.ClassBasedTestDescriptor.lambda$testInstancesProvider$4(ClassBasedTestDescriptor.java:279) ~[junit-jupiter-engine-5.10.3.jar:5.10.3]
	at java.base/java.util.Optional.orElseGet(Optional.java:364) ~[na:na]
	at org.junit.jupiter.engine.descriptor.ClassBasedTestDescriptor.lambda$testInstancesProvider$5(ClassBasedTestDescriptor.java:278) ~[junit-jupiter-engine-5.10.3.jar:5.10.3]
	at org.junit.jupiter.engine.execution.TestInstancesProvider.getTestInstances(TestInstancesProvider.java:31) ~[junit-jupiter-engine-5.10.3.jar:5.10.3]
	at org.junit.jupiter.engine.descriptor.TestMethodTestDescriptor.lambda$prepare$0(TestMethodTestDescriptor.java:106) ~[junit-jupiter-engine-5.10.3.jar:5.10.3]
	at org.junit.platform.engine.support.hierarchical.ThrowableCollector.execute(ThrowableCollector.java:73) ~[junit-platform-engine-1.10.3.jar:1.10.3]
	at org.junit.jupiter.engine.descriptor.TestMethodTestDescriptor.prepare(TestMethodTestDescriptor.java:105) ~[junit-jupiter-engine-5.10.3.jar:5.10.3]
	at org.junit.jupiter.engine.descriptor.TestMethodTestDescriptor.prepare(TestMethodTestDescriptor.java:69) ~[junit-jupiter-engine-5.10.3.jar:5.10.3]
	at org.junit.platform.engine.support.hierarchical.NodeTestTask.lambda$prepare$2(NodeTestTask.java:123) ~[junit-platform-engine-1.10.3.jar:1.10.3]
	at org.junit.platform.engine.support.hierarchical.ThrowableCollector.execute(ThrowableCollector.java:73) ~[junit-platform-engine-1.10.3.jar:1.10.3]
	at org.junit.platform.engine.support.hierarchical.NodeTestTask.prepare(NodeTestTask.java:123) ~[junit-platform-engine-1.10.3.jar:1.10.3]
	at org.junit.platform.engine.support.hierarchical.NodeTestTask.execute(NodeTestTask.java:90) ~[junit-platform-engine-1.10.3.jar:1.10.3]
	at java.base/java.util.ArrayList.forEach(ArrayList.java:1596) ~[na:na]
	at org.junit.platform.engine.support.hierarchical.SameThreadHierarchicalTestExecutorService.invokeAll(SameThreadHierarchicalTestExecutorService.java:41) ~[junit-platform-engine-1.10.3.jar:1.10.3]
	at org.junit.platform.engine.support.hierarchical.NodeTestTask.lambda$executeRecursively$6(NodeTestTask.java:155) ~[junit-platform-engine-1.10.3.jar:1.10.3]
	at org.junit.platform.engine.support.hierarchical.ThrowableCollector.execute(ThrowableCollector.java:73) ~[junit-platform-engine-1.10.3.jar:1.10.3]
	at org.junit.platform.engine.support.hierarchical.NodeTestTask.lambda$executeRecursively$8(NodeTestTask.java:141) ~[junit-platform-engine-1.10.3.jar:1.10.3]
	at org.junit.platform.engine.support.hierarchical.Node.around(Node.java:137) ~[junit-platform-engine-1.10.3.jar:1.10.3]
	at org.junit.platform.engine.support.hierarchical.NodeTestTask.lambda$executeRecursively$9(NodeTestTask.java:139) ~[junit-platform-engine-1.10.3.jar:1.10.3]
	at org.junit.platform.engine.support.hierarchical.ThrowableCollector.execute(ThrowableCollector.java:73) ~[junit-platform-engine-1.10.3.jar:1.10.3]
	at org.junit.platform.engine.support.hierarchical.NodeTestTask.executeRecursively(NodeTestTask.java:138) ~[junit-platform-engine-1.10.3.jar:1.10.3]
	at org.junit.platform.engine.support.hierarchical.NodeTestTask.execute(NodeTestTask.java:95) ~[junit-platform-engine-1.10.3.jar:1.10.3]
	at java.base/java.util.ArrayList.forEach(ArrayList.java:1596) ~[na:na]
	at org.junit.platform.engine.support.hierarchical.SameThreadHierarchicalTestExecutorService.invokeAll(SameThreadHierarchicalTestExecutorService.java:41) ~[junit-platform-engine-1.10.3.jar:1.10.3]
	at org.junit.platform.engine.support.hierarchical.NodeTestTask.lambda$executeRecursively$6(NodeTestTask.java:155) ~[junit-platform-engine-1.10.3.jar:1.10.3]
	at org.junit.platform.engine.support.hierarchical.ThrowableCollector.execute(ThrowableCollector.java:73) ~[junit-platform-engine-1.10.3.jar:1.10.3]
	at org.junit.platform.engine.support.hierarchical.NodeTestTask.lambda$executeRecursively$8(NodeTestTask.java:141) ~[junit-platform-engine-1.10.3.jar:1.10.3]
	at org.junit.platform.engine.support.hierarchical.Node.around(Node.java:137) ~[junit-platform-engine-1.10.3.jar:1.10.3]
	at org.junit.platform.engine.support.hierarchical.NodeTestTask.lambda$executeRecursively$9(NodeTestTask.java:139) ~[junit-platform-engine-1.10.3.jar:1.10.3]
	at org.junit.platform.engine.support.hierarchical.ThrowableCollector.execute(ThrowableCollector.java:73) ~[junit-platform-engine-1.10.3.jar:1.10.3]
	at org.junit.platform.engine.support.hierarchical.NodeTestTask.executeRecursively(NodeTestTask.java:138) ~[junit-platform-engine-1.10.3.jar:1.10.3]
	at org.junit.platform.engine.support.hierarchical.NodeTestTask.execute(NodeTestTask.java:95) ~[junit-platform-engine-1.10.3.jar:1.10.3]
	at org.junit.platform.engine.support.hierarchical.SameThreadHierarchicalTestExecutorService.submit(SameThreadHierarchicalTestExecutorService.java:35) ~[junit-platform-engine-1.10.3.jar:1.10.3]
	at org.junit.platform.engine.support.hierarchical.HierarchicalTestExecutor.execute(HierarchicalTestExecutor.java:57) ~[junit-platform-engine-1.10.3.jar:1.10.3]
	at org.junit.platform.engine.support.hierarchical.HierarchicalTestEngine.execute(HierarchicalTestEngine.java:54) ~[junit-platform-engine-1.10.3.jar:1.10.3]
	at org.junit.platform.launcher.core.EngineExecutionOrchestrator.execute(EngineExecutionOrchestrator.java:198) ~[junit-platform-launcher-1.10.3.jar:1.10.3]
	at org.junit.platform.launcher.core.EngineExecutionOrchestrator.execute(EngineExecutionOrchestrator.java:169) ~[junit-platform-launcher-1.10.3.jar:1.10.3]
	at org.junit.platform.launcher.core.EngineExecutionOrchestrator.execute(EngineExecutionOrchestrator.java:93) ~[junit-platform-launcher-1.10.3.jar:1.10.3]
	at org.junit.platform.launcher.core.EngineExecutionOrchestrator.lambda$execute$0(EngineExecutionOrchestrator.java:58) ~[junit-platform-launcher-1.10.3.jar:1.10.3]
	at org.junit.platform.launcher.core.EngineExecutionOrchestrator.withInterceptedStreams(EngineExecutionOrchestrator.java:141) ~[junit-platform-launcher-1.10.3.jar:1.10.3]
	at org.junit.platform.launcher.core.EngineExecutionOrchestrator.execute(EngineExecutionOrchestrator.java:57) ~[junit-platform-launcher-1.10.3.jar:1.10.3]
	at org.junit.platform.launcher.core.DefaultLauncher.execute(DefaultLauncher.java:103) ~[junit-platform-launcher-1.10.3.jar:1.10.3]
	at org.junit.platform.launcher.core.DefaultLauncher.execute(DefaultLauncher.java:85) ~[junit-platform-launcher-1.10.3.jar:1.10.3]
	at org.junit.platform.launcher.core.DelegatingLauncher.execute(DelegatingLauncher.java:47) ~[junit-platform-launcher-1.10.3.jar:1.10.3]
	at org.apache.maven.surefire.junitplatform.LazyLauncher.execute(LazyLauncher.java:56) ~[surefire-junit-platform-3.2.5.jar:3.2.5]
	at org.apache.maven.surefire.junitplatform.JUnitPlatformProvider.execute(JUnitPlatformProvider.java:184) ~[surefire-junit-platform-3.2.5.jar:3.2.5]
	at org.apache.maven.surefire.junitplatform.JUnitPlatformProvider.invokeAllTests(JUnitPlatformProvider.java:148) ~[surefire-junit-platform-3.2.5.jar:3.2.5]
	at org.apache.maven.surefire.junitplatform.JUnitPlatformProvider.invoke(JUnitPlatformProvider.java:122) ~[surefire-junit-platform-3.2.5.jar:3.2.5]
	at org.apache.maven.surefire.booter.ForkedBooter.runSuitesInProcess(ForkedBooter.java:385) ~[surefire-booter-3.2.5.jar:3.2.5]
	at org.apache.maven.surefire.booter.ForkedBooter.execute(ForkedBooter.java:162) ~[surefire-booter-3.2.5.jar:3.2.5]
	at org.apache.maven.surefire.booter.ForkedBooter.run(ForkedBooter.java:507) ~[surefire-booter-3.2.5.jar:3.2.5]
	at org.apache.maven.surefire.booter.ForkedBooter.main(ForkedBooter.java:495) ~[surefire-booter-3.2.5.jar:3.2.5]

2025-07-14T13:26:46.203+05:30 DEBUG 17208 --- [Fashion-Nest-Application] [           main] tor$SharedEntityManagerInvocationHandler : Creating new EntityManager for shared EntityManager invocation
2025-07-14T13:26:46.218+05:30 DEBUG 17208 --- [Fashion-Nest-Application] [           main] org.hibernate.orm.query.hql              : HQL : SELECT p FROM Product p WHERE (:category IS NULL OR p.category.name = :category) AND ((:minPrice IS NULL AND :maxPrice IS NULL) OR (p.discountedPrice BETWEEN :minPrice AND :maxPrice)) AND (:minDiscount IS NULL OR p.discountPercent >= :minDiscount) ORDER BY CASE WHEN :sort = 'price_low' THEN p.discountedPrice END ASC, CASE WHEN :sort = 'price_high' THEN p.discountedPrice END DESC
2025-07-14T13:26:46.615+05:30 DEBUG 17208 --- [Fashion-Nest-Application] [           main] org.hibernate.orm.query.sqm.creation     : Applying inferable type to SqmExpression [SqmNamedParameter(category)] : null -> SqmBasicValuedSimplePath(com.fashionnest.Fashion_Nest_Application.model.Product(p).category.name)
2025-07-14T13:26:46.618+05:30 DEBUG 17208 --- [Fashion-Nest-Application] [           main] org.hibernate.orm.query.sqm.creation     : Applying inferable type to SqmExpression [SqmNamedParameter(minPrice)] : null -> SqmBasicValuedSimplePath(com.fashionnest.Fashion_Nest_Application.model.Product(p).discountedPrice)
2025-07-14T13:26:46.618+05:30 DEBUG 17208 --- [Fashion-Nest-Application] [           main] org.hibernate.orm.query.sqm.creation     : Applying inferable type to SqmExpression [SqmNamedParameter(maxPrice)] : null -> SqmBasicValuedSimplePath(com.fashionnest.Fashion_Nest_Application.model.Product(p).discountedPrice)
2025-07-14T13:26:46.620+05:30 DEBUG 17208 --- [Fashion-Nest-Application] [           main] org.hibernate.orm.query.sqm.creation     : Applying inferable type to SqmExpression [SqmNamedParameter(minDiscount)] : null -> SqmBasicValuedSimplePath(com.fashionnest.Fashion_Nest_Application.model.Product(p).discountPercent)
2025-07-14T13:26:46.626+05:30 DEBUG 17208 --- [Fashion-Nest-Application] [           main] org.hibernate.orm.query.sqm.creation     : Applying inferable type to SqmExpression [SqmNamedParameter(sort)] : null -> basicType@5(java.lang.String,12)
2025-07-14T13:26:46.630+05:30 DEBUG 17208 --- [Fashion-Nest-Application] [           main] org.hibernate.orm.query.sqm.creation     : Applying inferable type to SqmExpression [org.hibernate.query.sqm.tree.expression.SqmCaseSearched@6e75a0a6] : null -> BasicSqmPathSource(discountedPrice : Integer)
2025-07-14T13:26:46.653+05:30 DEBUG 17208 --- [Fashion-Nest-Application] [           main] org.hibernate.orm.query.sqm.creation     : Applying inferable type to SqmExpression [SqmNamedParameter(sort)] : basicType@5(java.lang.String,12) -> basicType@5(java.lang.String,12)
2025-07-14T13:26:46.654+05:30 DEBUG 17208 --- [Fashion-Nest-Application] [           main] org.hibernate.orm.query.sqm.creation     : Applying inferable type to SqmExpression [org.hibernate.query.sqm.tree.expression.SqmCaseSearched@6aa4a749] : null -> BasicSqmPathSource(discountedPrice : Integer)
2025-07-14T13:26:46.657+05:30 DEBUG 17208 --- [Fashion-Nest-Application] [           main] org.hibernate.orm.query.sqm.ast          : SqmStatement Tree :
    -> [select]
      -> [query-spec]
        -> [select]
          -> [selection]
            -> [root] - `com.fashionnest.Fashion_Nest_Application.model.Product(p)`
            <- [root] - `com.fashionnest.Fashion_Nest_Application.model.Product(p)`
          <- [selection]
        <- [select]
        -> [from]
          -> [root] - `com.fashionnest.Fashion_Nest_Application.model.Product(p)`
          <- [root] - `com.fashionnest.Fashion_Nest_Application.model.Product(p)`
        <- [from]
        -> [where]
          -> [and]
            -> [grouped]
                -> [or]
                  -> [is-null]
                      :category
                  <- [is-null]
                  -> [EQUAL]
                      -> [basic-path] - `com.fashionnest.Fashion_Nest_Application.model.Product(p).category.name`
                      :category
                  <- [EQUAL]
                <- [or]
            <- [grouped]
            -> [grouped]
                -> [or]
                  -> [grouped]
                      -> [and]
                        -> [is-null]
                            :minPrice
                        <- [is-null]
                        -> [is-null]
                            :maxPrice
                        <- [is-null]
                      <- [and]
                  <- [grouped]
                  -> [grouped]
                      -> [is-between]
                        -> [basic-path] - `com.fashionnest.Fashion_Nest_Application.model.Product(p).discountedPrice`
                        :minPrice
                        :maxPrice
                      <- [is-between]
                  <- [grouped]
                <- [or]
            <- [grouped]
            -> [grouped]
                -> [or]
                  -> [is-null]
                      :minDiscount
                  <- [is-null]
                  -> [GREATER_THAN_OR_EQUAL]
                      -> [basic-path] - `com.fashionnest.Fashion_Nest_Application.model.Product(p).discountPercent`
                      :minDiscount
                  <- [GREATER_THAN_OR_EQUAL]
                <- [or]
            <- [grouped]
          <- [and]
        <- [where]
      <- [query-spec]
    <- [select]

2025-07-14T13:26:46.679+05:30 DEBUG 17208 --- [Fashion-Nest-Application] [           main] tor$SharedEntityManagerInvocationHandler : Creating new EntityManager for shared EntityManager invocation
2025-07-14T13:26:46.682+05:30 DEBUG 17208 --- [Fashion-Nest-Application] [           main] tor$SharedEntityManagerInvocationHandler : Creating new EntityManager for shared EntityManager invocation
2025-07-14T13:26:46.692+05:30 DEBUG 17208 --- [Fashion-Nest-Application] [           main] cResourceLocalTransactionCoordinatorImpl : JDBC transaction marked for rollback-only (exception provided for stack trace)

java.lang.Exception: exception just for purpose of providing stack trace
	at org.hibernate.resource.transaction.backend.jdbc.internal.JdbcResourceLocalTransactionCoordinatorImpl$TransactionDriverControlImpl.markRollbackOnly(JdbcResourceLocalTransactionCoordinatorImpl.java:309) ~[hibernate-core-6.5.2.Final.jar:6.5.2.Final]
	at org.hibernate.internal.AbstractSharedSessionContract.buildNamedQuery(AbstractSharedSessionContract.java:1109) ~[hibernate-core-6.5.2.Final.jar:6.5.2.Final]
	at org.hibernate.internal.AbstractSharedSessionContract.createNamedQuery(AbstractSharedSessionContract.java:987) ~[hibernate-core-6.5.2.Final.jar:6.5.2.Final]
	at org.hibernate.internal.AbstractSharedSessionContract.createNamedQuery(AbstractSharedSessionContract.java:140) ~[hibernate-core-6.5.2.Final.jar:6.5.2.Final]
	at java.base/jdk.internal.reflect.DirectMethodHandleAccessor.invoke(DirectMethodHandleAccessor.java:103) ~[na:na]
	at java.base/java.lang.reflect.Method.invoke(Method.java:580) ~[na:na]
	at org.springframework.orm.jpa.ExtendedEntityManagerCreator$ExtendedEntityManagerInvocationHandler.invoke(ExtendedEntityManagerCreator.java:364) ~[spring-orm-6.1.12.jar:6.1.12]
	at jdk.proxy2/jdk.proxy2.$Proxy139.createNamedQuery(Unknown Source) ~[na:na]
	at org.springframework.data.jpa.repository.query.NamedQuery.hasNamedQuery(NamedQuery.java:112) ~[spring-data-jpa-3.3.3.jar:3.3.3]
	at org.springframework.data.jpa.repository.query.NamedQuery.lookupFrom(NamedQuery.java:138) ~[spring-data-jpa-3.3.3.jar:3.3.3]
	at org.springframework.data.jpa.repository.query.JpaQueryLookupStrategy$DeclaredQueryLookupStrategy.resolveQuery(JpaQueryLookupStrategy.java:180) ~[spring-data-jpa-3.3.3.jar:3.3.3]
	at org.springframework.data.jpa.repository.query.JpaQueryLookupStrategy$CreateIfNotFoundQueryLookupStrategy.resolveQuery(JpaQueryLookupStrategy.java:252) ~[spring-data-jpa-3.3.3.jar:3.3.3]
	at org.springframework.data.jpa.repository.query.JpaQueryLookupStrategy$AbstractQueryLookupStrategy.resolveQuery(JpaQueryLookupStrategy.java:95) ~[spring-data-jpa-3.3.3.jar:3.3.3]
	at org.springframework.data.repository.core.support.QueryExecutorMethodInterceptor.lookupQuery(QueryExecutorMethodInterceptor.java:115) ~[spring-data-commons-3.3.3.jar:3.3.3]
	at org.springframework.data.repository.core.support.QueryExecutorMethodInterceptor.mapMethodsToQuery(QueryExecutorMethodInterceptor.java:103) ~[spring-data-commons-3.3.3.jar:3.3.3]
	at org.springframework.data.repository.core.support.QueryExecutorMethodInterceptor.lambda$new$0(QueryExecutorMethodInterceptor.java:92) ~[spring-data-commons-3.3.3.jar:3.3.3]
	at java.base/java.util.Optional.map(Optional.java:260) ~[na:na]
	at org.springframework.data.repository.core.support.QueryExecutorMethodInterceptor.<init>(QueryExecutorMethodInterceptor.java:92) ~[spring-data-commons-3.3.3.jar:3.3.3]
	at org.springframework.data.repository.core.support.RepositoryFactorySupport.getRepository(RepositoryFactorySupport.java:357) ~[spring-data-commons-3.3.3.jar:3.3.3]
	at org.springframework.data.repository.core.support.RepositoryFactoryBeanSupport.lambda$afterPropertiesSet$5(RepositoryFactoryBeanSupport.java:286) ~[spring-data-commons-3.3.3.jar:3.3.3]
	at org.springframework.data.util.Lazy.getNullable(Lazy.java:135) ~[spring-data-commons-3.3.3.jar:3.3.3]
	at org.springframework.data.util.Lazy.get(Lazy.java:113) ~[spring-data-commons-3.3.3.jar:3.3.3]
	at org.springframework.data.repository.core.support.RepositoryFactoryBeanSupport.afterPropertiesSet(RepositoryFactoryBeanSupport.java:292) ~[spring-data-commons-3.3.3.jar:3.3.3]
	at org.springframework.data.jpa.repository.support.JpaRepositoryFactoryBean.afterPropertiesSet(JpaRepositoryFactoryBean.java:132) ~[spring-data-jpa-3.3.3.jar:3.3.3]
	at org.springframework.beans.factory.support.AbstractAutowireCapableBeanFactory.invokeInitMethods(AbstractAutowireCapableBeanFactory.java:1853) ~[spring-beans-6.1.12.jar:6.1.12]
	at org.springframework.beans.factory.support.AbstractAutowireCapableBeanFactory.initializeBean(AbstractAutowireCapableBeanFactory.java:1802) ~[spring-beans-6.1.12.jar:6.1.12]
	at org.springframework.beans.factory.support.AbstractAutowireCapableBeanFactory.doCreateBean(AbstractAutowireCapableBeanFactory.java:600) ~[spring-beans-6.1.12.jar:6.1.12]
	at org.springframework.beans.factory.support.AbstractAutowireCapableBeanFactory.createBean(AbstractAutowireCapableBeanFactory.java:522) ~[spring-beans-6.1.12.jar:6.1.12]
	at org.springframework.beans.factory.support.AbstractBeanFactory.lambda$doGetBean$0(AbstractBeanFactory.java:337) ~[spring-beans-6.1.12.jar:6.1.12]
	at org.springframework.beans.factory.support.DefaultSingletonBeanRegistry.getSingleton(DefaultSingletonBeanRegistry.java:234) ~[spring-beans-6.1.12.jar:6.1.12]
	at org.springframework.beans.factory.support.AbstractBeanFactory.doGetBean(AbstractBeanFactory.java:335) ~[spring-beans-6.1.12.jar:6.1.12]
	at org.springframework.beans.factory.support.AbstractBeanFactory.getBean(AbstractBeanFactory.java:200) ~[spring-beans-6.1.12.jar:6.1.12]
	at org.springframework.beans.factory.config.DependencyDescriptor.resolveCandidate(DependencyDescriptor.java:254) ~[spring-beans-6.1.12.jar:6.1.12]
	at org.springframework.beans.factory.support.DefaultListableBeanFactory.doResolveDependency(DefaultListableBeanFactory.java:1443) ~[spring-beans-6.1.12.jar:6.1.12]
	at org.springframework.beans.factory.support.DefaultListableBeanFactory.resolveDependency(DefaultListableBeanFactory.java:1353) ~[spring-beans-6.1.12.jar:6.1.12]
	at org.springframework.beans.factory.annotation.AutowiredAnnotationBeanPostProcessor$AutowiredFieldElement.resolveFieldValue(AutowiredAnnotationBeanPostProcessor.java:785) ~[spring-beans-6.1.12.jar:6.1.12]
	at org.springframework.beans.factory.annotation.AutowiredAnnotationBeanPostProcessor$AutowiredFieldElement.inject(AutowiredAnnotationBeanPostProcessor.java:768) ~[spring-beans-6.1.12.jar:6.1.12]
	at org.springframework.beans.factory.annotation.InjectionMetadata.inject(InjectionMetadata.java:145) ~[spring-beans-6.1.12.jar:6.1.12]
	at org.springframework.beans.factory.annotation.AutowiredAnnotationBeanPostProcessor.postProcessProperties(AutowiredAnnotationBeanPostProcessor.java:509) ~[spring-beans-6.1.12.jar:6.1.12]
	at org.springframework.beans.factory.support.AbstractAutowireCapableBeanFactory.populateBean(AbstractAutowireCapableBeanFactory.java:1439) ~[spring-beans-6.1.12.jar:6.1.12]
	at org.springframework.beans.factory.support.AbstractAutowireCapableBeanFactory.doCreateBean(AbstractAutowireCapableBeanFactory.java:599) ~[spring-beans-6.1.12.jar:6.1.12]
	at org.springframework.beans.factory.support.AbstractAutowireCapableBeanFactory.createBean(AbstractAutowireCapableBeanFactory.java:522) ~[spring-beans-6.1.12.jar:6.1.12]
	at org.springframework.beans.factory.support.AbstractBeanFactory.lambda$doGetBean$0(AbstractBeanFactory.java:337) ~[spring-beans-6.1.12.jar:6.1.12]
	at org.springframework.beans.factory.support.DefaultSingletonBeanRegistry.getSingleton(DefaultSingletonBeanRegistry.java:234) ~[spring-beans-6.1.12.jar:6.1.12]
	at org.springframework.beans.factory.support.AbstractBeanFactory.doGetBean(AbstractBeanFactory.java:335) ~[spring-beans-6.1.12.jar:6.1.12]
	at org.springframework.beans.factory.support.AbstractBeanFactory.getBean(AbstractBeanFactory.java:200) ~[spring-beans-6.1.12.jar:6.1.12]
	at org.springframework.beans.factory.config.DependencyDescriptor.resolveCandidate(DependencyDescriptor.java:254) ~[spring-beans-6.1.12.jar:6.1.12]
	at org.springframework.beans.factory.support.DefaultListableBeanFactory.doResolveDependency(DefaultListableBeanFactory.java:1443) ~[spring-beans-6.1.12.jar:6.1.12]
	at org.springframework.beans.factory.support.DefaultListableBeanFactory.resolveDependency(DefaultListableBeanFactory.java:1353) ~[spring-beans-6.1.12.jar:6.1.12]
	at org.springframework.beans.factory.annotation.AutowiredAnnotationBeanPostProcessor$AutowiredFieldElement.resolveFieldValue(AutowiredAnnotationBeanPostProcessor.java:785) ~[spring-beans-6.1.12.jar:6.1.12]
	at org.springframework.beans.factory.annotation.AutowiredAnnotationBeanPostProcessor$AutowiredFieldElement.inject(AutowiredAnnotationBeanPostProcessor.java:768) ~[spring-beans-6.1.12.jar:6.1.12]
	at org.springframework.beans.factory.annotation.InjectionMetadata.inject(InjectionMetadata.java:145) ~[spring-beans-6.1.12.jar:6.1.12]
	at org.springframework.beans.factory.annotation.AutowiredAnnotationBeanPostProcessor.postProcessProperties(AutowiredAnnotationBeanPostProcessor.java:509) ~[spring-beans-6.1.12.jar:6.1.12]
	at org.springframework.beans.factory.support.AbstractAutowireCapableBeanFactory.populateBean(AbstractAutowireCapableBeanFactory.java:1439) ~[spring-beans-6.1.12.jar:6.1.12]
	at org.springframework.beans.factory.support.AbstractAutowireCapableBeanFactory.doCreateBean(AbstractAutowireCapableBeanFactory.java:599) ~[spring-beans-6.1.12.jar:6.1.12]
	at org.springframework.beans.factory.support.AbstractAutowireCapableBeanFactory.createBean(AbstractAutowireCapableBeanFactory.java:522) ~[spring-beans-6.1.12.jar:6.1.12]
	at org.springframework.beans.factory.support.AbstractBeanFactory.lambda$doGetBean$0(AbstractBeanFactory.java:337) ~[spring-beans-6.1.12.jar:6.1.12]
	at org.springframework.beans.factory.support.DefaultSingletonBeanRegistry.getSingleton(DefaultSingletonBeanRegistry.java:234) ~[spring-beans-6.1.12.jar:6.1.12]
	at org.springframework.beans.factory.support.AbstractBeanFactory.doGetBean(AbstractBeanFactory.java:335) ~[spring-beans-6.1.12.jar:6.1.12]
	at org.springframework.beans.factory.support.AbstractBeanFactory.getBean(AbstractBeanFactory.java:200) ~[spring-beans-6.1.12.jar:6.1.12]
	at org.springframework.beans.factory.config.DependencyDescriptor.resolveCandidate(DependencyDescriptor.java:254) ~[spring-beans-6.1.12.jar:6.1.12]
	at org.springframework.beans.factory.support.DefaultListableBeanFactory.doResolveDependency(DefaultListableBeanFactory.java:1443) ~[spring-beans-6.1.12.jar:6.1.12]
	at org.springframework.beans.factory.support.DefaultListableBeanFactory.resolveDependency(DefaultListableBeanFactory.java:1353) ~[spring-beans-6.1.12.jar:6.1.12]
	at org.springframework.beans.factory.annotation.AutowiredAnnotationBeanPostProcessor$AutowiredFieldElement.resolveFieldValue(AutowiredAnnotationBeanPostProcessor.java:785) ~[spring-beans-6.1.12.jar:6.1.12]
	at org.springframework.beans.factory.annotation.AutowiredAnnotationBeanPostProcessor$AutowiredFieldElement.inject(AutowiredAnnotationBeanPostProcessor.java:768) ~[spring-beans-6.1.12.jar:6.1.12]
	at org.springframework.beans.factory.annotation.InjectionMetadata.inject(InjectionMetadata.java:145) ~[spring-beans-6.1.12.jar:6.1.12]
	at org.springframework.beans.factory.annotation.AutowiredAnnotationBeanPostProcessor.postProcessProperties(AutowiredAnnotationBeanPostProcessor.java:509) ~[spring-beans-6.1.12.jar:6.1.12]
	at org.springframework.beans.factory.support.AbstractAutowireCapableBeanFactory.populateBean(AbstractAutowireCapableBeanFactory.java:1439) ~[spring-beans-6.1.12.jar:6.1.12]
	at org.springframework.beans.factory.support.AbstractAutowireCapableBeanFactory.doCreateBean(AbstractAutowireCapableBeanFactory.java:599) ~[spring-beans-6.1.12.jar:6.1.12]
	at org.springframework.beans.factory.support.AbstractAutowireCapableBeanFactory.createBean(AbstractAutowireCapableBeanFactory.java:522) ~[spring-beans-6.1.12.jar:6.1.12]
	at org.springframework.beans.factory.support.AbstractBeanFactory.lambda$doGetBean$0(AbstractBeanFactory.java:337) ~[spring-beans-6.1.12.jar:6.1.12]
	at org.springframework.beans.factory.support.DefaultSingletonBeanRegistry.getSingleton(DefaultSingletonBeanRegistry.java:234) ~[spring-beans-6.1.12.jar:6.1.12]
	at org.springframework.beans.factory.support.AbstractBeanFactory.doGetBean(AbstractBeanFactory.java:335) ~[spring-beans-6.1.12.jar:6.1.12]
	at org.springframework.beans.factory.support.AbstractBeanFactory.getBean(AbstractBeanFactory.java:200) ~[spring-beans-6.1.12.jar:6.1.12]
	at org.springframework.beans.factory.config.DependencyDescriptor.resolveCandidate(DependencyDescriptor.java:254) ~[spring-beans-6.1.12.jar:6.1.12]
	at org.springframework.beans.factory.support.DefaultListableBeanFactory.doResolveDependency(DefaultListableBeanFactory.java:1443) ~[spring-beans-6.1.12.jar:6.1.12]
	at org.springframework.beans.factory.support.DefaultListableBeanFactory.resolveDependency(DefaultListableBeanFactory.java:1353) ~[spring-beans-6.1.12.jar:6.1.12]
	at org.springframework.beans.factory.annotation.AutowiredAnnotationBeanPostProcessor$AutowiredFieldElement.resolveFieldValue(AutowiredAnnotationBeanPostProcessor.java:785) ~[spring-beans-6.1.12.jar:6.1.12]
	at org.springframework.beans.factory.annotation.AutowiredAnnotationBeanPostProcessor$AutowiredFieldElement.inject(AutowiredAnnotationBeanPostProcessor.java:768) ~[spring-beans-6.1.12.jar:6.1.12]
	at org.springframework.beans.factory.annotation.InjectionMetadata.inject(InjectionMetadata.java:145) ~[spring-beans-6.1.12.jar:6.1.12]
	at org.springframework.beans.factory.annotation.AutowiredAnnotationBeanPostProcessor.postProcessProperties(AutowiredAnnotationBeanPostProcessor.java:509) ~[spring-beans-6.1.12.jar:6.1.12]
	at org.springframework.beans.factory.support.AbstractAutowireCapableBeanFactory.populateBean(AbstractAutowireCapableBeanFactory.java:1439) ~[spring-beans-6.1.12.jar:6.1.12]
	at org.springframework.beans.factory.support.AbstractAutowireCapableBeanFactory.doCreateBean(AbstractAutowireCapableBeanFactory.java:599) ~[spring-beans-6.1.12.jar:6.1.12]
	at org.springframework.beans.factory.support.AbstractAutowireCapableBeanFactory.createBean(AbstractAutowireCapableBeanFactory.java:522) ~[spring-beans-6.1.12.jar:6.1.12]
	at org.springframework.beans.factory.support.AbstractBeanFactory.lambda$doGetBean$0(AbstractBeanFactory.java:337) ~[spring-beans-6.1.12.jar:6.1.12]
	at org.springframework.beans.factory.support.DefaultSingletonBeanRegistry.getSingleton(DefaultSingletonBeanRegistry.java:234) ~[spring-beans-6.1.12.jar:6.1.12]
	at org.springframework.beans.factory.support.AbstractBeanFactory.doGetBean(AbstractBeanFactory.java:335) ~[spring-beans-6.1.12.jar:6.1.12]
	at org.springframework.beans.factory.support.AbstractBeanFactory.getBean(AbstractBeanFactory.java:200) ~[spring-beans-6.1.12.jar:6.1.12]
	at org.springframework.beans.factory.support.DefaultListableBeanFactory.preInstantiateSingletons(DefaultListableBeanFactory.java:975) ~[spring-beans-6.1.12.jar:6.1.12]
	at org.springframework.context.support.AbstractApplicationContext.finishBeanFactoryInitialization(AbstractApplicationContext.java:971) ~[spring-context-6.1.12.jar:6.1.12]
	at org.springframework.context.support.AbstractApplicationContext.refresh(AbstractApplicationContext.java:625) ~[spring-context-6.1.12.jar:6.1.12]
	at org.springframework.boot.SpringApplication.refresh(SpringApplication.java:754) ~[spring-boot-3.3.3.jar:3.3.3]
	at org.springframework.boot.SpringApplication.refreshContext(SpringApplication.java:456) ~[spring-boot-3.3.3.jar:3.3.3]
	at org.springframework.boot.SpringApplication.run(SpringApplication.java:335) ~[spring-boot-3.3.3.jar:3.3.3]
	at org.springframework.boot.test.context.SpringBootContextLoader.lambda$loadContext$3(SpringBootContextLoader.java:137) ~[spring-boot-test-3.3.3.jar:3.3.3]
	at org.springframework.util.function.ThrowingSupplier.get(ThrowingSupplier.java:58) ~[spring-core-6.1.12.jar:6.1.12]
	at org.springframework.util.function.ThrowingSupplier.get(ThrowingSupplier.java:46) ~[spring-core-6.1.12.jar:6.1.12]
	at org.springframework.boot.SpringApplication.withHook(SpringApplication.java:1463) ~[spring-boot-3.3.3.jar:3.3.3]
	at org.springframework.boot.test.context.SpringBootContextLoader$ContextLoaderHook.run(SpringBootContextLoader.java:553) ~[spring-boot-test-3.3.3.jar:3.3.3]
	at org.springframework.boot.test.context.SpringBootContextLoader.loadContext(SpringBootContextLoader.java:137) ~[spring-boot-test-3.3.3.jar:3.3.3]
	at org.springframework.boot.test.context.SpringBootContextLoader.loadContext(SpringBootContextLoader.java:108) ~[spring-boot-test-3.3.3.jar:3.3.3]
	at org.springframework.test.context.cache.DefaultCacheAwareContextLoaderDelegate.loadContextInternal(DefaultCacheAwareContextLoaderDelegate.java:225) ~[spring-test-6.1.12.jar:6.1.12]
	at org.springframework.test.context.cache.DefaultCacheAwareContextLoaderDelegate.loadContext(DefaultCacheAwareContextLoaderDelegate.java:152) ~[spring-test-6.1.12.jar:6.1.12]
	at org.springframework.test.context.support.DefaultTestContext.getApplicationContext(DefaultTestContext.java:130) ~[spring-test-6.1.12.jar:6.1.12]
	at org.springframework.test.context.web.ServletTestExecutionListener.setUpRequestContextIfNecessary(ServletTestExecutionListener.java:191) ~[spring-test-6.1.12.jar:6.1.12]
	at org.springframework.test.context.web.ServletTestExecutionListener.prepareTestInstance(ServletTestExecutionListener.java:130) ~[spring-test-6.1.12.jar:6.1.12]
	at org.springframework.test.context.TestContextManager.prepareTestInstance(TestContextManager.java:260) ~[spring-test-6.1.12.jar:6.1.12]
	at org.springframework.test.context.junit.jupiter.SpringExtension.postProcessTestInstance(SpringExtension.java:163) ~[spring-test-6.1.12.jar:6.1.12]
	at org.junit.jupiter.engine.descriptor.ClassBasedTestDescriptor.lambda$invokeTestInstancePostProcessors$10(ClassBasedTestDescriptor.java:378) ~[junit-jupiter-engine-5.10.3.jar:5.10.3]
	at org.junit.jupiter.engine.descriptor.ClassBasedTestDescriptor.executeAndMaskThrowable(ClassBasedTestDescriptor.java:383) ~[junit-jupiter-engine-5.10.3.jar:5.10.3]
	at org.junit.jupiter.engine.descriptor.ClassBasedTestDescriptor.lambda$invokeTestInstancePostProcessors$11(ClassBasedTestDescriptor.java:378) ~[junit-jupiter-engine-5.10.3.jar:5.10.3]
	at java.base/java.util.stream.ReferencePipeline$3$1.accept(ReferencePipeline.java:197) ~[na:na]
	at java.base/java.util.stream.ReferencePipeline$2$1.accept(ReferencePipeline.java:179) ~[na:na]
	at java.base/java.util.ArrayList$ArrayListSpliterator.forEachRemaining(ArrayList.java:1708) ~[na:na]
	at java.base/java.util.stream.AbstractPipeline.copyInto(AbstractPipeline.java:509) ~[na:na]
	at java.base/java.util.stream.AbstractPipeline.wrapAndCopyInto(AbstractPipeline.java:499) ~[na:na]
	at java.base/java.util.stream.StreamSpliterators$WrappingSpliterator.forEachRemaining(StreamSpliterators.java:310) ~[na:na]
	at java.base/java.util.stream.Streams$ConcatSpliterator.forEachRemaining(Streams.java:735) ~[na:na]
	at java.base/java.util.stream.Streams$ConcatSpliterator.forEachRemaining(Streams.java:734) ~[na:na]
	at java.base/java.util.stream.ReferencePipeline$Head.forEach(ReferencePipeline.java:762) ~[na:na]
	at org.junit.jupiter.engine.descriptor.ClassBasedTestDescriptor.invokeTestInstancePostProcessors(ClassBasedTestDescriptor.java:377) ~[junit-jupiter-engine-5.10.3.jar:5.10.3]
	at org.junit.jupiter.engine.descriptor.ClassBasedTestDescriptor.lambda$instantiateAndPostProcessTestInstance$6(ClassBasedTestDescriptor.java:290) ~[junit-jupiter-engine-5.10.3.jar:5.10.3]
	at org.junit.platform.engine.support.hierarchical.ThrowableCollector.execute(ThrowableCollector.java:73) ~[junit-platform-engine-1.10.3.jar:1.10.3]
	at org.junit.jupiter.engine.descriptor.ClassBasedTestDescriptor.instantiateAndPostProcessTestInstance(ClassBasedTestDescriptor.java:289) ~[junit-jupiter-engine-5.10.3.jar:5.10.3]
	at org.junit.jupiter.engine.descriptor.ClassBasedTestDescriptor.lambda$testInstancesProvider$4(ClassBasedTestDescriptor.java:279) ~[junit-jupiter-engine-5.10.3.jar:5.10.3]
	at java.base/java.util.Optional.orElseGet(Optional.java:364) ~[na:na]
	at org.junit.jupiter.engine.descriptor.ClassBasedTestDescriptor.lambda$testInstancesProvider$5(ClassBasedTestDescriptor.java:278) ~[junit-jupiter-engine-5.10.3.jar:5.10.3]
	at org.junit.jupiter.engine.execution.TestInstancesProvider.getTestInstances(TestInstancesProvider.java:31) ~[junit-jupiter-engine-5.10.3.jar:5.10.3]
	at org.junit.jupiter.engine.descriptor.TestMethodTestDescriptor.lambda$prepare$0(TestMethodTestDescriptor.java:106) ~[junit-jupiter-engine-5.10.3.jar:5.10.3]
	at org.junit.platform.engine.support.hierarchical.ThrowableCollector.execute(ThrowableCollector.java:73) ~[junit-platform-engine-1.10.3.jar:1.10.3]
	at org.junit.jupiter.engine.descriptor.TestMethodTestDescriptor.prepare(TestMethodTestDescriptor.java:105) ~[junit-jupiter-engine-5.10.3.jar:5.10.3]
	at org.junit.jupiter.engine.descriptor.TestMethodTestDescriptor.prepare(TestMethodTestDescriptor.java:69) ~[junit-jupiter-engine-5.10.3.jar:5.10.3]
	at org.junit.platform.engine.support.hierarchical.NodeTestTask.lambda$prepare$2(NodeTestTask.java:123) ~[junit-platform-engine-1.10.3.jar:1.10.3]
	at org.junit.platform.engine.support.hierarchical.ThrowableCollector.execute(ThrowableCollector.java:73) ~[junit-platform-engine-1.10.3.jar:1.10.3]
	at org.junit.platform.engine.support.hierarchical.NodeTestTask.prepare(NodeTestTask.java:123) ~[junit-platform-engine-1.10.3.jar:1.10.3]
	at org.junit.platform.engine.support.hierarchical.NodeTestTask.execute(NodeTestTask.java:90) ~[junit-platform-engine-1.10.3.jar:1.10.3]
	at java.base/java.util.ArrayList.forEach(ArrayList.java:1596) ~[na:na]
	at org.junit.platform.engine.support.hierarchical.SameThreadHierarchicalTestExecutorService.invokeAll(SameThreadHierarchicalTestExecutorService.java:41) ~[junit-platform-engine-1.10.3.jar:1.10.3]
	at org.junit.platform.engine.support.hierarchical.NodeTestTask.lambda$executeRecursively$6(NodeTestTask.java:155) ~[junit-platform-engine-1.10.3.jar:1.10.3]
	at org.junit.platform.engine.support.hierarchical.ThrowableCollector.execute(ThrowableCollector.java:73) ~[junit-platform-engine-1.10.3.jar:1.10.3]
	at org.junit.platform.engine.support.hierarchical.NodeTestTask.lambda$executeRecursively$8(NodeTestTask.java:141) ~[junit-platform-engine-1.10.3.jar:1.10.3]
	at org.junit.platform.engine.support.hierarchical.Node.around(Node.java:137) ~[junit-platform-engine-1.10.3.jar:1.10.3]
	at org.junit.platform.engine.support.hierarchical.NodeTestTask.lambda$executeRecursively$9(NodeTestTask.java:139) ~[junit-platform-engine-1.10.3.jar:1.10.3]
	at org.junit.platform.engine.support.hierarchical.ThrowableCollector.execute(ThrowableCollector.java:73) ~[junit-platform-engine-1.10.3.jar:1.10.3]
	at org.junit.platform.engine.support.hierarchical.NodeTestTask.executeRecursively(NodeTestTask.java:138) ~[junit-platform-engine-1.10.3.jar:1.10.3]
	at org.junit.platform.engine.support.hierarchical.NodeTestTask.execute(NodeTestTask.java:95) ~[junit-platform-engine-1.10.3.jar:1.10.3]
	at java.base/java.util.ArrayList.forEach(ArrayList.java:1596) ~[na:na]
	at org.junit.platform.engine.support.hierarchical.SameThreadHierarchicalTestExecutorService.invokeAll(SameThreadHierarchicalTestExecutorService.java:41) ~[junit-platform-engine-1.10.3.jar:1.10.3]
	at org.junit.platform.engine.support.hierarchical.NodeTestTask.lambda$executeRecursively$6(NodeTestTask.java:155) ~[junit-platform-engine-1.10.3.jar:1.10.3]
	at org.junit.platform.engine.support.hierarchical.ThrowableCollector.execute(ThrowableCollector.java:73) ~[junit-platform-engine-1.10.3.jar:1.10.3]
	at org.junit.platform.engine.support.hierarchical.NodeTestTask.lambda$executeRecursively$8(NodeTestTask.java:141) ~[junit-platform-engine-1.10.3.jar:1.10.3]
	at org.junit.platform.engine.support.hierarchical.Node.around(Node.java:137) ~[junit-platform-engine-1.10.3.jar:1.10.3]
	at org.junit.platform.engine.support.hierarchical.NodeTestTask.lambda$executeRecursively$9(NodeTestTask.java:139) ~[junit-platform-engine-1.10.3.jar:1.10.3]
	at org.junit.platform.engine.support.hierarchical.ThrowableCollector.execute(ThrowableCollector.java:73) ~[junit-platform-engine-1.10.3.jar:1.10.3]
	at org.junit.platform.engine.support.hierarchical.NodeTestTask.executeRecursively(NodeTestTask.java:138) ~[junit-platform-engine-1.10.3.jar:1.10.3]
	at org.junit.platform.engine.support.hierarchical.NodeTestTask.execute(NodeTestTask.java:95) ~[junit-platform-engine-1.10.3.jar:1.10.3]
	at org.junit.platform.engine.support.hierarchical.SameThreadHierarchicalTestExecutorService.submit(SameThreadHierarchicalTestExecutorService.java:35) ~[junit-platform-engine-1.10.3.jar:1.10.3]
	at org.junit.platform.engine.support.hierarchical.HierarchicalTestExecutor.execute(HierarchicalTestExecutor.java:57) ~[junit-platform-engine-1.10.3.jar:1.10.3]
	at org.junit.platform.engine.support.hierarchical.HierarchicalTestEngine.execute(HierarchicalTestEngine.java:54) ~[junit-platform-engine-1.10.3.jar:1.10.3]
	at org.junit.platform.launcher.core.EngineExecutionOrchestrator.execute(EngineExecutionOrchestrator.java:198) ~[junit-platform-launcher-1.10.3.jar:1.10.3]
	at org.junit.platform.launcher.core.EngineExecutionOrchestrator.execute(EngineExecutionOrchestrator.java:169) ~[junit-platform-launcher-1.10.3.jar:1.10.3]
	at org.junit.platform.launcher.core.EngineExecutionOrchestrator.execute(EngineExecutionOrchestrator.java:93) ~[junit-platform-launcher-1.10.3.jar:1.10.3]
	at org.junit.platform.launcher.core.EngineExecutionOrchestrator.lambda$execute$0(EngineExecutionOrchestrator.java:58) ~[junit-platform-launcher-1.10.3.jar:1.10.3]
	at org.junit.platform.launcher.core.EngineExecutionOrchestrator.withInterceptedStreams(EngineExecutionOrchestrator.java:141) ~[junit-platform-launcher-1.10.3.jar:1.10.3]
	at org.junit.platform.launcher.core.EngineExecutionOrchestrator.execute(EngineExecutionOrchestrator.java:57) ~[junit-platform-launcher-1.10.3.jar:1.10.3]
	at org.junit.platform.launcher.core.DefaultLauncher.execute(DefaultLauncher.java:103) ~[junit-platform-launcher-1.10.3.jar:1.10.3]
	at org.junit.platform.launcher.core.DefaultLauncher.execute(DefaultLauncher.java:85) ~[junit-platform-launcher-1.10.3.jar:1.10.3]
	at org.junit.platform.launcher.core.DelegatingLauncher.execute(DelegatingLauncher.java:47) ~[junit-platform-launcher-1.10.3.jar:1.10.3]
	at org.apache.maven.surefire.junitplatform.LazyLauncher.execute(LazyLauncher.java:56) ~[surefire-junit-platform-3.2.5.jar:3.2.5]
	at org.apache.maven.surefire.junitplatform.JUnitPlatformProvider.execute(JUnitPlatformProvider.java:184) ~[surefire-junit-platform-3.2.5.jar:3.2.5]
	at org.apache.maven.surefire.junitplatform.JUnitPlatformProvider.invokeAllTests(JUnitPlatformProvider.java:148) ~[surefire-junit-platform-3.2.5.jar:3.2.5]
	at org.apache.maven.surefire.junitplatform.JUnitPlatformProvider.invoke(JUnitPlatformProvider.java:122) ~[surefire-junit-platform-3.2.5.jar:3.2.5]
	at org.apache.maven.surefire.booter.ForkedBooter.runSuitesInProcess(ForkedBooter.java:385) ~[surefire-booter-3.2.5.jar:3.2.5]
	at org.apache.maven.surefire.booter.ForkedBooter.execute(ForkedBooter.java:162) ~[surefire-booter-3.2.5.jar:3.2.5]
	at org.apache.maven.surefire.booter.ForkedBooter.run(ForkedBooter.java:507) ~[surefire-booter-3.2.5.jar:3.2.5]
	at org.apache.maven.surefire.booter.ForkedBooter.main(ForkedBooter.java:495) ~[surefire-booter-3.2.5.jar:3.2.5]

2025-07-14T13:26:46.695+05:30 DEBUG 17208 --- [Fashion-Nest-Application] [           main] tor$SharedEntityManagerInvocationHandler : Creating new EntityManager for shared EntityManager invocation
2025-07-14T13:26:46.702+05:30 DEBUG 17208 --- [Fashion-Nest-Application] [           main] cResourceLocalTransactionCoordinatorImpl : JDBC transaction marked for rollback-only (exception provided for stack trace)

java.lang.Exception: exception just for purpose of providing stack trace
	at org.hibernate.resource.transaction.backend.jdbc.internal.JdbcResourceLocalTransactionCoordinatorImpl$TransactionDriverControlImpl.markRollbackOnly(JdbcResourceLocalTransactionCoordinatorImpl.java:309) ~[hibernate-core-6.5.2.Final.jar:6.5.2.Final]
	at org.hibernate.internal.AbstractSharedSessionContract.buildNamedQuery(AbstractSharedSessionContract.java:1109) ~[hibernate-core-6.5.2.Final.jar:6.5.2.Final]
	at org.hibernate.internal.AbstractSharedSessionContract.createNamedQuery(AbstractSharedSessionContract.java:987) ~[hibernate-core-6.5.2.Final.jar:6.5.2.Final]
	at org.hibernate.internal.AbstractSharedSessionContract.createNamedQuery(AbstractSharedSessionContract.java:140) ~[hibernate-core-6.5.2.Final.jar:6.5.2.Final]
	at java.base/jdk.internal.reflect.DirectMethodHandleAccessor.invoke(DirectMethodHandleAccessor.java:103) ~[na:na]
	at java.base/java.lang.reflect.Method.invoke(Method.java:580) ~[na:na]
	at org.springframework.orm.jpa.ExtendedEntityManagerCreator$ExtendedEntityManagerInvocationHandler.invoke(ExtendedEntityManagerCreator.java:364) ~[spring-orm-6.1.12.jar:6.1.12]
	at jdk.proxy2/jdk.proxy2.$Proxy139.createNamedQuery(Unknown Source) ~[na:na]
	at org.springframework.data.jpa.repository.query.NamedQuery.hasNamedQuery(NamedQuery.java:112) ~[spring-data-jpa-3.3.3.jar:3.3.3]
	at org.springframework.data.jpa.repository.query.NamedQuery.lookupFrom(NamedQuery.java:138) ~[spring-data-jpa-3.3.3.jar:3.3.3]
	at org.springframework.data.jpa.repository.query.JpaQueryLookupStrategy$DeclaredQueryLookupStrategy.resolveQuery(JpaQueryLookupStrategy.java:180) ~[spring-data-jpa-3.3.3.jar:3.3.3]
	at org.springframework.data.jpa.repository.query.JpaQueryLookupStrategy$CreateIfNotFoundQueryLookupStrategy.resolveQuery(JpaQueryLookupStrategy.java:252) ~[spring-data-jpa-3.3.3.jar:3.3.3]
	at org.springframework.data.jpa.repository.query.JpaQueryLookupStrategy$AbstractQueryLookupStrategy.resolveQuery(JpaQueryLookupStrategy.java:95) ~[spring-data-jpa-3.3.3.jar:3.3.3]
	at org.springframework.data.repository.core.support.QueryExecutorMethodInterceptor.lookupQuery(QueryExecutorMethodInterceptor.java:115) ~[spring-data-commons-3.3.3.jar:3.3.3]
	at org.springframework.data.repository.core.support.QueryExecutorMethodInterceptor.mapMethodsToQuery(QueryExecutorMethodInterceptor.java:103) ~[spring-data-commons-3.3.3.jar:3.3.3]
	at org.springframework.data.repository.core.support.QueryExecutorMethodInterceptor.lambda$new$0(QueryExecutorMethodInterceptor.java:92) ~[spring-data-commons-3.3.3.jar:3.3.3]
	at java.base/java.util.Optional.map(Optional.java:260) ~[na:na]
	at org.springframework.data.repository.core.support.QueryExecutorMethodInterceptor.<init>(QueryExecutorMethodInterceptor.java:92) ~[spring-data-commons-3.3.3.jar:3.3.3]
	at org.springframework.data.repository.core.support.RepositoryFactorySupport.getRepository(RepositoryFactorySupport.java:357) ~[spring-data-commons-3.3.3.jar:3.3.3]
	at org.springframework.data.repository.core.support.RepositoryFactoryBeanSupport.lambda$afterPropertiesSet$5(RepositoryFactoryBeanSupport.java:286) ~[spring-data-commons-3.3.3.jar:3.3.3]
	at org.springframework.data.util.Lazy.getNullable(Lazy.java:135) ~[spring-data-commons-3.3.3.jar:3.3.3]
	at org.springframework.data.util.Lazy.get(Lazy.java:113) ~[spring-data-commons-3.3.3.jar:3.3.3]
	at org.springframework.data.repository.core.support.RepositoryFactoryBeanSupport.afterPropertiesSet(RepositoryFactoryBeanSupport.java:292) ~[spring-data-commons-3.3.3.jar:3.3.3]
	at org.springframework.data.jpa.repository.support.JpaRepositoryFactoryBean.afterPropertiesSet(JpaRepositoryFactoryBean.java:132) ~[spring-data-jpa-3.3.3.jar:3.3.3]
	at org.springframework.beans.factory.support.AbstractAutowireCapableBeanFactory.invokeInitMethods(AbstractAutowireCapableBeanFactory.java:1853) ~[spring-beans-6.1.12.jar:6.1.12]
	at org.springframework.beans.factory.support.AbstractAutowireCapableBeanFactory.initializeBean(AbstractAutowireCapableBeanFactory.java:1802) ~[spring-beans-6.1.12.jar:6.1.12]
	at org.springframework.beans.factory.support.AbstractAutowireCapableBeanFactory.doCreateBean(AbstractAutowireCapableBeanFactory.java:600) ~[spring-beans-6.1.12.jar:6.1.12]
	at org.springframework.beans.factory.support.AbstractAutowireCapableBeanFactory.createBean(AbstractAutowireCapableBeanFactory.java:522) ~[spring-beans-6.1.12.jar:6.1.12]
	at org.springframework.beans.factory.support.AbstractBeanFactory.lambda$doGetBean$0(AbstractBeanFactory.java:337) ~[spring-beans-6.1.12.jar:6.1.12]
	at org.springframework.beans.factory.support.DefaultSingletonBeanRegistry.getSingleton(DefaultSingletonBeanRegistry.java:234) ~[spring-beans-6.1.12.jar:6.1.12]
	at org.springframework.beans.factory.support.AbstractBeanFactory.doGetBean(AbstractBeanFactory.java:335) ~[spring-beans-6.1.12.jar:6.1.12]
	at org.springframework.beans.factory.support.AbstractBeanFactory.getBean(AbstractBeanFactory.java:200) ~[spring-beans-6.1.12.jar:6.1.12]
	at org.springframework.beans.factory.config.DependencyDescriptor.resolveCandidate(DependencyDescriptor.java:254) ~[spring-beans-6.1.12.jar:6.1.12]
	at org.springframework.beans.factory.support.DefaultListableBeanFactory.doResolveDependency(DefaultListableBeanFactory.java:1443) ~[spring-beans-6.1.12.jar:6.1.12]
	at org.springframework.beans.factory.support.DefaultListableBeanFactory.resolveDependency(DefaultListableBeanFactory.java:1353) ~[spring-beans-6.1.12.jar:6.1.12]
	at org.springframework.beans.factory.annotation.AutowiredAnnotationBeanPostProcessor$AutowiredFieldElement.resolveFieldValue(AutowiredAnnotationBeanPostProcessor.java:785) ~[spring-beans-6.1.12.jar:6.1.12]
	at org.springframework.beans.factory.annotation.AutowiredAnnotationBeanPostProcessor$AutowiredFieldElement.inject(AutowiredAnnotationBeanPostProcessor.java:768) ~[spring-beans-6.1.12.jar:6.1.12]
	at org.springframework.beans.factory.annotation.InjectionMetadata.inject(InjectionMetadata.java:145) ~[spring-beans-6.1.12.jar:6.1.12]
	at org.springframework.beans.factory.annotation.AutowiredAnnotationBeanPostProcessor.postProcessProperties(AutowiredAnnotationBeanPostProcessor.java:509) ~[spring-beans-6.1.12.jar:6.1.12]
	at org.springframework.beans.factory.support.AbstractAutowireCapableBeanFactory.populateBean(AbstractAutowireCapableBeanFactory.java:1439) ~[spring-beans-6.1.12.jar:6.1.12]
	at org.springframework.beans.factory.support.AbstractAutowireCapableBeanFactory.doCreateBean(AbstractAutowireCapableBeanFactory.java:599) ~[spring-beans-6.1.12.jar:6.1.12]
	at org.springframework.beans.factory.support.AbstractAutowireCapableBeanFactory.createBean(AbstractAutowireCapableBeanFactory.java:522) ~[spring-beans-6.1.12.jar:6.1.12]
	at org.springframework.beans.factory.support.AbstractBeanFactory.lambda$doGetBean$0(AbstractBeanFactory.java:337) ~[spring-beans-6.1.12.jar:6.1.12]
	at org.springframework.beans.factory.support.DefaultSingletonBeanRegistry.getSingleton(DefaultSingletonBeanRegistry.java:234) ~[spring-beans-6.1.12.jar:6.1.12]
	at org.springframework.beans.factory.support.AbstractBeanFactory.doGetBean(AbstractBeanFactory.java:335) ~[spring-beans-6.1.12.jar:6.1.12]
	at org.springframework.beans.factory.support.AbstractBeanFactory.getBean(AbstractBeanFactory.java:200) ~[spring-beans-6.1.12.jar:6.1.12]
	at org.springframework.beans.factory.config.DependencyDescriptor.resolveCandidate(DependencyDescriptor.java:254) ~[spring-beans-6.1.12.jar:6.1.12]
	at org.springframework.beans.factory.support.DefaultListableBeanFactory.doResolveDependency(DefaultListableBeanFactory.java:1443) ~[spring-beans-6.1.12.jar:6.1.12]
	at org.springframework.beans.factory.support.DefaultListableBeanFactory.resolveDependency(DefaultListableBeanFactory.java:1353) ~[spring-beans-6.1.12.jar:6.1.12]
	at org.springframework.beans.factory.annotation.AutowiredAnnotationBeanPostProcessor$AutowiredFieldElement.resolveFieldValue(AutowiredAnnotationBeanPostProcessor.java:785) ~[spring-beans-6.1.12.jar:6.1.12]
	at org.springframework.beans.factory.annotation.AutowiredAnnotationBeanPostProcessor$AutowiredFieldElement.inject(AutowiredAnnotationBeanPostProcessor.java:768) ~[spring-beans-6.1.12.jar:6.1.12]
	at org.springframework.beans.factory.annotation.InjectionMetadata.inject(InjectionMetadata.java:145) ~[spring-beans-6.1.12.jar:6.1.12]
	at org.springframework.beans.factory.annotation.AutowiredAnnotationBeanPostProcessor.postProcessProperties(AutowiredAnnotationBeanPostProcessor.java:509) ~[spring-beans-6.1.12.jar:6.1.12]
	at org.springframework.beans.factory.support.AbstractAutowireCapableBeanFactory.populateBean(AbstractAutowireCapableBeanFactory.java:1439) ~[spring-beans-6.1.12.jar:6.1.12]
	at org.springframework.beans.factory.support.AbstractAutowireCapableBeanFactory.doCreateBean(AbstractAutowireCapableBeanFactory.java:599) ~[spring-beans-6.1.12.jar:6.1.12]
	at org.springframework.beans.factory.support.AbstractAutowireCapableBeanFactory.createBean(AbstractAutowireCapableBeanFactory.java:522) ~[spring-beans-6.1.12.jar:6.1.12]
	at org.springframework.beans.factory.support.AbstractBeanFactory.lambda$doGetBean$0(AbstractBeanFactory.java:337) ~[spring-beans-6.1.12.jar:6.1.12]
	at org.springframework.beans.factory.support.DefaultSingletonBeanRegistry.getSingleton(DefaultSingletonBeanRegistry.java:234) ~[spring-beans-6.1.12.jar:6.1.12]
	at org.springframework.beans.factory.support.AbstractBeanFactory.doGetBean(AbstractBeanFactory.java:335) ~[spring-beans-6.1.12.jar:6.1.12]
	at org.springframework.beans.factory.support.AbstractBeanFactory.getBean(AbstractBeanFactory.java:200) ~[spring-beans-6.1.12.jar:6.1.12]
	at org.springframework.beans.factory.config.DependencyDescriptor.resolveCandidate(DependencyDescriptor.java:254) ~[spring-beans-6.1.12.jar:6.1.12]
	at org.springframework.beans.factory.support.DefaultListableBeanFactory.doResolveDependency(DefaultListableBeanFactory.java:1443) ~[spring-beans-6.1.12.jar:6.1.12]
	at org.springframework.beans.factory.support.DefaultListableBeanFactory.resolveDependency(DefaultListableBeanFactory.java:1353) ~[spring-beans-6.1.12.jar:6.1.12]
	at org.springframework.beans.factory.annotation.AutowiredAnnotationBeanPostProcessor$AutowiredFieldElement.resolveFieldValue(AutowiredAnnotationBeanPostProcessor.java:785) ~[spring-beans-6.1.12.jar:6.1.12]
	at org.springframework.beans.factory.annotation.AutowiredAnnotationBeanPostProcessor$AutowiredFieldElement.inject(AutowiredAnnotationBeanPostProcessor.java:768) ~[spring-beans-6.1.12.jar:6.1.12]
	at org.springframework.beans.factory.annotation.InjectionMetadata.inject(InjectionMetadata.java:145) ~[spring-beans-6.1.12.jar:6.1.12]
	at org.springframework.beans.factory.annotation.AutowiredAnnotationBeanPostProcessor.postProcessProperties(AutowiredAnnotationBeanPostProcessor.java:509) ~[spring-beans-6.1.12.jar:6.1.12]
	at org.springframework.beans.factory.support.AbstractAutowireCapableBeanFactory.populateBean(AbstractAutowireCapableBeanFactory.java:1439) ~[spring-beans-6.1.12.jar:6.1.12]
	at org.springframework.beans.factory.support.AbstractAutowireCapableBeanFactory.doCreateBean(AbstractAutowireCapableBeanFactory.java:599) ~[spring-beans-6.1.12.jar:6.1.12]
	at org.springframework.beans.factory.support.AbstractAutowireCapableBeanFactory.createBean(AbstractAutowireCapableBeanFactory.java:522) ~[spring-beans-6.1.12.jar:6.1.12]
	at org.springframework.beans.factory.support.AbstractBeanFactory.lambda$doGetBean$0(AbstractBeanFactory.java:337) ~[spring-beans-6.1.12.jar:6.1.12]
	at org.springframework.beans.factory.support.DefaultSingletonBeanRegistry.getSingleton(DefaultSingletonBeanRegistry.java:234) ~[spring-beans-6.1.12.jar:6.1.12]
	at org.springframework.beans.factory.support.AbstractBeanFactory.doGetBean(AbstractBeanFactory.java:335) ~[spring-beans-6.1.12.jar:6.1.12]
	at org.springframework.beans.factory.support.AbstractBeanFactory.getBean(AbstractBeanFactory.java:200) ~[spring-beans-6.1.12.jar:6.1.12]
	at org.springframework.beans.factory.config.DependencyDescriptor.resolveCandidate(DependencyDescriptor.java:254) ~[spring-beans-6.1.12.jar:6.1.12]
	at org.springframework.beans.factory.support.DefaultListableBeanFactory.doResolveDependency(DefaultListableBeanFactory.java:1443) ~[spring-beans-6.1.12.jar:6.1.12]
	at org.springframework.beans.factory.support.DefaultListableBeanFactory.resolveDependency(DefaultListableBeanFactory.java:1353) ~[spring-beans-6.1.12.jar:6.1.12]
	at org.springframework.beans.factory.annotation.AutowiredAnnotationBeanPostProcessor$AutowiredFieldElement.resolveFieldValue(AutowiredAnnotationBeanPostProcessor.java:785) ~[spring-beans-6.1.12.jar:6.1.12]
	at org.springframework.beans.factory.annotation.AutowiredAnnotationBeanPostProcessor$AutowiredFieldElement.inject(AutowiredAnnotationBeanPostProcessor.java:768) ~[spring-beans-6.1.12.jar:6.1.12]
	at org.springframework.beans.factory.annotation.InjectionMetadata.inject(InjectionMetadata.java:145) ~[spring-beans-6.1.12.jar:6.1.12]
	at org.springframework.beans.factory.annotation.AutowiredAnnotationBeanPostProcessor.postProcessProperties(AutowiredAnnotationBeanPostProcessor.java:509) ~[spring-beans-6.1.12.jar:6.1.12]
	at org.springframework.beans.factory.support.AbstractAutowireCapableBeanFactory.populateBean(AbstractAutowireCapableBeanFactory.java:1439) ~[spring-beans-6.1.12.jar:6.1.12]
	at org.springframework.beans.factory.support.AbstractAutowireCapableBeanFactory.doCreateBean(AbstractAutowireCapableBeanFactory.java:599) ~[spring-beans-6.1.12.jar:6.1.12]
	at org.springframework.beans.factory.support.AbstractAutowireCapableBeanFactory.createBean(AbstractAutowireCapableBeanFactory.java:522) ~[spring-beans-6.1.12.jar:6.1.12]
	at org.springframework.beans.factory.support.AbstractBeanFactory.lambda$doGetBean$0(AbstractBeanFactory.java:337) ~[spring-beans-6.1.12.jar:6.1.12]
	at org.springframework.beans.factory.support.DefaultSingletonBeanRegistry.getSingleton(DefaultSingletonBeanRegistry.java:234) ~[spring-beans-6.1.12.jar:6.1.12]
	at org.springframework.beans.factory.support.AbstractBeanFactory.doGetBean(AbstractBeanFactory.java:335) ~[spring-beans-6.1.12.jar:6.1.12]
	at org.springframework.beans.factory.support.AbstractBeanFactory.getBean(AbstractBeanFactory.java:200) ~[spring-beans-6.1.12.jar:6.1.12]
	at org.springframework.beans.factory.support.DefaultListableBeanFactory.preInstantiateSingletons(DefaultListableBeanFactory.java:975) ~[spring-beans-6.1.12.jar:6.1.12]
	at org.springframework.context.support.AbstractApplicationContext.finishBeanFactoryInitialization(AbstractApplicationContext.java:971) ~[spring-context-6.1.12.jar:6.1.12]
	at org.springframework.context.support.AbstractApplicationContext.refresh(AbstractApplicationContext.java:625) ~[spring-context-6.1.12.jar:6.1.12]
	at org.springframework.boot.SpringApplication.refresh(SpringApplication.java:754) ~[spring-boot-3.3.3.jar:3.3.3]
	at org.springframework.boot.SpringApplication.refreshContext(SpringApplication.java:456) ~[spring-boot-3.3.3.jar:3.3.3]
	at org.springframework.boot.SpringApplication.run(SpringApplication.java:335) ~[spring-boot-3.3.3.jar:3.3.3]
	at org.springframework.boot.test.context.SpringBootContextLoader.lambda$loadContext$3(SpringBootContextLoader.java:137) ~[spring-boot-test-3.3.3.jar:3.3.3]
	at org.springframework.util.function.ThrowingSupplier.get(ThrowingSupplier.java:58) ~[spring-core-6.1.12.jar:6.1.12]
	at org.springframework.util.function.ThrowingSupplier.get(ThrowingSupplier.java:46) ~[spring-core-6.1.12.jar:6.1.12]
	at org.springframework.boot.SpringApplication.withHook(SpringApplication.java:1463) ~[spring-boot-3.3.3.jar:3.3.3]
	at org.springframework.boot.test.context.SpringBootContextLoader$ContextLoaderHook.run(SpringBootContextLoader.java:553) ~[spring-boot-test-3.3.3.jar:3.3.3]
	at org.springframework.boot.test.context.SpringBootContextLoader.loadContext(SpringBootContextLoader.java:137) ~[spring-boot-test-3.3.3.jar:3.3.3]
	at org.springframework.boot.test.context.SpringBootContextLoader.loadContext(SpringBootContextLoader.java:108) ~[spring-boot-test-3.3.3.jar:3.3.3]
	at org.springframework.test.context.cache.DefaultCacheAwareContextLoaderDelegate.loadContextInternal(DefaultCacheAwareContextLoaderDelegate.java:225) ~[spring-test-6.1.12.jar:6.1.12]
	at org.springframework.test.context.cache.DefaultCacheAwareContextLoaderDelegate.loadContext(DefaultCacheAwareContextLoaderDelegate.java:152) ~[spring-test-6.1.12.jar:6.1.12]
	at org.springframework.test.context.support.DefaultTestContext.getApplicationContext(DefaultTestContext.java:130) ~[spring-test-6.1.12.jar:6.1.12]
	at org.springframework.test.context.web.ServletTestExecutionListener.setUpRequestContextIfNecessary(ServletTestExecutionListener.java:191) ~[spring-test-6.1.12.jar:6.1.12]
	at org.springframework.test.context.web.ServletTestExecutionListener.prepareTestInstance(ServletTestExecutionListener.java:130) ~[spring-test-6.1.12.jar:6.1.12]
	at org.springframework.test.context.TestContextManager.prepareTestInstance(TestContextManager.java:260) ~[spring-test-6.1.12.jar:6.1.12]
	at org.springframework.test.context.junit.jupiter.SpringExtension.postProcessTestInstance(SpringExtension.java:163) ~[spring-test-6.1.12.jar:6.1.12]
	at org.junit.jupiter.engine.descriptor.ClassBasedTestDescriptor.lambda$invokeTestInstancePostProcessors$10(ClassBasedTestDescriptor.java:378) ~[junit-jupiter-engine-5.10.3.jar:5.10.3]
	at org.junit.jupiter.engine.descriptor.ClassBasedTestDescriptor.executeAndMaskThrowable(ClassBasedTestDescriptor.java:383) ~[junit-jupiter-engine-5.10.3.jar:5.10.3]
	at org.junit.jupiter.engine.descriptor.ClassBasedTestDescriptor.lambda$invokeTestInstancePostProcessors$11(ClassBasedTestDescriptor.java:378) ~[junit-jupiter-engine-5.10.3.jar:5.10.3]
	at java.base/java.util.stream.ReferencePipeline$3$1.accept(ReferencePipeline.java:197) ~[na:na]
	at java.base/java.util.stream.ReferencePipeline$2$1.accept(ReferencePipeline.java:179) ~[na:na]
	at java.base/java.util.ArrayList$ArrayListSpliterator.forEachRemaining(ArrayList.java:1708) ~[na:na]
	at java.base/java.util.stream.AbstractPipeline.copyInto(AbstractPipeline.java:509) ~[na:na]
	at java.base/java.util.stream.AbstractPipeline.wrapAndCopyInto(AbstractPipeline.java:499) ~[na:na]
	at java.base/java.util.stream.StreamSpliterators$WrappingSpliterator.forEachRemaining(StreamSpliterators.java:310) ~[na:na]
	at java.base/java.util.stream.Streams$ConcatSpliterator.forEachRemaining(Streams.java:735) ~[na:na]
	at java.base/java.util.stream.Streams$ConcatSpliterator.forEachRemaining(Streams.java:734) ~[na:na]
	at java.base/java.util.stream.ReferencePipeline$Head.forEach(ReferencePipeline.java:762) ~[na:na]
	at org.junit.jupiter.engine.descriptor.ClassBasedTestDescriptor.invokeTestInstancePostProcessors(ClassBasedTestDescriptor.java:377) ~[junit-jupiter-engine-5.10.3.jar:5.10.3]
	at org.junit.jupiter.engine.descriptor.ClassBasedTestDescriptor.lambda$instantiateAndPostProcessTestInstance$6(ClassBasedTestDescriptor.java:290) ~[junit-jupiter-engine-5.10.3.jar:5.10.3]
	at org.junit.platform.engine.support.hierarchical.ThrowableCollector.execute(ThrowableCollector.java:73) ~[junit-platform-engine-1.10.3.jar:1.10.3]
	at org.junit.jupiter.engine.descriptor.ClassBasedTestDescriptor.instantiateAndPostProcessTestInstance(ClassBasedTestDescriptor.java:289) ~[junit-jupiter-engine-5.10.3.jar:5.10.3]
	at org.junit.jupiter.engine.descriptor.ClassBasedTestDescriptor.lambda$testInstancesProvider$4(ClassBasedTestDescriptor.java:279) ~[junit-jupiter-engine-5.10.3.jar:5.10.3]
	at java.base/java.util.Optional.orElseGet(Optional.java:364) ~[na:na]
	at org.junit.jupiter.engine.descriptor.ClassBasedTestDescriptor.lambda$testInstancesProvider$5(ClassBasedTestDescriptor.java:278) ~[junit-jupiter-engine-5.10.3.jar:5.10.3]
	at org.junit.jupiter.engine.execution.TestInstancesProvider.getTestInstances(TestInstancesProvider.java:31) ~[junit-jupiter-engine-5.10.3.jar:5.10.3]
	at org.junit.jupiter.engine.descriptor.TestMethodTestDescriptor.lambda$prepare$0(TestMethodTestDescriptor.java:106) ~[junit-jupiter-engine-5.10.3.jar:5.10.3]
	at org.junit.platform.engine.support.hierarchical.ThrowableCollector.execute(ThrowableCollector.java:73) ~[junit-platform-engine-1.10.3.jar:1.10.3]
	at org.junit.jupiter.engine.descriptor.TestMethodTestDescriptor.prepare(TestMethodTestDescriptor.java:105) ~[junit-jupiter-engine-5.10.3.jar:5.10.3]
	at org.junit.jupiter.engine.descriptor.TestMethodTestDescriptor.prepare(TestMethodTestDescriptor.java:69) ~[junit-jupiter-engine-5.10.3.jar:5.10.3]
	at org.junit.platform.engine.support.hierarchical.NodeTestTask.lambda$prepare$2(NodeTestTask.java:123) ~[junit-platform-engine-1.10.3.jar:1.10.3]
	at org.junit.platform.engine.support.hierarchical.ThrowableCollector.execute(ThrowableCollector.java:73) ~[junit-platform-engine-1.10.3.jar:1.10.3]
	at org.junit.platform.engine.support.hierarchical.NodeTestTask.prepare(NodeTestTask.java:123) ~[junit-platform-engine-1.10.3.jar:1.10.3]
	at org.junit.platform.engine.support.hierarchical.NodeTestTask.execute(NodeTestTask.java:90) ~[junit-platform-engine-1.10.3.jar:1.10.3]
	at java.base/java.util.ArrayList.forEach(ArrayList.java:1596) ~[na:na]
	at org.junit.platform.engine.support.hierarchical.SameThreadHierarchicalTestExecutorService.invokeAll(SameThreadHierarchicalTestExecutorService.java:41) ~[junit-platform-engine-1.10.3.jar:1.10.3]
	at org.junit.platform.engine.support.hierarchical.NodeTestTask.lambda$executeRecursively$6(NodeTestTask.java:155) ~[junit-platform-engine-1.10.3.jar:1.10.3]
	at org.junit.platform.engine.support.hierarchical.ThrowableCollector.execute(ThrowableCollector.java:73) ~[junit-platform-engine-1.10.3.jar:1.10.3]
	at org.junit.platform.engine.support.hierarchical.NodeTestTask.lambda$executeRecursively$8(NodeTestTask.java:141) ~[junit-platform-engine-1.10.3.jar:1.10.3]
	at org.junit.platform.engine.support.hierarchical.Node.around(Node.java:137) ~[junit-platform-engine-1.10.3.jar:1.10.3]
	at org.junit.platform.engine.support.hierarchical.NodeTestTask.lambda$executeRecursively$9(NodeTestTask.java:139) ~[junit-platform-engine-1.10.3.jar:1.10.3]
	at org.junit.platform.engine.support.hierarchical.ThrowableCollector.execute(ThrowableCollector.java:73) ~[junit-platform-engine-1.10.3.jar:1.10.3]
	at org.junit.platform.engine.support.hierarchical.NodeTestTask.executeRecursively(NodeTestTask.java:138) ~[junit-platform-engine-1.10.3.jar:1.10.3]
	at org.junit.platform.engine.support.hierarchical.NodeTestTask.execute(NodeTestTask.java:95) ~[junit-platform-engine-1.10.3.jar:1.10.3]
	at java.base/java.util.ArrayList.forEach(ArrayList.java:1596) ~[na:na]
	at org.junit.platform.engine.support.hierarchical.SameThreadHierarchicalTestExecutorService.invokeAll(SameThreadHierarchicalTestExecutorService.java:41) ~[junit-platform-engine-1.10.3.jar:1.10.3]
	at org.junit.platform.engine.support.hierarchical.NodeTestTask.lambda$executeRecursively$6(NodeTestTask.java:155) ~[junit-platform-engine-1.10.3.jar:1.10.3]
	at org.junit.platform.engine.support.hierarchical.ThrowableCollector.execute(ThrowableCollector.java:73) ~[junit-platform-engine-1.10.3.jar:1.10.3]
	at org.junit.platform.engine.support.hierarchical.NodeTestTask.lambda$executeRecursively$8(NodeTestTask.java:141) ~[junit-platform-engine-1.10.3.jar:1.10.3]
	at org.junit.platform.engine.support.hierarchical.Node.around(Node.java:137) ~[junit-platform-engine-1.10.3.jar:1.10.3]
	at org.junit.platform.engine.support.hierarchical.NodeTestTask.lambda$executeRecursively$9(NodeTestTask.java:139) ~[junit-platform-engine-1.10.3.jar:1.10.3]
	at org.junit.platform.engine.support.hierarchical.ThrowableCollector.execute(ThrowableCollector.java:73) ~[junit-platform-engine-1.10.3.jar:1.10.3]
	at org.junit.platform.engine.support.hierarchical.NodeTestTask.executeRecursively(NodeTestTask.java:138) ~[junit-platform-engine-1.10.3.jar:1.10.3]
	at org.junit.platform.engine.support.hierarchical.NodeTestTask.execute(NodeTestTask.java:95) ~[junit-platform-engine-1.10.3.jar:1.10.3]
	at org.junit.platform.engine.support.hierarchical.SameThreadHierarchicalTestExecutorService.submit(SameThreadHierarchicalTestExecutorService.java:35) ~[junit-platform-engine-1.10.3.jar:1.10.3]
	at org.junit.platform.engine.support.hierarchical.HierarchicalTestExecutor.execute(HierarchicalTestExecutor.java:57) ~[junit-platform-engine-1.10.3.jar:1.10.3]
	at org.junit.platform.engine.support.hierarchical.HierarchicalTestEngine.execute(HierarchicalTestEngine.java:54) ~[junit-platform-engine-1.10.3.jar:1.10.3]
	at org.junit.platform.launcher.core.EngineExecutionOrchestrator.execute(EngineExecutionOrchestrator.java:198) ~[junit-platform-launcher-1.10.3.jar:1.10.3]
	at org.junit.platform.launcher.core.EngineExecutionOrchestrator.execute(EngineExecutionOrchestrator.java:169) ~[junit-platform-launcher-1.10.3.jar:1.10.3]
	at org.junit.platform.launcher.core.EngineExecutionOrchestrator.execute(EngineExecutionOrchestrator.java:93) ~[junit-platform-launcher-1.10.3.jar:1.10.3]
	at org.junit.platform.launcher.core.EngineExecutionOrchestrator.lambda$execute$0(EngineExecutionOrchestrator.java:58) ~[junit-platform-launcher-1.10.3.jar:1.10.3]
	at org.junit.platform.launcher.core.EngineExecutionOrchestrator.withInterceptedStreams(EngineExecutionOrchestrator.java:141) ~[junit-platform-launcher-1.10.3.jar:1.10.3]
	at org.junit.platform.launcher.core.EngineExecutionOrchestrator.execute(EngineExecutionOrchestrator.java:57) ~[junit-platform-launcher-1.10.3.jar:1.10.3]
	at org.junit.platform.launcher.core.DefaultLauncher.execute(DefaultLauncher.java:103) ~[junit-platform-launcher-1.10.3.jar:1.10.3]
	at org.junit.platform.launcher.core.DefaultLauncher.execute(DefaultLauncher.java:85) ~[junit-platform-launcher-1.10.3.jar:1.10.3]
	at org.junit.platform.launcher.core.DelegatingLauncher.execute(DelegatingLauncher.java:47) ~[junit-platform-launcher-1.10.3.jar:1.10.3]
	at org.apache.maven.surefire.junitplatform.LazyLauncher.execute(LazyLauncher.java:56) ~[surefire-junit-platform-3.2.5.jar:3.2.5]
	at org.apache.maven.surefire.junitplatform.JUnitPlatformProvider.execute(JUnitPlatformProvider.java:184) ~[surefire-junit-platform-3.2.5.jar:3.2.5]
	at org.apache.maven.surefire.junitplatform.JUnitPlatformProvider.invokeAllTests(JUnitPlatformProvider.java:148) ~[surefire-junit-platform-3.2.5.jar:3.2.5]
	at org.apache.maven.surefire.junitplatform.JUnitPlatformProvider.invoke(JUnitPlatformProvider.java:122) ~[surefire-junit-platform-3.2.5.jar:3.2.5]
	at org.apache.maven.surefire.booter.ForkedBooter.runSuitesInProcess(ForkedBooter.java:385) ~[surefire-booter-3.2.5.jar:3.2.5]
	at org.apache.maven.surefire.booter.ForkedBooter.execute(ForkedBooter.java:162) ~[surefire-booter-3.2.5.jar:3.2.5]
	at org.apache.maven.surefire.booter.ForkedBooter.run(ForkedBooter.java:507) ~[surefire-booter-3.2.5.jar:3.2.5]
	at org.apache.maven.surefire.booter.ForkedBooter.main(ForkedBooter.java:495) ~[surefire-booter-3.2.5.jar:3.2.5]

2025-07-14T13:26:46.706+05:30 DEBUG 17208 --- [Fashion-Nest-Application] [           main] tor$SharedEntityManagerInvocationHandler : Creating new EntityManager for shared EntityManager invocation
2025-07-14T13:26:46.749+05:30 DEBUG 17208 --- [Fashion-Nest-Application] [           main] cResourceLocalTransactionCoordinatorImpl : JDBC transaction marked for rollback-only (exception provided for stack trace)

java.lang.Exception: exception just for purpose of providing stack trace
	at org.hibernate.resource.transaction.backend.jdbc.internal.JdbcResourceLocalTransactionCoordinatorImpl$TransactionDriverControlImpl.markRollbackOnly(JdbcResourceLocalTransactionCoordinatorImpl.java:309) ~[hibernate-core-6.5.2.Final.jar:6.5.2.Final]
	at org.hibernate.internal.AbstractSharedSessionContract.buildNamedQuery(AbstractSharedSessionContract.java:1109) ~[hibernate-core-6.5.2.Final.jar:6.5.2.Final]
	at org.hibernate.internal.AbstractSharedSessionContract.createNamedQuery(AbstractSharedSessionContract.java:987) ~[hibernate-core-6.5.2.Final.jar:6.5.2.Final]
	at org.hibernate.internal.AbstractSharedSessionContract.createNamedQuery(AbstractSharedSessionContract.java:140) ~[hibernate-core-6.5.2.Final.jar:6.5.2.Final]
	at java.base/jdk.internal.reflect.DirectMethodHandleAccessor.invoke(DirectMethodHandleAccessor.java:103) ~[na:na]
	at java.base/java.lang.reflect.Method.invoke(Method.java:580) ~[na:na]
	at org.springframework.orm.jpa.ExtendedEntityManagerCreator$ExtendedEntityManagerInvocationHandler.invoke(ExtendedEntityManagerCreator.java:364) ~[spring-orm-6.1.12.jar:6.1.12]
	at jdk.proxy2/jdk.proxy2.$Proxy139.createNamedQuery(Unknown Source) ~[na:na]
	at org.springframework.data.jpa.repository.query.NamedQuery.hasNamedQuery(NamedQuery.java:112) ~[spring-data-jpa-3.3.3.jar:3.3.3]
	at org.springframework.data.jpa.repository.query.JpaQueryLookupStrategy$DeclaredQueryLookupStrategy.getCountQuery(JpaQueryLookupStrategy.java:204) ~[spring-data-jpa-3.3.3.jar:3.3.3]
	at org.springframework.data.jpa.repository.query.JpaQueryLookupStrategy$DeclaredQueryLookupStrategy.resolveQuery(JpaQueryLookupStrategy.java:171) ~[spring-data-jpa-3.3.3.jar:3.3.3]
	at org.springframework.data.jpa.repository.query.JpaQueryLookupStrategy$CreateIfNotFoundQueryLookupStrategy.resolveQuery(JpaQueryLookupStrategy.java:252) ~[spring-data-jpa-3.3.3.jar:3.3.3]
	at org.springframework.data.jpa.repository.query.JpaQueryLookupStrategy$AbstractQueryLookupStrategy.resolveQuery(JpaQueryLookupStrategy.java:95) ~[spring-data-jpa-3.3.3.jar:3.3.3]
	at org.springframework.data.repository.core.support.QueryExecutorMethodInterceptor.lookupQuery(QueryExecutorMethodInterceptor.java:115) ~[spring-data-commons-3.3.3.jar:3.3.3]
	at org.springframework.data.repository.core.support.QueryExecutorMethodInterceptor.mapMethodsToQuery(QueryExecutorMethodInterceptor.java:103) ~[spring-data-commons-3.3.3.jar:3.3.3]
	at org.springframework.data.repository.core.support.QueryExecutorMethodInterceptor.lambda$new$0(QueryExecutorMethodInterceptor.java:92) ~[spring-data-commons-3.3.3.jar:3.3.3]
	at java.base/java.util.Optional.map(Optional.java:260) ~[na:na]
	at org.springframework.data.repository.core.support.QueryExecutorMethodInterceptor.<init>(QueryExecutorMethodInterceptor.java:92) ~[spring-data-commons-3.3.3.jar:3.3.3]
	at org.springframework.data.repository.core.support.RepositoryFactorySupport.getRepository(RepositoryFactorySupport.java:357) ~[spring-data-commons-3.3.3.jar:3.3.3]
	at org.springframework.data.repository.core.support.RepositoryFactoryBeanSupport.lambda$afterPropertiesSet$5(RepositoryFactoryBeanSupport.java:286) ~[spring-data-commons-3.3.3.jar:3.3.3]
	at org.springframework.data.util.Lazy.getNullable(Lazy.java:135) ~[spring-data-commons-3.3.3.jar:3.3.3]
	at org.springframework.data.util.Lazy.get(Lazy.java:113) ~[spring-data-commons-3.3.3.jar:3.3.3]
	at org.springframework.data.repository.core.support.RepositoryFactoryBeanSupport.afterPropertiesSet(RepositoryFactoryBeanSupport.java:292) ~[spring-data-commons-3.3.3.jar:3.3.3]
	at org.springframework.data.jpa.repository.support.JpaRepositoryFactoryBean.afterPropertiesSet(JpaRepositoryFactoryBean.java:132) ~[spring-data-jpa-3.3.3.jar:3.3.3]
	at org.springframework.beans.factory.support.AbstractAutowireCapableBeanFactory.invokeInitMethods(AbstractAutowireCapableBeanFactory.java:1853) ~[spring-beans-6.1.12.jar:6.1.12]
	at org.springframework.beans.factory.support.AbstractAutowireCapableBeanFactory.initializeBean(AbstractAutowireCapableBeanFactory.java:1802) ~[spring-beans-6.1.12.jar:6.1.12]
	at org.springframework.beans.factory.support.AbstractAutowireCapableBeanFactory.doCreateBean(AbstractAutowireCapableBeanFactory.java:600) ~[spring-beans-6.1.12.jar:6.1.12]
	at org.springframework.beans.factory.support.AbstractAutowireCapableBeanFactory.createBean(AbstractAutowireCapableBeanFactory.java:522) ~[spring-beans-6.1.12.jar:6.1.12]
	at org.springframework.beans.factory.support.AbstractBeanFactory.lambda$doGetBean$0(AbstractBeanFactory.java:337) ~[spring-beans-6.1.12.jar:6.1.12]
	at org.springframework.beans.factory.support.DefaultSingletonBeanRegistry.getSingleton(DefaultSingletonBeanRegistry.java:234) ~[spring-beans-6.1.12.jar:6.1.12]
	at org.springframework.beans.factory.support.AbstractBeanFactory.doGetBean(AbstractBeanFactory.java:335) ~[spring-beans-6.1.12.jar:6.1.12]
	at org.springframework.beans.factory.support.AbstractBeanFactory.getBean(AbstractBeanFactory.java:200) ~[spring-beans-6.1.12.jar:6.1.12]
	at org.springframework.beans.factory.config.DependencyDescriptor.resolveCandidate(DependencyDescriptor.java:254) ~[spring-beans-6.1.12.jar:6.1.12]
	at org.springframework.beans.factory.support.DefaultListableBeanFactory.doResolveDependency(DefaultListableBeanFactory.java:1443) ~[spring-beans-6.1.12.jar:6.1.12]
	at org.springframework.beans.factory.support.DefaultListableBeanFactory.resolveDependency(DefaultListableBeanFactory.java:1353) ~[spring-beans-6.1.12.jar:6.1.12]
	at org.springframework.beans.factory.annotation.AutowiredAnnotationBeanPostProcessor$AutowiredFieldElement.resolveFieldValue(AutowiredAnnotationBeanPostProcessor.java:785) ~[spring-beans-6.1.12.jar:6.1.12]
	at org.springframework.beans.factory.annotation.AutowiredAnnotationBeanPostProcessor$AutowiredFieldElement.inject(AutowiredAnnotationBeanPostProcessor.java:768) ~[spring-beans-6.1.12.jar:6.1.12]
	at org.springframework.beans.factory.annotation.InjectionMetadata.inject(InjectionMetadata.java:145) ~[spring-beans-6.1.12.jar:6.1.12]
	at org.springframework.beans.factory.annotation.AutowiredAnnotationBeanPostProcessor.postProcessProperties(AutowiredAnnotationBeanPostProcessor.java:509) ~[spring-beans-6.1.12.jar:6.1.12]
	at org.springframework.beans.factory.support.AbstractAutowireCapableBeanFactory.populateBean(AbstractAutowireCapableBeanFactory.java:1439) ~[spring-beans-6.1.12.jar:6.1.12]
	at org.springframework.beans.factory.support.AbstractAutowireCapableBeanFactory.doCreateBean(AbstractAutowireCapableBeanFactory.java:599) ~[spring-beans-6.1.12.jar:6.1.12]
	at org.springframework.beans.factory.support.AbstractAutowireCapableBeanFactory.createBean(AbstractAutowireCapableBeanFactory.java:522) ~[spring-beans-6.1.12.jar:6.1.12]
	at org.springframework.beans.factory.support.AbstractBeanFactory.lambda$doGetBean$0(AbstractBeanFactory.java:337) ~[spring-beans-6.1.12.jar:6.1.12]
	at org.springframework.beans.factory.support.DefaultSingletonBeanRegistry.getSingleton(DefaultSingletonBeanRegistry.java:234) ~[spring-beans-6.1.12.jar:6.1.12]
	at org.springframework.beans.factory.support.AbstractBeanFactory.doGetBean(AbstractBeanFactory.java:335) ~[spring-beans-6.1.12.jar:6.1.12]
	at org.springframework.beans.factory.support.AbstractBeanFactory.getBean(AbstractBeanFactory.java:200) ~[spring-beans-6.1.12.jar:6.1.12]
	at org.springframework.beans.factory.config.DependencyDescriptor.resolveCandidate(DependencyDescriptor.java:254) ~[spring-beans-6.1.12.jar:6.1.12]
	at org.springframework.beans.factory.support.DefaultListableBeanFactory.doResolveDependency(DefaultListableBeanFactory.java:1443) ~[spring-beans-6.1.12.jar:6.1.12]
	at org.springframework.beans.factory.support.DefaultListableBeanFactory.resolveDependency(DefaultListableBeanFactory.java:1353) ~[spring-beans-6.1.12.jar:6.1.12]
	at org.springframework.beans.factory.annotation.AutowiredAnnotationBeanPostProcessor$AutowiredFieldElement.resolveFieldValue(AutowiredAnnotationBeanPostProcessor.java:785) ~[spring-beans-6.1.12.jar:6.1.12]
	at org.springframework.beans.factory.annotation.AutowiredAnnotationBeanPostProcessor$AutowiredFieldElement.inject(AutowiredAnnotationBeanPostProcessor.java:768) ~[spring-beans-6.1.12.jar:6.1.12]
	at org.springframework.beans.factory.annotation.InjectionMetadata.inject(InjectionMetadata.java:145) ~[spring-beans-6.1.12.jar:6.1.12]
	at org.springframework.beans.factory.annotation.AutowiredAnnotationBeanPostProcessor.postProcessProperties(AutowiredAnnotationBeanPostProcessor.java:509) ~[spring-beans-6.1.12.jar:6.1.12]
	at org.springframework.beans.factory.support.AbstractAutowireCapableBeanFactory.populateBean(AbstractAutowireCapableBeanFactory.java:1439) ~[spring-beans-6.1.12.jar:6.1.12]
	at org.springframework.beans.factory.support.AbstractAutowireCapableBeanFactory.doCreateBean(AbstractAutowireCapableBeanFactory.java:599) ~[spring-beans-6.1.12.jar:6.1.12]
	at org.springframework.beans.factory.support.AbstractAutowireCapableBeanFactory.createBean(AbstractAutowireCapableBeanFactory.java:522) ~[spring-beans-6.1.12.jar:6.1.12]
	at org.springframework.beans.factory.support.AbstractBeanFactory.lambda$doGetBean$0(AbstractBeanFactory.java:337) ~[spring-beans-6.1.12.jar:6.1.12]
	at org.springframework.beans.factory.support.DefaultSingletonBeanRegistry.getSingleton(DefaultSingletonBeanRegistry.java:234) ~[spring-beans-6.1.12.jar:6.1.12]
	at org.springframework.beans.factory.support.AbstractBeanFactory.doGetBean(AbstractBeanFactory.java:335) ~[spring-beans-6.1.12.jar:6.1.12]
	at org.springframework.beans.factory.support.AbstractBeanFactory.getBean(AbstractBeanFactory.java:200) ~[spring-beans-6.1.12.jar:6.1.12]
	at org.springframework.beans.factory.config.DependencyDescriptor.resolveCandidate(DependencyDescriptor.java:254) ~[spring-beans-6.1.12.jar:6.1.12]
	at org.springframework.beans.factory.support.DefaultListableBeanFactory.doResolveDependency(DefaultListableBeanFactory.java:1443) ~[spring-beans-6.1.12.jar:6.1.12]
	at org.springframework.beans.factory.support.DefaultListableBeanFactory.resolveDependency(DefaultListableBeanFactory.java:1353) ~[spring-beans-6.1.12.jar:6.1.12]
	at org.springframework.beans.factory.annotation.AutowiredAnnotationBeanPostProcessor$AutowiredFieldElement.resolveFieldValue(AutowiredAnnotationBeanPostProcessor.java:785) ~[spring-beans-6.1.12.jar:6.1.12]
	at org.springframework.beans.factory.annotation.AutowiredAnnotationBeanPostProcessor$AutowiredFieldElement.inject(AutowiredAnnotationBeanPostProcessor.java:768) ~[spring-beans-6.1.12.jar:6.1.12]
	at org.springframework.beans.factory.annotation.InjectionMetadata.inject(InjectionMetadata.java:145) ~[spring-beans-6.1.12.jar:6.1.12]
	at org.springframework.beans.factory.annotation.AutowiredAnnotationBeanPostProcessor.postProcessProperties(AutowiredAnnotationBeanPostProcessor.java:509) ~[spring-beans-6.1.12.jar:6.1.12]
	at org.springframework.beans.factory.support.AbstractAutowireCapableBeanFactory.populateBean(AbstractAutowireCapableBeanFactory.java:1439) ~[spring-beans-6.1.12.jar:6.1.12]
	at org.springframework.beans.factory.support.AbstractAutowireCapableBeanFactory.doCreateBean(AbstractAutowireCapableBeanFactory.java:599) ~[spring-beans-6.1.12.jar:6.1.12]
	at org.springframework.beans.factory.support.AbstractAutowireCapableBeanFactory.createBean(AbstractAutowireCapableBeanFactory.java:522) ~[spring-beans-6.1.12.jar:6.1.12]
	at org.springframework.beans.factory.support.AbstractBeanFactory.lambda$doGetBean$0(AbstractBeanFactory.java:337) ~[spring-beans-6.1.12.jar:6.1.12]
	at org.springframework.beans.factory.support.DefaultSingletonBeanRegistry.getSingleton(DefaultSingletonBeanRegistry.java:234) ~[spring-beans-6.1.12.jar:6.1.12]
	at org.springframework.beans.factory.support.AbstractBeanFactory.doGetBean(AbstractBeanFactory.java:335) ~[spring-beans-6.1.12.jar:6.1.12]
	at org.springframework.beans.factory.support.AbstractBeanFactory.getBean(AbstractBeanFactory.java:200) ~[spring-beans-6.1.12.jar:6.1.12]
	at org.springframework.beans.factory.config.DependencyDescriptor.resolveCandidate(DependencyDescriptor.java:254) ~[spring-beans-6.1.12.jar:6.1.12]
	at org.springframework.beans.factory.support.DefaultListableBeanFactory.doResolveDependency(DefaultListableBeanFactory.java:1443) ~[spring-beans-6.1.12.jar:6.1.12]
	at org.springframework.beans.factory.support.DefaultListableBeanFactory.resolveDependency(DefaultListableBeanFactory.java:1353) ~[spring-beans-6.1.12.jar:6.1.12]
	at org.springframework.beans.factory.annotation.AutowiredAnnotationBeanPostProcessor$AutowiredFieldElement.resolveFieldValue(AutowiredAnnotationBeanPostProcessor.java:785) ~[spring-beans-6.1.12.jar:6.1.12]
	at org.springframework.beans.factory.annotation.AutowiredAnnotationBeanPostProcessor$AutowiredFieldElement.inject(AutowiredAnnotationBeanPostProcessor.java:768) ~[spring-beans-6.1.12.jar:6.1.12]
	at org.springframework.beans.factory.annotation.InjectionMetadata.inject(InjectionMetadata.java:145) ~[spring-beans-6.1.12.jar:6.1.12]
	at org.springframework.beans.factory.annotation.AutowiredAnnotationBeanPostProcessor.postProcessProperties(AutowiredAnnotationBeanPostProcessor.java:509) ~[spring-beans-6.1.12.jar:6.1.12]
	at org.springframework.beans.factory.support.AbstractAutowireCapableBeanFactory.populateBean(AbstractAutowireCapableBeanFactory.java:1439) ~[spring-beans-6.1.12.jar:6.1.12]
	at org.springframework.beans.factory.support.AbstractAutowireCapableBeanFactory.doCreateBean(AbstractAutowireCapableBeanFactory.java:599) ~[spring-beans-6.1.12.jar:6.1.12]
	at org.springframework.beans.factory.support.AbstractAutowireCapableBeanFactory.createBean(AbstractAutowireCapableBeanFactory.java:522) ~[spring-beans-6.1.12.jar:6.1.12]
	at org.springframework.beans.factory.support.AbstractBeanFactory.lambda$doGetBean$0(AbstractBeanFactory.java:337) ~[spring-beans-6.1.12.jar:6.1.12]
	at org.springframework.beans.factory.support.DefaultSingletonBeanRegistry.getSingleton(DefaultSingletonBeanRegistry.java:234) ~[spring-beans-6.1.12.jar:6.1.12]
	at org.springframework.beans.factory.support.AbstractBeanFactory.doGetBean(AbstractBeanFactory.java:335) ~[spring-beans-6.1.12.jar:6.1.12]
	at org.springframework.beans.factory.support.AbstractBeanFactory.getBean(AbstractBeanFactory.java:200) ~[spring-beans-6.1.12.jar:6.1.12]
	at org.springframework.beans.factory.support.DefaultListableBeanFactory.preInstantiateSingletons(DefaultListableBeanFactory.java:975) ~[spring-beans-6.1.12.jar:6.1.12]
	at org.springframework.context.support.AbstractApplicationContext.finishBeanFactoryInitialization(AbstractApplicationContext.java:971) ~[spring-context-6.1.12.jar:6.1.12]
	at org.springframework.context.support.AbstractApplicationContext.refresh(AbstractApplicationContext.java:625) ~[spring-context-6.1.12.jar:6.1.12]
	at org.springframework.boot.SpringApplication.refresh(SpringApplication.java:754) ~[spring-boot-3.3.3.jar:3.3.3]
	at org.springframework.boot.SpringApplication.refreshContext(SpringApplication.java:456) ~[spring-boot-3.3.3.jar:3.3.3]
	at org.springframework.boot.SpringApplication.run(SpringApplication.java:335) ~[spring-boot-3.3.3.jar:3.3.3]
	at org.springframework.boot.test.context.SpringBootContextLoader.lambda$loadContext$3(SpringBootContextLoader.java:137) ~[spring-boot-test-3.3.3.jar:3.3.3]
	at org.springframework.util.function.ThrowingSupplier.get(ThrowingSupplier.java:58) ~[spring-core-6.1.12.jar:6.1.12]
	at org.springframework.util.function.ThrowingSupplier.get(ThrowingSupplier.java:46) ~[spring-core-6.1.12.jar:6.1.12]
	at org.springframework.boot.SpringApplication.withHook(SpringApplication.java:1463) ~[spring-boot-3.3.3.jar:3.3.3]
	at org.springframework.boot.test.context.SpringBootContextLoader$ContextLoaderHook.run(SpringBootContextLoader.java:553) ~[spring-boot-test-3.3.3.jar:3.3.3]
	at org.springframework.boot.test.context.SpringBootContextLoader.loadContext(SpringBootContextLoader.java:137) ~[spring-boot-test-3.3.3.jar:3.3.3]
	at org.springframework.boot.test.context.SpringBootContextLoader.loadContext(SpringBootContextLoader.java:108) ~[spring-boot-test-3.3.3.jar:3.3.3]
	at org.springframework.test.context.cache.DefaultCacheAwareContextLoaderDelegate.loadContextInternal(DefaultCacheAwareContextLoaderDelegate.java:225) ~[spring-test-6.1.12.jar:6.1.12]
	at org.springframework.test.context.cache.DefaultCacheAwareContextLoaderDelegate.loadContext(DefaultCacheAwareContextLoaderDelegate.java:152) ~[spring-test-6.1.12.jar:6.1.12]
	at org.springframework.test.context.support.DefaultTestContext.getApplicationContext(DefaultTestContext.java:130) ~[spring-test-6.1.12.jar:6.1.12]
	at org.springframework.test.context.web.ServletTestExecutionListener.setUpRequestContextIfNecessary(ServletTestExecutionListener.java:191) ~[spring-test-6.1.12.jar:6.1.12]
	at org.springframework.test.context.web.ServletTestExecutionListener.prepareTestInstance(ServletTestExecutionListener.java:130) ~[spring-test-6.1.12.jar:6.1.12]
	at org.springframework.test.context.TestContextManager.prepareTestInstance(TestContextManager.java:260) ~[spring-test-6.1.12.jar:6.1.12]
	at org.springframework.test.context.junit.jupiter.SpringExtension.postProcessTestInstance(SpringExtension.java:163) ~[spring-test-6.1.12.jar:6.1.12]
	at org.junit.jupiter.engine.descriptor.ClassBasedTestDescriptor.lambda$invokeTestInstancePostProcessors$10(ClassBasedTestDescriptor.java:378) ~[junit-jupiter-engine-5.10.3.jar:5.10.3]
	at org.junit.jupiter.engine.descriptor.ClassBasedTestDescriptor.executeAndMaskThrowable(ClassBasedTestDescriptor.java:383) ~[junit-jupiter-engine-5.10.3.jar:5.10.3]
	at org.junit.jupiter.engine.descriptor.ClassBasedTestDescriptor.lambda$invokeTestInstancePostProcessors$11(ClassBasedTestDescriptor.java:378) ~[junit-jupiter-engine-5.10.3.jar:5.10.3]
	at java.base/java.util.stream.ReferencePipeline$3$1.accept(ReferencePipeline.java:197) ~[na:na]
	at java.base/java.util.stream.ReferencePipeline$2$1.accept(ReferencePipeline.java:179) ~[na:na]
	at java.base/java.util.ArrayList$ArrayListSpliterator.forEachRemaining(ArrayList.java:1708) ~[na:na]
	at java.base/java.util.stream.AbstractPipeline.copyInto(AbstractPipeline.java:509) ~[na:na]
	at java.base/java.util.stream.AbstractPipeline.wrapAndCopyInto(AbstractPipeline.java:499) ~[na:na]
	at java.base/java.util.stream.StreamSpliterators$WrappingSpliterator.forEachRemaining(StreamSpliterators.java:310) ~[na:na]
	at java.base/java.util.stream.Streams$ConcatSpliterator.forEachRemaining(Streams.java:735) ~[na:na]
	at java.base/java.util.stream.Streams$ConcatSpliterator.forEachRemaining(Streams.java:734) ~[na:na]
	at java.base/java.util.stream.ReferencePipeline$Head.forEach(ReferencePipeline.java:762) ~[na:na]
	at org.junit.jupiter.engine.descriptor.ClassBasedTestDescriptor.invokeTestInstancePostProcessors(ClassBasedTestDescriptor.java:377) ~[junit-jupiter-engine-5.10.3.jar:5.10.3]
	at org.junit.jupiter.engine.descriptor.ClassBasedTestDescriptor.lambda$instantiateAndPostProcessTestInstance$6(ClassBasedTestDescriptor.java:290) ~[junit-jupiter-engine-5.10.3.jar:5.10.3]
	at org.junit.platform.engine.support.hierarchical.ThrowableCollector.execute(ThrowableCollector.java:73) ~[junit-platform-engine-1.10.3.jar:1.10.3]
	at org.junit.jupiter.engine.descriptor.ClassBasedTestDescriptor.instantiateAndPostProcessTestInstance(ClassBasedTestDescriptor.java:289) ~[junit-jupiter-engine-5.10.3.jar:5.10.3]
	at org.junit.jupiter.engine.descriptor.ClassBasedTestDescriptor.lambda$testInstancesProvider$4(ClassBasedTestDescriptor.java:279) ~[junit-jupiter-engine-5.10.3.jar:5.10.3]
	at java.base/java.util.Optional.orElseGet(Optional.java:364) ~[na:na]
	at org.junit.jupiter.engine.descriptor.ClassBasedTestDescriptor.lambda$testInstancesProvider$5(ClassBasedTestDescriptor.java:278) ~[junit-jupiter-engine-5.10.3.jar:5.10.3]
	at org.junit.jupiter.engine.execution.TestInstancesProvider.getTestInstances(TestInstancesProvider.java:31) ~[junit-jupiter-engine-5.10.3.jar:5.10.3]
	at org.junit.jupiter.engine.descriptor.TestMethodTestDescriptor.lambda$prepare$0(TestMethodTestDescriptor.java:106) ~[junit-jupiter-engine-5.10.3.jar:5.10.3]
	at org.junit.platform.engine.support.hierarchical.ThrowableCollector.execute(ThrowableCollector.java:73) ~[junit-platform-engine-1.10.3.jar:1.10.3]
	at org.junit.jupiter.engine.descriptor.TestMethodTestDescriptor.prepare(TestMethodTestDescriptor.java:105) ~[junit-jupiter-engine-5.10.3.jar:5.10.3]
	at org.junit.jupiter.engine.descriptor.TestMethodTestDescriptor.prepare(TestMethodTestDescriptor.java:69) ~[junit-jupiter-engine-5.10.3.jar:5.10.3]
	at org.junit.platform.engine.support.hierarchical.NodeTestTask.lambda$prepare$2(NodeTestTask.java:123) ~[junit-platform-engine-1.10.3.jar:1.10.3]
	at org.junit.platform.engine.support.hierarchical.ThrowableCollector.execute(ThrowableCollector.java:73) ~[junit-platform-engine-1.10.3.jar:1.10.3]
	at org.junit.platform.engine.support.hierarchical.NodeTestTask.prepare(NodeTestTask.java:123) ~[junit-platform-engine-1.10.3.jar:1.10.3]
	at org.junit.platform.engine.support.hierarchical.NodeTestTask.execute(NodeTestTask.java:90) ~[junit-platform-engine-1.10.3.jar:1.10.3]
	at java.base/java.util.ArrayList.forEach(ArrayList.java:1596) ~[na:na]
	at org.junit.platform.engine.support.hierarchical.SameThreadHierarchicalTestExecutorService.invokeAll(SameThreadHierarchicalTestExecutorService.java:41) ~[junit-platform-engine-1.10.3.jar:1.10.3]
	at org.junit.platform.engine.support.hierarchical.NodeTestTask.lambda$executeRecursively$6(NodeTestTask.java:155) ~[junit-platform-engine-1.10.3.jar:1.10.3]
	at org.junit.platform.engine.support.hierarchical.ThrowableCollector.execute(ThrowableCollector.java:73) ~[junit-platform-engine-1.10.3.jar:1.10.3]
	at org.junit.platform.engine.support.hierarchical.NodeTestTask.lambda$executeRecursively$8(NodeTestTask.java:141) ~[junit-platform-engine-1.10.3.jar:1.10.3]
	at org.junit.platform.engine.support.hierarchical.Node.around(Node.java:137) ~[junit-platform-engine-1.10.3.jar:1.10.3]
	at org.junit.platform.engine.support.hierarchical.NodeTestTask.lambda$executeRecursively$9(NodeTestTask.java:139) ~[junit-platform-engine-1.10.3.jar:1.10.3]
	at org.junit.platform.engine.support.hierarchical.ThrowableCollector.execute(ThrowableCollector.java:73) ~[junit-platform-engine-1.10.3.jar:1.10.3]
	at org.junit.platform.engine.support.hierarchical.NodeTestTask.executeRecursively(NodeTestTask.java:138) ~[junit-platform-engine-1.10.3.jar:1.10.3]
	at org.junit.platform.engine.support.hierarchical.NodeTestTask.execute(NodeTestTask.java:95) ~[junit-platform-engine-1.10.3.jar:1.10.3]
	at java.base/java.util.ArrayList.forEach(ArrayList.java:1596) ~[na:na]
	at org.junit.platform.engine.support.hierarchical.SameThreadHierarchicalTestExecutorService.invokeAll(SameThreadHierarchicalTestExecutorService.java:41) ~[junit-platform-engine-1.10.3.jar:1.10.3]
	at org.junit.platform.engine.support.hierarchical.NodeTestTask.lambda$executeRecursively$6(NodeTestTask.java:155) ~[junit-platform-engine-1.10.3.jar:1.10.3]
	at org.junit.platform.engine.support.hierarchical.ThrowableCollector.execute(ThrowableCollector.java:73) ~[junit-platform-engine-1.10.3.jar:1.10.3]
	at org.junit.platform.engine.support.hierarchical.NodeTestTask.lambda$executeRecursively$8(NodeTestTask.java:141) ~[junit-platform-engine-1.10.3.jar:1.10.3]
	at org.junit.platform.engine.support.hierarchical.Node.around(Node.java:137) ~[junit-platform-engine-1.10.3.jar:1.10.3]
	at org.junit.platform.engine.support.hierarchical.NodeTestTask.lambda$executeRecursively$9(NodeTestTask.java:139) ~[junit-platform-engine-1.10.3.jar:1.10.3]
	at org.junit.platform.engine.support.hierarchical.ThrowableCollector.execute(ThrowableCollector.java:73) ~[junit-platform-engine-1.10.3.jar:1.10.3]
	at org.junit.platform.engine.support.hierarchical.NodeTestTask.executeRecursively(NodeTestTask.java:138) ~[junit-platform-engine-1.10.3.jar:1.10.3]
	at org.junit.platform.engine.support.hierarchical.NodeTestTask.execute(NodeTestTask.java:95) ~[junit-platform-engine-1.10.3.jar:1.10.3]
	at org.junit.platform.engine.support.hierarchical.SameThreadHierarchicalTestExecutorService.submit(SameThreadHierarchicalTestExecutorService.java:35) ~[junit-platform-engine-1.10.3.jar:1.10.3]
	at org.junit.platform.engine.support.hierarchical.HierarchicalTestExecutor.execute(HierarchicalTestExecutor.java:57) ~[junit-platform-engine-1.10.3.jar:1.10.3]
	at org.junit.platform.engine.support.hierarchical.HierarchicalTestEngine.execute(HierarchicalTestEngine.java:54) ~[junit-platform-engine-1.10.3.jar:1.10.3]
	at org.junit.platform.launcher.core.EngineExecutionOrchestrator.execute(EngineExecutionOrchestrator.java:198) ~[junit-platform-launcher-1.10.3.jar:1.10.3]
	at org.junit.platform.launcher.core.EngineExecutionOrchestrator.execute(EngineExecutionOrchestrator.java:169) ~[junit-platform-launcher-1.10.3.jar:1.10.3]
	at org.junit.platform.launcher.core.EngineExecutionOrchestrator.execute(EngineExecutionOrchestrator.java:93) ~[junit-platform-launcher-1.10.3.jar:1.10.3]
	at org.junit.platform.launcher.core.EngineExecutionOrchestrator.lambda$execute$0(EngineExecutionOrchestrator.java:58) ~[junit-platform-launcher-1.10.3.jar:1.10.3]
	at org.junit.platform.launcher.core.EngineExecutionOrchestrator.withInterceptedStreams(EngineExecutionOrchestrator.java:141) ~[junit-platform-launcher-1.10.3.jar:1.10.3]
	at org.junit.platform.launcher.core.EngineExecutionOrchestrator.execute(EngineExecutionOrchestrator.java:57) ~[junit-platform-launcher-1.10.3.jar:1.10.3]
	at org.junit.platform.launcher.core.DefaultLauncher.execute(DefaultLauncher.java:103) ~[junit-platform-launcher-1.10.3.jar:1.10.3]
	at org.junit.platform.launcher.core.DefaultLauncher.execute(DefaultLauncher.java:85) ~[junit-platform-launcher-1.10.3.jar:1.10.3]
	at org.junit.platform.launcher.core.DelegatingLauncher.execute(DelegatingLauncher.java:47) ~[junit-platform-launcher-1.10.3.jar:1.10.3]
	at org.apache.maven.surefire.junitplatform.LazyLauncher.execute(LazyLauncher.java:56) ~[surefire-junit-platform-3.2.5.jar:3.2.5]
	at org.apache.maven.surefire.junitplatform.JUnitPlatformProvider.execute(JUnitPlatformProvider.java:184) ~[surefire-junit-platform-3.2.5.jar:3.2.5]
	at org.apache.maven.surefire.junitplatform.JUnitPlatformProvider.invokeAllTests(JUnitPlatformProvider.java:148) ~[surefire-junit-platform-3.2.5.jar:3.2.5]
	at org.apache.maven.surefire.junitplatform.JUnitPlatformProvider.invoke(JUnitPlatformProvider.java:122) ~[surefire-junit-platform-3.2.5.jar:3.2.5]
	at org.apache.maven.surefire.booter.ForkedBooter.runSuitesInProcess(ForkedBooter.java:385) ~[surefire-booter-3.2.5.jar:3.2.5]
	at org.apache.maven.surefire.booter.ForkedBooter.execute(ForkedBooter.java:162) ~[surefire-booter-3.2.5.jar:3.2.5]
	at org.apache.maven.surefire.booter.ForkedBooter.run(ForkedBooter.java:507) ~[surefire-booter-3.2.5.jar:3.2.5]
	at org.apache.maven.surefire.booter.ForkedBooter.main(ForkedBooter.java:495) ~[surefire-booter-3.2.5.jar:3.2.5]

2025-07-14T13:26:46.775+05:30 DEBUG 17208 --- [Fashion-Nest-Application] [           main] tor$SharedEntityManagerInvocationHandler : Creating new EntityManager for shared EntityManager invocation
2025-07-14T13:26:46.779+05:30 DEBUG 17208 --- [Fashion-Nest-Application] [           main] org.hibernate.orm.query.hql              : HQL : SELECT CASE WHEN COUNT(c) > 0 THEN true ELSE false END FROM Category c WHERE c.name = :name
2025-07-14T13:26:46.849+05:30 DEBUG 17208 --- [Fashion-Nest-Application] [           main] o.h.o.q.hql.reservedWordAsIdentifier     : Encountered use of reserved word as identifier : (
2025-07-14T13:26:46.870+05:30 DEBUG 17208 --- [Fashion-Nest-Application] [           main] org.hibernate.orm.query.sqm.creation     : Applying inferable type to SqmExpression [org.hibernate.query.sqm.tree.expression.SqmCaseSearched@671bda0b] : null -> basicType@17(java.lang.Boolean,16)
2025-07-14T13:26:46.871+05:30 DEBUG 17208 --- [Fashion-Nest-Application] [           main] org.hibernate.orm.query.sqm.creation     : Applying inferable type to SqmExpression [SqmNamedParameter(name)] : null -> SqmBasicValuedSimplePath(com.fashionnest.Fashion_Nest_Application.model.Category(c).name)
2025-07-14T13:26:46.873+05:30 DEBUG 17208 --- [Fashion-Nest-Application] [           main] org.hibernate.orm.query.sqm.ast          : SqmStatement Tree :
    -> [select]
      -> [query-spec]
        -> [select]
          -> [selection]
          <- [selection]
        <- [select]
        -> [from]
          -> [root] - `com.fashionnest.Fashion_Nest_Application.model.Category(c)`
          <- [root] - `com.fashionnest.Fashion_Nest_Application.model.Category(c)`
        <- [from]
        -> [where]
          -> [EQUAL]
              -> [basic-path] - `com.fashionnest.Fashion_Nest_Application.model.Category(c).name`
              :name
          <- [EQUAL]
        <- [where]
      <- [query-spec]
    <- [select]

2025-07-14T13:26:46.879+05:30 DEBUG 17208 --- [Fashion-Nest-Application] [           main] cResourceLocalTransactionCoordinatorImpl : JDBC transaction marked for rollback-only (exception provided for stack trace)

java.lang.Exception: exception just for purpose of providing stack trace
	at org.hibernate.resource.transaction.backend.jdbc.internal.JdbcResourceLocalTransactionCoordinatorImpl$TransactionDriverControlImpl.markRollbackOnly(JdbcResourceLocalTransactionCoordinatorImpl.java:309) ~[hibernate-core-6.5.2.Final.jar:6.5.2.Final]
	at org.hibernate.internal.AbstractSharedSessionContract.buildNamedQuery(AbstractSharedSessionContract.java:1109) ~[hibernate-core-6.5.2.Final.jar:6.5.2.Final]
	at org.hibernate.internal.AbstractSharedSessionContract.createNamedQuery(AbstractSharedSessionContract.java:987) ~[hibernate-core-6.5.2.Final.jar:6.5.2.Final]
	at org.hibernate.internal.AbstractSharedSessionContract.createNamedQuery(AbstractSharedSessionContract.java:140) ~[hibernate-core-6.5.2.Final.jar:6.5.2.Final]
	at java.base/jdk.internal.reflect.DirectMethodHandleAccessor.invoke(DirectMethodHandleAccessor.java:103) ~[na:na]
	at java.base/java.lang.reflect.Method.invoke(Method.java:580) ~[na:na]
	at org.springframework.orm.jpa.ExtendedEntityManagerCreator$ExtendedEntityManagerInvocationHandler.invoke(ExtendedEntityManagerCreator.java:364) ~[spring-orm-6.1.12.jar:6.1.12]
	at jdk.proxy2/jdk.proxy2.$Proxy139.createNamedQuery(Unknown Source) ~[na:na]
	at org.springframework.data.jpa.repository.query.NamedQuery.hasNamedQuery(NamedQuery.java:112) ~[spring-data-jpa-3.3.3.jar:3.3.3]
	at org.springframework.data.jpa.repository.query.JpaQueryLookupStrategy$DeclaredQueryLookupStrategy.getCountQuery(JpaQueryLookupStrategy.java:204) ~[spring-data-jpa-3.3.3.jar:3.3.3]
	at org.springframework.data.jpa.repository.query.JpaQueryLookupStrategy$DeclaredQueryLookupStrategy.resolveQuery(JpaQueryLookupStrategy.java:171) ~[spring-data-jpa-3.3.3.jar:3.3.3]
	at org.springframework.data.jpa.repository.query.JpaQueryLookupStrategy$CreateIfNotFoundQueryLookupStrategy.resolveQuery(JpaQueryLookupStrategy.java:252) ~[spring-data-jpa-3.3.3.jar:3.3.3]
	at org.springframework.data.jpa.repository.query.JpaQueryLookupStrategy$AbstractQueryLookupStrategy.resolveQuery(JpaQueryLookupStrategy.java:95) ~[spring-data-jpa-3.3.3.jar:3.3.3]
	at org.springframework.data.repository.core.support.QueryExecutorMethodInterceptor.lookupQuery(QueryExecutorMethodInterceptor.java:115) ~[spring-data-commons-3.3.3.jar:3.3.3]
	at org.springframework.data.repository.core.support.QueryExecutorMethodInterceptor.mapMethodsToQuery(QueryExecutorMethodInterceptor.java:103) ~[spring-data-commons-3.3.3.jar:3.3.3]
	at org.springframework.data.repository.core.support.QueryExecutorMethodInterceptor.lambda$new$0(QueryExecutorMethodInterceptor.java:92) ~[spring-data-commons-3.3.3.jar:3.3.3]
	at java.base/java.util.Optional.map(Optional.java:260) ~[na:na]
	at org.springframework.data.repository.core.support.QueryExecutorMethodInterceptor.<init>(QueryExecutorMethodInterceptor.java:92) ~[spring-data-commons-3.3.3.jar:3.3.3]
	at org.springframework.data.repository.core.support.RepositoryFactorySupport.getRepository(RepositoryFactorySupport.java:357) ~[spring-data-commons-3.3.3.jar:3.3.3]
	at org.springframework.data.repository.core.support.RepositoryFactoryBeanSupport.lambda$afterPropertiesSet$5(RepositoryFactoryBeanSupport.java:286) ~[spring-data-commons-3.3.3.jar:3.3.3]
	at org.springframework.data.util.Lazy.getNullable(Lazy.java:135) ~[spring-data-commons-3.3.3.jar:3.3.3]
	at org.springframework.data.util.Lazy.get(Lazy.java:113) ~[spring-data-commons-3.3.3.jar:3.3.3]
	at org.springframework.data.repository.core.support.RepositoryFactoryBeanSupport.afterPropertiesSet(RepositoryFactoryBeanSupport.java:292) ~[spring-data-commons-3.3.3.jar:3.3.3]
	at org.springframework.data.jpa.repository.support.JpaRepositoryFactoryBean.afterPropertiesSet(JpaRepositoryFactoryBean.java:132) ~[spring-data-jpa-3.3.3.jar:3.3.3]
	at org.springframework.beans.factory.support.AbstractAutowireCapableBeanFactory.invokeInitMethods(AbstractAutowireCapableBeanFactory.java:1853) ~[spring-beans-6.1.12.jar:6.1.12]
	at org.springframework.beans.factory.support.AbstractAutowireCapableBeanFactory.initializeBean(AbstractAutowireCapableBeanFactory.java:1802) ~[spring-beans-6.1.12.jar:6.1.12]
	at org.springframework.beans.factory.support.AbstractAutowireCapableBeanFactory.doCreateBean(AbstractAutowireCapableBeanFactory.java:600) ~[spring-beans-6.1.12.jar:6.1.12]
	at org.springframework.beans.factory.support.AbstractAutowireCapableBeanFactory.createBean(AbstractAutowireCapableBeanFactory.java:522) ~[spring-beans-6.1.12.jar:6.1.12]
	at org.springframework.beans.factory.support.AbstractBeanFactory.lambda$doGetBean$0(AbstractBeanFactory.java:337) ~[spring-beans-6.1.12.jar:6.1.12]
	at org.springframework.beans.factory.support.DefaultSingletonBeanRegistry.getSingleton(DefaultSingletonBeanRegistry.java:234) ~[spring-beans-6.1.12.jar:6.1.12]
	at org.springframework.beans.factory.support.AbstractBeanFactory.doGetBean(AbstractBeanFactory.java:335) ~[spring-beans-6.1.12.jar:6.1.12]
	at org.springframework.beans.factory.support.AbstractBeanFactory.getBean(AbstractBeanFactory.java:200) ~[spring-beans-6.1.12.jar:6.1.12]
	at org.springframework.beans.factory.config.DependencyDescriptor.resolveCandidate(DependencyDescriptor.java:254) ~[spring-beans-6.1.12.jar:6.1.12]
	at org.springframework.beans.factory.support.DefaultListableBeanFactory.doResolveDependency(DefaultListableBeanFactory.java:1443) ~[spring-beans-6.1.12.jar:6.1.12]
	at org.springframework.beans.factory.support.DefaultListableBeanFactory.resolveDependency(DefaultListableBeanFactory.java:1353) ~[spring-beans-6.1.12.jar:6.1.12]
	at org.springframework.beans.factory.annotation.AutowiredAnnotationBeanPostProcessor$AutowiredFieldElement.resolveFieldValue(AutowiredAnnotationBeanPostProcessor.java:785) ~[spring-beans-6.1.12.jar:6.1.12]
	at org.springframework.beans.factory.annotation.AutowiredAnnotationBeanPostProcessor$AutowiredFieldElement.inject(AutowiredAnnotationBeanPostProcessor.java:768) ~[spring-beans-6.1.12.jar:6.1.12]
	at org.springframework.beans.factory.annotation.InjectionMetadata.inject(InjectionMetadata.java:145) ~[spring-beans-6.1.12.jar:6.1.12]
	at org.springframework.beans.factory.annotation.AutowiredAnnotationBeanPostProcessor.postProcessProperties(AutowiredAnnotationBeanPostProcessor.java:509) ~[spring-beans-6.1.12.jar:6.1.12]
	at org.springframework.beans.factory.support.AbstractAutowireCapableBeanFactory.populateBean(AbstractAutowireCapableBeanFactory.java:1439) ~[spring-beans-6.1.12.jar:6.1.12]
	at org.springframework.beans.factory.support.AbstractAutowireCapableBeanFactory.doCreateBean(AbstractAutowireCapableBeanFactory.java:599) ~[spring-beans-6.1.12.jar:6.1.12]
	at org.springframework.beans.factory.support.AbstractAutowireCapableBeanFactory.createBean(AbstractAutowireCapableBeanFactory.java:522) ~[spring-beans-6.1.12.jar:6.1.12]
	at org.springframework.beans.factory.support.AbstractBeanFactory.lambda$doGetBean$0(AbstractBeanFactory.java:337) ~[spring-beans-6.1.12.jar:6.1.12]
	at org.springframework.beans.factory.support.DefaultSingletonBeanRegistry.getSingleton(DefaultSingletonBeanRegistry.java:234) ~[spring-beans-6.1.12.jar:6.1.12]
	at org.springframework.beans.factory.support.AbstractBeanFactory.doGetBean(AbstractBeanFactory.java:335) ~[spring-beans-6.1.12.jar:6.1.12]
	at org.springframework.beans.factory.support.AbstractBeanFactory.getBean(AbstractBeanFactory.java:200) ~[spring-beans-6.1.12.jar:6.1.12]
	at org.springframework.beans.factory.config.DependencyDescriptor.resolveCandidate(DependencyDescriptor.java:254) ~[spring-beans-6.1.12.jar:6.1.12]
	at org.springframework.beans.factory.support.DefaultListableBeanFactory.doResolveDependency(DefaultListableBeanFactory.java:1443) ~[spring-beans-6.1.12.jar:6.1.12]
	at org.springframework.beans.factory.support.DefaultListableBeanFactory.resolveDependency(DefaultListableBeanFactory.java:1353) ~[spring-beans-6.1.12.jar:6.1.12]
	at org.springframework.beans.factory.annotation.AutowiredAnnotationBeanPostProcessor$AutowiredFieldElement.resolveFieldValue(AutowiredAnnotationBeanPostProcessor.java:785) ~[spring-beans-6.1.12.jar:6.1.12]
	at org.springframework.beans.factory.annotation.AutowiredAnnotationBeanPostProcessor$AutowiredFieldElement.inject(AutowiredAnnotationBeanPostProcessor.java:768) ~[spring-beans-6.1.12.jar:6.1.12]
	at org.springframework.beans.factory.annotation.InjectionMetadata.inject(InjectionMetadata.java:145) ~[spring-beans-6.1.12.jar:6.1.12]
	at org.springframework.beans.factory.annotation.AutowiredAnnotationBeanPostProcessor.postProcessProperties(AutowiredAnnotationBeanPostProcessor.java:509) ~[spring-beans-6.1.12.jar:6.1.12]
	at org.springframework.beans.factory.support.AbstractAutowireCapableBeanFactory.populateBean(AbstractAutowireCapableBeanFactory.java:1439) ~[spring-beans-6.1.12.jar:6.1.12]
	at org.springframework.beans.factory.support.AbstractAutowireCapableBeanFactory.doCreateBean(AbstractAutowireCapableBeanFactory.java:599) ~[spring-beans-6.1.12.jar:6.1.12]
	at org.springframework.beans.factory.support.AbstractAutowireCapableBeanFactory.createBean(AbstractAutowireCapableBeanFactory.java:522) ~[spring-beans-6.1.12.jar:6.1.12]
	at org.springframework.beans.factory.support.AbstractBeanFactory.lambda$doGetBean$0(AbstractBeanFactory.java:337) ~[spring-beans-6.1.12.jar:6.1.12]
	at org.springframework.beans.factory.support.DefaultSingletonBeanRegistry.getSingleton(DefaultSingletonBeanRegistry.java:234) ~[spring-beans-6.1.12.jar:6.1.12]
	at org.springframework.beans.factory.support.AbstractBeanFactory.doGetBean(AbstractBeanFactory.java:335) ~[spring-beans-6.1.12.jar:6.1.12]
	at org.springframework.beans.factory.support.AbstractBeanFactory.getBean(AbstractBeanFactory.java:200) ~[spring-beans-6.1.12.jar:6.1.12]
	at org.springframework.beans.factory.config.DependencyDescriptor.resolveCandidate(DependencyDescriptor.java:254) ~[spring-beans-6.1.12.jar:6.1.12]
	at org.springframework.beans.factory.support.DefaultListableBeanFactory.doResolveDependency(DefaultListableBeanFactory.java:1443) ~[spring-beans-6.1.12.jar:6.1.12]
	at org.springframework.beans.factory.support.DefaultListableBeanFactory.resolveDependency(DefaultListableBeanFactory.java:1353) ~[spring-beans-6.1.12.jar:6.1.12]
	at org.springframework.beans.factory.annotation.AutowiredAnnotationBeanPostProcessor$AutowiredFieldElement.resolveFieldValue(AutowiredAnnotationBeanPostProcessor.java:785) ~[spring-beans-6.1.12.jar:6.1.12]
	at org.springframework.beans.factory.annotation.AutowiredAnnotationBeanPostProcessor$AutowiredFieldElement.inject(AutowiredAnnotationBeanPostProcessor.java:768) ~[spring-beans-6.1.12.jar:6.1.12]
	at org.springframework.beans.factory.annotation.InjectionMetadata.inject(InjectionMetadata.java:145) ~[spring-beans-6.1.12.jar:6.1.12]
	at org.springframework.beans.factory.annotation.AutowiredAnnotationBeanPostProcessor.postProcessProperties(AutowiredAnnotationBeanPostProcessor.java:509) ~[spring-beans-6.1.12.jar:6.1.12]
	at org.springframework.beans.factory.support.AbstractAutowireCapableBeanFactory.populateBean(AbstractAutowireCapableBeanFactory.java:1439) ~[spring-beans-6.1.12.jar:6.1.12]
	at org.springframework.beans.factory.support.AbstractAutowireCapableBeanFactory.doCreateBean(AbstractAutowireCapableBeanFactory.java:599) ~[spring-beans-6.1.12.jar:6.1.12]
	at org.springframework.beans.factory.support.AbstractAutowireCapableBeanFactory.createBean(AbstractAutowireCapableBeanFactory.java:522) ~[spring-beans-6.1.12.jar:6.1.12]
	at org.springframework.beans.factory.support.AbstractBeanFactory.lambda$doGetBean$0(AbstractBeanFactory.java:337) ~[spring-beans-6.1.12.jar:6.1.12]
	at org.springframework.beans.factory.support.DefaultSingletonBeanRegistry.getSingleton(DefaultSingletonBeanRegistry.java:234) ~[spring-beans-6.1.12.jar:6.1.12]
	at org.springframework.beans.factory.support.AbstractBeanFactory.doGetBean(AbstractBeanFactory.java:335) ~[spring-beans-6.1.12.jar:6.1.12]
	at org.springframework.beans.factory.support.AbstractBeanFactory.getBean(AbstractBeanFactory.java:200) ~[spring-beans-6.1.12.jar:6.1.12]
	at org.springframework.beans.factory.config.DependencyDescriptor.resolveCandidate(DependencyDescriptor.java:254) ~[spring-beans-6.1.12.jar:6.1.12]
	at org.springframework.beans.factory.support.DefaultListableBeanFactory.doResolveDependency(DefaultListableBeanFactory.java:1443) ~[spring-beans-6.1.12.jar:6.1.12]
	at org.springframework.beans.factory.support.DefaultListableBeanFactory.resolveDependency(DefaultListableBeanFactory.java:1353) ~[spring-beans-6.1.12.jar:6.1.12]
	at org.springframework.beans.factory.annotation.AutowiredAnnotationBeanPostProcessor$AutowiredFieldElement.resolveFieldValue(AutowiredAnnotationBeanPostProcessor.java:785) ~[spring-beans-6.1.12.jar:6.1.12]
	at org.springframework.beans.factory.annotation.AutowiredAnnotationBeanPostProcessor$AutowiredFieldElement.inject(AutowiredAnnotationBeanPostProcessor.java:768) ~[spring-beans-6.1.12.jar:6.1.12]
	at org.springframework.beans.factory.annotation.InjectionMetadata.inject(InjectionMetadata.java:145) ~[spring-beans-6.1.12.jar:6.1.12]
	at org.springframework.beans.factory.annotation.AutowiredAnnotationBeanPostProcessor.postProcessProperties(AutowiredAnnotationBeanPostProcessor.java:509) ~[spring-beans-6.1.12.jar:6.1.12]
	at org.springframework.beans.factory.support.AbstractAutowireCapableBeanFactory.populateBean(AbstractAutowireCapableBeanFactory.java:1439) ~[spring-beans-6.1.12.jar:6.1.12]
	at org.springframework.beans.factory.support.AbstractAutowireCapableBeanFactory.doCreateBean(AbstractAutowireCapableBeanFactory.java:599) ~[spring-beans-6.1.12.jar:6.1.12]
	at org.springframework.beans.factory.support.AbstractAutowireCapableBeanFactory.createBean(AbstractAutowireCapableBeanFactory.java:522) ~[spring-beans-6.1.12.jar:6.1.12]
	at org.springframework.beans.factory.support.AbstractBeanFactory.lambda$doGetBean$0(AbstractBeanFactory.java:337) ~[spring-beans-6.1.12.jar:6.1.12]
	at org.springframework.beans.factory.support.DefaultSingletonBeanRegistry.getSingleton(DefaultSingletonBeanRegistry.java:234) ~[spring-beans-6.1.12.jar:6.1.12]
	at org.springframework.beans.factory.support.AbstractBeanFactory.doGetBean(AbstractBeanFactory.java:335) ~[spring-beans-6.1.12.jar:6.1.12]
	at org.springframework.beans.factory.support.AbstractBeanFactory.getBean(AbstractBeanFactory.java:200) ~[spring-beans-6.1.12.jar:6.1.12]
	at org.springframework.beans.factory.support.DefaultListableBeanFactory.preInstantiateSingletons(DefaultListableBeanFactory.java:975) ~[spring-beans-6.1.12.jar:6.1.12]
	at org.springframework.context.support.AbstractApplicationContext.finishBeanFactoryInitialization(AbstractApplicationContext.java:971) ~[spring-context-6.1.12.jar:6.1.12]
	at org.springframework.context.support.AbstractApplicationContext.refresh(AbstractApplicationContext.java:625) ~[spring-context-6.1.12.jar:6.1.12]
	at org.springframework.boot.SpringApplication.refresh(SpringApplication.java:754) ~[spring-boot-3.3.3.jar:3.3.3]
	at org.springframework.boot.SpringApplication.refreshContext(SpringApplication.java:456) ~[spring-boot-3.3.3.jar:3.3.3]
	at org.springframework.boot.SpringApplication.run(SpringApplication.java:335) ~[spring-boot-3.3.3.jar:3.3.3]
	at org.springframework.boot.test.context.SpringBootContextLoader.lambda$loadContext$3(SpringBootContextLoader.java:137) ~[spring-boot-test-3.3.3.jar:3.3.3]
	at org.springframework.util.function.ThrowingSupplier.get(ThrowingSupplier.java:58) ~[spring-core-6.1.12.jar:6.1.12]
	at org.springframework.util.function.ThrowingSupplier.get(ThrowingSupplier.java:46) ~[spring-core-6.1.12.jar:6.1.12]
	at org.springframework.boot.SpringApplication.withHook(SpringApplication.java:1463) ~[spring-boot-3.3.3.jar:3.3.3]
	at org.springframework.boot.test.context.SpringBootContextLoader$ContextLoaderHook.run(SpringBootContextLoader.java:553) ~[spring-boot-test-3.3.3.jar:3.3.3]
	at org.springframework.boot.test.context.SpringBootContextLoader.loadContext(SpringBootContextLoader.java:137) ~[spring-boot-test-3.3.3.jar:3.3.3]
	at org.springframework.boot.test.context.SpringBootContextLoader.loadContext(SpringBootContextLoader.java:108) ~[spring-boot-test-3.3.3.jar:3.3.3]
	at org.springframework.test.context.cache.DefaultCacheAwareContextLoaderDelegate.loadContextInternal(DefaultCacheAwareContextLoaderDelegate.java:225) ~[spring-test-6.1.12.jar:6.1.12]
	at org.springframework.test.context.cache.DefaultCacheAwareContextLoaderDelegate.loadContext(DefaultCacheAwareContextLoaderDelegate.java:152) ~[spring-test-6.1.12.jar:6.1.12]
	at org.springframework.test.context.support.DefaultTestContext.getApplicationContext(DefaultTestContext.java:130) ~[spring-test-6.1.12.jar:6.1.12]
	at org.springframework.test.context.web.ServletTestExecutionListener.setUpRequestContextIfNecessary(ServletTestExecutionListener.java:191) ~[spring-test-6.1.12.jar:6.1.12]
	at org.springframework.test.context.web.ServletTestExecutionListener.prepareTestInstance(ServletTestExecutionListener.java:130) ~[spring-test-6.1.12.jar:6.1.12]
	at org.springframework.test.context.TestContextManager.prepareTestInstance(TestContextManager.java:260) ~[spring-test-6.1.12.jar:6.1.12]
	at org.springframework.test.context.junit.jupiter.SpringExtension.postProcessTestInstance(SpringExtension.java:163) ~[spring-test-6.1.12.jar:6.1.12]
	at org.junit.jupiter.engine.descriptor.ClassBasedTestDescriptor.lambda$invokeTestInstancePostProcessors$10(ClassBasedTestDescriptor.java:378) ~[junit-jupiter-engine-5.10.3.jar:5.10.3]
	at org.junit.jupiter.engine.descriptor.ClassBasedTestDescriptor.executeAndMaskThrowable(ClassBasedTestDescriptor.java:383) ~[junit-jupiter-engine-5.10.3.jar:5.10.3]
	at org.junit.jupiter.engine.descriptor.ClassBasedTestDescriptor.lambda$invokeTestInstancePostProcessors$11(ClassBasedTestDescriptor.java:378) ~[junit-jupiter-engine-5.10.3.jar:5.10.3]
	at java.base/java.util.stream.ReferencePipeline$3$1.accept(ReferencePipeline.java:197) ~[na:na]
	at java.base/java.util.stream.ReferencePipeline$2$1.accept(ReferencePipeline.java:179) ~[na:na]
	at java.base/java.util.ArrayList$ArrayListSpliterator.forEachRemaining(ArrayList.java:1708) ~[na:na]
	at java.base/java.util.stream.AbstractPipeline.copyInto(AbstractPipeline.java:509) ~[na:na]
	at java.base/java.util.stream.AbstractPipeline.wrapAndCopyInto(AbstractPipeline.java:499) ~[na:na]
	at java.base/java.util.stream.StreamSpliterators$WrappingSpliterator.forEachRemaining(StreamSpliterators.java:310) ~[na:na]
	at java.base/java.util.stream.Streams$ConcatSpliterator.forEachRemaining(Streams.java:735) ~[na:na]
	at java.base/java.util.stream.Streams$ConcatSpliterator.forEachRemaining(Streams.java:734) ~[na:na]
	at java.base/java.util.stream.ReferencePipeline$Head.forEach(ReferencePipeline.java:762) ~[na:na]
	at org.junit.jupiter.engine.descriptor.ClassBasedTestDescriptor.invokeTestInstancePostProcessors(ClassBasedTestDescriptor.java:377) ~[junit-jupiter-engine-5.10.3.jar:5.10.3]
	at org.junit.jupiter.engine.descriptor.ClassBasedTestDescriptor.lambda$instantiateAndPostProcessTestInstance$6(ClassBasedTestDescriptor.java:290) ~[junit-jupiter-engine-5.10.3.jar:5.10.3]
	at org.junit.platform.engine.support.hierarchical.ThrowableCollector.execute(ThrowableCollector.java:73) ~[junit-platform-engine-1.10.3.jar:1.10.3]
	at org.junit.jupiter.engine.descriptor.ClassBasedTestDescriptor.instantiateAndPostProcessTestInstance(ClassBasedTestDescriptor.java:289) ~[junit-jupiter-engine-5.10.3.jar:5.10.3]
	at org.junit.jupiter.engine.descriptor.ClassBasedTestDescriptor.lambda$testInstancesProvider$4(ClassBasedTestDescriptor.java:279) ~[junit-jupiter-engine-5.10.3.jar:5.10.3]
	at java.base/java.util.Optional.orElseGet(Optional.java:364) ~[na:na]
	at org.junit.jupiter.engine.descriptor.ClassBasedTestDescriptor.lambda$testInstancesProvider$5(ClassBasedTestDescriptor.java:278) ~[junit-jupiter-engine-5.10.3.jar:5.10.3]
	at org.junit.jupiter.engine.execution.TestInstancesProvider.getTestInstances(TestInstancesProvider.java:31) ~[junit-jupiter-engine-5.10.3.jar:5.10.3]
	at org.junit.jupiter.engine.descriptor.TestMethodTestDescriptor.lambda$prepare$0(TestMethodTestDescriptor.java:106) ~[junit-jupiter-engine-5.10.3.jar:5.10.3]
	at org.junit.platform.engine.support.hierarchical.ThrowableCollector.execute(ThrowableCollector.java:73) ~[junit-platform-engine-1.10.3.jar:1.10.3]
	at org.junit.jupiter.engine.descriptor.TestMethodTestDescriptor.prepare(TestMethodTestDescriptor.java:105) ~[junit-jupiter-engine-5.10.3.jar:5.10.3]
	at org.junit.jupiter.engine.descriptor.TestMethodTestDescriptor.prepare(TestMethodTestDescriptor.java:69) ~[junit-jupiter-engine-5.10.3.jar:5.10.3]
	at org.junit.platform.engine.support.hierarchical.NodeTestTask.lambda$prepare$2(NodeTestTask.java:123) ~[junit-platform-engine-1.10.3.jar:1.10.3]
	at org.junit.platform.engine.support.hierarchical.ThrowableCollector.execute(ThrowableCollector.java:73) ~[junit-platform-engine-1.10.3.jar:1.10.3]
	at org.junit.platform.engine.support.hierarchical.NodeTestTask.prepare(NodeTestTask.java:123) ~[junit-platform-engine-1.10.3.jar:1.10.3]
	at org.junit.platform.engine.support.hierarchical.NodeTestTask.execute(NodeTestTask.java:90) ~[junit-platform-engine-1.10.3.jar:1.10.3]
	at java.base/java.util.ArrayList.forEach(ArrayList.java:1596) ~[na:na]
	at org.junit.platform.engine.support.hierarchical.SameThreadHierarchicalTestExecutorService.invokeAll(SameThreadHierarchicalTestExecutorService.java:41) ~[junit-platform-engine-1.10.3.jar:1.10.3]
	at org.junit.platform.engine.support.hierarchical.NodeTestTask.lambda$executeRecursively$6(NodeTestTask.java:155) ~[junit-platform-engine-1.10.3.jar:1.10.3]
	at org.junit.platform.engine.support.hierarchical.ThrowableCollector.execute(ThrowableCollector.java:73) ~[junit-platform-engine-1.10.3.jar:1.10.3]
	at org.junit.platform.engine.support.hierarchical.NodeTestTask.lambda$executeRecursively$8(NodeTestTask.java:141) ~[junit-platform-engine-1.10.3.jar:1.10.3]
	at org.junit.platform.engine.support.hierarchical.Node.around(Node.java:137) ~[junit-platform-engine-1.10.3.jar:1.10.3]
	at org.junit.platform.engine.support.hierarchical.NodeTestTask.lambda$executeRecursively$9(NodeTestTask.java:139) ~[junit-platform-engine-1.10.3.jar:1.10.3]
	at org.junit.platform.engine.support.hierarchical.ThrowableCollector.execute(ThrowableCollector.java:73) ~[junit-platform-engine-1.10.3.jar:1.10.3]
	at org.junit.platform.engine.support.hierarchical.NodeTestTask.executeRecursively(NodeTestTask.java:138) ~[junit-platform-engine-1.10.3.jar:1.10.3]
	at org.junit.platform.engine.support.hierarchical.NodeTestTask.execute(NodeTestTask.java:95) ~[junit-platform-engine-1.10.3.jar:1.10.3]
	at java.base/java.util.ArrayList.forEach(ArrayList.java:1596) ~[na:na]
	at org.junit.platform.engine.support.hierarchical.SameThreadHierarchicalTestExecutorService.invokeAll(SameThreadHierarchicalTestExecutorService.java:41) ~[junit-platform-engine-1.10.3.jar:1.10.3]
	at org.junit.platform.engine.support.hierarchical.NodeTestTask.lambda$executeRecursively$6(NodeTestTask.java:155) ~[junit-platform-engine-1.10.3.jar:1.10.3]
	at org.junit.platform.engine.support.hierarchical.ThrowableCollector.execute(ThrowableCollector.java:73) ~[junit-platform-engine-1.10.3.jar:1.10.3]
	at org.junit.platform.engine.support.hierarchical.NodeTestTask.lambda$executeRecursively$8(NodeTestTask.java:141) ~[junit-platform-engine-1.10.3.jar:1.10.3]
	at org.junit.platform.engine.support.hierarchical.Node.around(Node.java:137) ~[junit-platform-engine-1.10.3.jar:1.10.3]
	at org.junit.platform.engine.support.hierarchical.NodeTestTask.lambda$executeRecursively$9(NodeTestTask.java:139) ~[junit-platform-engine-1.10.3.jar:1.10.3]
	at org.junit.platform.engine.support.hierarchical.ThrowableCollector.execute(ThrowableCollector.java:73) ~[junit-platform-engine-1.10.3.jar:1.10.3]
	at org.junit.platform.engine.support.hierarchical.NodeTestTask.executeRecursively(NodeTestTask.java:138) ~[junit-platform-engine-1.10.3.jar:1.10.3]
	at org.junit.platform.engine.support.hierarchical.NodeTestTask.execute(NodeTestTask.java:95) ~[junit-platform-engine-1.10.3.jar:1.10.3]
	at org.junit.platform.engine.support.hierarchical.SameThreadHierarchicalTestExecutorService.submit(SameThreadHierarchicalTestExecutorService.java:35) ~[junit-platform-engine-1.10.3.jar:1.10.3]
	at org.junit.platform.engine.support.hierarchical.HierarchicalTestExecutor.execute(HierarchicalTestExecutor.java:57) ~[junit-platform-engine-1.10.3.jar:1.10.3]
	at org.junit.platform.engine.support.hierarchical.HierarchicalTestEngine.execute(HierarchicalTestEngine.java:54) ~[junit-platform-engine-1.10.3.jar:1.10.3]
	at org.junit.platform.launcher.core.EngineExecutionOrchestrator.execute(EngineExecutionOrchestrator.java:198) ~[junit-platform-launcher-1.10.3.jar:1.10.3]
	at org.junit.platform.launcher.core.EngineExecutionOrchestrator.execute(EngineExecutionOrchestrator.java:169) ~[junit-platform-launcher-1.10.3.jar:1.10.3]
	at org.junit.platform.launcher.core.EngineExecutionOrchestrator.execute(EngineExecutionOrchestrator.java:93) ~[junit-platform-launcher-1.10.3.jar:1.10.3]
	at org.junit.platform.launcher.core.EngineExecutionOrchestrator.lambda$execute$0(EngineExecutionOrchestrator.java:58) ~[junit-platform-launcher-1.10.3.jar:1.10.3]
	at org.junit.platform.launcher.core.EngineExecutionOrchestrator.withInterceptedStreams(EngineExecutionOrchestrator.java:141) ~[junit-platform-launcher-1.10.3.jar:1.10.3]
	at org.junit.platform.launcher.core.EngineExecutionOrchestrator.execute(EngineExecutionOrchestrator.java:57) ~[junit-platform-launcher-1.10.3.jar:1.10.3]
	at org.junit.platform.launcher.core.DefaultLauncher.execute(DefaultLauncher.java:103) ~[junit-platform-launcher-1.10.3.jar:1.10.3]
	at org.junit.platform.launcher.core.DefaultLauncher.execute(DefaultLauncher.java:85) ~[junit-platform-launcher-1.10.3.jar:1.10.3]
	at org.junit.platform.launcher.core.DelegatingLauncher.execute(DelegatingLauncher.java:47) ~[junit-platform-launcher-1.10.3.jar:1.10.3]
	at org.apache.maven.surefire.junitplatform.LazyLauncher.execute(LazyLauncher.java:56) ~[surefire-junit-platform-3.2.5.jar:3.2.5]
	at org.apache.maven.surefire.junitplatform.JUnitPlatformProvider.execute(JUnitPlatformProvider.java:184) ~[surefire-junit-platform-3.2.5.jar:3.2.5]
	at org.apache.maven.surefire.junitplatform.JUnitPlatformProvider.invokeAllTests(JUnitPlatformProvider.java:148) ~[surefire-junit-platform-3.2.5.jar:3.2.5]
	at org.apache.maven.surefire.junitplatform.JUnitPlatformProvider.invoke(JUnitPlatformProvider.java:122) ~[surefire-junit-platform-3.2.5.jar:3.2.5]
	at org.apache.maven.surefire.booter.ForkedBooter.runSuitesInProcess(ForkedBooter.java:385) ~[surefire-booter-3.2.5.jar:3.2.5]
	at org.apache.maven.surefire.booter.ForkedBooter.execute(ForkedBooter.java:162) ~[surefire-booter-3.2.5.jar:3.2.5]
	at org.apache.maven.surefire.booter.ForkedBooter.run(ForkedBooter.java:507) ~[surefire-booter-3.2.5.jar:3.2.5]
	at org.apache.maven.surefire.booter.ForkedBooter.main(ForkedBooter.java:495) ~[surefire-booter-3.2.5.jar:3.2.5]

2025-07-14T13:26:46.883+05:30 DEBUG 17208 --- [Fashion-Nest-Application] [           main] tor$SharedEntityManagerInvocationHandler : Creating new EntityManager for shared EntityManager invocation
2025-07-14T13:26:46.886+05:30 DEBUG 17208 --- [Fashion-Nest-Application] [           main] org.hibernate.orm.query.hql              : HQL : Select c from Category c Where c.name=:name And c.parentCategory.name=:parentCategoryName
2025-07-14T13:26:46.889+05:30 DEBUG 17208 --- [Fashion-Nest-Application] [           main] org.hibernate.orm.query.sqm.creation     : Applying inferable type to SqmExpression [SqmNamedParameter(name)] : null -> SqmBasicValuedSimplePath(com.fashionnest.Fashion_Nest_Application.model.Category(c).name)
2025-07-14T13:26:46.890+05:30 DEBUG 17208 --- [Fashion-Nest-Application] [           main] org.hibernate.orm.query.sqm.creation     : Applying inferable type to SqmExpression [SqmNamedParameter(parentCategoryName)] : null -> SqmBasicValuedSimplePath(com.fashionnest.Fashion_Nest_Application.model.Category(c).parentCategory.name)
2025-07-14T13:26:46.891+05:30 DEBUG 17208 --- [Fashion-Nest-Application] [           main] org.hibernate.orm.query.sqm.ast          : SqmStatement Tree :
    -> [select]
      -> [query-spec]
        -> [select]
          -> [selection]
            -> [root] - `com.fashionnest.Fashion_Nest_Application.model.Category(c)`
            <- [root] - `com.fashionnest.Fashion_Nest_Application.model.Category(c)`
          <- [selection]
        <- [select]
        -> [from]
          -> [root] - `com.fashionnest.Fashion_Nest_Application.model.Category(c)`
          <- [root] - `com.fashionnest.Fashion_Nest_Application.model.Category(c)`
        <- [from]
        -> [where]
          -> [and]
            -> [EQUAL]
                -> [basic-path] - `com.fashionnest.Fashion_Nest_Application.model.Category(c).name`
                :name
            <- [EQUAL]
            -> [EQUAL]
                -> [basic-path] - `com.fashionnest.Fashion_Nest_Application.model.Category(c).parentCategory.name`
                :parentCategoryName
            <- [EQUAL]
          <- [and]
        <- [where]
      <- [query-spec]
    <- [select]

2025-07-14T13:26:46.990+05:30 DEBUG 17208 --- [Fashion-Nest-Application] [           main] tor$SharedEntityManagerInvocationHandler : Creating new EntityManager for shared EntityManager invocation
2025-07-14T13:26:46.991+05:30 DEBUG 17208 --- [Fashion-Nest-Application] [           main] tor$SharedEntityManagerInvocationHandler : Creating new EntityManager for shared EntityManager invocation
2025-07-14T13:26:47.016+05:30 DEBUG 17208 --- [Fashion-Nest-Application] [           main] tor$SharedEntityManagerInvocationHandler : Creating new EntityManager for shared EntityManager invocation
2025-07-14T13:26:47.017+05:30 DEBUG 17208 --- [Fashion-Nest-Application] [           main] tor$SharedEntityManagerInvocationHandler : Creating new EntityManager for shared EntityManager invocation
2025-07-14T13:26:47.097+05:30 DEBUG 17208 --- [Fashion-Nest-Application] [           main] tor$SharedEntityManagerInvocationHandler : Creating new EntityManager for shared EntityManager invocation
2025-07-14T13:26:47.103+05:30 DEBUG 17208 --- [Fashion-Nest-Application] [           main] tor$SharedEntityManagerInvocationHandler : Creating new EntityManager for shared EntityManager invocation
2025-07-14T13:26:47.116+05:30 DEBUG 17208 --- [Fashion-Nest-Application] [           main] cResourceLocalTransactionCoordinatorImpl : JDBC transaction marked for rollback-only (exception provided for stack trace)

java.lang.Exception: exception just for purpose of providing stack trace
	at org.hibernate.resource.transaction.backend.jdbc.internal.JdbcResourceLocalTransactionCoordinatorImpl$TransactionDriverControlImpl.markRollbackOnly(JdbcResourceLocalTransactionCoordinatorImpl.java:309) ~[hibernate-core-6.5.2.Final.jar:6.5.2.Final]
	at org.hibernate.internal.AbstractSharedSessionContract.buildNamedQuery(AbstractSharedSessionContract.java:1109) ~[hibernate-core-6.5.2.Final.jar:6.5.2.Final]
	at org.hibernate.internal.AbstractSharedSessionContract.createNamedQuery(AbstractSharedSessionContract.java:987) ~[hibernate-core-6.5.2.Final.jar:6.5.2.Final]
	at org.hibernate.internal.AbstractSharedSessionContract.createNamedQuery(AbstractSharedSessionContract.java:140) ~[hibernate-core-6.5.2.Final.jar:6.5.2.Final]
	at java.base/jdk.internal.reflect.DirectMethodHandleAccessor.invoke(DirectMethodHandleAccessor.java:103) ~[na:na]
	at java.base/java.lang.reflect.Method.invoke(Method.java:580) ~[na:na]
	at org.springframework.orm.jpa.ExtendedEntityManagerCreator$ExtendedEntityManagerInvocationHandler.invoke(ExtendedEntityManagerCreator.java:364) ~[spring-orm-6.1.12.jar:6.1.12]
	at jdk.proxy2/jdk.proxy2.$Proxy139.createNamedQuery(Unknown Source) ~[na:na]
	at org.springframework.data.jpa.repository.query.NamedQuery.hasNamedQuery(NamedQuery.java:112) ~[spring-data-jpa-3.3.3.jar:3.3.3]
	at org.springframework.data.jpa.repository.query.JpaQueryLookupStrategy$DeclaredQueryLookupStrategy.getCountQuery(JpaQueryLookupStrategy.java:204) ~[spring-data-jpa-3.3.3.jar:3.3.3]
	at org.springframework.data.jpa.repository.query.JpaQueryLookupStrategy$DeclaredQueryLookupStrategy.resolveQuery(JpaQueryLookupStrategy.java:171) ~[spring-data-jpa-3.3.3.jar:3.3.3]
	at org.springframework.data.jpa.repository.query.JpaQueryLookupStrategy$CreateIfNotFoundQueryLookupStrategy.resolveQuery(JpaQueryLookupStrategy.java:252) ~[spring-data-jpa-3.3.3.jar:3.3.3]
	at org.springframework.data.jpa.repository.query.JpaQueryLookupStrategy$AbstractQueryLookupStrategy.resolveQuery(JpaQueryLookupStrategy.java:95) ~[spring-data-jpa-3.3.3.jar:3.3.3]
	at org.springframework.data.repository.core.support.QueryExecutorMethodInterceptor.lookupQuery(QueryExecutorMethodInterceptor.java:115) ~[spring-data-commons-3.3.3.jar:3.3.3]
	at org.springframework.data.repository.core.support.QueryExecutorMethodInterceptor.mapMethodsToQuery(QueryExecutorMethodInterceptor.java:103) ~[spring-data-commons-3.3.3.jar:3.3.3]
	at org.springframework.data.repository.core.support.QueryExecutorMethodInterceptor.lambda$new$0(QueryExecutorMethodInterceptor.java:92) ~[spring-data-commons-3.3.3.jar:3.3.3]
	at java.base/java.util.Optional.map(Optional.java:260) ~[na:na]
	at org.springframework.data.repository.core.support.QueryExecutorMethodInterceptor.<init>(QueryExecutorMethodInterceptor.java:92) ~[spring-data-commons-3.3.3.jar:3.3.3]
	at org.springframework.data.repository.core.support.RepositoryFactorySupport.getRepository(RepositoryFactorySupport.java:357) ~[spring-data-commons-3.3.3.jar:3.3.3]
	at org.springframework.data.repository.core.support.RepositoryFactoryBeanSupport.lambda$afterPropertiesSet$5(RepositoryFactoryBeanSupport.java:286) ~[spring-data-commons-3.3.3.jar:3.3.3]
	at org.springframework.data.util.Lazy.getNullable(Lazy.java:135) ~[spring-data-commons-3.3.3.jar:3.3.3]
	at org.springframework.data.util.Lazy.get(Lazy.java:113) ~[spring-data-commons-3.3.3.jar:3.3.3]
	at org.springframework.data.repository.core.support.RepositoryFactoryBeanSupport.afterPropertiesSet(RepositoryFactoryBeanSupport.java:292) ~[spring-data-commons-3.3.3.jar:3.3.3]
	at org.springframework.data.jpa.repository.support.JpaRepositoryFactoryBean.afterPropertiesSet(JpaRepositoryFactoryBean.java:132) ~[spring-data-jpa-3.3.3.jar:3.3.3]
	at org.springframework.beans.factory.support.AbstractAutowireCapableBeanFactory.invokeInitMethods(AbstractAutowireCapableBeanFactory.java:1853) ~[spring-beans-6.1.12.jar:6.1.12]
	at org.springframework.beans.factory.support.AbstractAutowireCapableBeanFactory.initializeBean(AbstractAutowireCapableBeanFactory.java:1802) ~[spring-beans-6.1.12.jar:6.1.12]
	at org.springframework.beans.factory.support.AbstractAutowireCapableBeanFactory.doCreateBean(AbstractAutowireCapableBeanFactory.java:600) ~[spring-beans-6.1.12.jar:6.1.12]
	at org.springframework.beans.factory.support.AbstractAutowireCapableBeanFactory.createBean(AbstractAutowireCapableBeanFactory.java:522) ~[spring-beans-6.1.12.jar:6.1.12]
	at org.springframework.beans.factory.support.AbstractBeanFactory.lambda$doGetBean$0(AbstractBeanFactory.java:337) ~[spring-beans-6.1.12.jar:6.1.12]
	at org.springframework.beans.factory.support.DefaultSingletonBeanRegistry.getSingleton(DefaultSingletonBeanRegistry.java:234) ~[spring-beans-6.1.12.jar:6.1.12]
	at org.springframework.beans.factory.support.AbstractBeanFactory.doGetBean(AbstractBeanFactory.java:335) ~[spring-beans-6.1.12.jar:6.1.12]
	at org.springframework.beans.factory.support.AbstractBeanFactory.getBean(AbstractBeanFactory.java:200) ~[spring-beans-6.1.12.jar:6.1.12]
	at org.springframework.beans.factory.config.DependencyDescriptor.resolveCandidate(DependencyDescriptor.java:254) ~[spring-beans-6.1.12.jar:6.1.12]
	at org.springframework.beans.factory.support.DefaultListableBeanFactory.doResolveDependency(DefaultListableBeanFactory.java:1443) ~[spring-beans-6.1.12.jar:6.1.12]
	at org.springframework.beans.factory.support.DefaultListableBeanFactory.resolveDependency(DefaultListableBeanFactory.java:1353) ~[spring-beans-6.1.12.jar:6.1.12]
	at org.springframework.beans.factory.annotation.AutowiredAnnotationBeanPostProcessor$AutowiredFieldElement.resolveFieldValue(AutowiredAnnotationBeanPostProcessor.java:785) ~[spring-beans-6.1.12.jar:6.1.12]
	at org.springframework.beans.factory.annotation.AutowiredAnnotationBeanPostProcessor$AutowiredFieldElement.inject(AutowiredAnnotationBeanPostProcessor.java:768) ~[spring-beans-6.1.12.jar:6.1.12]
	at org.springframework.beans.factory.annotation.InjectionMetadata.inject(InjectionMetadata.java:145) ~[spring-beans-6.1.12.jar:6.1.12]
	at org.springframework.beans.factory.annotation.AutowiredAnnotationBeanPostProcessor.postProcessProperties(AutowiredAnnotationBeanPostProcessor.java:509) ~[spring-beans-6.1.12.jar:6.1.12]
	at org.springframework.beans.factory.support.AbstractAutowireCapableBeanFactory.populateBean(AbstractAutowireCapableBeanFactory.java:1439) ~[spring-beans-6.1.12.jar:6.1.12]
	at org.springframework.beans.factory.support.AbstractAutowireCapableBeanFactory.doCreateBean(AbstractAutowireCapableBeanFactory.java:599) ~[spring-beans-6.1.12.jar:6.1.12]
	at org.springframework.beans.factory.support.AbstractAutowireCapableBeanFactory.createBean(AbstractAutowireCapableBeanFactory.java:522) ~[spring-beans-6.1.12.jar:6.1.12]
	at org.springframework.beans.factory.support.AbstractBeanFactory.lambda$doGetBean$0(AbstractBeanFactory.java:337) ~[spring-beans-6.1.12.jar:6.1.12]
	at org.springframework.beans.factory.support.DefaultSingletonBeanRegistry.getSingleton(DefaultSingletonBeanRegistry.java:234) ~[spring-beans-6.1.12.jar:6.1.12]
	at org.springframework.beans.factory.support.AbstractBeanFactory.doGetBean(AbstractBeanFactory.java:335) ~[spring-beans-6.1.12.jar:6.1.12]
	at org.springframework.beans.factory.support.AbstractBeanFactory.getBean(AbstractBeanFactory.java:200) ~[spring-beans-6.1.12.jar:6.1.12]
	at org.springframework.beans.factory.config.DependencyDescriptor.resolveCandidate(DependencyDescriptor.java:254) ~[spring-beans-6.1.12.jar:6.1.12]
	at org.springframework.beans.factory.support.DefaultListableBeanFactory.doResolveDependency(DefaultListableBeanFactory.java:1443) ~[spring-beans-6.1.12.jar:6.1.12]
	at org.springframework.beans.factory.support.DefaultListableBeanFactory.resolveDependency(DefaultListableBeanFactory.java:1353) ~[spring-beans-6.1.12.jar:6.1.12]
	at org.springframework.beans.factory.annotation.AutowiredAnnotationBeanPostProcessor$AutowiredFieldElement.resolveFieldValue(AutowiredAnnotationBeanPostProcessor.java:785) ~[spring-beans-6.1.12.jar:6.1.12]
	at org.springframework.beans.factory.annotation.AutowiredAnnotationBeanPostProcessor$AutowiredFieldElement.inject(AutowiredAnnotationBeanPostProcessor.java:768) ~[spring-beans-6.1.12.jar:6.1.12]
	at org.springframework.beans.factory.annotation.InjectionMetadata.inject(InjectionMetadata.java:145) ~[spring-beans-6.1.12.jar:6.1.12]
	at org.springframework.beans.factory.annotation.AutowiredAnnotationBeanPostProcessor.postProcessProperties(AutowiredAnnotationBeanPostProcessor.java:509) ~[spring-beans-6.1.12.jar:6.1.12]
	at org.springframework.beans.factory.support.AbstractAutowireCapableBeanFactory.populateBean(AbstractAutowireCapableBeanFactory.java:1439) ~[spring-beans-6.1.12.jar:6.1.12]
	at org.springframework.beans.factory.support.AbstractAutowireCapableBeanFactory.doCreateBean(AbstractAutowireCapableBeanFactory.java:599) ~[spring-beans-6.1.12.jar:6.1.12]
	at org.springframework.beans.factory.support.AbstractAutowireCapableBeanFactory.createBean(AbstractAutowireCapableBeanFactory.java:522) ~[spring-beans-6.1.12.jar:6.1.12]
	at org.springframework.beans.factory.support.AbstractBeanFactory.lambda$doGetBean$0(AbstractBeanFactory.java:337) ~[spring-beans-6.1.12.jar:6.1.12]
	at org.springframework.beans.factory.support.DefaultSingletonBeanRegistry.getSingleton(DefaultSingletonBeanRegistry.java:234) ~[spring-beans-6.1.12.jar:6.1.12]
	at org.springframework.beans.factory.support.AbstractBeanFactory.doGetBean(AbstractBeanFactory.java:335) ~[spring-beans-6.1.12.jar:6.1.12]
	at org.springframework.beans.factory.support.AbstractBeanFactory.getBean(AbstractBeanFactory.java:200) ~[spring-beans-6.1.12.jar:6.1.12]
	at org.springframework.beans.factory.support.DefaultListableBeanFactory.preInstantiateSingletons(DefaultListableBeanFactory.java:975) ~[spring-beans-6.1.12.jar:6.1.12]
	at org.springframework.context.support.AbstractApplicationContext.finishBeanFactoryInitialization(AbstractApplicationContext.java:971) ~[spring-context-6.1.12.jar:6.1.12]
	at org.springframework.context.support.AbstractApplicationContext.refresh(AbstractApplicationContext.java:625) ~[spring-context-6.1.12.jar:6.1.12]
	at org.springframework.boot.SpringApplication.refresh(SpringApplication.java:754) ~[spring-boot-3.3.3.jar:3.3.3]
	at org.springframework.boot.SpringApplication.refreshContext(SpringApplication.java:456) ~[spring-boot-3.3.3.jar:3.3.3]
	at org.springframework.boot.SpringApplication.run(SpringApplication.java:335) ~[spring-boot-3.3.3.jar:3.3.3]
	at org.springframework.boot.test.context.SpringBootContextLoader.lambda$loadContext$3(SpringBootContextLoader.java:137) ~[spring-boot-test-3.3.3.jar:3.3.3]
	at org.springframework.util.function.ThrowingSupplier.get(ThrowingSupplier.java:58) ~[spring-core-6.1.12.jar:6.1.12]
	at org.springframework.util.function.ThrowingSupplier.get(ThrowingSupplier.java:46) ~[spring-core-6.1.12.jar:6.1.12]
	at org.springframework.boot.SpringApplication.withHook(SpringApplication.java:1463) ~[spring-boot-3.3.3.jar:3.3.3]
	at org.springframework.boot.test.context.SpringBootContextLoader$ContextLoaderHook.run(SpringBootContextLoader.java:553) ~[spring-boot-test-3.3.3.jar:3.3.3]
	at org.springframework.boot.test.context.SpringBootContextLoader.loadContext(SpringBootContextLoader.java:137) ~[spring-boot-test-3.3.3.jar:3.3.3]
	at org.springframework.boot.test.context.SpringBootContextLoader.loadContext(SpringBootContextLoader.java:108) ~[spring-boot-test-3.3.3.jar:3.3.3]
	at org.springframework.test.context.cache.DefaultCacheAwareContextLoaderDelegate.loadContextInternal(DefaultCacheAwareContextLoaderDelegate.java:225) ~[spring-test-6.1.12.jar:6.1.12]
	at org.springframework.test.context.cache.DefaultCacheAwareContextLoaderDelegate.loadContext(DefaultCacheAwareContextLoaderDelegate.java:152) ~[spring-test-6.1.12.jar:6.1.12]
	at org.springframework.test.context.support.DefaultTestContext.getApplicationContext(DefaultTestContext.java:130) ~[spring-test-6.1.12.jar:6.1.12]
	at org.springframework.test.context.web.ServletTestExecutionListener.setUpRequestContextIfNecessary(ServletTestExecutionListener.java:191) ~[spring-test-6.1.12.jar:6.1.12]
	at org.springframework.test.context.web.ServletTestExecutionListener.prepareTestInstance(ServletTestExecutionListener.java:130) ~[spring-test-6.1.12.jar:6.1.12]
	at org.springframework.test.context.TestContextManager.prepareTestInstance(TestContextManager.java:260) ~[spring-test-6.1.12.jar:6.1.12]
	at org.springframework.test.context.junit.jupiter.SpringExtension.postProcessTestInstance(SpringExtension.java:163) ~[spring-test-6.1.12.jar:6.1.12]
	at org.junit.jupiter.engine.descriptor.ClassBasedTestDescriptor.lambda$invokeTestInstancePostProcessors$10(ClassBasedTestDescriptor.java:378) ~[junit-jupiter-engine-5.10.3.jar:5.10.3]
	at org.junit.jupiter.engine.descriptor.ClassBasedTestDescriptor.executeAndMaskThrowable(ClassBasedTestDescriptor.java:383) ~[junit-jupiter-engine-5.10.3.jar:5.10.3]
	at org.junit.jupiter.engine.descriptor.ClassBasedTestDescriptor.lambda$invokeTestInstancePostProcessors$11(ClassBasedTestDescriptor.java:378) ~[junit-jupiter-engine-5.10.3.jar:5.10.3]
	at java.base/java.util.stream.ReferencePipeline$3$1.accept(ReferencePipeline.java:197) ~[na:na]
	at java.base/java.util.stream.ReferencePipeline$2$1.accept(ReferencePipeline.java:179) ~[na:na]
	at java.base/java.util.ArrayList$ArrayListSpliterator.forEachRemaining(ArrayList.java:1708) ~[na:na]
	at java.base/java.util.stream.AbstractPipeline.copyInto(AbstractPipeline.java:509) ~[na:na]
	at java.base/java.util.stream.AbstractPipeline.wrapAndCopyInto(AbstractPipeline.java:499) ~[na:na]
	at java.base/java.util.stream.StreamSpliterators$WrappingSpliterator.forEachRemaining(StreamSpliterators.java:310) ~[na:na]
	at java.base/java.util.stream.Streams$ConcatSpliterator.forEachRemaining(Streams.java:735) ~[na:na]
	at java.base/java.util.stream.Streams$ConcatSpliterator.forEachRemaining(Streams.java:734) ~[na:na]
	at java.base/java.util.stream.ReferencePipeline$Head.forEach(ReferencePipeline.java:762) ~[na:na]
	at org.junit.jupiter.engine.descriptor.ClassBasedTestDescriptor.invokeTestInstancePostProcessors(ClassBasedTestDescriptor.java:377) ~[junit-jupiter-engine-5.10.3.jar:5.10.3]
	at org.junit.jupiter.engine.descriptor.ClassBasedTestDescriptor.lambda$instantiateAndPostProcessTestInstance$6(ClassBasedTestDescriptor.java:290) ~[junit-jupiter-engine-5.10.3.jar:5.10.3]
	at org.junit.platform.engine.support.hierarchical.ThrowableCollector.execute(ThrowableCollector.java:73) ~[junit-platform-engine-1.10.3.jar:1.10.3]
	at org.junit.jupiter.engine.descriptor.ClassBasedTestDescriptor.instantiateAndPostProcessTestInstance(ClassBasedTestDescriptor.java:289) ~[junit-jupiter-engine-5.10.3.jar:5.10.3]
	at org.junit.jupiter.engine.descriptor.ClassBasedTestDescriptor.lambda$testInstancesProvider$4(ClassBasedTestDescriptor.java:279) ~[junit-jupiter-engine-5.10.3.jar:5.10.3]
	at java.base/java.util.Optional.orElseGet(Optional.java:364) ~[na:na]
	at org.junit.jupiter.engine.descriptor.ClassBasedTestDescriptor.lambda$testInstancesProvider$5(ClassBasedTestDescriptor.java:278) ~[junit-jupiter-engine-5.10.3.jar:5.10.3]
	at org.junit.jupiter.engine.execution.TestInstancesProvider.getTestInstances(TestInstancesProvider.java:31) ~[junit-jupiter-engine-5.10.3.jar:5.10.3]
	at org.junit.jupiter.engine.descriptor.TestMethodTestDescriptor.lambda$prepare$0(TestMethodTestDescriptor.java:106) ~[junit-jupiter-engine-5.10.3.jar:5.10.3]
	at org.junit.platform.engine.support.hierarchical.ThrowableCollector.execute(ThrowableCollector.java:73) ~[junit-platform-engine-1.10.3.jar:1.10.3]
	at org.junit.jupiter.engine.descriptor.TestMethodTestDescriptor.prepare(TestMethodTestDescriptor.java:105) ~[junit-jupiter-engine-5.10.3.jar:5.10.3]
	at org.junit.jupiter.engine.descriptor.TestMethodTestDescriptor.prepare(TestMethodTestDescriptor.java:69) ~[junit-jupiter-engine-5.10.3.jar:5.10.3]
	at org.junit.platform.engine.support.hierarchical.NodeTestTask.lambda$prepare$2(NodeTestTask.java:123) ~[junit-platform-engine-1.10.3.jar:1.10.3]
	at org.junit.platform.engine.support.hierarchical.ThrowableCollector.execute(ThrowableCollector.java:73) ~[junit-platform-engine-1.10.3.jar:1.10.3]
	at org.junit.platform.engine.support.hierarchical.NodeTestTask.prepare(NodeTestTask.java:123) ~[junit-platform-engine-1.10.3.jar:1.10.3]
	at org.junit.platform.engine.support.hierarchical.NodeTestTask.execute(NodeTestTask.java:90) ~[junit-platform-engine-1.10.3.jar:1.10.3]
	at java.base/java.util.ArrayList.forEach(ArrayList.java:1596) ~[na:na]
	at org.junit.platform.engine.support.hierarchical.SameThreadHierarchicalTestExecutorService.invokeAll(SameThreadHierarchicalTestExecutorService.java:41) ~[junit-platform-engine-1.10.3.jar:1.10.3]
	at org.junit.platform.engine.support.hierarchical.NodeTestTask.lambda$executeRecursively$6(NodeTestTask.java:155) ~[junit-platform-engine-1.10.3.jar:1.10.3]
	at org.junit.platform.engine.support.hierarchical.ThrowableCollector.execute(ThrowableCollector.java:73) ~[junit-platform-engine-1.10.3.jar:1.10.3]
	at org.junit.platform.engine.support.hierarchical.NodeTestTask.lambda$executeRecursively$8(NodeTestTask.java:141) ~[junit-platform-engine-1.10.3.jar:1.10.3]
	at org.junit.platform.engine.support.hierarchical.Node.around(Node.java:137) ~[junit-platform-engine-1.10.3.jar:1.10.3]
	at org.junit.platform.engine.support.hierarchical.NodeTestTask.lambda$executeRecursively$9(NodeTestTask.java:139) ~[junit-platform-engine-1.10.3.jar:1.10.3]
	at org.junit.platform.engine.support.hierarchical.ThrowableCollector.execute(ThrowableCollector.java:73) ~[junit-platform-engine-1.10.3.jar:1.10.3]
	at org.junit.platform.engine.support.hierarchical.NodeTestTask.executeRecursively(NodeTestTask.java:138) ~[junit-platform-engine-1.10.3.jar:1.10.3]
	at org.junit.platform.engine.support.hierarchical.NodeTestTask.execute(NodeTestTask.java:95) ~[junit-platform-engine-1.10.3.jar:1.10.3]
	at java.base/java.util.ArrayList.forEach(ArrayList.java:1596) ~[na:na]
	at org.junit.platform.engine.support.hierarchical.SameThreadHierarchicalTestExecutorService.invokeAll(SameThreadHierarchicalTestExecutorService.java:41) ~[junit-platform-engine-1.10.3.jar:1.10.3]
	at org.junit.platform.engine.support.hierarchical.NodeTestTask.lambda$executeRecursively$6(NodeTestTask.java:155) ~[junit-platform-engine-1.10.3.jar:1.10.3]
	at org.junit.platform.engine.support.hierarchical.ThrowableCollector.execute(ThrowableCollector.java:73) ~[junit-platform-engine-1.10.3.jar:1.10.3]
	at org.junit.platform.engine.support.hierarchical.NodeTestTask.lambda$executeRecursively$8(NodeTestTask.java:141) ~[junit-platform-engine-1.10.3.jar:1.10.3]
	at org.junit.platform.engine.support.hierarchical.Node.around(Node.java:137) ~[junit-platform-engine-1.10.3.jar:1.10.3]
	at org.junit.platform.engine.support.hierarchical.NodeTestTask.lambda$executeRecursively$9(NodeTestTask.java:139) ~[junit-platform-engine-1.10.3.jar:1.10.3]
	at org.junit.platform.engine.support.hierarchical.ThrowableCollector.execute(ThrowableCollector.java:73) ~[junit-platform-engine-1.10.3.jar:1.10.3]
	at org.junit.platform.engine.support.hierarchical.NodeTestTask.executeRecursively(NodeTestTask.java:138) ~[junit-platform-engine-1.10.3.jar:1.10.3]
	at org.junit.platform.engine.support.hierarchical.NodeTestTask.execute(NodeTestTask.java:95) ~[junit-platform-engine-1.10.3.jar:1.10.3]
	at org.junit.platform.engine.support.hierarchical.SameThreadHierarchicalTestExecutorService.submit(SameThreadHierarchicalTestExecutorService.java:35) ~[junit-platform-engine-1.10.3.jar:1.10.3]
	at org.junit.platform.engine.support.hierarchical.HierarchicalTestExecutor.execute(HierarchicalTestExecutor.java:57) ~[junit-platform-engine-1.10.3.jar:1.10.3]
	at org.junit.platform.engine.support.hierarchical.HierarchicalTestEngine.execute(HierarchicalTestEngine.java:54) ~[junit-platform-engine-1.10.3.jar:1.10.3]
	at org.junit.platform.launcher.core.EngineExecutionOrchestrator.execute(EngineExecutionOrchestrator.java:198) ~[junit-platform-launcher-1.10.3.jar:1.10.3]
	at org.junit.platform.launcher.core.EngineExecutionOrchestrator.execute(EngineExecutionOrchestrator.java:169) ~[junit-platform-launcher-1.10.3.jar:1.10.3]
	at org.junit.platform.launcher.core.EngineExecutionOrchestrator.execute(EngineExecutionOrchestrator.java:93) ~[junit-platform-launcher-1.10.3.jar:1.10.3]
	at org.junit.platform.launcher.core.EngineExecutionOrchestrator.lambda$execute$0(EngineExecutionOrchestrator.java:58) ~[junit-platform-launcher-1.10.3.jar:1.10.3]
	at org.junit.platform.launcher.core.EngineExecutionOrchestrator.withInterceptedStreams(EngineExecutionOrchestrator.java:141) ~[junit-platform-launcher-1.10.3.jar:1.10.3]
	at org.junit.platform.launcher.core.EngineExecutionOrchestrator.execute(EngineExecutionOrchestrator.java:57) ~[junit-platform-launcher-1.10.3.jar:1.10.3]
	at org.junit.platform.launcher.core.DefaultLauncher.execute(DefaultLauncher.java:103) ~[junit-platform-launcher-1.10.3.jar:1.10.3]
	at org.junit.platform.launcher.core.DefaultLauncher.execute(DefaultLauncher.java:85) ~[junit-platform-launcher-1.10.3.jar:1.10.3]
	at org.junit.platform.launcher.core.DelegatingLauncher.execute(DelegatingLauncher.java:47) ~[junit-platform-launcher-1.10.3.jar:1.10.3]
	at org.apache.maven.surefire.junitplatform.LazyLauncher.execute(LazyLauncher.java:56) ~[surefire-junit-platform-3.2.5.jar:3.2.5]
	at org.apache.maven.surefire.junitplatform.JUnitPlatformProvider.execute(JUnitPlatformProvider.java:184) ~[surefire-junit-platform-3.2.5.jar:3.2.5]
	at org.apache.maven.surefire.junitplatform.JUnitPlatformProvider.invokeAllTests(JUnitPlatformProvider.java:148) ~[surefire-junit-platform-3.2.5.jar:3.2.5]
	at org.apache.maven.surefire.junitplatform.JUnitPlatformProvider.invoke(JUnitPlatformProvider.java:122) ~[surefire-junit-platform-3.2.5.jar:3.2.5]
	at org.apache.maven.surefire.booter.ForkedBooter.runSuitesInProcess(ForkedBooter.java:385) ~[surefire-booter-3.2.5.jar:3.2.5]
	at org.apache.maven.surefire.booter.ForkedBooter.execute(ForkedBooter.java:162) ~[surefire-booter-3.2.5.jar:3.2.5]
	at org.apache.maven.surefire.booter.ForkedBooter.run(ForkedBooter.java:507) ~[surefire-booter-3.2.5.jar:3.2.5]
	at org.apache.maven.surefire.booter.ForkedBooter.main(ForkedBooter.java:495) ~[surefire-booter-3.2.5.jar:3.2.5]

2025-07-14T13:26:47.120+05:30 DEBUG 17208 --- [Fashion-Nest-Application] [           main] tor$SharedEntityManagerInvocationHandler : Creating new EntityManager for shared EntityManager invocation
2025-07-14T13:26:47.122+05:30 DEBUG 17208 --- [Fashion-Nest-Application] [           main] org.hibernate.orm.query.hql              : HQL : SELECT r From Rating r Where r.product.id=:productId
2025-07-14T13:26:47.123+05:30 DEBUG 17208 --- [Fashion-Nest-Application] [           main] o.h.o.q.hql.reservedWordAsIdentifier     : Encountered use of reserved word as identifier : =
2025-07-14T13:26:47.124+05:30 DEBUG 17208 --- [Fashion-Nest-Application] [           main] org.hibernate.orm.query.sqm.creation     : Applying inferable type to SqmExpression [SqmNamedParameter(productId)] : null -> SqmBasicValuedSimplePath(com.fashionnest.Fashion_Nest_Application.model.Rating(r).product.id)
2025-07-14T13:26:47.124+05:30 DEBUG 17208 --- [Fashion-Nest-Application] [           main] org.hibernate.orm.query.sqm.ast          : SqmStatement Tree :
    -> [select]
      -> [query-spec]
        -> [select]
          -> [selection]
            -> [root] - `com.fashionnest.Fashion_Nest_Application.model.Rating(r)`
            <- [root] - `com.fashionnest.Fashion_Nest_Application.model.Rating(r)`
          <- [selection]
        <- [select]
        -> [from]
          -> [root] - `com.fashionnest.Fashion_Nest_Application.model.Rating(r)`
          <- [root] - `com.fashionnest.Fashion_Nest_Application.model.Rating(r)`
        <- [from]
        -> [where]
          -> [EQUAL]
              -> [basic-path] - `com.fashionnest.Fashion_Nest_Application.model.Rating(r).product.id`
              :productId
          <- [EQUAL]
        <- [where]
      <- [query-spec]
    <- [select]

2025-07-14T13:26:47.151+05:30 DEBUG 17208 --- [Fashion-Nest-Application] [           main] tor$SharedEntityManagerInvocationHandler : Creating new EntityManager for shared EntityManager invocation
2025-07-14T13:26:47.153+05:30 DEBUG 17208 --- [Fashion-Nest-Application] [           main] tor$SharedEntityManagerInvocationHandler : Creating new EntityManager for shared EntityManager invocation
2025-07-14T13:26:47.161+05:30 DEBUG 17208 --- [Fashion-Nest-Application] [           main] cResourceLocalTransactionCoordinatorImpl : JDBC transaction marked for rollback-only (exception provided for stack trace)

java.lang.Exception: exception just for purpose of providing stack trace
	at org.hibernate.resource.transaction.backend.jdbc.internal.JdbcResourceLocalTransactionCoordinatorImpl$TransactionDriverControlImpl.markRollbackOnly(JdbcResourceLocalTransactionCoordinatorImpl.java:309) ~[hibernate-core-6.5.2.Final.jar:6.5.2.Final]
	at org.hibernate.internal.AbstractSharedSessionContract.buildNamedQuery(AbstractSharedSessionContract.java:1109) ~[hibernate-core-6.5.2.Final.jar:6.5.2.Final]
	at org.hibernate.internal.AbstractSharedSessionContract.createNamedQuery(AbstractSharedSessionContract.java:987) ~[hibernate-core-6.5.2.Final.jar:6.5.2.Final]
	at org.hibernate.internal.AbstractSharedSessionContract.createNamedQuery(AbstractSharedSessionContract.java:140) ~[hibernate-core-6.5.2.Final.jar:6.5.2.Final]
	at java.base/jdk.internal.reflect.DirectMethodHandleAccessor.invoke(DirectMethodHandleAccessor.java:103) ~[na:na]
	at java.base/java.lang.reflect.Method.invoke(Method.java:580) ~[na:na]
	at org.springframework.orm.jpa.ExtendedEntityManagerCreator$ExtendedEntityManagerInvocationHandler.invoke(ExtendedEntityManagerCreator.java:364) ~[spring-orm-6.1.12.jar:6.1.12]
	at jdk.proxy2/jdk.proxy2.$Proxy139.createNamedQuery(Unknown Source) ~[na:na]
	at org.springframework.data.jpa.repository.query.NamedQuery.hasNamedQuery(NamedQuery.java:112) ~[spring-data-jpa-3.3.3.jar:3.3.3]
	at org.springframework.data.jpa.repository.query.JpaQueryLookupStrategy$DeclaredQueryLookupStrategy.getCountQuery(JpaQueryLookupStrategy.java:204) ~[spring-data-jpa-3.3.3.jar:3.3.3]
	at org.springframework.data.jpa.repository.query.JpaQueryLookupStrategy$DeclaredQueryLookupStrategy.resolveQuery(JpaQueryLookupStrategy.java:171) ~[spring-data-jpa-3.3.3.jar:3.3.3]
	at org.springframework.data.jpa.repository.query.JpaQueryLookupStrategy$CreateIfNotFoundQueryLookupStrategy.resolveQuery(JpaQueryLookupStrategy.java:252) ~[spring-data-jpa-3.3.3.jar:3.3.3]
	at org.springframework.data.jpa.repository.query.JpaQueryLookupStrategy$AbstractQueryLookupStrategy.resolveQuery(JpaQueryLookupStrategy.java:95) ~[spring-data-jpa-3.3.3.jar:3.3.3]
	at org.springframework.data.repository.core.support.QueryExecutorMethodInterceptor.lookupQuery(QueryExecutorMethodInterceptor.java:115) ~[spring-data-commons-3.3.3.jar:3.3.3]
	at org.springframework.data.repository.core.support.QueryExecutorMethodInterceptor.mapMethodsToQuery(QueryExecutorMethodInterceptor.java:103) ~[spring-data-commons-3.3.3.jar:3.3.3]
	at org.springframework.data.repository.core.support.QueryExecutorMethodInterceptor.lambda$new$0(QueryExecutorMethodInterceptor.java:92) ~[spring-data-commons-3.3.3.jar:3.3.3]
	at java.base/java.util.Optional.map(Optional.java:260) ~[na:na]
	at org.springframework.data.repository.core.support.QueryExecutorMethodInterceptor.<init>(QueryExecutorMethodInterceptor.java:92) ~[spring-data-commons-3.3.3.jar:3.3.3]
	at org.springframework.data.repository.core.support.RepositoryFactorySupport.getRepository(RepositoryFactorySupport.java:357) ~[spring-data-commons-3.3.3.jar:3.3.3]
	at org.springframework.data.repository.core.support.RepositoryFactoryBeanSupport.lambda$afterPropertiesSet$5(RepositoryFactoryBeanSupport.java:286) ~[spring-data-commons-3.3.3.jar:3.3.3]
	at org.springframework.data.util.Lazy.getNullable(Lazy.java:135) ~[spring-data-commons-3.3.3.jar:3.3.3]
	at org.springframework.data.util.Lazy.get(Lazy.java:113) ~[spring-data-commons-3.3.3.jar:3.3.3]
	at org.springframework.data.repository.core.support.RepositoryFactoryBeanSupport.afterPropertiesSet(RepositoryFactoryBeanSupport.java:292) ~[spring-data-commons-3.3.3.jar:3.3.3]
	at org.springframework.data.jpa.repository.support.JpaRepositoryFactoryBean.afterPropertiesSet(JpaRepositoryFactoryBean.java:132) ~[spring-data-jpa-3.3.3.jar:3.3.3]
	at org.springframework.beans.factory.support.AbstractAutowireCapableBeanFactory.invokeInitMethods(AbstractAutowireCapableBeanFactory.java:1853) ~[spring-beans-6.1.12.jar:6.1.12]
	at org.springframework.beans.factory.support.AbstractAutowireCapableBeanFactory.initializeBean(AbstractAutowireCapableBeanFactory.java:1802) ~[spring-beans-6.1.12.jar:6.1.12]
	at org.springframework.beans.factory.support.AbstractAutowireCapableBeanFactory.doCreateBean(AbstractAutowireCapableBeanFactory.java:600) ~[spring-beans-6.1.12.jar:6.1.12]
	at org.springframework.beans.factory.support.AbstractAutowireCapableBeanFactory.createBean(AbstractAutowireCapableBeanFactory.java:522) ~[spring-beans-6.1.12.jar:6.1.12]
	at org.springframework.beans.factory.support.AbstractBeanFactory.lambda$doGetBean$0(AbstractBeanFactory.java:337) ~[spring-beans-6.1.12.jar:6.1.12]
	at org.springframework.beans.factory.support.DefaultSingletonBeanRegistry.getSingleton(DefaultSingletonBeanRegistry.java:234) ~[spring-beans-6.1.12.jar:6.1.12]
	at org.springframework.beans.factory.support.AbstractBeanFactory.doGetBean(AbstractBeanFactory.java:335) ~[spring-beans-6.1.12.jar:6.1.12]
	at org.springframework.beans.factory.support.AbstractBeanFactory.getBean(AbstractBeanFactory.java:200) ~[spring-beans-6.1.12.jar:6.1.12]
	at org.springframework.beans.factory.config.DependencyDescriptor.resolveCandidate(DependencyDescriptor.java:254) ~[spring-beans-6.1.12.jar:6.1.12]
	at org.springframework.beans.factory.support.DefaultListableBeanFactory.doResolveDependency(DefaultListableBeanFactory.java:1443) ~[spring-beans-6.1.12.jar:6.1.12]
	at org.springframework.beans.factory.support.DefaultListableBeanFactory.resolveDependency(DefaultListableBeanFactory.java:1353) ~[spring-beans-6.1.12.jar:6.1.12]
	at org.springframework.beans.factory.annotation.AutowiredAnnotationBeanPostProcessor$AutowiredFieldElement.resolveFieldValue(AutowiredAnnotationBeanPostProcessor.java:785) ~[spring-beans-6.1.12.jar:6.1.12]
	at org.springframework.beans.factory.annotation.AutowiredAnnotationBeanPostProcessor$AutowiredFieldElement.inject(AutowiredAnnotationBeanPostProcessor.java:768) ~[spring-beans-6.1.12.jar:6.1.12]
	at org.springframework.beans.factory.annotation.InjectionMetadata.inject(InjectionMetadata.java:145) ~[spring-beans-6.1.12.jar:6.1.12]
	at org.springframework.beans.factory.annotation.AutowiredAnnotationBeanPostProcessor.postProcessProperties(AutowiredAnnotationBeanPostProcessor.java:509) ~[spring-beans-6.1.12.jar:6.1.12]
	at org.springframework.beans.factory.support.AbstractAutowireCapableBeanFactory.populateBean(AbstractAutowireCapableBeanFactory.java:1439) ~[spring-beans-6.1.12.jar:6.1.12]
	at org.springframework.beans.factory.support.AbstractAutowireCapableBeanFactory.doCreateBean(AbstractAutowireCapableBeanFactory.java:599) ~[spring-beans-6.1.12.jar:6.1.12]
	at org.springframework.beans.factory.support.AbstractAutowireCapableBeanFactory.createBean(AbstractAutowireCapableBeanFactory.java:522) ~[spring-beans-6.1.12.jar:6.1.12]
	at org.springframework.beans.factory.support.AbstractBeanFactory.lambda$doGetBean$0(AbstractBeanFactory.java:337) ~[spring-beans-6.1.12.jar:6.1.12]
	at org.springframework.beans.factory.support.DefaultSingletonBeanRegistry.getSingleton(DefaultSingletonBeanRegistry.java:234) ~[spring-beans-6.1.12.jar:6.1.12]
	at org.springframework.beans.factory.support.AbstractBeanFactory.doGetBean(AbstractBeanFactory.java:335) ~[spring-beans-6.1.12.jar:6.1.12]
	at org.springframework.beans.factory.support.AbstractBeanFactory.getBean(AbstractBeanFactory.java:200) ~[spring-beans-6.1.12.jar:6.1.12]
	at org.springframework.beans.factory.config.DependencyDescriptor.resolveCandidate(DependencyDescriptor.java:254) ~[spring-beans-6.1.12.jar:6.1.12]
	at org.springframework.beans.factory.support.DefaultListableBeanFactory.doResolveDependency(DefaultListableBeanFactory.java:1443) ~[spring-beans-6.1.12.jar:6.1.12]
	at org.springframework.beans.factory.support.DefaultListableBeanFactory.resolveDependency(DefaultListableBeanFactory.java:1353) ~[spring-beans-6.1.12.jar:6.1.12]
	at org.springframework.beans.factory.annotation.AutowiredAnnotationBeanPostProcessor$AutowiredFieldElement.resolveFieldValue(AutowiredAnnotationBeanPostProcessor.java:785) ~[spring-beans-6.1.12.jar:6.1.12]
	at org.springframework.beans.factory.annotation.AutowiredAnnotationBeanPostProcessor$AutowiredFieldElement.inject(AutowiredAnnotationBeanPostProcessor.java:768) ~[spring-beans-6.1.12.jar:6.1.12]
	at org.springframework.beans.factory.annotation.InjectionMetadata.inject(InjectionMetadata.java:145) ~[spring-beans-6.1.12.jar:6.1.12]
	at org.springframework.beans.factory.annotation.AutowiredAnnotationBeanPostProcessor.postProcessProperties(AutowiredAnnotationBeanPostProcessor.java:509) ~[spring-beans-6.1.12.jar:6.1.12]
	at org.springframework.beans.factory.support.AbstractAutowireCapableBeanFactory.populateBean(AbstractAutowireCapableBeanFactory.java:1439) ~[spring-beans-6.1.12.jar:6.1.12]
	at org.springframework.beans.factory.support.AbstractAutowireCapableBeanFactory.doCreateBean(AbstractAutowireCapableBeanFactory.java:599) ~[spring-beans-6.1.12.jar:6.1.12]
	at org.springframework.beans.factory.support.AbstractAutowireCapableBeanFactory.createBean(AbstractAutowireCapableBeanFactory.java:522) ~[spring-beans-6.1.12.jar:6.1.12]
	at org.springframework.beans.factory.support.AbstractBeanFactory.lambda$doGetBean$0(AbstractBeanFactory.java:337) ~[spring-beans-6.1.12.jar:6.1.12]
	at org.springframework.beans.factory.support.DefaultSingletonBeanRegistry.getSingleton(DefaultSingletonBeanRegistry.java:234) ~[spring-beans-6.1.12.jar:6.1.12]
	at org.springframework.beans.factory.support.AbstractBeanFactory.doGetBean(AbstractBeanFactory.java:335) ~[spring-beans-6.1.12.jar:6.1.12]
	at org.springframework.beans.factory.support.AbstractBeanFactory.getBean(AbstractBeanFactory.java:200) ~[spring-beans-6.1.12.jar:6.1.12]
	at org.springframework.beans.factory.support.DefaultListableBeanFactory.preInstantiateSingletons(DefaultListableBeanFactory.java:975) ~[spring-beans-6.1.12.jar:6.1.12]
	at org.springframework.context.support.AbstractApplicationContext.finishBeanFactoryInitialization(AbstractApplicationContext.java:971) ~[spring-context-6.1.12.jar:6.1.12]
	at org.springframework.context.support.AbstractApplicationContext.refresh(AbstractApplicationContext.java:625) ~[spring-context-6.1.12.jar:6.1.12]
	at org.springframework.boot.SpringApplication.refresh(SpringApplication.java:754) ~[spring-boot-3.3.3.jar:3.3.3]
	at org.springframework.boot.SpringApplication.refreshContext(SpringApplication.java:456) ~[spring-boot-3.3.3.jar:3.3.3]
	at org.springframework.boot.SpringApplication.run(SpringApplication.java:335) ~[spring-boot-3.3.3.jar:3.3.3]
	at org.springframework.boot.test.context.SpringBootContextLoader.lambda$loadContext$3(SpringBootContextLoader.java:137) ~[spring-boot-test-3.3.3.jar:3.3.3]
	at org.springframework.util.function.ThrowingSupplier.get(ThrowingSupplier.java:58) ~[spring-core-6.1.12.jar:6.1.12]
	at org.springframework.util.function.ThrowingSupplier.get(ThrowingSupplier.java:46) ~[spring-core-6.1.12.jar:6.1.12]
	at org.springframework.boot.SpringApplication.withHook(SpringApplication.java:1463) ~[spring-boot-3.3.3.jar:3.3.3]
	at org.springframework.boot.test.context.SpringBootContextLoader$ContextLoaderHook.run(SpringBootContextLoader.java:553) ~[spring-boot-test-3.3.3.jar:3.3.3]
	at org.springframework.boot.test.context.SpringBootContextLoader.loadContext(SpringBootContextLoader.java:137) ~[spring-boot-test-3.3.3.jar:3.3.3]
	at org.springframework.boot.test.context.SpringBootContextLoader.loadContext(SpringBootContextLoader.java:108) ~[spring-boot-test-3.3.3.jar:3.3.3]
	at org.springframework.test.context.cache.DefaultCacheAwareContextLoaderDelegate.loadContextInternal(DefaultCacheAwareContextLoaderDelegate.java:225) ~[spring-test-6.1.12.jar:6.1.12]
	at org.springframework.test.context.cache.DefaultCacheAwareContextLoaderDelegate.loadContext(DefaultCacheAwareContextLoaderDelegate.java:152) ~[spring-test-6.1.12.jar:6.1.12]
	at org.springframework.test.context.support.DefaultTestContext.getApplicationContext(DefaultTestContext.java:130) ~[spring-test-6.1.12.jar:6.1.12]
	at org.springframework.test.context.web.ServletTestExecutionListener.setUpRequestContextIfNecessary(ServletTestExecutionListener.java:191) ~[spring-test-6.1.12.jar:6.1.12]
	at org.springframework.test.context.web.ServletTestExecutionListener.prepareTestInstance(ServletTestExecutionListener.java:130) ~[spring-test-6.1.12.jar:6.1.12]
	at org.springframework.test.context.TestContextManager.prepareTestInstance(TestContextManager.java:260) ~[spring-test-6.1.12.jar:6.1.12]
	at org.springframework.test.context.junit.jupiter.SpringExtension.postProcessTestInstance(SpringExtension.java:163) ~[spring-test-6.1.12.jar:6.1.12]
	at org.junit.jupiter.engine.descriptor.ClassBasedTestDescriptor.lambda$invokeTestInstancePostProcessors$10(ClassBasedTestDescriptor.java:378) ~[junit-jupiter-engine-5.10.3.jar:5.10.3]
	at org.junit.jupiter.engine.descriptor.ClassBasedTestDescriptor.executeAndMaskThrowable(ClassBasedTestDescriptor.java:383) ~[junit-jupiter-engine-5.10.3.jar:5.10.3]
	at org.junit.jupiter.engine.descriptor.ClassBasedTestDescriptor.lambda$invokeTestInstancePostProcessors$11(ClassBasedTestDescriptor.java:378) ~[junit-jupiter-engine-5.10.3.jar:5.10.3]
	at java.base/java.util.stream.ReferencePipeline$3$1.accept(ReferencePipeline.java:197) ~[na:na]
	at java.base/java.util.stream.ReferencePipeline$2$1.accept(ReferencePipeline.java:179) ~[na:na]
	at java.base/java.util.ArrayList$ArrayListSpliterator.forEachRemaining(ArrayList.java:1708) ~[na:na]
	at java.base/java.util.stream.AbstractPipeline.copyInto(AbstractPipeline.java:509) ~[na:na]
	at java.base/java.util.stream.AbstractPipeline.wrapAndCopyInto(AbstractPipeline.java:499) ~[na:na]
	at java.base/java.util.stream.StreamSpliterators$WrappingSpliterator.forEachRemaining(StreamSpliterators.java:310) ~[na:na]
	at java.base/java.util.stream.Streams$ConcatSpliterator.forEachRemaining(Streams.java:735) ~[na:na]
	at java.base/java.util.stream.Streams$ConcatSpliterator.forEachRemaining(Streams.java:734) ~[na:na]
	at java.base/java.util.stream.ReferencePipeline$Head.forEach(ReferencePipeline.java:762) ~[na:na]
	at org.junit.jupiter.engine.descriptor.ClassBasedTestDescriptor.invokeTestInstancePostProcessors(ClassBasedTestDescriptor.java:377) ~[junit-jupiter-engine-5.10.3.jar:5.10.3]
	at org.junit.jupiter.engine.descriptor.ClassBasedTestDescriptor.lambda$instantiateAndPostProcessTestInstance$6(ClassBasedTestDescriptor.java:290) ~[junit-jupiter-engine-5.10.3.jar:5.10.3]
	at org.junit.platform.engine.support.hierarchical.ThrowableCollector.execute(ThrowableCollector.java:73) ~[junit-platform-engine-1.10.3.jar:1.10.3]
	at org.junit.jupiter.engine.descriptor.ClassBasedTestDescriptor.instantiateAndPostProcessTestInstance(ClassBasedTestDescriptor.java:289) ~[junit-jupiter-engine-5.10.3.jar:5.10.3]
	at org.junit.jupiter.engine.descriptor.ClassBasedTestDescriptor.lambda$testInstancesProvider$4(ClassBasedTestDescriptor.java:279) ~[junit-jupiter-engine-5.10.3.jar:5.10.3]
	at java.base/java.util.Optional.orElseGet(Optional.java:364) ~[na:na]
	at org.junit.jupiter.engine.descriptor.ClassBasedTestDescriptor.lambda$testInstancesProvider$5(ClassBasedTestDescriptor.java:278) ~[junit-jupiter-engine-5.10.3.jar:5.10.3]
	at org.junit.jupiter.engine.execution.TestInstancesProvider.getTestInstances(TestInstancesProvider.java:31) ~[junit-jupiter-engine-5.10.3.jar:5.10.3]
	at org.junit.jupiter.engine.descriptor.TestMethodTestDescriptor.lambda$prepare$0(TestMethodTestDescriptor.java:106) ~[junit-jupiter-engine-5.10.3.jar:5.10.3]
	at org.junit.platform.engine.support.hierarchical.ThrowableCollector.execute(ThrowableCollector.java:73) ~[junit-platform-engine-1.10.3.jar:1.10.3]
	at org.junit.jupiter.engine.descriptor.TestMethodTestDescriptor.prepare(TestMethodTestDescriptor.java:105) ~[junit-jupiter-engine-5.10.3.jar:5.10.3]
	at org.junit.jupiter.engine.descriptor.TestMethodTestDescriptor.prepare(TestMethodTestDescriptor.java:69) ~[junit-jupiter-engine-5.10.3.jar:5.10.3]
	at org.junit.platform.engine.support.hierarchical.NodeTestTask.lambda$prepare$2(NodeTestTask.java:123) ~[junit-platform-engine-1.10.3.jar:1.10.3]
	at org.junit.platform.engine.support.hierarchical.ThrowableCollector.execute(ThrowableCollector.java:73) ~[junit-platform-engine-1.10.3.jar:1.10.3]
	at org.junit.platform.engine.support.hierarchical.NodeTestTask.prepare(NodeTestTask.java:123) ~[junit-platform-engine-1.10.3.jar:1.10.3]
	at org.junit.platform.engine.support.hierarchical.NodeTestTask.execute(NodeTestTask.java:90) ~[junit-platform-engine-1.10.3.jar:1.10.3]
	at java.base/java.util.ArrayList.forEach(ArrayList.java:1596) ~[na:na]
	at org.junit.platform.engine.support.hierarchical.SameThreadHierarchicalTestExecutorService.invokeAll(SameThreadHierarchicalTestExecutorService.java:41) ~[junit-platform-engine-1.10.3.jar:1.10.3]
	at org.junit.platform.engine.support.hierarchical.NodeTestTask.lambda$executeRecursively$6(NodeTestTask.java:155) ~[junit-platform-engine-1.10.3.jar:1.10.3]
	at org.junit.platform.engine.support.hierarchical.ThrowableCollector.execute(ThrowableCollector.java:73) ~[junit-platform-engine-1.10.3.jar:1.10.3]
	at org.junit.platform.engine.support.hierarchical.NodeTestTask.lambda$executeRecursively$8(NodeTestTask.java:141) ~[junit-platform-engine-1.10.3.jar:1.10.3]
	at org.junit.platform.engine.support.hierarchical.Node.around(Node.java:137) ~[junit-platform-engine-1.10.3.jar:1.10.3]
	at org.junit.platform.engine.support.hierarchical.NodeTestTask.lambda$executeRecursively$9(NodeTestTask.java:139) ~[junit-platform-engine-1.10.3.jar:1.10.3]
	at org.junit.platform.engine.support.hierarchical.ThrowableCollector.execute(ThrowableCollector.java:73) ~[junit-platform-engine-1.10.3.jar:1.10.3]
	at org.junit.platform.engine.support.hierarchical.NodeTestTask.executeRecursively(NodeTestTask.java:138) ~[junit-platform-engine-1.10.3.jar:1.10.3]
	at org.junit.platform.engine.support.hierarchical.NodeTestTask.execute(NodeTestTask.java:95) ~[junit-platform-engine-1.10.3.jar:1.10.3]
	at java.base/java.util.ArrayList.forEach(ArrayList.java:1596) ~[na:na]
	at org.junit.platform.engine.support.hierarchical.SameThreadHierarchicalTestExecutorService.invokeAll(SameThreadHierarchicalTestExecutorService.java:41) ~[junit-platform-engine-1.10.3.jar:1.10.3]
	at org.junit.platform.engine.support.hierarchical.NodeTestTask.lambda$executeRecursively$6(NodeTestTask.java:155) ~[junit-platform-engine-1.10.3.jar:1.10.3]
	at org.junit.platform.engine.support.hierarchical.ThrowableCollector.execute(ThrowableCollector.java:73) ~[junit-platform-engine-1.10.3.jar:1.10.3]
	at org.junit.platform.engine.support.hierarchical.NodeTestTask.lambda$executeRecursively$8(NodeTestTask.java:141) ~[junit-platform-engine-1.10.3.jar:1.10.3]
	at org.junit.platform.engine.support.hierarchical.Node.around(Node.java:137) ~[junit-platform-engine-1.10.3.jar:1.10.3]
	at org.junit.platform.engine.support.hierarchical.NodeTestTask.lambda$executeRecursively$9(NodeTestTask.java:139) ~[junit-platform-engine-1.10.3.jar:1.10.3]
	at org.junit.platform.engine.support.hierarchical.ThrowableCollector.execute(ThrowableCollector.java:73) ~[junit-platform-engine-1.10.3.jar:1.10.3]
	at org.junit.platform.engine.support.hierarchical.NodeTestTask.executeRecursively(NodeTestTask.java:138) ~[junit-platform-engine-1.10.3.jar:1.10.3]
	at org.junit.platform.engine.support.hierarchical.NodeTestTask.execute(NodeTestTask.java:95) ~[junit-platform-engine-1.10.3.jar:1.10.3]
	at org.junit.platform.engine.support.hierarchical.SameThreadHierarchicalTestExecutorService.submit(SameThreadHierarchicalTestExecutorService.java:35) ~[junit-platform-engine-1.10.3.jar:1.10.3]
	at org.junit.platform.engine.support.hierarchical.HierarchicalTestExecutor.execute(HierarchicalTestExecutor.java:57) ~[junit-platform-engine-1.10.3.jar:1.10.3]
	at org.junit.platform.engine.support.hierarchical.HierarchicalTestEngine.execute(HierarchicalTestEngine.java:54) ~[junit-platform-engine-1.10.3.jar:1.10.3]
	at org.junit.platform.launcher.core.EngineExecutionOrchestrator.execute(EngineExecutionOrchestrator.java:198) ~[junit-platform-launcher-1.10.3.jar:1.10.3]
	at org.junit.platform.launcher.core.EngineExecutionOrchestrator.execute(EngineExecutionOrchestrator.java:169) ~[junit-platform-launcher-1.10.3.jar:1.10.3]
	at org.junit.platform.launcher.core.EngineExecutionOrchestrator.execute(EngineExecutionOrchestrator.java:93) ~[junit-platform-launcher-1.10.3.jar:1.10.3]
	at org.junit.platform.launcher.core.EngineExecutionOrchestrator.lambda$execute$0(EngineExecutionOrchestrator.java:58) ~[junit-platform-launcher-1.10.3.jar:1.10.3]
	at org.junit.platform.launcher.core.EngineExecutionOrchestrator.withInterceptedStreams(EngineExecutionOrchestrator.java:141) ~[junit-platform-launcher-1.10.3.jar:1.10.3]
	at org.junit.platform.launcher.core.EngineExecutionOrchestrator.execute(EngineExecutionOrchestrator.java:57) ~[junit-platform-launcher-1.10.3.jar:1.10.3]
	at org.junit.platform.launcher.core.DefaultLauncher.execute(DefaultLauncher.java:103) ~[junit-platform-launcher-1.10.3.jar:1.10.3]
	at org.junit.platform.launcher.core.DefaultLauncher.execute(DefaultLauncher.java:85) ~[junit-platform-launcher-1.10.3.jar:1.10.3]
	at org.junit.platform.launcher.core.DelegatingLauncher.execute(DelegatingLauncher.java:47) ~[junit-platform-launcher-1.10.3.jar:1.10.3]
	at org.apache.maven.surefire.junitplatform.LazyLauncher.execute(LazyLauncher.java:56) ~[surefire-junit-platform-3.2.5.jar:3.2.5]
	at org.apache.maven.surefire.junitplatform.JUnitPlatformProvider.execute(JUnitPlatformProvider.java:184) ~[surefire-junit-platform-3.2.5.jar:3.2.5]
	at org.apache.maven.surefire.junitplatform.JUnitPlatformProvider.invokeAllTests(JUnitPlatformProvider.java:148) ~[surefire-junit-platform-3.2.5.jar:3.2.5]
	at org.apache.maven.surefire.junitplatform.JUnitPlatformProvider.invoke(JUnitPlatformProvider.java:122) ~[surefire-junit-platform-3.2.5.jar:3.2.5]
	at org.apache.maven.surefire.booter.ForkedBooter.runSuitesInProcess(ForkedBooter.java:385) ~[surefire-booter-3.2.5.jar:3.2.5]
	at org.apache.maven.surefire.booter.ForkedBooter.execute(ForkedBooter.java:162) ~[surefire-booter-3.2.5.jar:3.2.5]
	at org.apache.maven.surefire.booter.ForkedBooter.run(ForkedBooter.java:507) ~[surefire-booter-3.2.5.jar:3.2.5]
	at org.apache.maven.surefire.booter.ForkedBooter.main(ForkedBooter.java:495) ~[surefire-booter-3.2.5.jar:3.2.5]

2025-07-14T13:26:47.164+05:30 DEBUG 17208 --- [Fashion-Nest-Application] [           main] tor$SharedEntityManagerInvocationHandler : Creating new EntityManager for shared EntityManager invocation
2025-07-14T13:26:47.166+05:30 DEBUG 17208 --- [Fashion-Nest-Application] [           main] org.hibernate.orm.query.hql              : HQL : SELECT r from Review r Where r.product.id=:productId
2025-07-14T13:26:47.167+05:30 DEBUG 17208 --- [Fashion-Nest-Application] [           main] o.h.o.q.hql.reservedWordAsIdentifier     : Encountered use of reserved word as identifier : =
2025-07-14T13:26:47.168+05:30 DEBUG 17208 --- [Fashion-Nest-Application] [           main] org.hibernate.orm.query.sqm.creation     : Applying inferable type to SqmExpression [SqmNamedParameter(productId)] : null -> SqmBasicValuedSimplePath(com.fashionnest.Fashion_Nest_Application.model.Review(r).product.id)
2025-07-14T13:26:47.169+05:30 DEBUG 17208 --- [Fashion-Nest-Application] [           main] org.hibernate.orm.query.sqm.ast          : SqmStatement Tree :
    -> [select]
      -> [query-spec]
        -> [select]
          -> [selection]
            -> [root] - `com.fashionnest.Fashion_Nest_Application.model.Review(r)`
            <- [root] - `com.fashionnest.Fashion_Nest_Application.model.Review(r)`
          <- [selection]
        <- [select]
        -> [from]
          -> [root] - `com.fashionnest.Fashion_Nest_Application.model.Review(r)`
          <- [root] - `com.fashionnest.Fashion_Nest_Application.model.Review(r)`
        <- [from]
        -> [where]
          -> [EQUAL]
              -> [basic-path] - `com.fashionnest.Fashion_Nest_Application.model.Review(r).product.id`
              :productId
          <- [EQUAL]
        <- [where]
      <- [query-spec]
    <- [select]

2025-07-14T13:26:47.290+05:30  WARN 17208 --- [Fashion-Nest-Application] [           main] JpaBaseConfiguration$JpaWebConfiguration : spring.jpa.open-in-view is enabled by default. Therefore, database queries may be performed during view rendering. Explicitly configure spring.jpa.open-in-view to disable this warning
2025-07-14T13:26:47.445+05:30  INFO 17208 --- [Fashion-Nest-Application] [           main] r$InitializeUserDetailsManagerConfigurer : Global AuthenticationManager configured with UserDetailsService bean with name customUserServiceImpl
2025-07-14T13:26:48.897+05:30 DEBUG 17208 --- [Fashion-Nest-Application] [           main] .h.v.m.ResourceBundleMessageInterpolator : Loaded expression factory via original TCCL
2025-07-14T13:26:48.902+05:30 DEBUG 17208 --- [Fashion-Nest-Application] [           main] o.h.v.i.e.AbstractConfigurationImpl      : Setting custom MessageInterpolator of type org.springframework.validation.beanvalidation.LocaleContextMessageInterpolator
2025-07-14T13:26:48.902+05:30 DEBUG 17208 --- [Fashion-Nest-Application] [           main] o.h.v.i.e.AbstractConfigurationImpl      : Setting custom ConstraintValidatorFactory of type org.springframework.validation.beanvalidation.SpringConstraintValidatorFactory
2025-07-14T13:26:48.905+05:30 DEBUG 17208 --- [Fashion-Nest-Application] [           main] o.h.v.i.xml.config.ValidationXmlParser   : Trying to load META-INF/validation.xml for XML based Validator configuration.
2025-07-14T13:26:48.905+05:30 DEBUG 17208 --- [Fashion-Nest-Application] [           main] o.h.v.i.xml.config.ResourceLoaderHelper  : Trying to load META-INF/validation.xml via user class loader
2025-07-14T13:26:48.906+05:30 DEBUG 17208 --- [Fashion-Nest-Application] [           main] o.h.v.i.xml.config.ResourceLoaderHelper  : Trying to load META-INF/validation.xml via TCCL
2025-07-14T13:26:48.906+05:30 DEBUG 17208 --- [Fashion-Nest-Application] [           main] o.h.v.i.xml.config.ResourceLoaderHelper  : Trying to load META-INF/validation.xml via Hibernate Validator's class loader
2025-07-14T13:26:48.906+05:30 DEBUG 17208 --- [Fashion-Nest-Application] [           main] o.h.v.i.xml.config.ValidationXmlParser   : No META-INF/validation.xml found. Using annotation based configuration only.
2025-07-14T13:26:48.906+05:30 DEBUG 17208 --- [Fashion-Nest-Application] [           main] o.h.v.i.e.resolver.TraversableResolvers  : Found jakarta.persistence.Persistence on classpath containing 'getPersistenceUtil'. Assuming JPA 2 environment. Trying to instantiate JPA aware TraversableResolver
2025-07-14T13:26:48.906+05:30 DEBUG 17208 --- [Fashion-Nest-Application] [           main] o.h.v.i.e.resolver.TraversableResolvers  : Instantiated JPA aware TraversableResolver of type org.hibernate.validator.internal.engine.resolver.JPATraversableResolver.
2025-07-14T13:26:48.909+05:30 DEBUG 17208 --- [Fashion-Nest-Application] [           main] .i.e.ValidatorFactoryConfigurationHelper : HV000252: Using org.hibernate.validator.internal.engine.DefaultPropertyNodeNameProvider as property node name provider.
2025-07-14T13:26:48.909+05:30 DEBUG 17208 --- [Fashion-Nest-Application] [           main] .i.e.ValidatorFactoryConfigurationHelper : HV000234: Using org.springframework.validation.beanvalidation.LocaleContextMessageInterpolator as ValidatorFactory-scoped message interpolator.
2025-07-14T13:26:48.909+05:30 DEBUG 17208 --- [Fashion-Nest-Application] [           main] .i.e.ValidatorFactoryConfigurationHelper : HV000234: Using org.hibernate.validator.internal.engine.resolver.JPATraversableResolver as ValidatorFactory-scoped traversable resolver.
2025-07-14T13:26:48.909+05:30 DEBUG 17208 --- [Fashion-Nest-Application] [           main] .i.e.ValidatorFactoryConfigurationHelper : HV000234: Using org.hibernate.validator.internal.util.ExecutableParameterNameProvider as ValidatorFactory-scoped parameter name provider.
2025-07-14T13:26:48.910+05:30 DEBUG 17208 --- [Fashion-Nest-Application] [           main] .i.e.ValidatorFactoryConfigurationHelper : HV000234: Using org.hibernate.validator.internal.engine.DefaultClockProvider as ValidatorFactory-scoped clock provider.
2025-07-14T13:26:48.910+05:30 DEBUG 17208 --- [Fashion-Nest-Application] [           main] .i.e.ValidatorFactoryConfigurationHelper : HV000234: Using org.hibernate.validator.internal.engine.scripting.DefaultScriptEvaluatorFactory as ValidatorFactory-scoped script evaluator factory.
2025-07-14T13:26:49.640+05:30  INFO 17208 --- [Fashion-Nest-Application] [           main] c.f.F.FashionNestApplicationTests        : Started FashionNestApplicationTests in 51.601 seconds (process running for 53.487)
]]></system-out>
    <system-err><![CDATA[Loading class `com.mysql.jdbc.Driver'. This is deprecated. The new driver class is `com.mysql.cj.jdbc.Driver'. The driver is automatically registered via the SPI and manual loading of the driver class is generally unnecessary.
WARNING: A Java agent has been loaded dynamically (C:\Users\HP\.m2\repository\net\bytebuddy\byte-buddy-agent\1.14.19\byte-buddy-agent-1.14.19.jar)
WARNING: If a serviceability tool is in use, please run with -XX:+EnableDynamicAgentLoading to hide this warning
WARNING: If a serviceability tool is not in use, please run with -Djdk.instrument.traceUsage for more information
WARNING: Dynamic loading of agents will be disallowed by default in a future release
]]></system-err>
  </testcase>
</testsuite>